[2025-04-02T08:21:51.652+0000] {processor.py:186} INFO - Started process (PID=68) to work on /home/airflow/.local/lib/python3.12/site-packages/airflow/example_dags/example_subdag_operator.py
[2025-04-02T08:21:51.653+0000] {processor.py:914} INFO - Processing file /home/airflow/.local/lib/python3.12/site-packages/airflow/example_dags/example_subdag_operator.py for tasks to queue
[2025-04-02T08:21:51.654+0000] {logging_mixin.py:190} INFO - [2025-04-02T08:21:51.654+0000] {dagbag.py:588} INFO - Filling up the DagBag from /home/airflow/.local/lib/python3.12/site-packages/airflow/example_dags/example_subdag_operator.py
[2025-04-02T08:21:51.672+0000] {processor.py:925} INFO - DAG(s) 'example_subdag_operator.section-1', 'example_subdag_operator.section-2', 'example_subdag_operator' retrieved from /home/airflow/.local/lib/python3.12/site-packages/airflow/example_dags/example_subdag_operator.py
[2025-04-02T08:21:51.737+0000] {logging_mixin.py:190} INFO - [2025-04-02T08:21:51.736+0000] {override.py:1912} INFO - Created Permission View: can delete on DAG:example_subdag_operator
[2025-04-02T08:21:51.743+0000] {logging_mixin.py:190} INFO - [2025-04-02T08:21:51.743+0000] {override.py:1912} INFO - Created Permission View: can edit on DAG:example_subdag_operator
[2025-04-02T08:21:51.747+0000] {logging_mixin.py:190} INFO - [2025-04-02T08:21:51.747+0000] {override.py:1912} INFO - Created Permission View: can read on DAG:example_subdag_operator
[2025-04-02T08:21:51.752+0000] {logging_mixin.py:190} INFO - [2025-04-02T08:21:51.752+0000] {override.py:1912} INFO - Created Permission View: can delete on DAG Run:example_subdag_operator
[2025-04-02T08:21:51.756+0000] {logging_mixin.py:190} INFO - [2025-04-02T08:21:51.756+0000] {override.py:1912} INFO - Created Permission View: can create on DAG Run:example_subdag_operator
[2025-04-02T08:21:51.761+0000] {logging_mixin.py:190} INFO - [2025-04-02T08:21:51.761+0000] {override.py:1912} INFO - Created Permission View: can read on DAG Run:example_subdag_operator
[2025-04-02T08:21:51.765+0000] {logging_mixin.py:190} INFO - [2025-04-02T08:21:51.765+0000] {override.py:1912} INFO - Created Permission View: menu access on DAG Run:example_subdag_operator
[2025-04-02T08:21:51.766+0000] {logging_mixin.py:190} INFO - [2025-04-02T08:21:51.765+0000] {dag.py:3239} INFO - Sync 3 DAGs
[2025-04-02T08:21:51.774+0000] {logging_mixin.py:190} INFO - [2025-04-02T08:21:51.774+0000] {dag.py:3262} INFO - Creating ORM DAG for example_subdag_operator.section-2
[2025-04-02T08:21:51.775+0000] {logging_mixin.py:190} INFO - [2025-04-02T08:21:51.775+0000] {dag.py:3262} INFO - Creating ORM DAG for example_subdag_operator
[2025-04-02T08:21:51.775+0000] {logging_mixin.py:190} INFO - [2025-04-02T08:21:51.775+0000] {dag.py:3262} INFO - Creating ORM DAG for example_subdag_operator.section-1
[2025-04-02T08:21:51.783+0000] {logging_mixin.py:190} INFO - [2025-04-02T08:21:51.782+0000] {dag.py:4180} INFO - Setting next_dagrun for example_subdag_operator to 2022-01-01 00:00:00+00:00, run_after=2022-01-01 00:00:00+00:00
[2025-04-02T08:21:51.783+0000] {logging_mixin.py:190} INFO - [2025-04-02T08:21:51.783+0000] {dag.py:4180} INFO - Setting next_dagrun for example_subdag_operator.section-1 to None, run_after=None
[2025-04-02T08:21:51.784+0000] {logging_mixin.py:190} INFO - [2025-04-02T08:21:51.784+0000] {dag.py:4180} INFO - Setting next_dagrun for example_subdag_operator.section-2 to None, run_after=None
[2025-04-02T08:21:51.789+0000] {logging_mixin.py:190} INFO - [2025-04-02T08:21:51.789+0000] {dag.py:3239} INFO - Sync 2 DAGs
[2025-04-02T08:21:51.793+0000] {logging_mixin.py:190} INFO - [2025-04-02T08:21:51.793+0000] {dag.py:4180} INFO - Setting next_dagrun for example_subdag_operator.section-1 to None, run_after=None
[2025-04-02T08:21:51.795+0000] {logging_mixin.py:190} INFO - [2025-04-02T08:21:51.795+0000] {dag.py:4180} INFO - Setting next_dagrun for example_subdag_operator.section-2 to None, run_after=None
[2025-04-02T08:21:51.803+0000] {processor.py:208} INFO - Processing /home/airflow/.local/lib/python3.12/site-packages/airflow/example_dags/example_subdag_operator.py took 0.154 seconds
[2025-04-02T08:23:25.831+0000] {processor.py:186} INFO - Started process (PID=62) to work on /home/airflow/.local/lib/python3.12/site-packages/airflow/example_dags/example_subdag_operator.py
[2025-04-02T08:23:25.832+0000] {processor.py:914} INFO - Processing file /home/airflow/.local/lib/python3.12/site-packages/airflow/example_dags/example_subdag_operator.py for tasks to queue
[2025-04-02T08:23:25.834+0000] {logging_mixin.py:190} INFO - [2025-04-02T08:23:25.834+0000] {dagbag.py:588} INFO - Filling up the DagBag from /home/airflow/.local/lib/python3.12/site-packages/airflow/example_dags/example_subdag_operator.py
[2025-04-02T08:23:25.858+0000] {processor.py:925} INFO - DAG(s) 'example_subdag_operator.section-1', 'example_subdag_operator.section-2', 'example_subdag_operator' retrieved from /home/airflow/.local/lib/python3.12/site-packages/airflow/example_dags/example_subdag_operator.py
[2025-04-02T08:23:25.869+0000] {logging_mixin.py:190} INFO - [2025-04-02T08:23:25.869+0000] {dag.py:3239} INFO - Sync 3 DAGs
[2025-04-02T08:23:25.886+0000] {logging_mixin.py:190} INFO - [2025-04-02T08:23:25.886+0000] {dag.py:4180} INFO - Setting next_dagrun for example_subdag_operator to 2022-01-01 00:00:00+00:00, run_after=2022-01-01 00:00:00+00:00
[2025-04-02T08:23:25.889+0000] {logging_mixin.py:190} INFO - [2025-04-02T08:23:25.889+0000] {dag.py:4180} INFO - Setting next_dagrun for example_subdag_operator.section-1 to None, run_after=None
[2025-04-02T08:23:25.890+0000] {logging_mixin.py:190} INFO - [2025-04-02T08:23:25.890+0000] {dag.py:4180} INFO - Setting next_dagrun for example_subdag_operator.section-2 to None, run_after=None
[2025-04-02T08:23:25.896+0000] {logging_mixin.py:190} INFO - [2025-04-02T08:23:25.896+0000] {dag.py:3239} INFO - Sync 2 DAGs
[2025-04-02T08:23:25.900+0000] {logging_mixin.py:190} INFO - [2025-04-02T08:23:25.899+0000] {dag.py:4180} INFO - Setting next_dagrun for example_subdag_operator.section-1 to None, run_after=None
[2025-04-02T08:23:25.900+0000] {logging_mixin.py:190} INFO - [2025-04-02T08:23:25.900+0000] {dag.py:4180} INFO - Setting next_dagrun for example_subdag_operator.section-2 to None, run_after=None
[2025-04-02T08:23:25.907+0000] {processor.py:208} INFO - Processing /home/airflow/.local/lib/python3.12/site-packages/airflow/example_dags/example_subdag_operator.py took 0.081 seconds
[2025-04-02T08:23:56.305+0000] {processor.py:186} INFO - Started process (PID=126) to work on /home/airflow/.local/lib/python3.12/site-packages/airflow/example_dags/example_subdag_operator.py
[2025-04-02T08:23:56.305+0000] {processor.py:914} INFO - Processing file /home/airflow/.local/lib/python3.12/site-packages/airflow/example_dags/example_subdag_operator.py for tasks to queue
[2025-04-02T08:23:56.306+0000] {logging_mixin.py:190} INFO - [2025-04-02T08:23:56.306+0000] {dagbag.py:588} INFO - Filling up the DagBag from /home/airflow/.local/lib/python3.12/site-packages/airflow/example_dags/example_subdag_operator.py
[2025-04-02T08:23:56.323+0000] {processor.py:925} INFO - DAG(s) 'example_subdag_operator.section-1', 'example_subdag_operator.section-2', 'example_subdag_operator' retrieved from /home/airflow/.local/lib/python3.12/site-packages/airflow/example_dags/example_subdag_operator.py
[2025-04-02T08:23:56.334+0000] {logging_mixin.py:190} INFO - [2025-04-02T08:23:56.334+0000] {dag.py:3239} INFO - Sync 3 DAGs
[2025-04-02T08:23:56.349+0000] {logging_mixin.py:190} INFO - [2025-04-02T08:23:56.349+0000] {dag.py:4180} INFO - Setting next_dagrun for example_subdag_operator to 2022-01-01 00:00:00+00:00, run_after=2022-01-01 00:00:00+00:00
[2025-04-02T08:23:56.352+0000] {logging_mixin.py:190} INFO - [2025-04-02T08:23:56.352+0000] {dag.py:4180} INFO - Setting next_dagrun for example_subdag_operator.section-1 to None, run_after=None
[2025-04-02T08:23:56.352+0000] {logging_mixin.py:190} INFO - [2025-04-02T08:23:56.352+0000] {dag.py:4180} INFO - Setting next_dagrun for example_subdag_operator.section-2 to None, run_after=None
[2025-04-02T08:23:56.356+0000] {logging_mixin.py:190} INFO - [2025-04-02T08:23:56.356+0000] {dag.py:3239} INFO - Sync 2 DAGs
[2025-04-02T08:23:56.360+0000] {logging_mixin.py:190} INFO - [2025-04-02T08:23:56.360+0000] {dag.py:4180} INFO - Setting next_dagrun for example_subdag_operator.section-1 to None, run_after=None
[2025-04-02T08:23:56.361+0000] {logging_mixin.py:190} INFO - [2025-04-02T08:23:56.361+0000] {dag.py:4180} INFO - Setting next_dagrun for example_subdag_operator.section-2 to None, run_after=None
[2025-04-02T08:23:56.367+0000] {processor.py:208} INFO - Processing /home/airflow/.local/lib/python3.12/site-packages/airflow/example_dags/example_subdag_operator.py took 0.066 seconds
[2025-04-02T08:31:32.914+0000] {processor.py:186} INFO - Started process (PID=67) to work on /home/airflow/.local/lib/python3.12/site-packages/airflow/example_dags/example_subdag_operator.py
[2025-04-02T08:31:32.915+0000] {processor.py:914} INFO - Processing file /home/airflow/.local/lib/python3.12/site-packages/airflow/example_dags/example_subdag_operator.py for tasks to queue
[2025-04-02T08:31:32.916+0000] {logging_mixin.py:190} INFO - [2025-04-02T08:31:32.916+0000] {dagbag.py:588} INFO - Filling up the DagBag from /home/airflow/.local/lib/python3.12/site-packages/airflow/example_dags/example_subdag_operator.py
[2025-04-02T08:31:32.936+0000] {processor.py:925} INFO - DAG(s) 'example_subdag_operator.section-1', 'example_subdag_operator.section-2', 'example_subdag_operator' retrieved from /home/airflow/.local/lib/python3.12/site-packages/airflow/example_dags/example_subdag_operator.py
[2025-04-02T08:31:32.948+0000] {logging_mixin.py:190} INFO - [2025-04-02T08:31:32.948+0000] {dag.py:3239} INFO - Sync 3 DAGs
[2025-04-02T08:31:32.963+0000] {logging_mixin.py:190} INFO - [2025-04-02T08:31:32.963+0000] {dag.py:4180} INFO - Setting next_dagrun for example_subdag_operator to 2022-01-01 00:00:00+00:00, run_after=2022-01-01 00:00:00+00:00
[2025-04-02T08:31:32.966+0000] {logging_mixin.py:190} INFO - [2025-04-02T08:31:32.965+0000] {dag.py:4180} INFO - Setting next_dagrun for example_subdag_operator.section-1 to None, run_after=None
[2025-04-02T08:31:32.967+0000] {logging_mixin.py:190} INFO - [2025-04-02T08:31:32.966+0000] {dag.py:4180} INFO - Setting next_dagrun for example_subdag_operator.section-2 to None, run_after=None
[2025-04-02T08:31:32.972+0000] {logging_mixin.py:190} INFO - [2025-04-02T08:31:32.972+0000] {dag.py:3239} INFO - Sync 2 DAGs
[2025-04-02T08:31:32.976+0000] {logging_mixin.py:190} INFO - [2025-04-02T08:31:32.976+0000] {dag.py:4180} INFO - Setting next_dagrun for example_subdag_operator.section-1 to None, run_after=None
[2025-04-02T08:31:32.976+0000] {logging_mixin.py:190} INFO - [2025-04-02T08:31:32.976+0000] {dag.py:4180} INFO - Setting next_dagrun for example_subdag_operator.section-2 to None, run_after=None
[2025-04-02T08:31:32.984+0000] {processor.py:208} INFO - Processing /home/airflow/.local/lib/python3.12/site-packages/airflow/example_dags/example_subdag_operator.py took 0.074 seconds
[2025-04-02T08:32:03.806+0000] {processor.py:186} INFO - Started process (PID=131) to work on /home/airflow/.local/lib/python3.12/site-packages/airflow/example_dags/example_subdag_operator.py
[2025-04-02T08:32:03.806+0000] {processor.py:914} INFO - Processing file /home/airflow/.local/lib/python3.12/site-packages/airflow/example_dags/example_subdag_operator.py for tasks to queue
[2025-04-02T08:32:03.808+0000] {logging_mixin.py:190} INFO - [2025-04-02T08:32:03.807+0000] {dagbag.py:588} INFO - Filling up the DagBag from /home/airflow/.local/lib/python3.12/site-packages/airflow/example_dags/example_subdag_operator.py
[2025-04-02T08:32:03.839+0000] {processor.py:925} INFO - DAG(s) 'example_subdag_operator.section-1', 'example_subdag_operator.section-2', 'example_subdag_operator' retrieved from /home/airflow/.local/lib/python3.12/site-packages/airflow/example_dags/example_subdag_operator.py
[2025-04-02T08:32:03.850+0000] {logging_mixin.py:190} INFO - [2025-04-02T08:32:03.850+0000] {dag.py:3239} INFO - Sync 3 DAGs
[2025-04-02T08:32:03.877+0000] {logging_mixin.py:190} INFO - [2025-04-02T08:32:03.877+0000] {dag.py:4180} INFO - Setting next_dagrun for example_subdag_operator to 2022-01-01 00:00:00+00:00, run_after=2022-01-01 00:00:00+00:00
[2025-04-02T08:32:03.880+0000] {logging_mixin.py:190} INFO - [2025-04-02T08:32:03.879+0000] {dag.py:4180} INFO - Setting next_dagrun for example_subdag_operator.section-1 to None, run_after=None
[2025-04-02T08:32:03.880+0000] {logging_mixin.py:190} INFO - [2025-04-02T08:32:03.880+0000] {dag.py:4180} INFO - Setting next_dagrun for example_subdag_operator.section-2 to None, run_after=None
[2025-04-02T08:32:03.886+0000] {logging_mixin.py:190} INFO - [2025-04-02T08:32:03.886+0000] {dag.py:3239} INFO - Sync 2 DAGs
[2025-04-02T08:32:03.889+0000] {logging_mixin.py:190} INFO - [2025-04-02T08:32:03.889+0000] {dag.py:4180} INFO - Setting next_dagrun for example_subdag_operator.section-1 to None, run_after=None
[2025-04-02T08:32:03.890+0000] {logging_mixin.py:190} INFO - [2025-04-02T08:32:03.890+0000] {dag.py:4180} INFO - Setting next_dagrun for example_subdag_operator.section-2 to None, run_after=None
[2025-04-02T08:32:03.896+0000] {processor.py:208} INFO - Processing /home/airflow/.local/lib/python3.12/site-packages/airflow/example_dags/example_subdag_operator.py took 0.094 seconds
[2025-04-02T08:32:34.183+0000] {processor.py:186} INFO - Started process (PID=195) to work on /home/airflow/.local/lib/python3.12/site-packages/airflow/example_dags/example_subdag_operator.py
[2025-04-02T08:32:34.184+0000] {processor.py:914} INFO - Processing file /home/airflow/.local/lib/python3.12/site-packages/airflow/example_dags/example_subdag_operator.py for tasks to queue
[2025-04-02T08:32:34.186+0000] {logging_mixin.py:190} INFO - [2025-04-02T08:32:34.185+0000] {dagbag.py:588} INFO - Filling up the DagBag from /home/airflow/.local/lib/python3.12/site-packages/airflow/example_dags/example_subdag_operator.py
[2025-04-02T08:32:34.202+0000] {processor.py:925} INFO - DAG(s) 'example_subdag_operator.section-1', 'example_subdag_operator.section-2', 'example_subdag_operator' retrieved from /home/airflow/.local/lib/python3.12/site-packages/airflow/example_dags/example_subdag_operator.py
[2025-04-02T08:32:34.211+0000] {logging_mixin.py:190} INFO - [2025-04-02T08:32:34.211+0000] {dag.py:3239} INFO - Sync 3 DAGs
[2025-04-02T08:32:34.225+0000] {logging_mixin.py:190} INFO - [2025-04-02T08:32:34.225+0000] {dag.py:4180} INFO - Setting next_dagrun for example_subdag_operator to 2022-01-01 00:00:00+00:00, run_after=2022-01-01 00:00:00+00:00
[2025-04-02T08:32:34.228+0000] {logging_mixin.py:190} INFO - [2025-04-02T08:32:34.227+0000] {dag.py:4180} INFO - Setting next_dagrun for example_subdag_operator.section-1 to None, run_after=None
[2025-04-02T08:32:34.229+0000] {logging_mixin.py:190} INFO - [2025-04-02T08:32:34.228+0000] {dag.py:4180} INFO - Setting next_dagrun for example_subdag_operator.section-2 to None, run_after=None
[2025-04-02T08:32:34.233+0000] {logging_mixin.py:190} INFO - [2025-04-02T08:32:34.233+0000] {dag.py:3239} INFO - Sync 2 DAGs
[2025-04-02T08:32:34.236+0000] {logging_mixin.py:190} INFO - [2025-04-02T08:32:34.236+0000] {dag.py:4180} INFO - Setting next_dagrun for example_subdag_operator.section-1 to None, run_after=None
[2025-04-02T08:32:34.236+0000] {logging_mixin.py:190} INFO - [2025-04-02T08:32:34.236+0000] {dag.py:4180} INFO - Setting next_dagrun for example_subdag_operator.section-2 to None, run_after=None
[2025-04-02T08:32:34.243+0000] {processor.py:208} INFO - Processing /home/airflow/.local/lib/python3.12/site-packages/airflow/example_dags/example_subdag_operator.py took 0.063 seconds
[2025-04-02T08:33:04.393+0000] {processor.py:186} INFO - Started process (PID=259) to work on /home/airflow/.local/lib/python3.12/site-packages/airflow/example_dags/example_subdag_operator.py
[2025-04-02T08:33:04.394+0000] {processor.py:914} INFO - Processing file /home/airflow/.local/lib/python3.12/site-packages/airflow/example_dags/example_subdag_operator.py for tasks to queue
[2025-04-02T08:33:04.395+0000] {logging_mixin.py:190} INFO - [2025-04-02T08:33:04.395+0000] {dagbag.py:588} INFO - Filling up the DagBag from /home/airflow/.local/lib/python3.12/site-packages/airflow/example_dags/example_subdag_operator.py
[2025-04-02T08:33:04.411+0000] {processor.py:925} INFO - DAG(s) 'example_subdag_operator.section-1', 'example_subdag_operator.section-2', 'example_subdag_operator' retrieved from /home/airflow/.local/lib/python3.12/site-packages/airflow/example_dags/example_subdag_operator.py
[2025-04-02T08:33:04.421+0000] {logging_mixin.py:190} INFO - [2025-04-02T08:33:04.421+0000] {dag.py:3239} INFO - Sync 3 DAGs
[2025-04-02T08:33:04.436+0000] {logging_mixin.py:190} INFO - [2025-04-02T08:33:04.436+0000] {dag.py:4180} INFO - Setting next_dagrun for example_subdag_operator to 2022-01-01 00:00:00+00:00, run_after=2022-01-01 00:00:00+00:00
[2025-04-02T08:33:04.438+0000] {logging_mixin.py:190} INFO - [2025-04-02T08:33:04.438+0000] {dag.py:4180} INFO - Setting next_dagrun for example_subdag_operator.section-1 to None, run_after=None
[2025-04-02T08:33:04.439+0000] {logging_mixin.py:190} INFO - [2025-04-02T08:33:04.439+0000] {dag.py:4180} INFO - Setting next_dagrun for example_subdag_operator.section-2 to None, run_after=None
[2025-04-02T08:33:04.444+0000] {logging_mixin.py:190} INFO - [2025-04-02T08:33:04.443+0000] {dag.py:3239} INFO - Sync 2 DAGs
[2025-04-02T08:33:04.447+0000] {logging_mixin.py:190} INFO - [2025-04-02T08:33:04.447+0000] {dag.py:4180} INFO - Setting next_dagrun for example_subdag_operator.section-1 to None, run_after=None
[2025-04-02T08:33:04.448+0000] {logging_mixin.py:190} INFO - [2025-04-02T08:33:04.447+0000] {dag.py:4180} INFO - Setting next_dagrun for example_subdag_operator.section-2 to None, run_after=None
[2025-04-02T08:33:04.454+0000] {processor.py:208} INFO - Processing /home/airflow/.local/lib/python3.12/site-packages/airflow/example_dags/example_subdag_operator.py took 0.065 seconds
