[2025-04-02T08:21:56.234+0000] {processor.py:186} INFO - Started process (PID=106) to work on /home/airflow/.local/lib/python3.12/site-packages/airflow/example_dags/example_xcomargs.py
[2025-04-02T08:21:56.235+0000] {processor.py:914} INFO - Processing file /home/airflow/.local/lib/python3.12/site-packages/airflow/example_dags/example_xcomargs.py for tasks to queue
[2025-04-02T08:21:56.237+0000] {logging_mixin.py:190} INFO - [2025-04-02T08:21:56.236+0000] {dagbag.py:588} INFO - Filling up the DagBag from /home/airflow/.local/lib/python3.12/site-packages/airflow/example_dags/example_xcomargs.py
[2025-04-02T08:21:56.245+0000] {processor.py:925} INFO - DAG(s) 'example_xcom_args_with_operators', 'example_xcom_args' retrieved from /home/airflow/.local/lib/python3.12/site-packages/airflow/example_dags/example_xcomargs.py
[2025-04-02T08:21:56.310+0000] {logging_mixin.py:190} INFO - [2025-04-02T08:21:56.310+0000] {override.py:1912} INFO - Created Permission View: can delete on DAG:example_xcom_args_with_operators
[2025-04-02T08:21:56.316+0000] {logging_mixin.py:190} INFO - [2025-04-02T08:21:56.316+0000] {override.py:1912} INFO - Created Permission View: can edit on DAG:example_xcom_args_with_operators
[2025-04-02T08:21:56.320+0000] {logging_mixin.py:190} INFO - [2025-04-02T08:21:56.320+0000] {override.py:1912} INFO - Created Permission View: can read on DAG:example_xcom_args_with_operators
[2025-04-02T08:21:56.324+0000] {logging_mixin.py:190} INFO - [2025-04-02T08:21:56.324+0000] {override.py:1912} INFO - Created Permission View: can delete on DAG Run:example_xcom_args_with_operators
[2025-04-02T08:21:56.328+0000] {logging_mixin.py:190} INFO - [2025-04-02T08:21:56.328+0000] {override.py:1912} INFO - Created Permission View: can create on DAG Run:example_xcom_args_with_operators
[2025-04-02T08:21:56.332+0000] {logging_mixin.py:190} INFO - [2025-04-02T08:21:56.332+0000] {override.py:1912} INFO - Created Permission View: can read on DAG Run:example_xcom_args_with_operators
[2025-04-02T08:21:56.336+0000] {logging_mixin.py:190} INFO - [2025-04-02T08:21:56.335+0000] {override.py:1912} INFO - Created Permission View: menu access on DAG Run:example_xcom_args_with_operators
[2025-04-02T08:21:56.345+0000] {logging_mixin.py:190} INFO - [2025-04-02T08:21:56.344+0000] {override.py:1912} INFO - Created Permission View: can delete on DAG:example_xcom_args
[2025-04-02T08:21:56.349+0000] {logging_mixin.py:190} INFO - [2025-04-02T08:21:56.349+0000] {override.py:1912} INFO - Created Permission View: can edit on DAG:example_xcom_args
[2025-04-02T08:21:56.353+0000] {logging_mixin.py:190} INFO - [2025-04-02T08:21:56.353+0000] {override.py:1912} INFO - Created Permission View: can read on DAG:example_xcom_args
[2025-04-02T08:21:56.357+0000] {logging_mixin.py:190} INFO - [2025-04-02T08:21:56.357+0000] {override.py:1912} INFO - Created Permission View: can delete on DAG Run:example_xcom_args
[2025-04-02T08:21:56.361+0000] {logging_mixin.py:190} INFO - [2025-04-02T08:21:56.361+0000] {override.py:1912} INFO - Created Permission View: can create on DAG Run:example_xcom_args
[2025-04-02T08:21:56.365+0000] {logging_mixin.py:190} INFO - [2025-04-02T08:21:56.365+0000] {override.py:1912} INFO - Created Permission View: can read on DAG Run:example_xcom_args
[2025-04-02T08:21:56.370+0000] {logging_mixin.py:190} INFO - [2025-04-02T08:21:56.369+0000] {override.py:1912} INFO - Created Permission View: menu access on DAG Run:example_xcom_args
[2025-04-02T08:21:56.370+0000] {logging_mixin.py:190} INFO - [2025-04-02T08:21:56.370+0000] {dag.py:3239} INFO - Sync 2 DAGs
[2025-04-02T08:21:56.378+0000] {logging_mixin.py:190} INFO - [2025-04-02T08:21:56.378+0000] {dag.py:3262} INFO - Creating ORM DAG for example_xcom_args_with_operators
[2025-04-02T08:21:56.379+0000] {logging_mixin.py:190} INFO - [2025-04-02T08:21:56.378+0000] {dag.py:3262} INFO - Creating ORM DAG for example_xcom_args
[2025-04-02T08:21:56.379+0000] {logging_mixin.py:190} INFO - [2025-04-02T08:21:56.379+0000] {dag.py:4180} INFO - Setting next_dagrun for example_xcom_args to None, run_after=None
[2025-04-02T08:21:56.379+0000] {logging_mixin.py:190} INFO - [2025-04-02T08:21:56.379+0000] {dag.py:4180} INFO - Setting next_dagrun for example_xcom_args_with_operators to None, run_after=None
[2025-04-02T08:21:56.391+0000] {processor.py:208} INFO - Processing /home/airflow/.local/lib/python3.12/site-packages/airflow/example_dags/example_xcomargs.py took 0.161 seconds
[2025-04-02T08:23:29.423+0000] {processor.py:186} INFO - Started process (PID=106) to work on /home/airflow/.local/lib/python3.12/site-packages/airflow/example_dags/example_xcomargs.py
[2025-04-02T08:23:29.424+0000] {processor.py:914} INFO - Processing file /home/airflow/.local/lib/python3.12/site-packages/airflow/example_dags/example_xcomargs.py for tasks to queue
[2025-04-02T08:23:29.425+0000] {logging_mixin.py:190} INFO - [2025-04-02T08:23:29.425+0000] {dagbag.py:588} INFO - Filling up the DagBag from /home/airflow/.local/lib/python3.12/site-packages/airflow/example_dags/example_xcomargs.py
[2025-04-02T08:23:29.431+0000] {processor.py:925} INFO - DAG(s) 'example_xcom_args', 'example_xcom_args_with_operators' retrieved from /home/airflow/.local/lib/python3.12/site-packages/airflow/example_dags/example_xcomargs.py
[2025-04-02T08:23:29.449+0000] {logging_mixin.py:190} INFO - [2025-04-02T08:23:29.449+0000] {dag.py:3239} INFO - Sync 2 DAGs
[2025-04-02T08:23:29.460+0000] {logging_mixin.py:190} INFO - [2025-04-02T08:23:29.460+0000] {dag.py:4180} INFO - Setting next_dagrun for example_xcom_args to None, run_after=None
[2025-04-02T08:23:29.463+0000] {logging_mixin.py:190} INFO - [2025-04-02T08:23:29.463+0000] {dag.py:4180} INFO - Setting next_dagrun for example_xcom_args_with_operators to None, run_after=None
[2025-04-02T08:23:29.473+0000] {processor.py:208} INFO - Processing /home/airflow/.local/lib/python3.12/site-packages/airflow/example_dags/example_xcomargs.py took 0.054 seconds
[2025-04-02T08:24:00.783+0000] {processor.py:186} INFO - Started process (PID=170) to work on /home/airflow/.local/lib/python3.12/site-packages/airflow/example_dags/example_xcomargs.py
[2025-04-02T08:24:00.783+0000] {processor.py:914} INFO - Processing file /home/airflow/.local/lib/python3.12/site-packages/airflow/example_dags/example_xcomargs.py for tasks to queue
[2025-04-02T08:24:00.785+0000] {logging_mixin.py:190} INFO - [2025-04-02T08:24:00.785+0000] {dagbag.py:588} INFO - Filling up the DagBag from /home/airflow/.local/lib/python3.12/site-packages/airflow/example_dags/example_xcomargs.py
[2025-04-02T08:24:00.794+0000] {processor.py:925} INFO - DAG(s) 'example_xcom_args', 'example_xcom_args_with_operators' retrieved from /home/airflow/.local/lib/python3.12/site-packages/airflow/example_dags/example_xcomargs.py
[2025-04-02T08:24:00.811+0000] {logging_mixin.py:190} INFO - [2025-04-02T08:24:00.811+0000] {dag.py:3239} INFO - Sync 2 DAGs
[2025-04-02T08:24:00.824+0000] {logging_mixin.py:190} INFO - [2025-04-02T08:24:00.824+0000] {dag.py:4180} INFO - Setting next_dagrun for example_xcom_args to None, run_after=None
[2025-04-02T08:24:00.828+0000] {logging_mixin.py:190} INFO - [2025-04-02T08:24:00.827+0000] {dag.py:4180} INFO - Setting next_dagrun for example_xcom_args_with_operators to None, run_after=None
[2025-04-02T08:24:00.840+0000] {processor.py:208} INFO - Processing /home/airflow/.local/lib/python3.12/site-packages/airflow/example_dags/example_xcomargs.py took 0.061 seconds
[2025-04-02T08:31:35.942+0000] {processor.py:186} INFO - Started process (PID=105) to work on /home/airflow/.local/lib/python3.12/site-packages/airflow/example_dags/example_xcomargs.py
[2025-04-02T08:31:35.943+0000] {processor.py:914} INFO - Processing file /home/airflow/.local/lib/python3.12/site-packages/airflow/example_dags/example_xcomargs.py for tasks to queue
[2025-04-02T08:31:35.945+0000] {logging_mixin.py:190} INFO - [2025-04-02T08:31:35.944+0000] {dagbag.py:588} INFO - Filling up the DagBag from /home/airflow/.local/lib/python3.12/site-packages/airflow/example_dags/example_xcomargs.py
[2025-04-02T08:31:35.954+0000] {processor.py:925} INFO - DAG(s) 'example_xcom_args', 'example_xcom_args_with_operators' retrieved from /home/airflow/.local/lib/python3.12/site-packages/airflow/example_dags/example_xcomargs.py
[2025-04-02T08:31:35.973+0000] {logging_mixin.py:190} INFO - [2025-04-02T08:31:35.973+0000] {dag.py:3239} INFO - Sync 2 DAGs
[2025-04-02T08:31:35.985+0000] {logging_mixin.py:190} INFO - [2025-04-02T08:31:35.985+0000] {dag.py:4180} INFO - Setting next_dagrun for example_xcom_args to None, run_after=None
[2025-04-02T08:31:35.988+0000] {logging_mixin.py:190} INFO - [2025-04-02T08:31:35.987+0000] {dag.py:4180} INFO - Setting next_dagrun for example_xcom_args_with_operators to None, run_after=None
[2025-04-02T08:31:35.998+0000] {processor.py:208} INFO - Processing /home/airflow/.local/lib/python3.12/site-packages/airflow/example_dags/example_xcomargs.py took 0.060 seconds
[2025-04-02T08:32:07.276+0000] {processor.py:186} INFO - Started process (PID=169) to work on /home/airflow/.local/lib/python3.12/site-packages/airflow/example_dags/example_xcomargs.py
[2025-04-02T08:32:07.277+0000] {processor.py:914} INFO - Processing file /home/airflow/.local/lib/python3.12/site-packages/airflow/example_dags/example_xcomargs.py for tasks to queue
[2025-04-02T08:32:07.278+0000] {logging_mixin.py:190} INFO - [2025-04-02T08:32:07.278+0000] {dagbag.py:588} INFO - Filling up the DagBag from /home/airflow/.local/lib/python3.12/site-packages/airflow/example_dags/example_xcomargs.py
[2025-04-02T08:32:07.284+0000] {processor.py:925} INFO - DAG(s) 'example_xcom_args_with_operators', 'example_xcom_args' retrieved from /home/airflow/.local/lib/python3.12/site-packages/airflow/example_dags/example_xcomargs.py
[2025-04-02T08:32:07.300+0000] {logging_mixin.py:190} INFO - [2025-04-02T08:32:07.300+0000] {dag.py:3239} INFO - Sync 2 DAGs
[2025-04-02T08:32:07.310+0000] {logging_mixin.py:190} INFO - [2025-04-02T08:32:07.310+0000] {dag.py:4180} INFO - Setting next_dagrun for example_xcom_args to None, run_after=None
[2025-04-02T08:32:07.313+0000] {logging_mixin.py:190} INFO - [2025-04-02T08:32:07.312+0000] {dag.py:4180} INFO - Setting next_dagrun for example_xcom_args_with_operators to None, run_after=None
[2025-04-02T08:32:07.322+0000] {processor.py:208} INFO - Processing /home/airflow/.local/lib/python3.12/site-packages/airflow/example_dags/example_xcomargs.py took 0.050 seconds
[2025-04-02T08:32:38.603+0000] {processor.py:186} INFO - Started process (PID=233) to work on /home/airflow/.local/lib/python3.12/site-packages/airflow/example_dags/example_xcomargs.py
[2025-04-02T08:32:38.603+0000] {processor.py:914} INFO - Processing file /home/airflow/.local/lib/python3.12/site-packages/airflow/example_dags/example_xcomargs.py for tasks to queue
[2025-04-02T08:32:38.605+0000] {logging_mixin.py:190} INFO - [2025-04-02T08:32:38.605+0000] {dagbag.py:588} INFO - Filling up the DagBag from /home/airflow/.local/lib/python3.12/site-packages/airflow/example_dags/example_xcomargs.py
[2025-04-02T08:32:38.612+0000] {processor.py:925} INFO - DAG(s) 'example_xcom_args', 'example_xcom_args_with_operators' retrieved from /home/airflow/.local/lib/python3.12/site-packages/airflow/example_dags/example_xcomargs.py
[2025-04-02T08:32:38.627+0000] {logging_mixin.py:190} INFO - [2025-04-02T08:32:38.627+0000] {dag.py:3239} INFO - Sync 2 DAGs
[2025-04-02T08:32:38.638+0000] {logging_mixin.py:190} INFO - [2025-04-02T08:32:38.638+0000] {dag.py:4180} INFO - Setting next_dagrun for example_xcom_args to None, run_after=None
[2025-04-02T08:32:38.641+0000] {logging_mixin.py:190} INFO - [2025-04-02T08:32:38.640+0000] {dag.py:4180} INFO - Setting next_dagrun for example_xcom_args_with_operators to None, run_after=None
[2025-04-02T08:32:38.650+0000] {processor.py:208} INFO - Processing /home/airflow/.local/lib/python3.12/site-packages/airflow/example_dags/example_xcomargs.py took 0.051 seconds
[2025-04-02T08:33:09.810+0000] {processor.py:186} INFO - Started process (PID=297) to work on /home/airflow/.local/lib/python3.12/site-packages/airflow/example_dags/example_xcomargs.py
[2025-04-02T08:33:09.811+0000] {processor.py:914} INFO - Processing file /home/airflow/.local/lib/python3.12/site-packages/airflow/example_dags/example_xcomargs.py for tasks to queue
[2025-04-02T08:33:09.813+0000] {logging_mixin.py:190} INFO - [2025-04-02T08:33:09.812+0000] {dagbag.py:588} INFO - Filling up the DagBag from /home/airflow/.local/lib/python3.12/site-packages/airflow/example_dags/example_xcomargs.py
[2025-04-02T08:33:09.819+0000] {processor.py:925} INFO - DAG(s) 'example_xcom_args', 'example_xcom_args_with_operators' retrieved from /home/airflow/.local/lib/python3.12/site-packages/airflow/example_dags/example_xcomargs.py
[2025-04-02T08:33:09.833+0000] {logging_mixin.py:190} INFO - [2025-04-02T08:33:09.833+0000] {dag.py:3239} INFO - Sync 2 DAGs
[2025-04-02T08:33:09.842+0000] {logging_mixin.py:190} INFO - [2025-04-02T08:33:09.842+0000] {dag.py:4180} INFO - Setting next_dagrun for example_xcom_args to None, run_after=None
[2025-04-02T08:33:09.844+0000] {logging_mixin.py:190} INFO - [2025-04-02T08:33:09.844+0000] {dag.py:4180} INFO - Setting next_dagrun for example_xcom_args_with_operators to None, run_after=None
[2025-04-02T08:33:09.853+0000] {processor.py:208} INFO - Processing /home/airflow/.local/lib/python3.12/site-packages/airflow/example_dags/example_xcomargs.py took 0.046 seconds
