[2025-04-02T08:21:56.053+0000] {processor.py:186} INFO - Started process (PID=104) to work on /home/airflow/.local/lib/python3.12/site-packages/airflow/example_dags/example_sensor_decorator.py
[2025-04-02T08:21:56.054+0000] {processor.py:914} INFO - Processing file /home/airflow/.local/lib/python3.12/site-packages/airflow/example_dags/example_sensor_decorator.py for tasks to queue
[2025-04-02T08:21:56.055+0000] {logging_mixin.py:190} INFO - [2025-04-02T08:21:56.055+0000] {dagbag.py:588} INFO - Filling up the DagBag from /home/airflow/.local/lib/python3.12/site-packages/airflow/example_dags/example_sensor_decorator.py
[2025-04-02T08:21:56.060+0000] {processor.py:925} INFO - DAG(s) 'example_sensor_decorator' retrieved from /home/airflow/.local/lib/python3.12/site-packages/airflow/example_dags/example_sensor_decorator.py
[2025-04-02T08:21:56.124+0000] {logging_mixin.py:190} INFO - [2025-04-02T08:21:56.124+0000] {override.py:1912} INFO - Created Permission View: can delete on DAG:example_sensor_decorator
[2025-04-02T08:21:56.130+0000] {logging_mixin.py:190} INFO - [2025-04-02T08:21:56.130+0000] {override.py:1912} INFO - Created Permission View: can edit on DAG:example_sensor_decorator
[2025-04-02T08:21:56.134+0000] {logging_mixin.py:190} INFO - [2025-04-02T08:21:56.134+0000] {override.py:1912} INFO - Created Permission View: can read on DAG:example_sensor_decorator
[2025-04-02T08:21:56.138+0000] {logging_mixin.py:190} INFO - [2025-04-02T08:21:56.138+0000] {override.py:1912} INFO - Created Permission View: can delete on DAG Run:example_sensor_decorator
[2025-04-02T08:21:56.147+0000] {logging_mixin.py:190} INFO - [2025-04-02T08:21:56.146+0000] {override.py:1912} INFO - Created Permission View: can create on DAG Run:example_sensor_decorator
[2025-04-02T08:21:56.154+0000] {logging_mixin.py:190} INFO - [2025-04-02T08:21:56.154+0000] {override.py:1912} INFO - Created Permission View: can read on DAG Run:example_sensor_decorator
[2025-04-02T08:21:56.160+0000] {logging_mixin.py:190} INFO - [2025-04-02T08:21:56.159+0000] {override.py:1912} INFO - Created Permission View: menu access on DAG Run:example_sensor_decorator
[2025-04-02T08:21:56.160+0000] {logging_mixin.py:190} INFO - [2025-04-02T08:21:56.160+0000] {dag.py:3239} INFO - Sync 1 DAGs
[2025-04-02T08:21:56.169+0000] {logging_mixin.py:190} INFO - [2025-04-02T08:21:56.169+0000] {dag.py:3262} INFO - Creating ORM DAG for example_sensor_decorator
[2025-04-02T08:21:56.169+0000] {logging_mixin.py:190} INFO - [2025-04-02T08:21:56.169+0000] {dag.py:4180} INFO - Setting next_dagrun for example_sensor_decorator to None, run_after=None
[2025-04-02T08:21:56.183+0000] {processor.py:208} INFO - Processing /home/airflow/.local/lib/python3.12/site-packages/airflow/example_dags/example_sensor_decorator.py took 0.133 seconds
[2025-04-02T08:23:29.300+0000] {processor.py:186} INFO - Started process (PID=104) to work on /home/airflow/.local/lib/python3.12/site-packages/airflow/example_dags/example_sensor_decorator.py
[2025-04-02T08:23:29.301+0000] {processor.py:914} INFO - Processing file /home/airflow/.local/lib/python3.12/site-packages/airflow/example_dags/example_sensor_decorator.py for tasks to queue
[2025-04-02T08:23:29.302+0000] {logging_mixin.py:190} INFO - [2025-04-02T08:23:29.302+0000] {dagbag.py:588} INFO - Filling up the DagBag from /home/airflow/.local/lib/python3.12/site-packages/airflow/example_dags/example_sensor_decorator.py
[2025-04-02T08:23:29.307+0000] {processor.py:925} INFO - DAG(s) 'example_sensor_decorator' retrieved from /home/airflow/.local/lib/python3.12/site-packages/airflow/example_dags/example_sensor_decorator.py
[2025-04-02T08:23:29.320+0000] {logging_mixin.py:190} INFO - [2025-04-02T08:23:29.320+0000] {dag.py:3239} INFO - Sync 1 DAGs
[2025-04-02T08:23:29.329+0000] {logging_mixin.py:190} INFO - [2025-04-02T08:23:29.328+0000] {dag.py:4180} INFO - Setting next_dagrun for example_sensor_decorator to None, run_after=None
[2025-04-02T08:23:29.339+0000] {processor.py:208} INFO - Processing /home/airflow/.local/lib/python3.12/site-packages/airflow/example_dags/example_sensor_decorator.py took 0.042 seconds
[2025-04-02T08:24:00.637+0000] {processor.py:186} INFO - Started process (PID=168) to work on /home/airflow/.local/lib/python3.12/site-packages/airflow/example_dags/example_sensor_decorator.py
[2025-04-02T08:24:00.638+0000] {processor.py:914} INFO - Processing file /home/airflow/.local/lib/python3.12/site-packages/airflow/example_dags/example_sensor_decorator.py for tasks to queue
[2025-04-02T08:24:00.639+0000] {logging_mixin.py:190} INFO - [2025-04-02T08:24:00.639+0000] {dagbag.py:588} INFO - Filling up the DagBag from /home/airflow/.local/lib/python3.12/site-packages/airflow/example_dags/example_sensor_decorator.py
[2025-04-02T08:24:00.644+0000] {processor.py:925} INFO - DAG(s) 'example_sensor_decorator' retrieved from /home/airflow/.local/lib/python3.12/site-packages/airflow/example_dags/example_sensor_decorator.py
[2025-04-02T08:24:00.659+0000] {logging_mixin.py:190} INFO - [2025-04-02T08:24:00.659+0000] {dag.py:3239} INFO - Sync 1 DAGs
[2025-04-02T08:24:00.671+0000] {logging_mixin.py:190} INFO - [2025-04-02T08:24:00.671+0000] {dag.py:4180} INFO - Setting next_dagrun for example_sensor_decorator to None, run_after=None
[2025-04-02T08:24:00.684+0000] {processor.py:208} INFO - Processing /home/airflow/.local/lib/python3.12/site-packages/airflow/example_dags/example_sensor_decorator.py took 0.050 seconds
[2025-04-02T08:31:35.818+0000] {processor.py:186} INFO - Started process (PID=103) to work on /home/airflow/.local/lib/python3.12/site-packages/airflow/example_dags/example_sensor_decorator.py
[2025-04-02T08:31:35.818+0000] {processor.py:914} INFO - Processing file /home/airflow/.local/lib/python3.12/site-packages/airflow/example_dags/example_sensor_decorator.py for tasks to queue
[2025-04-02T08:31:35.820+0000] {logging_mixin.py:190} INFO - [2025-04-02T08:31:35.820+0000] {dagbag.py:588} INFO - Filling up the DagBag from /home/airflow/.local/lib/python3.12/site-packages/airflow/example_dags/example_sensor_decorator.py
[2025-04-02T08:31:35.825+0000] {processor.py:925} INFO - DAG(s) 'example_sensor_decorator' retrieved from /home/airflow/.local/lib/python3.12/site-packages/airflow/example_dags/example_sensor_decorator.py
[2025-04-02T08:31:35.839+0000] {logging_mixin.py:190} INFO - [2025-04-02T08:31:35.839+0000] {dag.py:3239} INFO - Sync 1 DAGs
[2025-04-02T08:31:35.848+0000] {logging_mixin.py:190} INFO - [2025-04-02T08:31:35.848+0000] {dag.py:4180} INFO - Setting next_dagrun for example_sensor_decorator to None, run_after=None
[2025-04-02T08:31:35.858+0000] {processor.py:208} INFO - Processing /home/airflow/.local/lib/python3.12/site-packages/airflow/example_dags/example_sensor_decorator.py took 0.044 seconds
[2025-04-02T08:32:07.143+0000] {processor.py:186} INFO - Started process (PID=167) to work on /home/airflow/.local/lib/python3.12/site-packages/airflow/example_dags/example_sensor_decorator.py
[2025-04-02T08:32:07.144+0000] {processor.py:914} INFO - Processing file /home/airflow/.local/lib/python3.12/site-packages/airflow/example_dags/example_sensor_decorator.py for tasks to queue
[2025-04-02T08:32:07.145+0000] {logging_mixin.py:190} INFO - [2025-04-02T08:32:07.145+0000] {dagbag.py:588} INFO - Filling up the DagBag from /home/airflow/.local/lib/python3.12/site-packages/airflow/example_dags/example_sensor_decorator.py
[2025-04-02T08:32:07.150+0000] {processor.py:925} INFO - DAG(s) 'example_sensor_decorator' retrieved from /home/airflow/.local/lib/python3.12/site-packages/airflow/example_dags/example_sensor_decorator.py
[2025-04-02T08:32:07.163+0000] {logging_mixin.py:190} INFO - [2025-04-02T08:32:07.163+0000] {dag.py:3239} INFO - Sync 1 DAGs
[2025-04-02T08:32:07.172+0000] {logging_mixin.py:190} INFO - [2025-04-02T08:32:07.172+0000] {dag.py:4180} INFO - Setting next_dagrun for example_sensor_decorator to None, run_after=None
[2025-04-02T08:32:07.182+0000] {processor.py:208} INFO - Processing /home/airflow/.local/lib/python3.12/site-packages/airflow/example_dags/example_sensor_decorator.py took 0.043 seconds
[2025-04-02T08:32:38.475+0000] {processor.py:186} INFO - Started process (PID=231) to work on /home/airflow/.local/lib/python3.12/site-packages/airflow/example_dags/example_sensor_decorator.py
[2025-04-02T08:32:38.475+0000] {processor.py:914} INFO - Processing file /home/airflow/.local/lib/python3.12/site-packages/airflow/example_dags/example_sensor_decorator.py for tasks to queue
[2025-04-02T08:32:38.477+0000] {logging_mixin.py:190} INFO - [2025-04-02T08:32:38.477+0000] {dagbag.py:588} INFO - Filling up the DagBag from /home/airflow/.local/lib/python3.12/site-packages/airflow/example_dags/example_sensor_decorator.py
[2025-04-02T08:32:38.482+0000] {processor.py:925} INFO - DAG(s) 'example_sensor_decorator' retrieved from /home/airflow/.local/lib/python3.12/site-packages/airflow/example_dags/example_sensor_decorator.py
[2025-04-02T08:32:38.494+0000] {logging_mixin.py:190} INFO - [2025-04-02T08:32:38.494+0000] {dag.py:3239} INFO - Sync 1 DAGs
[2025-04-02T08:32:38.504+0000] {logging_mixin.py:190} INFO - [2025-04-02T08:32:38.504+0000] {dag.py:4180} INFO - Setting next_dagrun for example_sensor_decorator to None, run_after=None
[2025-04-02T08:32:38.516+0000] {processor.py:208} INFO - Processing /home/airflow/.local/lib/python3.12/site-packages/airflow/example_dags/example_sensor_decorator.py took 0.044 seconds
[2025-04-02T08:33:09.690+0000] {processor.py:186} INFO - Started process (PID=295) to work on /home/airflow/.local/lib/python3.12/site-packages/airflow/example_dags/example_sensor_decorator.py
[2025-04-02T08:33:09.691+0000] {processor.py:914} INFO - Processing file /home/airflow/.local/lib/python3.12/site-packages/airflow/example_dags/example_sensor_decorator.py for tasks to queue
[2025-04-02T08:33:09.692+0000] {logging_mixin.py:190} INFO - [2025-04-02T08:33:09.692+0000] {dagbag.py:588} INFO - Filling up the DagBag from /home/airflow/.local/lib/python3.12/site-packages/airflow/example_dags/example_sensor_decorator.py
[2025-04-02T08:33:09.697+0000] {processor.py:925} INFO - DAG(s) 'example_sensor_decorator' retrieved from /home/airflow/.local/lib/python3.12/site-packages/airflow/example_dags/example_sensor_decorator.py
[2025-04-02T08:33:09.709+0000] {logging_mixin.py:190} INFO - [2025-04-02T08:33:09.708+0000] {dag.py:3239} INFO - Sync 1 DAGs
[2025-04-02T08:33:09.717+0000] {logging_mixin.py:190} INFO - [2025-04-02T08:33:09.717+0000] {dag.py:4180} INFO - Setting next_dagrun for example_sensor_decorator to None, run_after=None
[2025-04-02T08:33:09.727+0000] {processor.py:208} INFO - Processing /home/airflow/.local/lib/python3.12/site-packages/airflow/example_dags/example_sensor_decorator.py took 0.040 seconds
