[2025-04-02T08:21:51.992+0000] {processor.py:186} INFO - Started process (PID=71) to work on /home/airflow/.local/lib/python3.12/site-packages/airflow/example_dags/example_branch_labels.py
[2025-04-02T08:21:51.992+0000] {processor.py:914} INFO - Processing file /home/airflow/.local/lib/python3.12/site-packages/airflow/example_dags/example_branch_labels.py for tasks to queue
[2025-04-02T08:21:51.994+0000] {logging_mixin.py:190} INFO - [2025-04-02T08:21:51.994+0000] {dagbag.py:588} INFO - Filling up the DagBag from /home/airflow/.local/lib/python3.12/site-packages/airflow/example_dags/example_branch_labels.py
[2025-04-02T08:21:52.000+0000] {processor.py:925} INFO - DAG(s) 'example_branch_labels' retrieved from /home/airflow/.local/lib/python3.12/site-packages/airflow/example_dags/example_branch_labels.py
[2025-04-02T08:21:52.065+0000] {logging_mixin.py:190} INFO - [2025-04-02T08:21:52.064+0000] {override.py:1912} INFO - Created Permission View: can delete on DAG:example_branch_labels
[2025-04-02T08:21:52.071+0000] {logging_mixin.py:190} INFO - [2025-04-02T08:21:52.070+0000] {override.py:1912} INFO - Created Permission View: can edit on DAG:example_branch_labels
[2025-04-02T08:21:52.074+0000] {logging_mixin.py:190} INFO - [2025-04-02T08:21:52.074+0000] {override.py:1912} INFO - Created Permission View: can read on DAG:example_branch_labels
[2025-04-02T08:21:52.078+0000] {logging_mixin.py:190} INFO - [2025-04-02T08:21:52.078+0000] {override.py:1912} INFO - Created Permission View: can delete on DAG Run:example_branch_labels
[2025-04-02T08:21:52.082+0000] {logging_mixin.py:190} INFO - [2025-04-02T08:21:52.082+0000] {override.py:1912} INFO - Created Permission View: can create on DAG Run:example_branch_labels
[2025-04-02T08:21:52.085+0000] {logging_mixin.py:190} INFO - [2025-04-02T08:21:52.085+0000] {override.py:1912} INFO - Created Permission View: can read on DAG Run:example_branch_labels
[2025-04-02T08:21:52.089+0000] {logging_mixin.py:190} INFO - [2025-04-02T08:21:52.089+0000] {override.py:1912} INFO - Created Permission View: menu access on DAG Run:example_branch_labels
[2025-04-02T08:21:52.089+0000] {logging_mixin.py:190} INFO - [2025-04-02T08:21:52.089+0000] {dag.py:3239} INFO - Sync 1 DAGs
[2025-04-02T08:21:52.099+0000] {logging_mixin.py:190} INFO - [2025-04-02T08:21:52.098+0000] {dag.py:3262} INFO - Creating ORM DAG for example_branch_labels
[2025-04-02T08:21:52.105+0000] {logging_mixin.py:190} INFO - [2025-04-02T08:21:52.105+0000] {dag.py:4180} INFO - Setting next_dagrun for example_branch_labels to 2025-04-01 00:00:00+00:00, run_after=2025-04-02 00:00:00+00:00
[2025-04-02T08:21:52.114+0000] {processor.py:208} INFO - Processing /home/airflow/.local/lib/python3.12/site-packages/airflow/example_dags/example_branch_labels.py took 0.126 seconds
[2025-04-02T08:23:26.019+0000] {processor.py:186} INFO - Started process (PID=65) to work on /home/airflow/.local/lib/python3.12/site-packages/airflow/example_dags/example_branch_labels.py
[2025-04-02T08:23:26.019+0000] {processor.py:914} INFO - Processing file /home/airflow/.local/lib/python3.12/site-packages/airflow/example_dags/example_branch_labels.py for tasks to queue
[2025-04-02T08:23:26.021+0000] {logging_mixin.py:190} INFO - [2025-04-02T08:23:26.021+0000] {dagbag.py:588} INFO - Filling up the DagBag from /home/airflow/.local/lib/python3.12/site-packages/airflow/example_dags/example_branch_labels.py
[2025-04-02T08:23:26.027+0000] {processor.py:925} INFO - DAG(s) 'example_branch_labels' retrieved from /home/airflow/.local/lib/python3.12/site-packages/airflow/example_dags/example_branch_labels.py
[2025-04-02T08:23:26.042+0000] {logging_mixin.py:190} INFO - [2025-04-02T08:23:26.042+0000] {dag.py:3239} INFO - Sync 1 DAGs
[2025-04-02T08:23:26.059+0000] {logging_mixin.py:190} INFO - [2025-04-02T08:23:26.059+0000] {dag.py:4180} INFO - Setting next_dagrun for example_branch_labels to 2025-04-01 00:00:00+00:00, run_after=2025-04-02 00:00:00+00:00
[2025-04-02T08:23:26.074+0000] {processor.py:208} INFO - Processing /home/airflow/.local/lib/python3.12/site-packages/airflow/example_dags/example_branch_labels.py took 0.059 seconds
[2025-04-02T08:23:56.388+0000] {processor.py:186} INFO - Started process (PID=128) to work on /home/airflow/.local/lib/python3.12/site-packages/airflow/example_dags/example_branch_labels.py
[2025-04-02T08:23:56.388+0000] {processor.py:914} INFO - Processing file /home/airflow/.local/lib/python3.12/site-packages/airflow/example_dags/example_branch_labels.py for tasks to queue
[2025-04-02T08:23:56.390+0000] {logging_mixin.py:190} INFO - [2025-04-02T08:23:56.389+0000] {dagbag.py:588} INFO - Filling up the DagBag from /home/airflow/.local/lib/python3.12/site-packages/airflow/example_dags/example_branch_labels.py
[2025-04-02T08:23:56.395+0000] {processor.py:925} INFO - DAG(s) 'example_branch_labels' retrieved from /home/airflow/.local/lib/python3.12/site-packages/airflow/example_dags/example_branch_labels.py
[2025-04-02T08:23:56.409+0000] {logging_mixin.py:190} INFO - [2025-04-02T08:23:56.409+0000] {dag.py:3239} INFO - Sync 1 DAGs
[2025-04-02T08:23:56.423+0000] {logging_mixin.py:190} INFO - [2025-04-02T08:23:56.423+0000] {dag.py:4180} INFO - Setting next_dagrun for example_branch_labels to 2025-04-01 00:00:00+00:00, run_after=2025-04-02 00:00:00+00:00
[2025-04-02T08:23:56.433+0000] {processor.py:208} INFO - Processing /home/airflow/.local/lib/python3.12/site-packages/airflow/example_dags/example_branch_labels.py took 0.049 seconds
[2025-04-02T08:31:33.099+0000] {processor.py:186} INFO - Started process (PID=70) to work on /home/airflow/.local/lib/python3.12/site-packages/airflow/example_dags/example_branch_labels.py
[2025-04-02T08:31:33.099+0000] {processor.py:914} INFO - Processing file /home/airflow/.local/lib/python3.12/site-packages/airflow/example_dags/example_branch_labels.py for tasks to queue
[2025-04-02T08:31:33.101+0000] {logging_mixin.py:190} INFO - [2025-04-02T08:31:33.101+0000] {dagbag.py:588} INFO - Filling up the DagBag from /home/airflow/.local/lib/python3.12/site-packages/airflow/example_dags/example_branch_labels.py
[2025-04-02T08:31:33.108+0000] {processor.py:925} INFO - DAG(s) 'example_branch_labels' retrieved from /home/airflow/.local/lib/python3.12/site-packages/airflow/example_dags/example_branch_labels.py
[2025-04-02T08:31:33.123+0000] {logging_mixin.py:190} INFO - [2025-04-02T08:31:33.123+0000] {dag.py:3239} INFO - Sync 1 DAGs
[2025-04-02T08:31:33.139+0000] {logging_mixin.py:190} INFO - [2025-04-02T08:31:33.139+0000] {dag.py:4180} INFO - Setting next_dagrun for example_branch_labels to 2025-04-01 00:00:00+00:00, run_after=2025-04-02 00:00:00+00:00
[2025-04-02T08:31:33.152+0000] {processor.py:208} INFO - Processing /home/airflow/.local/lib/python3.12/site-packages/airflow/example_dags/example_branch_labels.py took 0.057 seconds
[2025-04-02T08:32:03.924+0000] {processor.py:186} INFO - Started process (PID=133) to work on /home/airflow/.local/lib/python3.12/site-packages/airflow/example_dags/example_branch_labels.py
[2025-04-02T08:32:03.925+0000] {processor.py:914} INFO - Processing file /home/airflow/.local/lib/python3.12/site-packages/airflow/example_dags/example_branch_labels.py for tasks to queue
[2025-04-02T08:32:03.926+0000] {logging_mixin.py:190} INFO - [2025-04-02T08:32:03.926+0000] {dagbag.py:588} INFO - Filling up the DagBag from /home/airflow/.local/lib/python3.12/site-packages/airflow/example_dags/example_branch_labels.py
[2025-04-02T08:32:03.933+0000] {processor.py:925} INFO - DAG(s) 'example_branch_labels' retrieved from /home/airflow/.local/lib/python3.12/site-packages/airflow/example_dags/example_branch_labels.py
[2025-04-02T08:32:03.947+0000] {logging_mixin.py:190} INFO - [2025-04-02T08:32:03.947+0000] {dag.py:3239} INFO - Sync 1 DAGs
[2025-04-02T08:32:03.962+0000] {logging_mixin.py:190} INFO - [2025-04-02T08:32:03.962+0000] {dag.py:4180} INFO - Setting next_dagrun for example_branch_labels to 2025-04-01 00:00:00+00:00, run_after=2025-04-02 00:00:00+00:00
[2025-04-02T08:32:03.973+0000] {processor.py:208} INFO - Processing /home/airflow/.local/lib/python3.12/site-packages/airflow/example_dags/example_branch_labels.py took 0.053 seconds
[2025-04-02T08:32:34.254+0000] {processor.py:186} INFO - Started process (PID=197) to work on /home/airflow/.local/lib/python3.12/site-packages/airflow/example_dags/example_branch_labels.py
[2025-04-02T08:32:34.255+0000] {processor.py:914} INFO - Processing file /home/airflow/.local/lib/python3.12/site-packages/airflow/example_dags/example_branch_labels.py for tasks to queue
[2025-04-02T08:32:34.256+0000] {logging_mixin.py:190} INFO - [2025-04-02T08:32:34.256+0000] {dagbag.py:588} INFO - Filling up the DagBag from /home/airflow/.local/lib/python3.12/site-packages/airflow/example_dags/example_branch_labels.py
[2025-04-02T08:32:34.262+0000] {processor.py:925} INFO - DAG(s) 'example_branch_labels' retrieved from /home/airflow/.local/lib/python3.12/site-packages/airflow/example_dags/example_branch_labels.py
[2025-04-02T08:32:34.275+0000] {logging_mixin.py:190} INFO - [2025-04-02T08:32:34.275+0000] {dag.py:3239} INFO - Sync 1 DAGs
[2025-04-02T08:32:34.290+0000] {logging_mixin.py:190} INFO - [2025-04-02T08:32:34.290+0000] {dag.py:4180} INFO - Setting next_dagrun for example_branch_labels to 2025-04-01 00:00:00+00:00, run_after=2025-04-02 00:00:00+00:00
[2025-04-02T08:32:34.300+0000] {processor.py:208} INFO - Processing /home/airflow/.local/lib/python3.12/site-packages/airflow/example_dags/example_branch_labels.py took 0.051 seconds
[2025-04-02T08:33:04.477+0000] {processor.py:186} INFO - Started process (PID=261) to work on /home/airflow/.local/lib/python3.12/site-packages/airflow/example_dags/example_branch_labels.py
[2025-04-02T08:33:04.477+0000] {processor.py:914} INFO - Processing file /home/airflow/.local/lib/python3.12/site-packages/airflow/example_dags/example_branch_labels.py for tasks to queue
[2025-04-02T08:33:04.479+0000] {logging_mixin.py:190} INFO - [2025-04-02T08:33:04.478+0000] {dagbag.py:588} INFO - Filling up the DagBag from /home/airflow/.local/lib/python3.12/site-packages/airflow/example_dags/example_branch_labels.py
[2025-04-02T08:33:04.485+0000] {processor.py:925} INFO - DAG(s) 'example_branch_labels' retrieved from /home/airflow/.local/lib/python3.12/site-packages/airflow/example_dags/example_branch_labels.py
[2025-04-02T08:33:04.499+0000] {logging_mixin.py:190} INFO - [2025-04-02T08:33:04.499+0000] {dag.py:3239} INFO - Sync 1 DAGs
[2025-04-02T08:33:04.514+0000] {logging_mixin.py:190} INFO - [2025-04-02T08:33:04.514+0000] {dag.py:4180} INFO - Setting next_dagrun for example_branch_labels to 2025-04-01 00:00:00+00:00, run_after=2025-04-02 00:00:00+00:00
[2025-04-02T08:33:04.525+0000] {processor.py:208} INFO - Processing /home/airflow/.local/lib/python3.12/site-packages/airflow/example_dags/example_branch_labels.py took 0.052 seconds
