[2025-04-02T08:21:53.909+0000] {processor.py:186} INFO - Started process (PID=81) to work on /home/airflow/.local/lib/python3.12/site-packages/airflow/example_dags/example_task_group.py
[2025-04-02T08:21:53.910+0000] {processor.py:914} INFO - Processing file /home/airflow/.local/lib/python3.12/site-packages/airflow/example_dags/example_task_group.py for tasks to queue
[2025-04-02T08:21:53.912+0000] {logging_mixin.py:190} INFO - [2025-04-02T08:21:53.912+0000] {dagbag.py:588} INFO - Filling up the DagBag from /home/airflow/.local/lib/python3.12/site-packages/airflow/example_dags/example_task_group.py
[2025-04-02T08:21:53.917+0000] {processor.py:925} INFO - DAG(s) 'example_task_group' retrieved from /home/airflow/.local/lib/python3.12/site-packages/airflow/example_dags/example_task_group.py
[2025-04-02T08:21:53.998+0000] {logging_mixin.py:190} INFO - [2025-04-02T08:21:53.997+0000] {override.py:1912} INFO - Created Permission View: can delete on DAG:example_task_group
[2025-04-02T08:21:54.004+0000] {logging_mixin.py:190} INFO - [2025-04-02T08:21:54.004+0000] {override.py:1912} INFO - Created Permission View: can edit on DAG:example_task_group
[2025-04-02T08:21:54.008+0000] {logging_mixin.py:190} INFO - [2025-04-02T08:21:54.008+0000] {override.py:1912} INFO - Created Permission View: can read on DAG:example_task_group
[2025-04-02T08:21:54.012+0000] {logging_mixin.py:190} INFO - [2025-04-02T08:21:54.012+0000] {override.py:1912} INFO - Created Permission View: can delete on DAG Run:example_task_group
[2025-04-02T08:21:54.016+0000] {logging_mixin.py:190} INFO - [2025-04-02T08:21:54.015+0000] {override.py:1912} INFO - Created Permission View: can create on DAG Run:example_task_group
[2025-04-02T08:21:54.020+0000] {logging_mixin.py:190} INFO - [2025-04-02T08:21:54.020+0000] {override.py:1912} INFO - Created Permission View: can read on DAG Run:example_task_group
[2025-04-02T08:21:54.024+0000] {logging_mixin.py:190} INFO - [2025-04-02T08:21:54.024+0000] {override.py:1912} INFO - Created Permission View: menu access on DAG Run:example_task_group
[2025-04-02T08:21:54.024+0000] {logging_mixin.py:190} INFO - [2025-04-02T08:21:54.024+0000] {dag.py:3239} INFO - Sync 1 DAGs
[2025-04-02T08:21:54.034+0000] {logging_mixin.py:190} INFO - [2025-04-02T08:21:54.033+0000] {dag.py:3262} INFO - Creating ORM DAG for example_task_group
[2025-04-02T08:21:54.034+0000] {logging_mixin.py:190} INFO - [2025-04-02T08:21:54.034+0000] {dag.py:4180} INFO - Setting next_dagrun for example_task_group to None, run_after=None
[2025-04-02T08:21:54.044+0000] {processor.py:208} INFO - Processing /home/airflow/.local/lib/python3.12/site-packages/airflow/example_dags/example_task_group.py took 0.138 seconds
[2025-04-02T08:23:28.183+0000] {processor.py:186} INFO - Started process (PID=81) to work on /home/airflow/.local/lib/python3.12/site-packages/airflow/example_dags/example_task_group.py
[2025-04-02T08:23:28.184+0000] {processor.py:914} INFO - Processing file /home/airflow/.local/lib/python3.12/site-packages/airflow/example_dags/example_task_group.py for tasks to queue
[2025-04-02T08:23:28.185+0000] {logging_mixin.py:190} INFO - [2025-04-02T08:23:28.185+0000] {dagbag.py:588} INFO - Filling up the DagBag from /home/airflow/.local/lib/python3.12/site-packages/airflow/example_dags/example_task_group.py
[2025-04-02T08:23:28.191+0000] {processor.py:925} INFO - DAG(s) 'example_task_group' retrieved from /home/airflow/.local/lib/python3.12/site-packages/airflow/example_dags/example_task_group.py
[2025-04-02T08:23:28.205+0000] {logging_mixin.py:190} INFO - [2025-04-02T08:23:28.205+0000] {dag.py:3239} INFO - Sync 1 DAGs
[2025-04-02T08:23:28.213+0000] {logging_mixin.py:190} INFO - [2025-04-02T08:23:28.213+0000] {dag.py:4180} INFO - Setting next_dagrun for example_task_group to None, run_after=None
[2025-04-02T08:23:28.225+0000] {processor.py:208} INFO - Processing /home/airflow/.local/lib/python3.12/site-packages/airflow/example_dags/example_task_group.py took 0.045 seconds
[2025-04-02T08:23:59.326+0000] {processor.py:186} INFO - Started process (PID=145) to work on /home/airflow/.local/lib/python3.12/site-packages/airflow/example_dags/example_task_group.py
[2025-04-02T08:23:59.327+0000] {processor.py:914} INFO - Processing file /home/airflow/.local/lib/python3.12/site-packages/airflow/example_dags/example_task_group.py for tasks to queue
[2025-04-02T08:23:59.328+0000] {logging_mixin.py:190} INFO - [2025-04-02T08:23:59.328+0000] {dagbag.py:588} INFO - Filling up the DagBag from /home/airflow/.local/lib/python3.12/site-packages/airflow/example_dags/example_task_group.py
[2025-04-02T08:23:59.333+0000] {processor.py:925} INFO - DAG(s) 'example_task_group' retrieved from /home/airflow/.local/lib/python3.12/site-packages/airflow/example_dags/example_task_group.py
[2025-04-02T08:23:59.347+0000] {logging_mixin.py:190} INFO - [2025-04-02T08:23:59.347+0000] {dag.py:3239} INFO - Sync 1 DAGs
[2025-04-02T08:23:59.357+0000] {logging_mixin.py:190} INFO - [2025-04-02T08:23:59.357+0000] {dag.py:4180} INFO - Setting next_dagrun for example_task_group to None, run_after=None
[2025-04-02T08:23:59.369+0000] {processor.py:208} INFO - Processing /home/airflow/.local/lib/python3.12/site-packages/airflow/example_dags/example_task_group.py took 0.046 seconds
[2025-04-02T08:31:34.679+0000] {processor.py:186} INFO - Started process (PID=80) to work on /home/airflow/.local/lib/python3.12/site-packages/airflow/example_dags/example_task_group.py
[2025-04-02T08:31:34.679+0000] {processor.py:914} INFO - Processing file /home/airflow/.local/lib/python3.12/site-packages/airflow/example_dags/example_task_group.py for tasks to queue
[2025-04-02T08:31:34.681+0000] {logging_mixin.py:190} INFO - [2025-04-02T08:31:34.681+0000] {dagbag.py:588} INFO - Filling up the DagBag from /home/airflow/.local/lib/python3.12/site-packages/airflow/example_dags/example_task_group.py
[2025-04-02T08:31:34.686+0000] {processor.py:925} INFO - DAG(s) 'example_task_group' retrieved from /home/airflow/.local/lib/python3.12/site-packages/airflow/example_dags/example_task_group.py
[2025-04-02T08:31:34.702+0000] {logging_mixin.py:190} INFO - [2025-04-02T08:31:34.702+0000] {dag.py:3239} INFO - Sync 1 DAGs
[2025-04-02T08:31:34.712+0000] {logging_mixin.py:190} INFO - [2025-04-02T08:31:34.712+0000] {dag.py:4180} INFO - Setting next_dagrun for example_task_group to None, run_after=None
[2025-04-02T08:31:34.723+0000] {processor.py:208} INFO - Processing /home/airflow/.local/lib/python3.12/site-packages/airflow/example_dags/example_task_group.py took 0.048 seconds
[2025-04-02T08:32:05.913+0000] {processor.py:186} INFO - Started process (PID=144) to work on /home/airflow/.local/lib/python3.12/site-packages/airflow/example_dags/example_task_group.py
[2025-04-02T08:32:05.913+0000] {processor.py:914} INFO - Processing file /home/airflow/.local/lib/python3.12/site-packages/airflow/example_dags/example_task_group.py for tasks to queue
[2025-04-02T08:32:05.915+0000] {logging_mixin.py:190} INFO - [2025-04-02T08:32:05.915+0000] {dagbag.py:588} INFO - Filling up the DagBag from /home/airflow/.local/lib/python3.12/site-packages/airflow/example_dags/example_task_group.py
[2025-04-02T08:32:05.921+0000] {processor.py:925} INFO - DAG(s) 'example_task_group' retrieved from /home/airflow/.local/lib/python3.12/site-packages/airflow/example_dags/example_task_group.py
[2025-04-02T08:32:05.936+0000] {logging_mixin.py:190} INFO - [2025-04-02T08:32:05.936+0000] {dag.py:3239} INFO - Sync 1 DAGs
[2025-04-02T08:32:05.945+0000] {logging_mixin.py:190} INFO - [2025-04-02T08:32:05.945+0000] {dag.py:4180} INFO - Setting next_dagrun for example_task_group to None, run_after=None
[2025-04-02T08:32:05.956+0000] {processor.py:208} INFO - Processing /home/airflow/.local/lib/python3.12/site-packages/airflow/example_dags/example_task_group.py took 0.047 seconds
[2025-04-02T08:32:37.232+0000] {processor.py:186} INFO - Started process (PID=208) to work on /home/airflow/.local/lib/python3.12/site-packages/airflow/example_dags/example_task_group.py
[2025-04-02T08:32:37.233+0000] {processor.py:914} INFO - Processing file /home/airflow/.local/lib/python3.12/site-packages/airflow/example_dags/example_task_group.py for tasks to queue
[2025-04-02T08:32:37.234+0000] {logging_mixin.py:190} INFO - [2025-04-02T08:32:37.234+0000] {dagbag.py:588} INFO - Filling up the DagBag from /home/airflow/.local/lib/python3.12/site-packages/airflow/example_dags/example_task_group.py
[2025-04-02T08:32:37.240+0000] {processor.py:925} INFO - DAG(s) 'example_task_group' retrieved from /home/airflow/.local/lib/python3.12/site-packages/airflow/example_dags/example_task_group.py
[2025-04-02T08:32:37.255+0000] {logging_mixin.py:190} INFO - [2025-04-02T08:32:37.255+0000] {dag.py:3239} INFO - Sync 1 DAGs
[2025-04-02T08:32:37.264+0000] {logging_mixin.py:190} INFO - [2025-04-02T08:32:37.264+0000] {dag.py:4180} INFO - Setting next_dagrun for example_task_group to None, run_after=None
[2025-04-02T08:32:37.275+0000] {processor.py:208} INFO - Processing /home/airflow/.local/lib/python3.12/site-packages/airflow/example_dags/example_task_group.py took 0.047 seconds
[2025-04-02T08:33:08.501+0000] {processor.py:186} INFO - Started process (PID=272) to work on /home/airflow/.local/lib/python3.12/site-packages/airflow/example_dags/example_task_group.py
[2025-04-02T08:33:08.502+0000] {processor.py:914} INFO - Processing file /home/airflow/.local/lib/python3.12/site-packages/airflow/example_dags/example_task_group.py for tasks to queue
[2025-04-02T08:33:08.503+0000] {logging_mixin.py:190} INFO - [2025-04-02T08:33:08.503+0000] {dagbag.py:588} INFO - Filling up the DagBag from /home/airflow/.local/lib/python3.12/site-packages/airflow/example_dags/example_task_group.py
[2025-04-02T08:33:08.509+0000] {processor.py:925} INFO - DAG(s) 'example_task_group' retrieved from /home/airflow/.local/lib/python3.12/site-packages/airflow/example_dags/example_task_group.py
[2025-04-02T08:33:08.524+0000] {logging_mixin.py:190} INFO - [2025-04-02T08:33:08.524+0000] {dag.py:3239} INFO - Sync 1 DAGs
[2025-04-02T08:33:08.533+0000] {logging_mixin.py:190} INFO - [2025-04-02T08:33:08.533+0000] {dag.py:4180} INFO - Setting next_dagrun for example_task_group to None, run_after=None
[2025-04-02T08:33:08.545+0000] {processor.py:208} INFO - Processing /home/airflow/.local/lib/python3.12/site-packages/airflow/example_dags/example_task_group.py took 0.047 seconds
