[2025-04-02T08:21:55.328+0000] {processor.py:186} INFO - Started process (PID=96) to work on /home/airflow/.local/lib/python3.12/site-packages/airflow/example_dags/example_latest_only_with_trigger.py
[2025-04-02T08:21:55.328+0000] {processor.py:914} INFO - Processing file /home/airflow/.local/lib/python3.12/site-packages/airflow/example_dags/example_latest_only_with_trigger.py for tasks to queue
[2025-04-02T08:21:55.330+0000] {logging_mixin.py:190} INFO - [2025-04-02T08:21:55.329+0000] {dagbag.py:588} INFO - Filling up the DagBag from /home/airflow/.local/lib/python3.12/site-packages/airflow/example_dags/example_latest_only_with_trigger.py
[2025-04-02T08:21:55.335+0000] {processor.py:925} INFO - DAG(s) 'latest_only_with_trigger' retrieved from /home/airflow/.local/lib/python3.12/site-packages/airflow/example_dags/example_latest_only_with_trigger.py
[2025-04-02T08:21:55.402+0000] {logging_mixin.py:190} INFO - [2025-04-02T08:21:55.401+0000] {override.py:1912} INFO - Created Permission View: can delete on DAG:latest_only_with_trigger
[2025-04-02T08:21:55.408+0000] {logging_mixin.py:190} INFO - [2025-04-02T08:21:55.408+0000] {override.py:1912} INFO - Created Permission View: can edit on DAG:latest_only_with_trigger
[2025-04-02T08:21:55.412+0000] {logging_mixin.py:190} INFO - [2025-04-02T08:21:55.412+0000] {override.py:1912} INFO - Created Permission View: can read on DAG:latest_only_with_trigger
[2025-04-02T08:21:55.416+0000] {logging_mixin.py:190} INFO - [2025-04-02T08:21:55.416+0000] {override.py:1912} INFO - Created Permission View: can delete on DAG Run:latest_only_with_trigger
[2025-04-02T08:21:55.420+0000] {logging_mixin.py:190} INFO - [2025-04-02T08:21:55.420+0000] {override.py:1912} INFO - Created Permission View: can create on DAG Run:latest_only_with_trigger
[2025-04-02T08:21:55.424+0000] {logging_mixin.py:190} INFO - [2025-04-02T08:21:55.424+0000] {override.py:1912} INFO - Created Permission View: can read on DAG Run:latest_only_with_trigger
[2025-04-02T08:21:55.427+0000] {logging_mixin.py:190} INFO - [2025-04-02T08:21:55.427+0000] {override.py:1912} INFO - Created Permission View: menu access on DAG Run:latest_only_with_trigger
[2025-04-02T08:21:55.428+0000] {logging_mixin.py:190} INFO - [2025-04-02T08:21:55.428+0000] {dag.py:3239} INFO - Sync 1 DAGs
[2025-04-02T08:21:55.435+0000] {logging_mixin.py:190} INFO - [2025-04-02T08:21:55.435+0000] {dag.py:3262} INFO - Creating ORM DAG for latest_only_with_trigger
[2025-04-02T08:21:55.441+0000] {logging_mixin.py:190} INFO - [2025-04-02T08:21:55.441+0000] {dag.py:4180} INFO - Setting next_dagrun for latest_only_with_trigger to 2025-04-02 04:00:00+00:00, run_after=2025-04-02 08:00:00+00:00
[2025-04-02T08:21:55.449+0000] {processor.py:208} INFO - Processing /home/airflow/.local/lib/python3.12/site-packages/airflow/example_dags/example_latest_only_with_trigger.py took 0.126 seconds
[2025-04-02T08:23:28.925+0000] {processor.py:186} INFO - Started process (PID=96) to work on /home/airflow/.local/lib/python3.12/site-packages/airflow/example_dags/example_latest_only_with_trigger.py
[2025-04-02T08:23:28.926+0000] {processor.py:914} INFO - Processing file /home/airflow/.local/lib/python3.12/site-packages/airflow/example_dags/example_latest_only_with_trigger.py for tasks to queue
[2025-04-02T08:23:28.928+0000] {logging_mixin.py:190} INFO - [2025-04-02T08:23:28.927+0000] {dagbag.py:588} INFO - Filling up the DagBag from /home/airflow/.local/lib/python3.12/site-packages/airflow/example_dags/example_latest_only_with_trigger.py
[2025-04-02T08:23:28.933+0000] {processor.py:925} INFO - DAG(s) 'latest_only_with_trigger' retrieved from /home/airflow/.local/lib/python3.12/site-packages/airflow/example_dags/example_latest_only_with_trigger.py
[2025-04-02T08:23:28.948+0000] {logging_mixin.py:190} INFO - [2025-04-02T08:23:28.947+0000] {dag.py:3239} INFO - Sync 1 DAGs
[2025-04-02T08:23:28.963+0000] {logging_mixin.py:190} INFO - [2025-04-02T08:23:28.963+0000] {dag.py:4180} INFO - Setting next_dagrun for latest_only_with_trigger to 2025-04-02 04:00:00+00:00, run_after=2025-04-02 08:00:00+00:00
[2025-04-02T08:23:28.974+0000] {processor.py:208} INFO - Processing /home/airflow/.local/lib/python3.12/site-packages/airflow/example_dags/example_latest_only_with_trigger.py took 0.052 seconds
[2025-04-02T08:24:00.222+0000] {processor.py:186} INFO - Started process (PID=160) to work on /home/airflow/.local/lib/python3.12/site-packages/airflow/example_dags/example_latest_only_with_trigger.py
[2025-04-02T08:24:00.222+0000] {processor.py:914} INFO - Processing file /home/airflow/.local/lib/python3.12/site-packages/airflow/example_dags/example_latest_only_with_trigger.py for tasks to queue
[2025-04-02T08:24:00.224+0000] {logging_mixin.py:190} INFO - [2025-04-02T08:24:00.224+0000] {dagbag.py:588} INFO - Filling up the DagBag from /home/airflow/.local/lib/python3.12/site-packages/airflow/example_dags/example_latest_only_with_trigger.py
[2025-04-02T08:24:00.230+0000] {processor.py:925} INFO - DAG(s) 'latest_only_with_trigger' retrieved from /home/airflow/.local/lib/python3.12/site-packages/airflow/example_dags/example_latest_only_with_trigger.py
[2025-04-02T08:24:00.246+0000] {logging_mixin.py:190} INFO - [2025-04-02T08:24:00.246+0000] {dag.py:3239} INFO - Sync 1 DAGs
[2025-04-02T08:24:00.263+0000] {logging_mixin.py:190} INFO - [2025-04-02T08:24:00.262+0000] {dag.py:4180} INFO - Setting next_dagrun for latest_only_with_trigger to 2025-04-02 04:00:00+00:00, run_after=2025-04-02 08:00:00+00:00
[2025-04-02T08:24:00.275+0000] {processor.py:208} INFO - Processing /home/airflow/.local/lib/python3.12/site-packages/airflow/example_dags/example_latest_only_with_trigger.py took 0.058 seconds
[2025-04-02T08:31:35.421+0000] {processor.py:186} INFO - Started process (PID=95) to work on /home/airflow/.local/lib/python3.12/site-packages/airflow/example_dags/example_latest_only_with_trigger.py
[2025-04-02T08:31:35.422+0000] {processor.py:914} INFO - Processing file /home/airflow/.local/lib/python3.12/site-packages/airflow/example_dags/example_latest_only_with_trigger.py for tasks to queue
[2025-04-02T08:31:35.423+0000] {logging_mixin.py:190} INFO - [2025-04-02T08:31:35.423+0000] {dagbag.py:588} INFO - Filling up the DagBag from /home/airflow/.local/lib/python3.12/site-packages/airflow/example_dags/example_latest_only_with_trigger.py
[2025-04-02T08:31:35.428+0000] {processor.py:925} INFO - DAG(s) 'latest_only_with_trigger' retrieved from /home/airflow/.local/lib/python3.12/site-packages/airflow/example_dags/example_latest_only_with_trigger.py
[2025-04-02T08:31:35.442+0000] {logging_mixin.py:190} INFO - [2025-04-02T08:31:35.442+0000] {dag.py:3239} INFO - Sync 1 DAGs
[2025-04-02T08:31:35.458+0000] {logging_mixin.py:190} INFO - [2025-04-02T08:31:35.458+0000] {dag.py:4180} INFO - Setting next_dagrun for latest_only_with_trigger to 2025-04-02 04:00:00+00:00, run_after=2025-04-02 08:00:00+00:00
[2025-04-02T08:31:35.470+0000] {processor.py:208} INFO - Processing /home/airflow/.local/lib/python3.12/site-packages/airflow/example_dags/example_latest_only_with_trigger.py took 0.053 seconds
[2025-04-02T08:32:06.706+0000] {processor.py:186} INFO - Started process (PID=159) to work on /home/airflow/.local/lib/python3.12/site-packages/airflow/example_dags/example_latest_only_with_trigger.py
[2025-04-02T08:32:06.707+0000] {processor.py:914} INFO - Processing file /home/airflow/.local/lib/python3.12/site-packages/airflow/example_dags/example_latest_only_with_trigger.py for tasks to queue
[2025-04-02T08:32:06.709+0000] {logging_mixin.py:190} INFO - [2025-04-02T08:32:06.709+0000] {dagbag.py:588} INFO - Filling up the DagBag from /home/airflow/.local/lib/python3.12/site-packages/airflow/example_dags/example_latest_only_with_trigger.py
[2025-04-02T08:32:06.714+0000] {processor.py:925} INFO - DAG(s) 'latest_only_with_trigger' retrieved from /home/airflow/.local/lib/python3.12/site-packages/airflow/example_dags/example_latest_only_with_trigger.py
[2025-04-02T08:32:06.728+0000] {logging_mixin.py:190} INFO - [2025-04-02T08:32:06.728+0000] {dag.py:3239} INFO - Sync 1 DAGs
[2025-04-02T08:32:06.742+0000] {logging_mixin.py:190} INFO - [2025-04-02T08:32:06.741+0000] {dag.py:4180} INFO - Setting next_dagrun for latest_only_with_trigger to 2025-04-02 04:00:00+00:00, run_after=2025-04-02 08:00:00+00:00
[2025-04-02T08:32:06.752+0000] {processor.py:208} INFO - Processing /home/airflow/.local/lib/python3.12/site-packages/airflow/example_dags/example_latest_only_with_trigger.py took 0.050 seconds
[2025-04-02T08:32:38.003+0000] {processor.py:186} INFO - Started process (PID=223) to work on /home/airflow/.local/lib/python3.12/site-packages/airflow/example_dags/example_latest_only_with_trigger.py
[2025-04-02T08:32:38.003+0000] {processor.py:914} INFO - Processing file /home/airflow/.local/lib/python3.12/site-packages/airflow/example_dags/example_latest_only_with_trigger.py for tasks to queue
[2025-04-02T08:32:38.005+0000] {logging_mixin.py:190} INFO - [2025-04-02T08:32:38.005+0000] {dagbag.py:588} INFO - Filling up the DagBag from /home/airflow/.local/lib/python3.12/site-packages/airflow/example_dags/example_latest_only_with_trigger.py
[2025-04-02T08:32:38.010+0000] {processor.py:925} INFO - DAG(s) 'latest_only_with_trigger' retrieved from /home/airflow/.local/lib/python3.12/site-packages/airflow/example_dags/example_latest_only_with_trigger.py
[2025-04-02T08:32:38.025+0000] {logging_mixin.py:190} INFO - [2025-04-02T08:32:38.025+0000] {dag.py:3239} INFO - Sync 1 DAGs
[2025-04-02T08:32:38.041+0000] {logging_mixin.py:190} INFO - [2025-04-02T08:32:38.041+0000] {dag.py:4180} INFO - Setting next_dagrun for latest_only_with_trigger to 2025-04-02 04:00:00+00:00, run_after=2025-04-02 08:00:00+00:00
[2025-04-02T08:32:38.052+0000] {processor.py:208} INFO - Processing /home/airflow/.local/lib/python3.12/site-packages/airflow/example_dags/example_latest_only_with_trigger.py took 0.054 seconds
[2025-04-02T08:33:09.314+0000] {processor.py:186} INFO - Started process (PID=287) to work on /home/airflow/.local/lib/python3.12/site-packages/airflow/example_dags/example_latest_only_with_trigger.py
[2025-04-02T08:33:09.315+0000] {processor.py:914} INFO - Processing file /home/airflow/.local/lib/python3.12/site-packages/airflow/example_dags/example_latest_only_with_trigger.py for tasks to queue
[2025-04-02T08:33:09.316+0000] {logging_mixin.py:190} INFO - [2025-04-02T08:33:09.316+0000] {dagbag.py:588} INFO - Filling up the DagBag from /home/airflow/.local/lib/python3.12/site-packages/airflow/example_dags/example_latest_only_with_trigger.py
[2025-04-02T08:33:09.322+0000] {processor.py:925} INFO - DAG(s) 'latest_only_with_trigger' retrieved from /home/airflow/.local/lib/python3.12/site-packages/airflow/example_dags/example_latest_only_with_trigger.py
[2025-04-02T08:33:09.336+0000] {logging_mixin.py:190} INFO - [2025-04-02T08:33:09.336+0000] {dag.py:3239} INFO - Sync 1 DAGs
[2025-04-02T08:33:09.349+0000] {logging_mixin.py:190} INFO - [2025-04-02T08:33:09.349+0000] {dag.py:4180} INFO - Setting next_dagrun for latest_only_with_trigger to 2025-04-02 04:00:00+00:00, run_after=2025-04-02 08:00:00+00:00
[2025-04-02T08:33:09.359+0000] {processor.py:208} INFO - Processing /home/airflow/.local/lib/python3.12/site-packages/airflow/example_dags/example_latest_only_with_trigger.py took 0.048 seconds
