[2025-04-02T08:21:55.769+0000] {processor.py:186} INFO - Started process (PID=102) to work on /home/airflow/.local/lib/python3.12/site-packages/airflow/example_dags/example_short_circuit_operator.py
[2025-04-02T08:21:55.770+0000] {processor.py:914} INFO - Processing file /home/airflow/.local/lib/python3.12/site-packages/airflow/example_dags/example_short_circuit_operator.py for tasks to queue
[2025-04-02T08:21:55.771+0000] {logging_mixin.py:190} INFO - [2025-04-02T08:21:55.771+0000] {dagbag.py:588} INFO - Filling up the DagBag from /home/airflow/.local/lib/python3.12/site-packages/airflow/example_dags/example_short_circuit_operator.py
[2025-04-02T08:21:55.776+0000] {processor.py:925} INFO - DAG(s) 'example_short_circuit_operator' retrieved from /home/airflow/.local/lib/python3.12/site-packages/airflow/example_dags/example_short_circuit_operator.py
[2025-04-02T08:21:55.840+0000] {logging_mixin.py:190} INFO - [2025-04-02T08:21:55.839+0000] {override.py:1912} INFO - Created Permission View: can delete on DAG:example_short_circuit_operator
[2025-04-02T08:21:55.845+0000] {logging_mixin.py:190} INFO - [2025-04-02T08:21:55.845+0000] {override.py:1912} INFO - Created Permission View: can edit on DAG:example_short_circuit_operator
[2025-04-02T08:21:55.849+0000] {logging_mixin.py:190} INFO - [2025-04-02T08:21:55.849+0000] {override.py:1912} INFO - Created Permission View: can read on DAG:example_short_circuit_operator
[2025-04-02T08:21:55.853+0000] {logging_mixin.py:190} INFO - [2025-04-02T08:21:55.853+0000] {override.py:1912} INFO - Created Permission View: can delete on DAG Run:example_short_circuit_operator
[2025-04-02T08:21:55.857+0000] {logging_mixin.py:190} INFO - [2025-04-02T08:21:55.857+0000] {override.py:1912} INFO - Created Permission View: can create on DAG Run:example_short_circuit_operator
[2025-04-02T08:21:55.860+0000] {logging_mixin.py:190} INFO - [2025-04-02T08:21:55.860+0000] {override.py:1912} INFO - Created Permission View: can read on DAG Run:example_short_circuit_operator
[2025-04-02T08:21:55.865+0000] {logging_mixin.py:190} INFO - [2025-04-02T08:21:55.864+0000] {override.py:1912} INFO - Created Permission View: menu access on DAG Run:example_short_circuit_operator
[2025-04-02T08:21:55.865+0000] {logging_mixin.py:190} INFO - [2025-04-02T08:21:55.865+0000] {dag.py:3239} INFO - Sync 1 DAGs
[2025-04-02T08:21:55.873+0000] {logging_mixin.py:190} INFO - [2025-04-02T08:21:55.873+0000] {dag.py:3262} INFO - Creating ORM DAG for example_short_circuit_operator
[2025-04-02T08:21:55.873+0000] {logging_mixin.py:190} INFO - [2025-04-02T08:21:55.873+0000] {dag.py:4180} INFO - Setting next_dagrun for example_short_circuit_operator to None, run_after=None
[2025-04-02T08:21:55.883+0000] {processor.py:208} INFO - Processing /home/airflow/.local/lib/python3.12/site-packages/airflow/example_dags/example_short_circuit_operator.py took 0.117 seconds
[2025-04-02T08:23:29.168+0000] {processor.py:186} INFO - Started process (PID=102) to work on /home/airflow/.local/lib/python3.12/site-packages/airflow/example_dags/example_short_circuit_operator.py
[2025-04-02T08:23:29.168+0000] {processor.py:914} INFO - Processing file /home/airflow/.local/lib/python3.12/site-packages/airflow/example_dags/example_short_circuit_operator.py for tasks to queue
[2025-04-02T08:23:29.170+0000] {logging_mixin.py:190} INFO - [2025-04-02T08:23:29.170+0000] {dagbag.py:588} INFO - Filling up the DagBag from /home/airflow/.local/lib/python3.12/site-packages/airflow/example_dags/example_short_circuit_operator.py
[2025-04-02T08:23:29.176+0000] {processor.py:925} INFO - DAG(s) 'example_short_circuit_operator' retrieved from /home/airflow/.local/lib/python3.12/site-packages/airflow/example_dags/example_short_circuit_operator.py
[2025-04-02T08:23:29.191+0000] {logging_mixin.py:190} INFO - [2025-04-02T08:23:29.191+0000] {dag.py:3239} INFO - Sync 1 DAGs
[2025-04-02T08:23:29.200+0000] {logging_mixin.py:190} INFO - [2025-04-02T08:23:29.200+0000] {dag.py:4180} INFO - Setting next_dagrun for example_short_circuit_operator to None, run_after=None
[2025-04-02T08:23:29.211+0000] {processor.py:208} INFO - Processing /home/airflow/.local/lib/python3.12/site-packages/airflow/example_dags/example_short_circuit_operator.py took 0.047 seconds
[2025-04-02T08:24:00.485+0000] {processor.py:186} INFO - Started process (PID=166) to work on /home/airflow/.local/lib/python3.12/site-packages/airflow/example_dags/example_short_circuit_operator.py
[2025-04-02T08:24:00.485+0000] {processor.py:914} INFO - Processing file /home/airflow/.local/lib/python3.12/site-packages/airflow/example_dags/example_short_circuit_operator.py for tasks to queue
[2025-04-02T08:24:00.487+0000] {logging_mixin.py:190} INFO - [2025-04-02T08:24:00.487+0000] {dagbag.py:588} INFO - Filling up the DagBag from /home/airflow/.local/lib/python3.12/site-packages/airflow/example_dags/example_short_circuit_operator.py
[2025-04-02T08:24:00.492+0000] {processor.py:925} INFO - DAG(s) 'example_short_circuit_operator' retrieved from /home/airflow/.local/lib/python3.12/site-packages/airflow/example_dags/example_short_circuit_operator.py
[2025-04-02T08:24:00.508+0000] {logging_mixin.py:190} INFO - [2025-04-02T08:24:00.508+0000] {dag.py:3239} INFO - Sync 1 DAGs
[2025-04-02T08:24:00.518+0000] {logging_mixin.py:190} INFO - [2025-04-02T08:24:00.518+0000] {dag.py:4180} INFO - Setting next_dagrun for example_short_circuit_operator to None, run_after=None
[2025-04-02T08:24:00.531+0000] {processor.py:208} INFO - Processing /home/airflow/.local/lib/python3.12/site-packages/airflow/example_dags/example_short_circuit_operator.py took 0.050 seconds
[2025-04-02T08:31:35.674+0000] {processor.py:186} INFO - Started process (PID=101) to work on /home/airflow/.local/lib/python3.12/site-packages/airflow/example_dags/example_short_circuit_operator.py
[2025-04-02T08:31:35.674+0000] {processor.py:914} INFO - Processing file /home/airflow/.local/lib/python3.12/site-packages/airflow/example_dags/example_short_circuit_operator.py for tasks to queue
[2025-04-02T08:31:35.676+0000] {logging_mixin.py:190} INFO - [2025-04-02T08:31:35.676+0000] {dagbag.py:588} INFO - Filling up the DagBag from /home/airflow/.local/lib/python3.12/site-packages/airflow/example_dags/example_short_circuit_operator.py
[2025-04-02T08:31:35.681+0000] {processor.py:925} INFO - DAG(s) 'example_short_circuit_operator' retrieved from /home/airflow/.local/lib/python3.12/site-packages/airflow/example_dags/example_short_circuit_operator.py
[2025-04-02T08:31:35.698+0000] {logging_mixin.py:190} INFO - [2025-04-02T08:31:35.698+0000] {dag.py:3239} INFO - Sync 1 DAGs
[2025-04-02T08:31:35.707+0000] {logging_mixin.py:190} INFO - [2025-04-02T08:31:35.707+0000] {dag.py:4180} INFO - Setting next_dagrun for example_short_circuit_operator to None, run_after=None
[2025-04-02T08:31:35.718+0000] {processor.py:208} INFO - Processing /home/airflow/.local/lib/python3.12/site-packages/airflow/example_dags/example_short_circuit_operator.py took 0.048 seconds
[2025-04-02T08:32:07.005+0000] {processor.py:186} INFO - Started process (PID=165) to work on /home/airflow/.local/lib/python3.12/site-packages/airflow/example_dags/example_short_circuit_operator.py
[2025-04-02T08:32:07.006+0000] {processor.py:914} INFO - Processing file /home/airflow/.local/lib/python3.12/site-packages/airflow/example_dags/example_short_circuit_operator.py for tasks to queue
[2025-04-02T08:32:07.008+0000] {logging_mixin.py:190} INFO - [2025-04-02T08:32:07.008+0000] {dagbag.py:588} INFO - Filling up the DagBag from /home/airflow/.local/lib/python3.12/site-packages/airflow/example_dags/example_short_circuit_operator.py
[2025-04-02T08:32:07.014+0000] {processor.py:925} INFO - DAG(s) 'example_short_circuit_operator' retrieved from /home/airflow/.local/lib/python3.12/site-packages/airflow/example_dags/example_short_circuit_operator.py
[2025-04-02T08:32:07.030+0000] {logging_mixin.py:190} INFO - [2025-04-02T08:32:07.030+0000] {dag.py:3239} INFO - Sync 1 DAGs
[2025-04-02T08:32:07.038+0000] {logging_mixin.py:190} INFO - [2025-04-02T08:32:07.038+0000] {dag.py:4180} INFO - Setting next_dagrun for example_short_circuit_operator to None, run_after=None
[2025-04-02T08:32:07.049+0000] {processor.py:208} INFO - Processing /home/airflow/.local/lib/python3.12/site-packages/airflow/example_dags/example_short_circuit_operator.py took 0.048 seconds
[2025-04-02T08:32:38.310+0000] {processor.py:186} INFO - Started process (PID=229) to work on /home/airflow/.local/lib/python3.12/site-packages/airflow/example_dags/example_short_circuit_operator.py
[2025-04-02T08:32:38.310+0000] {processor.py:914} INFO - Processing file /home/airflow/.local/lib/python3.12/site-packages/airflow/example_dags/example_short_circuit_operator.py for tasks to queue
[2025-04-02T08:32:38.312+0000] {logging_mixin.py:190} INFO - [2025-04-02T08:32:38.312+0000] {dagbag.py:588} INFO - Filling up the DagBag from /home/airflow/.local/lib/python3.12/site-packages/airflow/example_dags/example_short_circuit_operator.py
[2025-04-02T08:32:38.319+0000] {processor.py:925} INFO - DAG(s) 'example_short_circuit_operator' retrieved from /home/airflow/.local/lib/python3.12/site-packages/airflow/example_dags/example_short_circuit_operator.py
[2025-04-02T08:32:38.348+0000] {logging_mixin.py:190} INFO - [2025-04-02T08:32:38.348+0000] {dag.py:3239} INFO - Sync 1 DAGs
[2025-04-02T08:32:38.366+0000] {logging_mixin.py:190} INFO - [2025-04-02T08:32:38.365+0000] {dag.py:4180} INFO - Setting next_dagrun for example_short_circuit_operator to None, run_after=None
[2025-04-02T08:32:38.379+0000] {processor.py:208} INFO - Processing /home/airflow/.local/lib/python3.12/site-packages/airflow/example_dags/example_short_circuit_operator.py took 0.074 seconds
[2025-04-02T08:33:09.564+0000] {processor.py:186} INFO - Started process (PID=293) to work on /home/airflow/.local/lib/python3.12/site-packages/airflow/example_dags/example_short_circuit_operator.py
[2025-04-02T08:33:09.565+0000] {processor.py:914} INFO - Processing file /home/airflow/.local/lib/python3.12/site-packages/airflow/example_dags/example_short_circuit_operator.py for tasks to queue
[2025-04-02T08:33:09.566+0000] {logging_mixin.py:190} INFO - [2025-04-02T08:33:09.566+0000] {dagbag.py:588} INFO - Filling up the DagBag from /home/airflow/.local/lib/python3.12/site-packages/airflow/example_dags/example_short_circuit_operator.py
[2025-04-02T08:33:09.571+0000] {processor.py:925} INFO - DAG(s) 'example_short_circuit_operator' retrieved from /home/airflow/.local/lib/python3.12/site-packages/airflow/example_dags/example_short_circuit_operator.py
[2025-04-02T08:33:09.586+0000] {logging_mixin.py:190} INFO - [2025-04-02T08:33:09.586+0000] {dag.py:3239} INFO - Sync 1 DAGs
[2025-04-02T08:33:09.594+0000] {logging_mixin.py:190} INFO - [2025-04-02T08:33:09.594+0000] {dag.py:4180} INFO - Setting next_dagrun for example_short_circuit_operator to None, run_after=None
[2025-04-02T08:33:09.604+0000] {processor.py:208} INFO - Processing /home/airflow/.local/lib/python3.12/site-packages/airflow/example_dags/example_short_circuit_operator.py took 0.043 seconds
