[2025-04-02T08:21:55.472+0000] {processor.py:186} INFO - Started process (PID=98) to work on /home/airflow/.local/lib/python3.12/site-packages/airflow/example_dags/example_complex.py
[2025-04-02T08:21:55.472+0000] {processor.py:914} INFO - Processing file /home/airflow/.local/lib/python3.12/site-packages/airflow/example_dags/example_complex.py for tasks to queue
[2025-04-02T08:21:55.474+0000] {logging_mixin.py:190} INFO - [2025-04-02T08:21:55.474+0000] {dagbag.py:588} INFO - Filling up the DagBag from /home/airflow/.local/lib/python3.12/site-packages/airflow/example_dags/example_complex.py
[2025-04-02T08:21:55.482+0000] {processor.py:925} INFO - DAG(s) 'example_complex' retrieved from /home/airflow/.local/lib/python3.12/site-packages/airflow/example_dags/example_complex.py
[2025-04-02T08:21:55.555+0000] {logging_mixin.py:190} INFO - [2025-04-02T08:21:55.555+0000] {override.py:1912} INFO - Created Permission View: can delete on DAG:example_complex
[2025-04-02T08:21:55.561+0000] {logging_mixin.py:190} INFO - [2025-04-02T08:21:55.561+0000] {override.py:1912} INFO - Created Permission View: can edit on DAG:example_complex
[2025-04-02T08:21:55.566+0000] {logging_mixin.py:190} INFO - [2025-04-02T08:21:55.565+0000] {override.py:1912} INFO - Created Permission View: can read on DAG:example_complex
[2025-04-02T08:21:55.570+0000] {logging_mixin.py:190} INFO - [2025-04-02T08:21:55.570+0000] {override.py:1912} INFO - Created Permission View: can delete on DAG Run:example_complex
[2025-04-02T08:21:55.574+0000] {logging_mixin.py:190} INFO - [2025-04-02T08:21:55.574+0000] {override.py:1912} INFO - Created Permission View: can create on DAG Run:example_complex
[2025-04-02T08:21:55.578+0000] {logging_mixin.py:190} INFO - [2025-04-02T08:21:55.578+0000] {override.py:1912} INFO - Created Permission View: can read on DAG Run:example_complex
[2025-04-02T08:21:55.582+0000] {logging_mixin.py:190} INFO - [2025-04-02T08:21:55.582+0000] {override.py:1912} INFO - Created Permission View: menu access on DAG Run:example_complex
[2025-04-02T08:21:55.582+0000] {logging_mixin.py:190} INFO - [2025-04-02T08:21:55.582+0000] {dag.py:3239} INFO - Sync 1 DAGs
[2025-04-02T08:21:55.590+0000] {logging_mixin.py:190} INFO - [2025-04-02T08:21:55.590+0000] {dag.py:3262} INFO - Creating ORM DAG for example_complex
[2025-04-02T08:21:55.590+0000] {logging_mixin.py:190} INFO - [2025-04-02T08:21:55.590+0000] {dag.py:4180} INFO - Setting next_dagrun for example_complex to None, run_after=None
[2025-04-02T08:21:55.600+0000] {processor.py:208} INFO - Processing /home/airflow/.local/lib/python3.12/site-packages/airflow/example_dags/example_complex.py took 0.132 seconds
[2025-04-02T08:23:28.999+0000] {processor.py:186} INFO - Started process (PID=98) to work on /home/airflow/.local/lib/python3.12/site-packages/airflow/example_dags/example_complex.py
[2025-04-02T08:23:28.999+0000] {processor.py:914} INFO - Processing file /home/airflow/.local/lib/python3.12/site-packages/airflow/example_dags/example_complex.py for tasks to queue
[2025-04-02T08:23:29.001+0000] {logging_mixin.py:190} INFO - [2025-04-02T08:23:29.000+0000] {dagbag.py:588} INFO - Filling up the DagBag from /home/airflow/.local/lib/python3.12/site-packages/airflow/example_dags/example_complex.py
[2025-04-02T08:23:29.009+0000] {processor.py:925} INFO - DAG(s) 'example_complex' retrieved from /home/airflow/.local/lib/python3.12/site-packages/airflow/example_dags/example_complex.py
[2025-04-02T08:23:29.030+0000] {logging_mixin.py:190} INFO - [2025-04-02T08:23:29.030+0000] {dag.py:3239} INFO - Sync 1 DAGs
[2025-04-02T08:23:29.039+0000] {logging_mixin.py:190} INFO - [2025-04-02T08:23:29.039+0000] {dag.py:4180} INFO - Setting next_dagrun for example_complex to None, run_after=None
[2025-04-02T08:23:29.050+0000] {processor.py:208} INFO - Processing /home/airflow/.local/lib/python3.12/site-packages/airflow/example_dags/example_complex.py took 0.055 seconds
[2025-04-02T08:24:00.309+0000] {processor.py:186} INFO - Started process (PID=162) to work on /home/airflow/.local/lib/python3.12/site-packages/airflow/example_dags/example_complex.py
[2025-04-02T08:24:00.309+0000] {processor.py:914} INFO - Processing file /home/airflow/.local/lib/python3.12/site-packages/airflow/example_dags/example_complex.py for tasks to queue
[2025-04-02T08:24:00.311+0000] {logging_mixin.py:190} INFO - [2025-04-02T08:24:00.311+0000] {dagbag.py:588} INFO - Filling up the DagBag from /home/airflow/.local/lib/python3.12/site-packages/airflow/example_dags/example_complex.py
[2025-04-02T08:24:00.321+0000] {processor.py:925} INFO - DAG(s) 'example_complex' retrieved from /home/airflow/.local/lib/python3.12/site-packages/airflow/example_dags/example_complex.py
[2025-04-02T08:24:00.343+0000] {logging_mixin.py:190} INFO - [2025-04-02T08:24:00.342+0000] {dag.py:3239} INFO - Sync 1 DAGs
[2025-04-02T08:24:00.353+0000] {logging_mixin.py:190} INFO - [2025-04-02T08:24:00.352+0000] {dag.py:4180} INFO - Setting next_dagrun for example_complex to None, run_after=None
[2025-04-02T08:24:00.365+0000] {processor.py:208} INFO - Processing /home/airflow/.local/lib/python3.12/site-packages/airflow/example_dags/example_complex.py took 0.061 seconds
[2025-04-02T08:31:35.496+0000] {processor.py:186} INFO - Started process (PID=97) to work on /home/airflow/.local/lib/python3.12/site-packages/airflow/example_dags/example_complex.py
[2025-04-02T08:31:35.497+0000] {processor.py:914} INFO - Processing file /home/airflow/.local/lib/python3.12/site-packages/airflow/example_dags/example_complex.py for tasks to queue
[2025-04-02T08:31:35.499+0000] {logging_mixin.py:190} INFO - [2025-04-02T08:31:35.499+0000] {dagbag.py:588} INFO - Filling up the DagBag from /home/airflow/.local/lib/python3.12/site-packages/airflow/example_dags/example_complex.py
[2025-04-02T08:31:35.510+0000] {processor.py:925} INFO - DAG(s) 'example_complex' retrieved from /home/airflow/.local/lib/python3.12/site-packages/airflow/example_dags/example_complex.py
[2025-04-02T08:31:35.533+0000] {logging_mixin.py:190} INFO - [2025-04-02T08:31:35.533+0000] {dag.py:3239} INFO - Sync 1 DAGs
[2025-04-02T08:31:35.542+0000] {logging_mixin.py:190} INFO - [2025-04-02T08:31:35.542+0000] {dag.py:4180} INFO - Setting next_dagrun for example_complex to None, run_after=None
[2025-04-02T08:31:35.553+0000] {processor.py:208} INFO - Processing /home/airflow/.local/lib/python3.12/site-packages/airflow/example_dags/example_complex.py took 0.061 seconds
[2025-04-02T08:32:06.862+0000] {processor.py:186} INFO - Started process (PID=161) to work on /home/airflow/.local/lib/python3.12/site-packages/airflow/example_dags/example_complex.py
[2025-04-02T08:32:06.862+0000] {processor.py:914} INFO - Processing file /home/airflow/.local/lib/python3.12/site-packages/airflow/example_dags/example_complex.py for tasks to queue
[2025-04-02T08:32:06.864+0000] {logging_mixin.py:190} INFO - [2025-04-02T08:32:06.864+0000] {dagbag.py:588} INFO - Filling up the DagBag from /home/airflow/.local/lib/python3.12/site-packages/airflow/example_dags/example_complex.py
[2025-04-02T08:32:06.871+0000] {processor.py:925} INFO - DAG(s) 'example_complex' retrieved from /home/airflow/.local/lib/python3.12/site-packages/airflow/example_dags/example_complex.py
[2025-04-02T08:32:06.893+0000] {logging_mixin.py:190} INFO - [2025-04-02T08:32:06.893+0000] {dag.py:3239} INFO - Sync 1 DAGs
[2025-04-02T08:32:06.902+0000] {logging_mixin.py:190} INFO - [2025-04-02T08:32:06.902+0000] {dag.py:4180} INFO - Setting next_dagrun for example_complex to None, run_after=None
[2025-04-02T08:32:06.912+0000] {processor.py:208} INFO - Processing /home/airflow/.local/lib/python3.12/site-packages/airflow/example_dags/example_complex.py took 0.054 seconds
[2025-04-02T08:32:38.153+0000] {processor.py:186} INFO - Started process (PID=225) to work on /home/airflow/.local/lib/python3.12/site-packages/airflow/example_dags/example_complex.py
[2025-04-02T08:32:38.153+0000] {processor.py:914} INFO - Processing file /home/airflow/.local/lib/python3.12/site-packages/airflow/example_dags/example_complex.py for tasks to queue
[2025-04-02T08:32:38.155+0000] {logging_mixin.py:190} INFO - [2025-04-02T08:32:38.155+0000] {dagbag.py:588} INFO - Filling up the DagBag from /home/airflow/.local/lib/python3.12/site-packages/airflow/example_dags/example_complex.py
[2025-04-02T08:32:38.163+0000] {processor.py:925} INFO - DAG(s) 'example_complex' retrieved from /home/airflow/.local/lib/python3.12/site-packages/airflow/example_dags/example_complex.py
[2025-04-02T08:32:38.185+0000] {logging_mixin.py:190} INFO - [2025-04-02T08:32:38.185+0000] {dag.py:3239} INFO - Sync 1 DAGs
[2025-04-02T08:32:38.195+0000] {logging_mixin.py:190} INFO - [2025-04-02T08:32:38.194+0000] {dag.py:4180} INFO - Setting next_dagrun for example_complex to None, run_after=None
[2025-04-02T08:32:38.206+0000] {processor.py:208} INFO - Processing /home/airflow/.local/lib/python3.12/site-packages/airflow/example_dags/example_complex.py took 0.057 seconds
[2025-04-02T08:33:09.431+0000] {processor.py:186} INFO - Started process (PID=289) to work on /home/airflow/.local/lib/python3.12/site-packages/airflow/example_dags/example_complex.py
[2025-04-02T08:33:09.431+0000] {processor.py:914} INFO - Processing file /home/airflow/.local/lib/python3.12/site-packages/airflow/example_dags/example_complex.py for tasks to queue
[2025-04-02T08:33:09.433+0000] {logging_mixin.py:190} INFO - [2025-04-02T08:33:09.432+0000] {dagbag.py:588} INFO - Filling up the DagBag from /home/airflow/.local/lib/python3.12/site-packages/airflow/example_dags/example_complex.py
[2025-04-02T08:33:09.440+0000] {processor.py:925} INFO - DAG(s) 'example_complex' retrieved from /home/airflow/.local/lib/python3.12/site-packages/airflow/example_dags/example_complex.py
[2025-04-02T08:33:09.460+0000] {logging_mixin.py:190} INFO - [2025-04-02T08:33:09.460+0000] {dag.py:3239} INFO - Sync 1 DAGs
[2025-04-02T08:33:09.468+0000] {logging_mixin.py:190} INFO - [2025-04-02T08:33:09.468+0000] {dag.py:4180} INFO - Setting next_dagrun for example_complex to None, run_after=None
[2025-04-02T08:33:09.479+0000] {processor.py:208} INFO - Processing /home/airflow/.local/lib/python3.12/site-packages/airflow/example_dags/example_complex.py took 0.052 seconds
