[2025-04-02T08:21:53.464+0000] {processor.py:186} INFO - Started process (PID=77) to work on /home/airflow/.local/lib/python3.12/site-packages/airflow/example_dags/example_dynamic_task_mapping.py
[2025-04-02T08:21:53.464+0000] {processor.py:914} INFO - Processing file /home/airflow/.local/lib/python3.12/site-packages/airflow/example_dags/example_dynamic_task_mapping.py for tasks to queue
[2025-04-02T08:21:53.466+0000] {logging_mixin.py:190} INFO - [2025-04-02T08:21:53.466+0000] {dagbag.py:588} INFO - Filling up the DagBag from /home/airflow/.local/lib/python3.12/site-packages/airflow/example_dags/example_dynamic_task_mapping.py
[2025-04-02T08:21:53.471+0000] {processor.py:925} INFO - DAG(s) 'example_dynamic_task_mapping' retrieved from /home/airflow/.local/lib/python3.12/site-packages/airflow/example_dags/example_dynamic_task_mapping.py
[2025-04-02T08:21:53.540+0000] {logging_mixin.py:190} INFO - [2025-04-02T08:21:53.540+0000] {override.py:1912} INFO - Created Permission View: can delete on DAG:example_dynamic_task_mapping
[2025-04-02T08:21:53.546+0000] {logging_mixin.py:190} INFO - [2025-04-02T08:21:53.546+0000] {override.py:1912} INFO - Created Permission View: can edit on DAG:example_dynamic_task_mapping
[2025-04-02T08:21:53.550+0000] {logging_mixin.py:190} INFO - [2025-04-02T08:21:53.550+0000] {override.py:1912} INFO - Created Permission View: can read on DAG:example_dynamic_task_mapping
[2025-04-02T08:21:53.555+0000] {logging_mixin.py:190} INFO - [2025-04-02T08:21:53.555+0000] {override.py:1912} INFO - Created Permission View: can delete on DAG Run:example_dynamic_task_mapping
[2025-04-02T08:21:53.560+0000] {logging_mixin.py:190} INFO - [2025-04-02T08:21:53.559+0000] {override.py:1912} INFO - Created Permission View: can create on DAG Run:example_dynamic_task_mapping
[2025-04-02T08:21:53.565+0000] {logging_mixin.py:190} INFO - [2025-04-02T08:21:53.565+0000] {override.py:1912} INFO - Created Permission View: can read on DAG Run:example_dynamic_task_mapping
[2025-04-02T08:21:53.569+0000] {logging_mixin.py:190} INFO - [2025-04-02T08:21:53.568+0000] {override.py:1912} INFO - Created Permission View: menu access on DAG Run:example_dynamic_task_mapping
[2025-04-02T08:21:53.569+0000] {logging_mixin.py:190} INFO - [2025-04-02T08:21:53.569+0000] {dag.py:3239} INFO - Sync 1 DAGs
[2025-04-02T08:21:53.578+0000] {logging_mixin.py:190} INFO - [2025-04-02T08:21:53.578+0000] {dag.py:3262} INFO - Creating ORM DAG for example_dynamic_task_mapping
[2025-04-02T08:21:53.579+0000] {logging_mixin.py:190} INFO - [2025-04-02T08:21:53.579+0000] {dag.py:4180} INFO - Setting next_dagrun for example_dynamic_task_mapping to None, run_after=None
[2025-04-02T08:21:53.588+0000] {processor.py:208} INFO - Processing /home/airflow/.local/lib/python3.12/site-packages/airflow/example_dags/example_dynamic_task_mapping.py took 0.128 seconds
[2025-04-02T08:23:27.866+0000] {processor.py:186} INFO - Started process (PID=77) to work on /home/airflow/.local/lib/python3.12/site-packages/airflow/example_dags/example_dynamic_task_mapping.py
[2025-04-02T08:23:27.866+0000] {processor.py:914} INFO - Processing file /home/airflow/.local/lib/python3.12/site-packages/airflow/example_dags/example_dynamic_task_mapping.py for tasks to queue
[2025-04-02T08:23:27.868+0000] {logging_mixin.py:190} INFO - [2025-04-02T08:23:27.868+0000] {dagbag.py:588} INFO - Filling up the DagBag from /home/airflow/.local/lib/python3.12/site-packages/airflow/example_dags/example_dynamic_task_mapping.py
[2025-04-02T08:23:27.873+0000] {processor.py:925} INFO - DAG(s) 'example_dynamic_task_mapping' retrieved from /home/airflow/.local/lib/python3.12/site-packages/airflow/example_dags/example_dynamic_task_mapping.py
[2025-04-02T08:23:27.887+0000] {logging_mixin.py:190} INFO - [2025-04-02T08:23:27.886+0000] {dag.py:3239} INFO - Sync 1 DAGs
[2025-04-02T08:23:27.895+0000] {logging_mixin.py:190} INFO - [2025-04-02T08:23:27.895+0000] {dag.py:4180} INFO - Setting next_dagrun for example_dynamic_task_mapping to None, run_after=None
[2025-04-02T08:23:27.905+0000] {processor.py:208} INFO - Processing /home/airflow/.local/lib/python3.12/site-packages/airflow/example_dags/example_dynamic_task_mapping.py took 0.043 seconds
[2025-04-02T08:23:59.078+0000] {processor.py:186} INFO - Started process (PID=141) to work on /home/airflow/.local/lib/python3.12/site-packages/airflow/example_dags/example_dynamic_task_mapping.py
[2025-04-02T08:23:59.078+0000] {processor.py:914} INFO - Processing file /home/airflow/.local/lib/python3.12/site-packages/airflow/example_dags/example_dynamic_task_mapping.py for tasks to queue
[2025-04-02T08:23:59.080+0000] {logging_mixin.py:190} INFO - [2025-04-02T08:23:59.080+0000] {dagbag.py:588} INFO - Filling up the DagBag from /home/airflow/.local/lib/python3.12/site-packages/airflow/example_dags/example_dynamic_task_mapping.py
[2025-04-02T08:23:59.086+0000] {processor.py:925} INFO - DAG(s) 'example_dynamic_task_mapping' retrieved from /home/airflow/.local/lib/python3.12/site-packages/airflow/example_dags/example_dynamic_task_mapping.py
[2025-04-02T08:23:59.099+0000] {logging_mixin.py:190} INFO - [2025-04-02T08:23:59.099+0000] {dag.py:3239} INFO - Sync 1 DAGs
[2025-04-02T08:23:59.107+0000] {logging_mixin.py:190} INFO - [2025-04-02T08:23:59.107+0000] {dag.py:4180} INFO - Setting next_dagrun for example_dynamic_task_mapping to None, run_after=None
[2025-04-02T08:23:59.117+0000] {processor.py:208} INFO - Processing /home/airflow/.local/lib/python3.12/site-packages/airflow/example_dags/example_dynamic_task_mapping.py took 0.043 seconds
[2025-04-02T08:31:34.287+0000] {processor.py:186} INFO - Started process (PID=76) to work on /home/airflow/.local/lib/python3.12/site-packages/airflow/example_dags/example_dynamic_task_mapping.py
[2025-04-02T08:31:34.288+0000] {processor.py:914} INFO - Processing file /home/airflow/.local/lib/python3.12/site-packages/airflow/example_dags/example_dynamic_task_mapping.py for tasks to queue
[2025-04-02T08:31:34.289+0000] {logging_mixin.py:190} INFO - [2025-04-02T08:31:34.289+0000] {dagbag.py:588} INFO - Filling up the DagBag from /home/airflow/.local/lib/python3.12/site-packages/airflow/example_dags/example_dynamic_task_mapping.py
[2025-04-02T08:31:34.296+0000] {processor.py:925} INFO - DAG(s) 'example_dynamic_task_mapping' retrieved from /home/airflow/.local/lib/python3.12/site-packages/airflow/example_dags/example_dynamic_task_mapping.py
[2025-04-02T08:31:34.313+0000] {logging_mixin.py:190} INFO - [2025-04-02T08:31:34.313+0000] {dag.py:3239} INFO - Sync 1 DAGs
[2025-04-02T08:31:34.325+0000] {logging_mixin.py:190} INFO - [2025-04-02T08:31:34.324+0000] {dag.py:4180} INFO - Setting next_dagrun for example_dynamic_task_mapping to None, run_after=None
[2025-04-02T08:31:34.339+0000] {processor.py:208} INFO - Processing /home/airflow/.local/lib/python3.12/site-packages/airflow/example_dags/example_dynamic_task_mapping.py took 0.056 seconds
[2025-04-02T08:32:05.636+0000] {processor.py:186} INFO - Started process (PID=140) to work on /home/airflow/.local/lib/python3.12/site-packages/airflow/example_dags/example_dynamic_task_mapping.py
[2025-04-02T08:32:05.637+0000] {processor.py:914} INFO - Processing file /home/airflow/.local/lib/python3.12/site-packages/airflow/example_dags/example_dynamic_task_mapping.py for tasks to queue
[2025-04-02T08:32:05.638+0000] {logging_mixin.py:190} INFO - [2025-04-02T08:32:05.638+0000] {dagbag.py:588} INFO - Filling up the DagBag from /home/airflow/.local/lib/python3.12/site-packages/airflow/example_dags/example_dynamic_task_mapping.py
[2025-04-02T08:32:05.643+0000] {processor.py:925} INFO - DAG(s) 'example_dynamic_task_mapping' retrieved from /home/airflow/.local/lib/python3.12/site-packages/airflow/example_dags/example_dynamic_task_mapping.py
[2025-04-02T08:32:05.657+0000] {logging_mixin.py:190} INFO - [2025-04-02T08:32:05.656+0000] {dag.py:3239} INFO - Sync 1 DAGs
[2025-04-02T08:32:05.666+0000] {logging_mixin.py:190} INFO - [2025-04-02T08:32:05.666+0000] {dag.py:4180} INFO - Setting next_dagrun for example_dynamic_task_mapping to None, run_after=None
[2025-04-02T08:32:05.678+0000] {processor.py:208} INFO - Processing /home/airflow/.local/lib/python3.12/site-packages/airflow/example_dags/example_dynamic_task_mapping.py took 0.045 seconds
[2025-04-02T08:32:36.962+0000] {processor.py:186} INFO - Started process (PID=204) to work on /home/airflow/.local/lib/python3.12/site-packages/airflow/example_dags/example_dynamic_task_mapping.py
[2025-04-02T08:32:36.962+0000] {processor.py:914} INFO - Processing file /home/airflow/.local/lib/python3.12/site-packages/airflow/example_dags/example_dynamic_task_mapping.py for tasks to queue
[2025-04-02T08:32:36.964+0000] {logging_mixin.py:190} INFO - [2025-04-02T08:32:36.963+0000] {dagbag.py:588} INFO - Filling up the DagBag from /home/airflow/.local/lib/python3.12/site-packages/airflow/example_dags/example_dynamic_task_mapping.py
[2025-04-02T08:32:36.968+0000] {processor.py:925} INFO - DAG(s) 'example_dynamic_task_mapping' retrieved from /home/airflow/.local/lib/python3.12/site-packages/airflow/example_dags/example_dynamic_task_mapping.py
[2025-04-02T08:32:36.981+0000] {logging_mixin.py:190} INFO - [2025-04-02T08:32:36.981+0000] {dag.py:3239} INFO - Sync 1 DAGs
[2025-04-02T08:32:36.990+0000] {logging_mixin.py:190} INFO - [2025-04-02T08:32:36.990+0000] {dag.py:4180} INFO - Setting next_dagrun for example_dynamic_task_mapping to None, run_after=None
[2025-04-02T08:32:37.001+0000] {processor.py:208} INFO - Processing /home/airflow/.local/lib/python3.12/site-packages/airflow/example_dags/example_dynamic_task_mapping.py took 0.043 seconds
[2025-04-02T08:33:08.211+0000] {processor.py:186} INFO - Started process (PID=268) to work on /home/airflow/.local/lib/python3.12/site-packages/airflow/example_dags/example_dynamic_task_mapping.py
[2025-04-02T08:33:08.211+0000] {processor.py:914} INFO - Processing file /home/airflow/.local/lib/python3.12/site-packages/airflow/example_dags/example_dynamic_task_mapping.py for tasks to queue
[2025-04-02T08:33:08.213+0000] {logging_mixin.py:190} INFO - [2025-04-02T08:33:08.213+0000] {dagbag.py:588} INFO - Filling up the DagBag from /home/airflow/.local/lib/python3.12/site-packages/airflow/example_dags/example_dynamic_task_mapping.py
[2025-04-02T08:33:08.218+0000] {processor.py:925} INFO - DAG(s) 'example_dynamic_task_mapping' retrieved from /home/airflow/.local/lib/python3.12/site-packages/airflow/example_dags/example_dynamic_task_mapping.py
[2025-04-02T08:33:08.231+0000] {logging_mixin.py:190} INFO - [2025-04-02T08:33:08.231+0000] {dag.py:3239} INFO - Sync 1 DAGs
[2025-04-02T08:33:08.240+0000] {logging_mixin.py:190} INFO - [2025-04-02T08:33:08.240+0000] {dag.py:4180} INFO - Setting next_dagrun for example_dynamic_task_mapping to None, run_after=None
[2025-04-02T08:33:08.251+0000] {processor.py:208} INFO - Processing /home/airflow/.local/lib/python3.12/site-packages/airflow/example_dags/example_dynamic_task_mapping.py took 0.044 seconds
