[2025-04-02T08:21:56.503+0000] {processor.py:186} INFO - Started process (PID=109) to work on /home/airflow/.local/lib/python3.12/site-packages/airflow/example_dags/example_nested_branch_dag.py
[2025-04-02T08:21:56.504+0000] {processor.py:914} INFO - Processing file /home/airflow/.local/lib/python3.12/site-packages/airflow/example_dags/example_nested_branch_dag.py for tasks to queue
[2025-04-02T08:21:56.505+0000] {logging_mixin.py:190} INFO - [2025-04-02T08:21:56.505+0000] {dagbag.py:588} INFO - Filling up the DagBag from /home/airflow/.local/lib/python3.12/site-packages/airflow/example_dags/example_nested_branch_dag.py
[2025-04-02T08:21:56.513+0000] {processor.py:925} INFO - DAG(s) 'example_nested_branch_dag' retrieved from /home/airflow/.local/lib/python3.12/site-packages/airflow/example_dags/example_nested_branch_dag.py
[2025-04-02T08:21:56.584+0000] {logging_mixin.py:190} INFO - [2025-04-02T08:21:56.583+0000] {override.py:1912} INFO - Created Permission View: can delete on DAG:example_nested_branch_dag
[2025-04-02T08:21:56.590+0000] {logging_mixin.py:190} INFO - [2025-04-02T08:21:56.590+0000] {override.py:1912} INFO - Created Permission View: can edit on DAG:example_nested_branch_dag
[2025-04-02T08:21:56.595+0000] {logging_mixin.py:190} INFO - [2025-04-02T08:21:56.595+0000] {override.py:1912} INFO - Created Permission View: can read on DAG:example_nested_branch_dag
[2025-04-02T08:21:56.600+0000] {logging_mixin.py:190} INFO - [2025-04-02T08:21:56.600+0000] {override.py:1912} INFO - Created Permission View: can delete on DAG Run:example_nested_branch_dag
[2025-04-02T08:21:56.604+0000] {logging_mixin.py:190} INFO - [2025-04-02T08:21:56.603+0000] {override.py:1912} INFO - Created Permission View: can create on DAG Run:example_nested_branch_dag
[2025-04-02T08:21:56.608+0000] {logging_mixin.py:190} INFO - [2025-04-02T08:21:56.608+0000] {override.py:1912} INFO - Created Permission View: can read on DAG Run:example_nested_branch_dag
[2025-04-02T08:21:56.612+0000] {logging_mixin.py:190} INFO - [2025-04-02T08:21:56.612+0000] {override.py:1912} INFO - Created Permission View: menu access on DAG Run:example_nested_branch_dag
[2025-04-02T08:21:56.613+0000] {logging_mixin.py:190} INFO - [2025-04-02T08:21:56.613+0000] {dag.py:3239} INFO - Sync 1 DAGs
[2025-04-02T08:21:56.621+0000] {logging_mixin.py:190} INFO - [2025-04-02T08:21:56.621+0000] {dag.py:3262} INFO - Creating ORM DAG for example_nested_branch_dag
[2025-04-02T08:21:56.630+0000] {logging_mixin.py:190} INFO - [2025-04-02T08:21:56.629+0000] {dag.py:4180} INFO - Setting next_dagrun for example_nested_branch_dag to 2025-04-01 00:00:00+00:00, run_after=2025-04-02 00:00:00+00:00
[2025-04-02T08:21:56.639+0000] {processor.py:208} INFO - Processing /home/airflow/.local/lib/python3.12/site-packages/airflow/example_dags/example_nested_branch_dag.py took 0.140 seconds
[2025-04-02T08:23:29.597+0000] {processor.py:186} INFO - Started process (PID=109) to work on /home/airflow/.local/lib/python3.12/site-packages/airflow/example_dags/example_nested_branch_dag.py
[2025-04-02T08:23:29.597+0000] {processor.py:914} INFO - Processing file /home/airflow/.local/lib/python3.12/site-packages/airflow/example_dags/example_nested_branch_dag.py for tasks to queue
[2025-04-02T08:23:29.598+0000] {logging_mixin.py:190} INFO - [2025-04-02T08:23:29.598+0000] {dagbag.py:588} INFO - Filling up the DagBag from /home/airflow/.local/lib/python3.12/site-packages/airflow/example_dags/example_nested_branch_dag.py
[2025-04-02T08:23:29.606+0000] {processor.py:925} INFO - DAG(s) 'example_nested_branch_dag' retrieved from /home/airflow/.local/lib/python3.12/site-packages/airflow/example_dags/example_nested_branch_dag.py
[2025-04-02T08:23:29.620+0000] {logging_mixin.py:190} INFO - [2025-04-02T08:23:29.620+0000] {dag.py:3239} INFO - Sync 1 DAGs
[2025-04-02T08:23:29.635+0000] {logging_mixin.py:190} INFO - [2025-04-02T08:23:29.635+0000] {dag.py:4180} INFO - Setting next_dagrun for example_nested_branch_dag to 2025-04-01 00:00:00+00:00, run_after=2025-04-02 00:00:00+00:00
[2025-04-02T08:23:29.645+0000] {processor.py:208} INFO - Processing /home/airflow/.local/lib/python3.12/site-packages/airflow/example_dags/example_nested_branch_dag.py took 0.052 seconds
[2025-04-02T08:24:00.938+0000] {processor.py:186} INFO - Started process (PID=172) to work on /home/airflow/.local/lib/python3.12/site-packages/airflow/example_dags/example_nested_branch_dag.py
[2025-04-02T08:24:00.939+0000] {processor.py:914} INFO - Processing file /home/airflow/.local/lib/python3.12/site-packages/airflow/example_dags/example_nested_branch_dag.py for tasks to queue
[2025-04-02T08:24:00.940+0000] {logging_mixin.py:190} INFO - [2025-04-02T08:24:00.940+0000] {dagbag.py:588} INFO - Filling up the DagBag from /home/airflow/.local/lib/python3.12/site-packages/airflow/example_dags/example_nested_branch_dag.py
[2025-04-02T08:24:00.948+0000] {processor.py:925} INFO - DAG(s) 'example_nested_branch_dag' retrieved from /home/airflow/.local/lib/python3.12/site-packages/airflow/example_dags/example_nested_branch_dag.py
[2025-04-02T08:24:00.964+0000] {logging_mixin.py:190} INFO - [2025-04-02T08:24:00.963+0000] {dag.py:3239} INFO - Sync 1 DAGs
[2025-04-02T08:24:00.981+0000] {logging_mixin.py:190} INFO - [2025-04-02T08:24:00.981+0000] {dag.py:4180} INFO - Setting next_dagrun for example_nested_branch_dag to 2025-04-01 00:00:00+00:00, run_after=2025-04-02 00:00:00+00:00
[2025-04-02T08:24:00.993+0000] {processor.py:208} INFO - Processing /home/airflow/.local/lib/python3.12/site-packages/airflow/example_dags/example_nested_branch_dag.py took 0.059 seconds
[2025-04-02T08:31:36.123+0000] {processor.py:186} INFO - Started process (PID=108) to work on /home/airflow/.local/lib/python3.12/site-packages/airflow/example_dags/example_nested_branch_dag.py
[2025-04-02T08:31:36.123+0000] {processor.py:914} INFO - Processing file /home/airflow/.local/lib/python3.12/site-packages/airflow/example_dags/example_nested_branch_dag.py for tasks to queue
[2025-04-02T08:31:36.125+0000] {logging_mixin.py:190} INFO - [2025-04-02T08:31:36.125+0000] {dagbag.py:588} INFO - Filling up the DagBag from /home/airflow/.local/lib/python3.12/site-packages/airflow/example_dags/example_nested_branch_dag.py
[2025-04-02T08:31:36.133+0000] {processor.py:925} INFO - DAG(s) 'example_nested_branch_dag' retrieved from /home/airflow/.local/lib/python3.12/site-packages/airflow/example_dags/example_nested_branch_dag.py
[2025-04-02T08:31:36.148+0000] {logging_mixin.py:190} INFO - [2025-04-02T08:31:36.148+0000] {dag.py:3239} INFO - Sync 1 DAGs
[2025-04-02T08:31:36.164+0000] {logging_mixin.py:190} INFO - [2025-04-02T08:31:36.164+0000] {dag.py:4180} INFO - Setting next_dagrun for example_nested_branch_dag to 2025-04-01 00:00:00+00:00, run_after=2025-04-02 00:00:00+00:00
[2025-04-02T08:31:36.175+0000] {processor.py:208} INFO - Processing /home/airflow/.local/lib/python3.12/site-packages/airflow/example_dags/example_nested_branch_dag.py took 0.055 seconds
[2025-04-02T08:32:07.478+0000] {processor.py:186} INFO - Started process (PID=172) to work on /home/airflow/.local/lib/python3.12/site-packages/airflow/example_dags/example_nested_branch_dag.py
[2025-04-02T08:32:07.478+0000] {processor.py:914} INFO - Processing file /home/airflow/.local/lib/python3.12/site-packages/airflow/example_dags/example_nested_branch_dag.py for tasks to queue
[2025-04-02T08:32:07.480+0000] {logging_mixin.py:190} INFO - [2025-04-02T08:32:07.480+0000] {dagbag.py:588} INFO - Filling up the DagBag from /home/airflow/.local/lib/python3.12/site-packages/airflow/example_dags/example_nested_branch_dag.py
[2025-04-02T08:32:07.487+0000] {processor.py:925} INFO - DAG(s) 'example_nested_branch_dag' retrieved from /home/airflow/.local/lib/python3.12/site-packages/airflow/example_dags/example_nested_branch_dag.py
[2025-04-02T08:32:07.500+0000] {logging_mixin.py:190} INFO - [2025-04-02T08:32:07.500+0000] {dag.py:3239} INFO - Sync 1 DAGs
[2025-04-02T08:32:07.513+0000] {logging_mixin.py:190} INFO - [2025-04-02T08:32:07.513+0000] {dag.py:4180} INFO - Setting next_dagrun for example_nested_branch_dag to 2025-04-01 00:00:00+00:00, run_after=2025-04-02 00:00:00+00:00
[2025-04-02T08:32:07.524+0000] {processor.py:208} INFO - Processing /home/airflow/.local/lib/python3.12/site-packages/airflow/example_dags/example_nested_branch_dag.py took 0.049 seconds
[2025-04-02T08:32:38.758+0000] {processor.py:186} INFO - Started process (PID=236) to work on /home/airflow/.local/lib/python3.12/site-packages/airflow/example_dags/example_nested_branch_dag.py
[2025-04-02T08:32:38.759+0000] {processor.py:914} INFO - Processing file /home/airflow/.local/lib/python3.12/site-packages/airflow/example_dags/example_nested_branch_dag.py for tasks to queue
[2025-04-02T08:32:38.760+0000] {logging_mixin.py:190} INFO - [2025-04-02T08:32:38.760+0000] {dagbag.py:588} INFO - Filling up the DagBag from /home/airflow/.local/lib/python3.12/site-packages/airflow/example_dags/example_nested_branch_dag.py
[2025-04-02T08:32:38.767+0000] {processor.py:925} INFO - DAG(s) 'example_nested_branch_dag' retrieved from /home/airflow/.local/lib/python3.12/site-packages/airflow/example_dags/example_nested_branch_dag.py
[2025-04-02T08:32:38.781+0000] {logging_mixin.py:190} INFO - [2025-04-02T08:32:38.781+0000] {dag.py:3239} INFO - Sync 1 DAGs
[2025-04-02T08:32:38.796+0000] {logging_mixin.py:190} INFO - [2025-04-02T08:32:38.796+0000] {dag.py:4180} INFO - Setting next_dagrun for example_nested_branch_dag to 2025-04-01 00:00:00+00:00, run_after=2025-04-02 00:00:00+00:00
[2025-04-02T08:32:38.807+0000] {processor.py:208} INFO - Processing /home/airflow/.local/lib/python3.12/site-packages/airflow/example_dags/example_nested_branch_dag.py took 0.053 seconds
[2025-04-02T08:33:09.965+0000] {processor.py:186} INFO - Started process (PID=300) to work on /home/airflow/.local/lib/python3.12/site-packages/airflow/example_dags/example_nested_branch_dag.py
[2025-04-02T08:33:09.965+0000] {processor.py:914} INFO - Processing file /home/airflow/.local/lib/python3.12/site-packages/airflow/example_dags/example_nested_branch_dag.py for tasks to queue
[2025-04-02T08:33:09.967+0000] {logging_mixin.py:190} INFO - [2025-04-02T08:33:09.966+0000] {dagbag.py:588} INFO - Filling up the DagBag from /home/airflow/.local/lib/python3.12/site-packages/airflow/example_dags/example_nested_branch_dag.py
[2025-04-02T08:33:09.973+0000] {processor.py:925} INFO - DAG(s) 'example_nested_branch_dag' retrieved from /home/airflow/.local/lib/python3.12/site-packages/airflow/example_dags/example_nested_branch_dag.py
[2025-04-02T08:33:09.987+0000] {logging_mixin.py:190} INFO - [2025-04-02T08:33:09.986+0000] {dag.py:3239} INFO - Sync 1 DAGs
[2025-04-02T08:33:10.001+0000] {logging_mixin.py:190} INFO - [2025-04-02T08:33:10.001+0000] {dag.py:4180} INFO - Setting next_dagrun for example_nested_branch_dag to 2025-04-01 00:00:00+00:00, run_after=2025-04-02 00:00:00+00:00
[2025-04-02T08:33:10.011+0000] {processor.py:208} INFO - Processing /home/airflow/.local/lib/python3.12/site-packages/airflow/example_dags/example_nested_branch_dag.py took 0.049 seconds
