[2025-04-02T08:21:54.069+0000] {processor.py:186} INFO - Started process (PID=83) to work on /home/airflow/.local/lib/python3.12/site-packages/airflow/example_dags/example_external_task_marker_dag.py
[2025-04-02T08:21:54.069+0000] {processor.py:914} INFO - Processing file /home/airflow/.local/lib/python3.12/site-packages/airflow/example_dags/example_external_task_marker_dag.py for tasks to queue
[2025-04-02T08:21:54.071+0000] {logging_mixin.py:190} INFO - [2025-04-02T08:21:54.070+0000] {dagbag.py:588} INFO - Filling up the DagBag from /home/airflow/.local/lib/python3.12/site-packages/airflow/example_dags/example_external_task_marker_dag.py
[2025-04-02T08:21:54.076+0000] {processor.py:925} INFO - DAG(s) 'example_external_task_marker_parent', 'example_external_task_marker_child' retrieved from /home/airflow/.local/lib/python3.12/site-packages/airflow/example_dags/example_external_task_marker_dag.py
[2025-04-02T08:21:54.145+0000] {logging_mixin.py:190} INFO - [2025-04-02T08:21:54.145+0000] {override.py:1912} INFO - Created Permission View: can delete on DAG:example_external_task_marker_parent
[2025-04-02T08:21:54.152+0000] {logging_mixin.py:190} INFO - [2025-04-02T08:21:54.152+0000] {override.py:1912} INFO - Created Permission View: can edit on DAG:example_external_task_marker_parent
[2025-04-02T08:21:54.156+0000] {logging_mixin.py:190} INFO - [2025-04-02T08:21:54.156+0000] {override.py:1912} INFO - Created Permission View: can read on DAG:example_external_task_marker_parent
[2025-04-02T08:21:54.161+0000] {logging_mixin.py:190} INFO - [2025-04-02T08:21:54.161+0000] {override.py:1912} INFO - Created Permission View: can delete on DAG Run:example_external_task_marker_parent
[2025-04-02T08:21:54.165+0000] {logging_mixin.py:190} INFO - [2025-04-02T08:21:54.164+0000] {override.py:1912} INFO - Created Permission View: can create on DAG Run:example_external_task_marker_parent
[2025-04-02T08:21:54.168+0000] {logging_mixin.py:190} INFO - [2025-04-02T08:21:54.168+0000] {override.py:1912} INFO - Created Permission View: can read on DAG Run:example_external_task_marker_parent
[2025-04-02T08:21:54.172+0000] {logging_mixin.py:190} INFO - [2025-04-02T08:21:54.172+0000] {override.py:1912} INFO - Created Permission View: menu access on DAG Run:example_external_task_marker_parent
[2025-04-02T08:21:54.181+0000] {logging_mixin.py:190} INFO - [2025-04-02T08:21:54.181+0000] {override.py:1912} INFO - Created Permission View: can delete on DAG:example_external_task_marker_child
[2025-04-02T08:21:54.185+0000] {logging_mixin.py:190} INFO - [2025-04-02T08:21:54.184+0000] {override.py:1912} INFO - Created Permission View: can edit on DAG:example_external_task_marker_child
[2025-04-02T08:21:54.188+0000] {logging_mixin.py:190} INFO - [2025-04-02T08:21:54.188+0000] {override.py:1912} INFO - Created Permission View: can read on DAG:example_external_task_marker_child
[2025-04-02T08:21:54.193+0000] {logging_mixin.py:190} INFO - [2025-04-02T08:21:54.193+0000] {override.py:1912} INFO - Created Permission View: can delete on DAG Run:example_external_task_marker_child
[2025-04-02T08:21:54.197+0000] {logging_mixin.py:190} INFO - [2025-04-02T08:21:54.196+0000] {override.py:1912} INFO - Created Permission View: can create on DAG Run:example_external_task_marker_child
[2025-04-02T08:21:54.200+0000] {logging_mixin.py:190} INFO - [2025-04-02T08:21:54.200+0000] {override.py:1912} INFO - Created Permission View: can read on DAG Run:example_external_task_marker_child
[2025-04-02T08:21:54.204+0000] {logging_mixin.py:190} INFO - [2025-04-02T08:21:54.204+0000] {override.py:1912} INFO - Created Permission View: menu access on DAG Run:example_external_task_marker_child
[2025-04-02T08:21:54.205+0000] {logging_mixin.py:190} INFO - [2025-04-02T08:21:54.205+0000] {dag.py:3239} INFO - Sync 2 DAGs
[2025-04-02T08:21:54.214+0000] {logging_mixin.py:190} INFO - [2025-04-02T08:21:54.214+0000] {dag.py:3262} INFO - Creating ORM DAG for example_external_task_marker_child
[2025-04-02T08:21:54.214+0000] {logging_mixin.py:190} INFO - [2025-04-02T08:21:54.214+0000] {dag.py:3262} INFO - Creating ORM DAG for example_external_task_marker_parent
[2025-04-02T08:21:54.215+0000] {logging_mixin.py:190} INFO - [2025-04-02T08:21:54.215+0000] {dag.py:4180} INFO - Setting next_dagrun for example_external_task_marker_child to None, run_after=None
[2025-04-02T08:21:54.215+0000] {logging_mixin.py:190} INFO - [2025-04-02T08:21:54.215+0000] {dag.py:4180} INFO - Setting next_dagrun for example_external_task_marker_parent to None, run_after=None
[2025-04-02T08:21:54.225+0000] {processor.py:208} INFO - Processing /home/airflow/.local/lib/python3.12/site-packages/airflow/example_dags/example_external_task_marker_dag.py took 0.161 seconds
[2025-04-02T08:23:28.248+0000] {processor.py:186} INFO - Started process (PID=83) to work on /home/airflow/.local/lib/python3.12/site-packages/airflow/example_dags/example_external_task_marker_dag.py
[2025-04-02T08:23:28.249+0000] {processor.py:914} INFO - Processing file /home/airflow/.local/lib/python3.12/site-packages/airflow/example_dags/example_external_task_marker_dag.py for tasks to queue
[2025-04-02T08:23:28.250+0000] {logging_mixin.py:190} INFO - [2025-04-02T08:23:28.250+0000] {dagbag.py:588} INFO - Filling up the DagBag from /home/airflow/.local/lib/python3.12/site-packages/airflow/example_dags/example_external_task_marker_dag.py
[2025-04-02T08:23:28.255+0000] {processor.py:925} INFO - DAG(s) 'example_external_task_marker_parent', 'example_external_task_marker_child' retrieved from /home/airflow/.local/lib/python3.12/site-packages/airflow/example_dags/example_external_task_marker_dag.py
[2025-04-02T08:23:28.269+0000] {logging_mixin.py:190} INFO - [2025-04-02T08:23:28.269+0000] {dag.py:3239} INFO - Sync 2 DAGs
[2025-04-02T08:23:28.278+0000] {logging_mixin.py:190} INFO - [2025-04-02T08:23:28.277+0000] {dag.py:4180} INFO - Setting next_dagrun for example_external_task_marker_child to None, run_after=None
[2025-04-02T08:23:28.281+0000] {logging_mixin.py:190} INFO - [2025-04-02T08:23:28.281+0000] {dag.py:4180} INFO - Setting next_dagrun for example_external_task_marker_parent to None, run_after=None
[2025-04-02T08:23:28.290+0000] {processor.py:208} INFO - Processing /home/airflow/.local/lib/python3.12/site-packages/airflow/example_dags/example_external_task_marker_dag.py took 0.045 seconds
[2025-04-02T08:23:59.467+0000] {processor.py:186} INFO - Started process (PID=147) to work on /home/airflow/.local/lib/python3.12/site-packages/airflow/example_dags/example_external_task_marker_dag.py
[2025-04-02T08:23:59.467+0000] {processor.py:914} INFO - Processing file /home/airflow/.local/lib/python3.12/site-packages/airflow/example_dags/example_external_task_marker_dag.py for tasks to queue
[2025-04-02T08:23:59.469+0000] {logging_mixin.py:190} INFO - [2025-04-02T08:23:59.469+0000] {dagbag.py:588} INFO - Filling up the DagBag from /home/airflow/.local/lib/python3.12/site-packages/airflow/example_dags/example_external_task_marker_dag.py
[2025-04-02T08:23:59.474+0000] {processor.py:925} INFO - DAG(s) 'example_external_task_marker_child', 'example_external_task_marker_parent' retrieved from /home/airflow/.local/lib/python3.12/site-packages/airflow/example_dags/example_external_task_marker_dag.py
[2025-04-02T08:23:59.488+0000] {logging_mixin.py:190} INFO - [2025-04-02T08:23:59.488+0000] {dag.py:3239} INFO - Sync 2 DAGs
[2025-04-02T08:23:59.499+0000] {logging_mixin.py:190} INFO - [2025-04-02T08:23:59.498+0000] {dag.py:4180} INFO - Setting next_dagrun for example_external_task_marker_child to None, run_after=None
[2025-04-02T08:23:59.501+0000] {logging_mixin.py:190} INFO - [2025-04-02T08:23:59.501+0000] {dag.py:4180} INFO - Setting next_dagrun for example_external_task_marker_parent to None, run_after=None
[2025-04-02T08:23:59.511+0000] {processor.py:208} INFO - Processing /home/airflow/.local/lib/python3.12/site-packages/airflow/example_dags/example_external_task_marker_dag.py took 0.048 seconds
[2025-04-02T08:31:34.748+0000] {processor.py:186} INFO - Started process (PID=82) to work on /home/airflow/.local/lib/python3.12/site-packages/airflow/example_dags/example_external_task_marker_dag.py
[2025-04-02T08:31:34.749+0000] {processor.py:914} INFO - Processing file /home/airflow/.local/lib/python3.12/site-packages/airflow/example_dags/example_external_task_marker_dag.py for tasks to queue
[2025-04-02T08:31:34.750+0000] {logging_mixin.py:190} INFO - [2025-04-02T08:31:34.750+0000] {dagbag.py:588} INFO - Filling up the DagBag from /home/airflow/.local/lib/python3.12/site-packages/airflow/example_dags/example_external_task_marker_dag.py
[2025-04-02T08:31:34.755+0000] {processor.py:925} INFO - DAG(s) 'example_external_task_marker_parent', 'example_external_task_marker_child' retrieved from /home/airflow/.local/lib/python3.12/site-packages/airflow/example_dags/example_external_task_marker_dag.py
[2025-04-02T08:31:34.769+0000] {logging_mixin.py:190} INFO - [2025-04-02T08:31:34.769+0000] {dag.py:3239} INFO - Sync 2 DAGs
[2025-04-02T08:31:34.778+0000] {logging_mixin.py:190} INFO - [2025-04-02T08:31:34.778+0000] {dag.py:4180} INFO - Setting next_dagrun for example_external_task_marker_child to None, run_after=None
[2025-04-02T08:31:34.781+0000] {logging_mixin.py:190} INFO - [2025-04-02T08:31:34.781+0000] {dag.py:4180} INFO - Setting next_dagrun for example_external_task_marker_parent to None, run_after=None
[2025-04-02T08:31:34.791+0000] {processor.py:208} INFO - Processing /home/airflow/.local/lib/python3.12/site-packages/airflow/example_dags/example_external_task_marker_dag.py took 0.047 seconds
[2025-04-02T08:32:06.053+0000] {processor.py:186} INFO - Started process (PID=146) to work on /home/airflow/.local/lib/python3.12/site-packages/airflow/example_dags/example_external_task_marker_dag.py
[2025-04-02T08:32:06.053+0000] {processor.py:914} INFO - Processing file /home/airflow/.local/lib/python3.12/site-packages/airflow/example_dags/example_external_task_marker_dag.py for tasks to queue
[2025-04-02T08:32:06.055+0000] {logging_mixin.py:190} INFO - [2025-04-02T08:32:06.055+0000] {dagbag.py:588} INFO - Filling up the DagBag from /home/airflow/.local/lib/python3.12/site-packages/airflow/example_dags/example_external_task_marker_dag.py
[2025-04-02T08:32:06.060+0000] {processor.py:925} INFO - DAG(s) 'example_external_task_marker_child', 'example_external_task_marker_parent' retrieved from /home/airflow/.local/lib/python3.12/site-packages/airflow/example_dags/example_external_task_marker_dag.py
[2025-04-02T08:32:06.075+0000] {logging_mixin.py:190} INFO - [2025-04-02T08:32:06.075+0000] {dag.py:3239} INFO - Sync 2 DAGs
[2025-04-02T08:32:06.084+0000] {logging_mixin.py:190} INFO - [2025-04-02T08:32:06.084+0000] {dag.py:4180} INFO - Setting next_dagrun for example_external_task_marker_child to None, run_after=None
[2025-04-02T08:32:06.087+0000] {logging_mixin.py:190} INFO - [2025-04-02T08:32:06.086+0000] {dag.py:4180} INFO - Setting next_dagrun for example_external_task_marker_parent to None, run_after=None
[2025-04-02T08:32:06.096+0000] {processor.py:208} INFO - Processing /home/airflow/.local/lib/python3.12/site-packages/airflow/example_dags/example_external_task_marker_dag.py took 0.047 seconds
[2025-04-02T08:32:37.379+0000] {processor.py:186} INFO - Started process (PID=210) to work on /home/airflow/.local/lib/python3.12/site-packages/airflow/example_dags/example_external_task_marker_dag.py
[2025-04-02T08:32:37.379+0000] {processor.py:914} INFO - Processing file /home/airflow/.local/lib/python3.12/site-packages/airflow/example_dags/example_external_task_marker_dag.py for tasks to queue
[2025-04-02T08:32:37.381+0000] {logging_mixin.py:190} INFO - [2025-04-02T08:32:37.381+0000] {dagbag.py:588} INFO - Filling up the DagBag from /home/airflow/.local/lib/python3.12/site-packages/airflow/example_dags/example_external_task_marker_dag.py
[2025-04-02T08:32:37.386+0000] {processor.py:925} INFO - DAG(s) 'example_external_task_marker_child', 'example_external_task_marker_parent' retrieved from /home/airflow/.local/lib/python3.12/site-packages/airflow/example_dags/example_external_task_marker_dag.py
[2025-04-02T08:32:37.401+0000] {logging_mixin.py:190} INFO - [2025-04-02T08:32:37.401+0000] {dag.py:3239} INFO - Sync 2 DAGs
[2025-04-02T08:32:37.411+0000] {logging_mixin.py:190} INFO - [2025-04-02T08:32:37.411+0000] {dag.py:4180} INFO - Setting next_dagrun for example_external_task_marker_child to None, run_after=None
[2025-04-02T08:32:37.414+0000] {logging_mixin.py:190} INFO - [2025-04-02T08:32:37.414+0000] {dag.py:4180} INFO - Setting next_dagrun for example_external_task_marker_parent to None, run_after=None
[2025-04-02T08:32:37.424+0000] {processor.py:208} INFO - Processing /home/airflow/.local/lib/python3.12/site-packages/airflow/example_dags/example_external_task_marker_dag.py took 0.049 seconds
[2025-04-02T08:33:08.659+0000] {processor.py:186} INFO - Started process (PID=274) to work on /home/airflow/.local/lib/python3.12/site-packages/airflow/example_dags/example_external_task_marker_dag.py
[2025-04-02T08:33:08.660+0000] {processor.py:914} INFO - Processing file /home/airflow/.local/lib/python3.12/site-packages/airflow/example_dags/example_external_task_marker_dag.py for tasks to queue
[2025-04-02T08:33:08.661+0000] {logging_mixin.py:190} INFO - [2025-04-02T08:33:08.661+0000] {dagbag.py:588} INFO - Filling up the DagBag from /home/airflow/.local/lib/python3.12/site-packages/airflow/example_dags/example_external_task_marker_dag.py
[2025-04-02T08:33:08.666+0000] {processor.py:925} INFO - DAG(s) 'example_external_task_marker_child', 'example_external_task_marker_parent' retrieved from /home/airflow/.local/lib/python3.12/site-packages/airflow/example_dags/example_external_task_marker_dag.py
[2025-04-02T08:33:08.683+0000] {logging_mixin.py:190} INFO - [2025-04-02T08:33:08.682+0000] {dag.py:3239} INFO - Sync 2 DAGs
[2025-04-02T08:33:08.692+0000] {logging_mixin.py:190} INFO - [2025-04-02T08:33:08.692+0000] {dag.py:4180} INFO - Setting next_dagrun for example_external_task_marker_child to None, run_after=None
[2025-04-02T08:33:08.694+0000] {logging_mixin.py:190} INFO - [2025-04-02T08:33:08.694+0000] {dag.py:4180} INFO - Setting next_dagrun for example_external_task_marker_parent to None, run_after=None
[2025-04-02T08:33:08.705+0000] {processor.py:208} INFO - Processing /home/airflow/.local/lib/python3.12/site-packages/airflow/example_dags/example_external_task_marker_dag.py took 0.049 seconds
