[2025-04-02T08:21:53.612+0000] {processor.py:186} INFO - Started process (PID=78) to work on /home/airflow/.local/lib/python3.12/site-packages/airflow/example_dags/example_skip_dag.py
[2025-04-02T08:21:53.612+0000] {processor.py:914} INFO - Processing file /home/airflow/.local/lib/python3.12/site-packages/airflow/example_dags/example_skip_dag.py for tasks to queue
[2025-04-02T08:21:53.614+0000] {logging_mixin.py:190} INFO - [2025-04-02T08:21:53.613+0000] {dagbag.py:588} INFO - Filling up the DagBag from /home/airflow/.local/lib/python3.12/site-packages/airflow/example_dags/example_skip_dag.py
[2025-04-02T08:21:53.620+0000] {processor.py:925} INFO - DAG(s) 'example_skip_dag' retrieved from /home/airflow/.local/lib/python3.12/site-packages/airflow/example_dags/example_skip_dag.py
[2025-04-02T08:21:53.686+0000] {logging_mixin.py:190} INFO - [2025-04-02T08:21:53.686+0000] {override.py:1912} INFO - Created Permission View: can delete on DAG:example_skip_dag
[2025-04-02T08:21:53.692+0000] {logging_mixin.py:190} INFO - [2025-04-02T08:21:53.692+0000] {override.py:1912} INFO - Created Permission View: can edit on DAG:example_skip_dag
[2025-04-02T08:21:53.696+0000] {logging_mixin.py:190} INFO - [2025-04-02T08:21:53.696+0000] {override.py:1912} INFO - Created Permission View: can read on DAG:example_skip_dag
[2025-04-02T08:21:53.700+0000] {logging_mixin.py:190} INFO - [2025-04-02T08:21:53.700+0000] {override.py:1912} INFO - Created Permission View: can delete on DAG Run:example_skip_dag
[2025-04-02T08:21:53.704+0000] {logging_mixin.py:190} INFO - [2025-04-02T08:21:53.704+0000] {override.py:1912} INFO - Created Permission View: can create on DAG Run:example_skip_dag
[2025-04-02T08:21:53.708+0000] {logging_mixin.py:190} INFO - [2025-04-02T08:21:53.707+0000] {override.py:1912} INFO - Created Permission View: can read on DAG Run:example_skip_dag
[2025-04-02T08:21:53.711+0000] {logging_mixin.py:190} INFO - [2025-04-02T08:21:53.711+0000] {override.py:1912} INFO - Created Permission View: menu access on DAG Run:example_skip_dag
[2025-04-02T08:21:53.712+0000] {logging_mixin.py:190} INFO - [2025-04-02T08:21:53.712+0000] {dag.py:3239} INFO - Sync 1 DAGs
[2025-04-02T08:21:53.720+0000] {logging_mixin.py:190} INFO - [2025-04-02T08:21:53.720+0000] {dag.py:3262} INFO - Creating ORM DAG for example_skip_dag
[2025-04-02T08:21:53.725+0000] {logging_mixin.py:190} INFO - [2025-04-02T08:21:53.725+0000] {dag.py:4180} INFO - Setting next_dagrun for example_skip_dag to 2025-04-01 00:00:00+00:00, run_after=2025-04-02 00:00:00+00:00
[2025-04-02T08:21:53.734+0000] {processor.py:208} INFO - Processing /home/airflow/.local/lib/python3.12/site-packages/airflow/example_dags/example_skip_dag.py took 0.126 seconds
[2025-04-02T08:23:27.926+0000] {processor.py:186} INFO - Started process (PID=78) to work on /home/airflow/.local/lib/python3.12/site-packages/airflow/example_dags/example_skip_dag.py
[2025-04-02T08:23:27.926+0000] {processor.py:914} INFO - Processing file /home/airflow/.local/lib/python3.12/site-packages/airflow/example_dags/example_skip_dag.py for tasks to queue
[2025-04-02T08:23:27.928+0000] {logging_mixin.py:190} INFO - [2025-04-02T08:23:27.928+0000] {dagbag.py:588} INFO - Filling up the DagBag from /home/airflow/.local/lib/python3.12/site-packages/airflow/example_dags/example_skip_dag.py
[2025-04-02T08:23:27.933+0000] {processor.py:925} INFO - DAG(s) 'example_skip_dag' retrieved from /home/airflow/.local/lib/python3.12/site-packages/airflow/example_dags/example_skip_dag.py
[2025-04-02T08:23:27.948+0000] {logging_mixin.py:190} INFO - [2025-04-02T08:23:27.948+0000] {dag.py:3239} INFO - Sync 1 DAGs
[2025-04-02T08:23:27.962+0000] {logging_mixin.py:190} INFO - [2025-04-02T08:23:27.962+0000] {dag.py:4180} INFO - Setting next_dagrun for example_skip_dag to 2025-04-01 00:00:00+00:00, run_after=2025-04-02 00:00:00+00:00
[2025-04-02T08:23:27.971+0000] {processor.py:208} INFO - Processing /home/airflow/.local/lib/python3.12/site-packages/airflow/example_dags/example_skip_dag.py took 0.049 seconds
[2025-04-02T08:23:59.137+0000] {processor.py:186} INFO - Started process (PID=142) to work on /home/airflow/.local/lib/python3.12/site-packages/airflow/example_dags/example_skip_dag.py
[2025-04-02T08:23:59.138+0000] {processor.py:914} INFO - Processing file /home/airflow/.local/lib/python3.12/site-packages/airflow/example_dags/example_skip_dag.py for tasks to queue
[2025-04-02T08:23:59.139+0000] {logging_mixin.py:190} INFO - [2025-04-02T08:23:59.139+0000] {dagbag.py:588} INFO - Filling up the DagBag from /home/airflow/.local/lib/python3.12/site-packages/airflow/example_dags/example_skip_dag.py
[2025-04-02T08:23:59.143+0000] {processor.py:925} INFO - DAG(s) 'example_skip_dag' retrieved from /home/airflow/.local/lib/python3.12/site-packages/airflow/example_dags/example_skip_dag.py
[2025-04-02T08:23:59.156+0000] {logging_mixin.py:190} INFO - [2025-04-02T08:23:59.156+0000] {dag.py:3239} INFO - Sync 1 DAGs
[2025-04-02T08:23:59.170+0000] {logging_mixin.py:190} INFO - [2025-04-02T08:23:59.170+0000] {dag.py:4180} INFO - Setting next_dagrun for example_skip_dag to 2025-04-01 00:00:00+00:00, run_after=2025-04-02 00:00:00+00:00
[2025-04-02T08:23:59.181+0000] {processor.py:208} INFO - Processing /home/airflow/.local/lib/python3.12/site-packages/airflow/example_dags/example_skip_dag.py took 0.047 seconds
[2025-04-02T08:31:34.366+0000] {processor.py:186} INFO - Started process (PID=77) to work on /home/airflow/.local/lib/python3.12/site-packages/airflow/example_dags/example_skip_dag.py
[2025-04-02T08:31:34.366+0000] {processor.py:914} INFO - Processing file /home/airflow/.local/lib/python3.12/site-packages/airflow/example_dags/example_skip_dag.py for tasks to queue
[2025-04-02T08:31:34.368+0000] {logging_mixin.py:190} INFO - [2025-04-02T08:31:34.368+0000] {dagbag.py:588} INFO - Filling up the DagBag from /home/airflow/.local/lib/python3.12/site-packages/airflow/example_dags/example_skip_dag.py
[2025-04-02T08:31:34.375+0000] {processor.py:925} INFO - DAG(s) 'example_skip_dag' retrieved from /home/airflow/.local/lib/python3.12/site-packages/airflow/example_dags/example_skip_dag.py
[2025-04-02T08:31:34.392+0000] {logging_mixin.py:190} INFO - [2025-04-02T08:31:34.392+0000] {dag.py:3239} INFO - Sync 1 DAGs
[2025-04-02T08:31:34.408+0000] {logging_mixin.py:190} INFO - [2025-04-02T08:31:34.407+0000] {dag.py:4180} INFO - Setting next_dagrun for example_skip_dag to 2025-04-01 00:00:00+00:00, run_after=2025-04-02 00:00:00+00:00
[2025-04-02T08:31:34.429+0000] {processor.py:208} INFO - Processing /home/airflow/.local/lib/python3.12/site-packages/airflow/example_dags/example_skip_dag.py took 0.067 seconds
[2025-04-02T08:32:05.700+0000] {processor.py:186} INFO - Started process (PID=141) to work on /home/airflow/.local/lib/python3.12/site-packages/airflow/example_dags/example_skip_dag.py
[2025-04-02T08:32:05.701+0000] {processor.py:914} INFO - Processing file /home/airflow/.local/lib/python3.12/site-packages/airflow/example_dags/example_skip_dag.py for tasks to queue
[2025-04-02T08:32:05.703+0000] {logging_mixin.py:190} INFO - [2025-04-02T08:32:05.702+0000] {dagbag.py:588} INFO - Filling up the DagBag from /home/airflow/.local/lib/python3.12/site-packages/airflow/example_dags/example_skip_dag.py
[2025-04-02T08:32:05.708+0000] {processor.py:925} INFO - DAG(s) 'example_skip_dag' retrieved from /home/airflow/.local/lib/python3.12/site-packages/airflow/example_dags/example_skip_dag.py
[2025-04-02T08:32:05.723+0000] {logging_mixin.py:190} INFO - [2025-04-02T08:32:05.723+0000] {dag.py:3239} INFO - Sync 1 DAGs
[2025-04-02T08:32:05.737+0000] {logging_mixin.py:190} INFO - [2025-04-02T08:32:05.737+0000] {dag.py:4180} INFO - Setting next_dagrun for example_skip_dag to 2025-04-01 00:00:00+00:00, run_after=2025-04-02 00:00:00+00:00
[2025-04-02T08:32:05.747+0000] {processor.py:208} INFO - Processing /home/airflow/.local/lib/python3.12/site-packages/airflow/example_dags/example_skip_dag.py took 0.051 seconds
[2025-04-02T08:32:37.023+0000] {processor.py:186} INFO - Started process (PID=205) to work on /home/airflow/.local/lib/python3.12/site-packages/airflow/example_dags/example_skip_dag.py
[2025-04-02T08:32:37.024+0000] {processor.py:914} INFO - Processing file /home/airflow/.local/lib/python3.12/site-packages/airflow/example_dags/example_skip_dag.py for tasks to queue
[2025-04-02T08:32:37.026+0000] {logging_mixin.py:190} INFO - [2025-04-02T08:32:37.025+0000] {dagbag.py:588} INFO - Filling up the DagBag from /home/airflow/.local/lib/python3.12/site-packages/airflow/example_dags/example_skip_dag.py
[2025-04-02T08:32:37.031+0000] {processor.py:925} INFO - DAG(s) 'example_skip_dag' retrieved from /home/airflow/.local/lib/python3.12/site-packages/airflow/example_dags/example_skip_dag.py
[2025-04-02T08:32:37.045+0000] {logging_mixin.py:190} INFO - [2025-04-02T08:32:37.045+0000] {dag.py:3239} INFO - Sync 1 DAGs
[2025-04-02T08:32:37.059+0000] {logging_mixin.py:190} INFO - [2025-04-02T08:32:37.059+0000] {dag.py:4180} INFO - Setting next_dagrun for example_skip_dag to 2025-04-01 00:00:00+00:00, run_after=2025-04-02 00:00:00+00:00
[2025-04-02T08:32:37.069+0000] {processor.py:208} INFO - Processing /home/airflow/.local/lib/python3.12/site-packages/airflow/example_dags/example_skip_dag.py took 0.050 seconds
[2025-04-02T08:33:08.275+0000] {processor.py:186} INFO - Started process (PID=269) to work on /home/airflow/.local/lib/python3.12/site-packages/airflow/example_dags/example_skip_dag.py
[2025-04-02T08:33:08.275+0000] {processor.py:914} INFO - Processing file /home/airflow/.local/lib/python3.12/site-packages/airflow/example_dags/example_skip_dag.py for tasks to queue
[2025-04-02T08:33:08.277+0000] {logging_mixin.py:190} INFO - [2025-04-02T08:33:08.277+0000] {dagbag.py:588} INFO - Filling up the DagBag from /home/airflow/.local/lib/python3.12/site-packages/airflow/example_dags/example_skip_dag.py
[2025-04-02T08:33:08.282+0000] {processor.py:925} INFO - DAG(s) 'example_skip_dag' retrieved from /home/airflow/.local/lib/python3.12/site-packages/airflow/example_dags/example_skip_dag.py
[2025-04-02T08:33:08.300+0000] {logging_mixin.py:190} INFO - [2025-04-02T08:33:08.300+0000] {dag.py:3239} INFO - Sync 1 DAGs
[2025-04-02T08:33:08.316+0000] {logging_mixin.py:190} INFO - [2025-04-02T08:33:08.315+0000] {dag.py:4180} INFO - Setting next_dagrun for example_skip_dag to 2025-04-01 00:00:00+00:00, run_after=2025-04-02 00:00:00+00:00
[2025-04-02T08:33:08.328+0000] {processor.py:208} INFO - Processing /home/airflow/.local/lib/python3.12/site-packages/airflow/example_dags/example_skip_dag.py took 0.057 seconds
