[2025-04-02T08:21:52.141+0000] {processor.py:186} INFO - Started process (PID=72) to work on /home/airflow/.local/lib/python3.12/site-packages/airflow/example_dags/example_dag_decorator.py
[2025-04-02T08:21:52.141+0000] {processor.py:914} INFO - Processing file /home/airflow/.local/lib/python3.12/site-packages/airflow/example_dags/example_dag_decorator.py for tasks to queue
[2025-04-02T08:21:52.142+0000] {logging_mixin.py:190} INFO - [2025-04-02T08:21:52.142+0000] {dagbag.py:588} INFO - Filling up the DagBag from /home/airflow/.local/lib/python3.12/site-packages/airflow/example_dags/example_dag_decorator.py
[2025-04-02T08:21:52.364+0000] {processor.py:925} INFO - DAG(s) 'example_dag_decorator' retrieved from /home/airflow/.local/lib/python3.12/site-packages/airflow/example_dags/example_dag_decorator.py
[2025-04-02T08:21:52.432+0000] {logging_mixin.py:190} INFO - [2025-04-02T08:21:52.432+0000] {override.py:1912} INFO - Created Permission View: can delete on DAG:example_dag_decorator
[2025-04-02T08:21:52.439+0000] {logging_mixin.py:190} INFO - [2025-04-02T08:21:52.438+0000] {override.py:1912} INFO - Created Permission View: can edit on DAG:example_dag_decorator
[2025-04-02T08:21:52.443+0000] {logging_mixin.py:190} INFO - [2025-04-02T08:21:52.442+0000] {override.py:1912} INFO - Created Permission View: can read on DAG:example_dag_decorator
[2025-04-02T08:21:52.447+0000] {logging_mixin.py:190} INFO - [2025-04-02T08:21:52.447+0000] {override.py:1912} INFO - Created Permission View: can delete on DAG Run:example_dag_decorator
[2025-04-02T08:21:52.451+0000] {logging_mixin.py:190} INFO - [2025-04-02T08:21:52.451+0000] {override.py:1912} INFO - Created Permission View: can create on DAG Run:example_dag_decorator
[2025-04-02T08:21:52.455+0000] {logging_mixin.py:190} INFO - [2025-04-02T08:21:52.455+0000] {override.py:1912} INFO - Created Permission View: can read on DAG Run:example_dag_decorator
[2025-04-02T08:21:52.459+0000] {logging_mixin.py:190} INFO - [2025-04-02T08:21:52.459+0000] {override.py:1912} INFO - Created Permission View: menu access on DAG Run:example_dag_decorator
[2025-04-02T08:21:52.459+0000] {logging_mixin.py:190} INFO - [2025-04-02T08:21:52.459+0000] {dag.py:3239} INFO - Sync 1 DAGs
[2025-04-02T08:21:52.468+0000] {logging_mixin.py:190} INFO - [2025-04-02T08:21:52.468+0000] {dag.py:3262} INFO - Creating ORM DAG for example_dag_decorator
[2025-04-02T08:21:52.469+0000] {logging_mixin.py:190} INFO - [2025-04-02T08:21:52.469+0000] {dag.py:4180} INFO - Setting next_dagrun for example_dag_decorator to None, run_after=None
[2025-04-02T08:21:52.480+0000] {processor.py:208} INFO - Processing /home/airflow/.local/lib/python3.12/site-packages/airflow/example_dags/example_dag_decorator.py took 0.343 seconds
[2025-04-02T08:23:26.100+0000] {processor.py:186} INFO - Started process (PID=66) to work on /home/airflow/.local/lib/python3.12/site-packages/airflow/example_dags/example_dag_decorator.py
[2025-04-02T08:23:26.101+0000] {processor.py:914} INFO - Processing file /home/airflow/.local/lib/python3.12/site-packages/airflow/example_dags/example_dag_decorator.py for tasks to queue
[2025-04-02T08:23:26.103+0000] {logging_mixin.py:190} INFO - [2025-04-02T08:23:26.102+0000] {dagbag.py:588} INFO - Filling up the DagBag from /home/airflow/.local/lib/python3.12/site-packages/airflow/example_dags/example_dag_decorator.py
[2025-04-02T08:23:27.111+0000] {processor.py:925} INFO - DAG(s) 'example_dag_decorator' retrieved from /home/airflow/.local/lib/python3.12/site-packages/airflow/example_dags/example_dag_decorator.py
[2025-04-02T08:23:27.183+0000] {logging_mixin.py:190} INFO - [2025-04-02T08:23:27.183+0000] {dag.py:3239} INFO - Sync 1 DAGs
[2025-04-02T08:23:27.191+0000] {logging_mixin.py:190} INFO - [2025-04-02T08:23:27.191+0000] {dag.py:4180} INFO - Setting next_dagrun for example_dag_decorator to None, run_after=None
[2025-04-02T08:23:27.203+0000] {processor.py:208} INFO - Processing /home/airflow/.local/lib/python3.12/site-packages/airflow/example_dags/example_dag_decorator.py took 1.108 seconds
[2025-04-02T08:23:57.431+0000] {processor.py:186} INFO - Started process (PID=135) to work on /home/airflow/.local/lib/python3.12/site-packages/airflow/example_dags/example_dag_decorator.py
[2025-04-02T08:23:57.432+0000] {processor.py:914} INFO - Processing file /home/airflow/.local/lib/python3.12/site-packages/airflow/example_dags/example_dag_decorator.py for tasks to queue
[2025-04-02T08:23:57.434+0000] {logging_mixin.py:190} INFO - [2025-04-02T08:23:57.434+0000] {dagbag.py:588} INFO - Filling up the DagBag from /home/airflow/.local/lib/python3.12/site-packages/airflow/example_dags/example_dag_decorator.py
[2025-04-02T08:23:57.501+0000] {processor.py:925} INFO - DAG(s) 'example_dag_decorator' retrieved from /home/airflow/.local/lib/python3.12/site-packages/airflow/example_dags/example_dag_decorator.py
[2025-04-02T08:23:57.574+0000] {logging_mixin.py:190} INFO - [2025-04-02T08:23:57.574+0000] {dag.py:3239} INFO - Sync 1 DAGs
[2025-04-02T08:23:57.582+0000] {logging_mixin.py:190} INFO - [2025-04-02T08:23:57.582+0000] {dag.py:4180} INFO - Setting next_dagrun for example_dag_decorator to None, run_after=None
[2025-04-02T08:23:57.595+0000] {processor.py:208} INFO - Processing /home/airflow/.local/lib/python3.12/site-packages/airflow/example_dags/example_dag_decorator.py took 0.168 seconds
[2025-04-02T08:31:33.177+0000] {processor.py:186} INFO - Started process (PID=71) to work on /home/airflow/.local/lib/python3.12/site-packages/airflow/example_dags/example_dag_decorator.py
[2025-04-02T08:31:33.178+0000] {processor.py:914} INFO - Processing file /home/airflow/.local/lib/python3.12/site-packages/airflow/example_dags/example_dag_decorator.py for tasks to queue
[2025-04-02T08:31:33.180+0000] {logging_mixin.py:190} INFO - [2025-04-02T08:31:33.179+0000] {dagbag.py:588} INFO - Filling up the DagBag from /home/airflow/.local/lib/python3.12/site-packages/airflow/example_dags/example_dag_decorator.py
[2025-04-02T08:31:33.452+0000] {processor.py:925} INFO - DAG(s) 'example_dag_decorator' retrieved from /home/airflow/.local/lib/python3.12/site-packages/airflow/example_dags/example_dag_decorator.py
[2025-04-02T08:31:33.527+0000] {logging_mixin.py:190} INFO - [2025-04-02T08:31:33.527+0000] {dag.py:3239} INFO - Sync 1 DAGs
[2025-04-02T08:31:33.536+0000] {logging_mixin.py:190} INFO - [2025-04-02T08:31:33.536+0000] {dag.py:4180} INFO - Setting next_dagrun for example_dag_decorator to None, run_after=None
[2025-04-02T08:31:33.557+0000] {processor.py:208} INFO - Processing /home/airflow/.local/lib/python3.12/site-packages/airflow/example_dags/example_dag_decorator.py took 0.384 seconds
[2025-04-02T08:32:03.953+0000] {processor.py:186} INFO - Started process (PID=134) to work on /home/airflow/.local/lib/python3.12/site-packages/airflow/example_dags/example_dag_decorator.py
[2025-04-02T08:32:03.953+0000] {processor.py:914} INFO - Processing file /home/airflow/.local/lib/python3.12/site-packages/airflow/example_dags/example_dag_decorator.py for tasks to queue
[2025-04-02T08:32:03.955+0000] {logging_mixin.py:190} INFO - [2025-04-02T08:32:03.955+0000] {dagbag.py:588} INFO - Filling up the DagBag from /home/airflow/.local/lib/python3.12/site-packages/airflow/example_dags/example_dag_decorator.py
[2025-04-02T08:32:04.019+0000] {processor.py:925} INFO - DAG(s) 'example_dag_decorator' retrieved from /home/airflow/.local/lib/python3.12/site-packages/airflow/example_dags/example_dag_decorator.py
[2025-04-02T08:32:04.092+0000] {logging_mixin.py:190} INFO - [2025-04-02T08:32:04.091+0000] {dag.py:3239} INFO - Sync 1 DAGs
[2025-04-02T08:32:04.099+0000] {logging_mixin.py:190} INFO - [2025-04-02T08:32:04.099+0000] {dag.py:4180} INFO - Setting next_dagrun for example_dag_decorator to None, run_after=None
[2025-04-02T08:32:04.110+0000] {processor.py:208} INFO - Processing /home/airflow/.local/lib/python3.12/site-packages/airflow/example_dags/example_dag_decorator.py took 0.161 seconds
[2025-04-02T08:32:34.327+0000] {processor.py:186} INFO - Started process (PID=199) to work on /home/airflow/.local/lib/python3.12/site-packages/airflow/example_dags/example_dag_decorator.py
[2025-04-02T08:32:34.328+0000] {processor.py:914} INFO - Processing file /home/airflow/.local/lib/python3.12/site-packages/airflow/example_dags/example_dag_decorator.py for tasks to queue
[2025-04-02T08:32:34.329+0000] {logging_mixin.py:190} INFO - [2025-04-02T08:32:34.329+0000] {dagbag.py:588} INFO - Filling up the DagBag from /home/airflow/.local/lib/python3.12/site-packages/airflow/example_dags/example_dag_decorator.py
[2025-04-02T08:32:34.395+0000] {processor.py:925} INFO - DAG(s) 'example_dag_decorator' retrieved from /home/airflow/.local/lib/python3.12/site-packages/airflow/example_dags/example_dag_decorator.py
[2025-04-02T08:32:34.467+0000] {logging_mixin.py:190} INFO - [2025-04-02T08:32:34.467+0000] {dag.py:3239} INFO - Sync 1 DAGs
[2025-04-02T08:32:34.475+0000] {logging_mixin.py:190} INFO - [2025-04-02T08:32:34.475+0000] {dag.py:4180} INFO - Setting next_dagrun for example_dag_decorator to None, run_after=None
[2025-04-02T08:32:34.487+0000] {processor.py:208} INFO - Processing /home/airflow/.local/lib/python3.12/site-packages/airflow/example_dags/example_dag_decorator.py took 0.163 seconds
[2025-04-02T08:33:04.549+0000] {processor.py:186} INFO - Started process (PID=263) to work on /home/airflow/.local/lib/python3.12/site-packages/airflow/example_dags/example_dag_decorator.py
[2025-04-02T08:33:04.550+0000] {processor.py:914} INFO - Processing file /home/airflow/.local/lib/python3.12/site-packages/airflow/example_dags/example_dag_decorator.py for tasks to queue
[2025-04-02T08:33:04.552+0000] {logging_mixin.py:190} INFO - [2025-04-02T08:33:04.551+0000] {dagbag.py:588} INFO - Filling up the DagBag from /home/airflow/.local/lib/python3.12/site-packages/airflow/example_dags/example_dag_decorator.py
[2025-04-02T08:33:04.616+0000] {processor.py:925} INFO - DAG(s) 'example_dag_decorator' retrieved from /home/airflow/.local/lib/python3.12/site-packages/airflow/example_dags/example_dag_decorator.py
[2025-04-02T08:33:04.632+0000] {logging_mixin.py:190} INFO - [2025-04-02T08:33:04.631+0000] {dag.py:3239} INFO - Sync 1 DAGs
[2025-04-02T08:33:04.640+0000] {logging_mixin.py:190} INFO - [2025-04-02T08:33:04.640+0000] {dag.py:4180} INFO - Setting next_dagrun for example_dag_decorator to None, run_after=None
[2025-04-02T08:33:04.651+0000] {processor.py:208} INFO - Processing /home/airflow/.local/lib/python3.12/site-packages/airflow/example_dags/example_dag_decorator.py took 0.105 seconds
