[2025-04-02T08:21:54.247+0000] {processor.py:186} INFO - Started process (PID=85) to work on /home/airflow/.local/lib/python3.12/site-packages/airflow/example_dags/example_sla_dag.py
[2025-04-02T08:21:54.248+0000] {processor.py:914} INFO - Processing file /home/airflow/.local/lib/python3.12/site-packages/airflow/example_dags/example_sla_dag.py for tasks to queue
[2025-04-02T08:21:54.249+0000] {logging_mixin.py:190} INFO - [2025-04-02T08:21:54.249+0000] {dagbag.py:588} INFO - Filling up the DagBag from /home/airflow/.local/lib/python3.12/site-packages/airflow/example_dags/example_sla_dag.py
[2025-04-02T08:21:54.255+0000] {processor.py:925} INFO - DAG(s) 'example_sla_dag' retrieved from /home/airflow/.local/lib/python3.12/site-packages/airflow/example_dags/example_sla_dag.py
[2025-04-02T08:21:54.315+0000] {logging_mixin.py:190} INFO - [2025-04-02T08:21:54.315+0000] {override.py:1912} INFO - Created Permission View: can delete on DAG:example_sla_dag
[2025-04-02T08:21:54.321+0000] {logging_mixin.py:190} INFO - [2025-04-02T08:21:54.321+0000] {override.py:1912} INFO - Created Permission View: can edit on DAG:example_sla_dag
[2025-04-02T08:21:54.325+0000] {logging_mixin.py:190} INFO - [2025-04-02T08:21:54.324+0000] {override.py:1912} INFO - Created Permission View: can read on DAG:example_sla_dag
[2025-04-02T08:21:54.329+0000] {logging_mixin.py:190} INFO - [2025-04-02T08:21:54.329+0000] {override.py:1912} INFO - Created Permission View: can delete on DAG Run:example_sla_dag
[2025-04-02T08:21:54.332+0000] {logging_mixin.py:190} INFO - [2025-04-02T08:21:54.332+0000] {override.py:1912} INFO - Created Permission View: can create on DAG Run:example_sla_dag
[2025-04-02T08:21:54.336+0000] {logging_mixin.py:190} INFO - [2025-04-02T08:21:54.336+0000] {override.py:1912} INFO - Created Permission View: can read on DAG Run:example_sla_dag
[2025-04-02T08:21:54.340+0000] {logging_mixin.py:190} INFO - [2025-04-02T08:21:54.339+0000] {override.py:1912} INFO - Created Permission View: menu access on DAG Run:example_sla_dag
[2025-04-02T08:21:54.340+0000] {logging_mixin.py:190} INFO - [2025-04-02T08:21:54.340+0000] {dag.py:3239} INFO - Sync 1 DAGs
[2025-04-02T08:21:54.348+0000] {logging_mixin.py:190} INFO - [2025-04-02T08:21:54.348+0000] {dag.py:3262} INFO - Creating ORM DAG for example_sla_dag
[2025-04-02T08:21:54.355+0000] {logging_mixin.py:190} INFO - [2025-04-02T08:21:54.355+0000] {dag.py:4180} INFO - Setting next_dagrun for example_sla_dag to 2025-04-02 08:18:00+00:00, run_after=2025-04-02 08:20:00+00:00
[2025-04-02T08:21:54.364+0000] {processor.py:208} INFO - Processing /home/airflow/.local/lib/python3.12/site-packages/airflow/example_dags/example_sla_dag.py took 0.120 seconds
[2025-04-02T08:23:28.312+0000] {processor.py:186} INFO - Started process (PID=85) to work on /home/airflow/.local/lib/python3.12/site-packages/airflow/example_dags/example_sla_dag.py
[2025-04-02T08:23:28.312+0000] {processor.py:914} INFO - Processing file /home/airflow/.local/lib/python3.12/site-packages/airflow/example_dags/example_sla_dag.py for tasks to queue
[2025-04-02T08:23:28.314+0000] {logging_mixin.py:190} INFO - [2025-04-02T08:23:28.313+0000] {dagbag.py:588} INFO - Filling up the DagBag from /home/airflow/.local/lib/python3.12/site-packages/airflow/example_dags/example_sla_dag.py
[2025-04-02T08:23:28.320+0000] {processor.py:925} INFO - DAG(s) 'example_sla_dag' retrieved from /home/airflow/.local/lib/python3.12/site-packages/airflow/example_dags/example_sla_dag.py
[2025-04-02T08:23:28.332+0000] {logging_mixin.py:190} INFO - [2025-04-02T08:23:28.332+0000] {dag.py:3239} INFO - Sync 1 DAGs
[2025-04-02T08:23:28.349+0000] {logging_mixin.py:190} INFO - [2025-04-02T08:23:28.349+0000] {dag.py:4180} INFO - Setting next_dagrun for example_sla_dag to 2025-04-02 08:20:00+00:00, run_after=2025-04-02 08:22:00+00:00
[2025-04-02T08:23:28.360+0000] {processor.py:208} INFO - Processing /home/airflow/.local/lib/python3.12/site-packages/airflow/example_dags/example_sla_dag.py took 0.052 seconds
[2025-04-02T08:23:59.534+0000] {processor.py:186} INFO - Started process (PID=149) to work on /home/airflow/.local/lib/python3.12/site-packages/airflow/example_dags/example_sla_dag.py
[2025-04-02T08:23:59.535+0000] {processor.py:914} INFO - Processing file /home/airflow/.local/lib/python3.12/site-packages/airflow/example_dags/example_sla_dag.py for tasks to queue
[2025-04-02T08:23:59.537+0000] {logging_mixin.py:190} INFO - [2025-04-02T08:23:59.536+0000] {dagbag.py:588} INFO - Filling up the DagBag from /home/airflow/.local/lib/python3.12/site-packages/airflow/example_dags/example_sla_dag.py
[2025-04-02T08:23:59.543+0000] {processor.py:925} INFO - DAG(s) 'example_sla_dag' retrieved from /home/airflow/.local/lib/python3.12/site-packages/airflow/example_dags/example_sla_dag.py
[2025-04-02T08:23:59.556+0000] {logging_mixin.py:190} INFO - [2025-04-02T08:23:59.555+0000] {dag.py:3239} INFO - Sync 1 DAGs
[2025-04-02T08:23:59.574+0000] {logging_mixin.py:190} INFO - [2025-04-02T08:23:59.574+0000] {dag.py:4180} INFO - Setting next_dagrun for example_sla_dag to 2025-04-02 08:20:00+00:00, run_after=2025-04-02 08:22:00+00:00
[2025-04-02T08:23:59.584+0000] {processor.py:208} INFO - Processing /home/airflow/.local/lib/python3.12/site-packages/airflow/example_dags/example_sla_dag.py took 0.054 seconds
[2025-04-02T08:31:34.814+0000] {processor.py:186} INFO - Started process (PID=84) to work on /home/airflow/.local/lib/python3.12/site-packages/airflow/example_dags/example_sla_dag.py
[2025-04-02T08:31:34.815+0000] {processor.py:914} INFO - Processing file /home/airflow/.local/lib/python3.12/site-packages/airflow/example_dags/example_sla_dag.py for tasks to queue
[2025-04-02T08:31:34.816+0000] {logging_mixin.py:190} INFO - [2025-04-02T08:31:34.816+0000] {dagbag.py:588} INFO - Filling up the DagBag from /home/airflow/.local/lib/python3.12/site-packages/airflow/example_dags/example_sla_dag.py
[2025-04-02T08:31:34.823+0000] {processor.py:925} INFO - DAG(s) 'example_sla_dag' retrieved from /home/airflow/.local/lib/python3.12/site-packages/airflow/example_dags/example_sla_dag.py
[2025-04-02T08:31:34.835+0000] {logging_mixin.py:190} INFO - [2025-04-02T08:31:34.835+0000] {dag.py:3239} INFO - Sync 1 DAGs
[2025-04-02T08:31:34.851+0000] {logging_mixin.py:190} INFO - [2025-04-02T08:31:34.851+0000] {dag.py:4180} INFO - Setting next_dagrun for example_sla_dag to 2025-04-02 08:28:00+00:00, run_after=2025-04-02 08:30:00+00:00
[2025-04-02T08:31:34.862+0000] {processor.py:208} INFO - Processing /home/airflow/.local/lib/python3.12/site-packages/airflow/example_dags/example_sla_dag.py took 0.051 seconds
[2025-04-02T08:32:06.119+0000] {processor.py:186} INFO - Started process (PID=148) to work on /home/airflow/.local/lib/python3.12/site-packages/airflow/example_dags/example_sla_dag.py
[2025-04-02T08:32:06.119+0000] {processor.py:914} INFO - Processing file /home/airflow/.local/lib/python3.12/site-packages/airflow/example_dags/example_sla_dag.py for tasks to queue
[2025-04-02T08:32:06.121+0000] {logging_mixin.py:190} INFO - [2025-04-02T08:32:06.121+0000] {dagbag.py:588} INFO - Filling up the DagBag from /home/airflow/.local/lib/python3.12/site-packages/airflow/example_dags/example_sla_dag.py
[2025-04-02T08:32:06.127+0000] {processor.py:925} INFO - DAG(s) 'example_sla_dag' retrieved from /home/airflow/.local/lib/python3.12/site-packages/airflow/example_dags/example_sla_dag.py
[2025-04-02T08:32:06.140+0000] {logging_mixin.py:190} INFO - [2025-04-02T08:32:06.140+0000] {dag.py:3239} INFO - Sync 1 DAGs
[2025-04-02T08:32:06.155+0000] {logging_mixin.py:190} INFO - [2025-04-02T08:32:06.155+0000] {dag.py:4180} INFO - Setting next_dagrun for example_sla_dag to 2025-04-02 08:30:00+00:00, run_after=2025-04-02 08:32:00+00:00
[2025-04-02T08:32:06.165+0000] {processor.py:208} INFO - Processing /home/airflow/.local/lib/python3.12/site-packages/airflow/example_dags/example_sla_dag.py took 0.050 seconds
[2025-04-02T08:32:37.448+0000] {processor.py:186} INFO - Started process (PID=212) to work on /home/airflow/.local/lib/python3.12/site-packages/airflow/example_dags/example_sla_dag.py
[2025-04-02T08:32:37.449+0000] {processor.py:914} INFO - Processing file /home/airflow/.local/lib/python3.12/site-packages/airflow/example_dags/example_sla_dag.py for tasks to queue
[2025-04-02T08:32:37.450+0000] {logging_mixin.py:190} INFO - [2025-04-02T08:32:37.450+0000] {dagbag.py:588} INFO - Filling up the DagBag from /home/airflow/.local/lib/python3.12/site-packages/airflow/example_dags/example_sla_dag.py
[2025-04-02T08:32:37.456+0000] {processor.py:925} INFO - DAG(s) 'example_sla_dag' retrieved from /home/airflow/.local/lib/python3.12/site-packages/airflow/example_dags/example_sla_dag.py
[2025-04-02T08:32:37.470+0000] {logging_mixin.py:190} INFO - [2025-04-02T08:32:37.470+0000] {dag.py:3239} INFO - Sync 1 DAGs
[2025-04-02T08:32:37.485+0000] {logging_mixin.py:190} INFO - [2025-04-02T08:32:37.485+0000] {dag.py:4180} INFO - Setting next_dagrun for example_sla_dag to 2025-04-02 08:30:00+00:00, run_after=2025-04-02 08:32:00+00:00
[2025-04-02T08:32:37.497+0000] {processor.py:208} INFO - Processing /home/airflow/.local/lib/python3.12/site-packages/airflow/example_dags/example_sla_dag.py took 0.052 seconds
[2025-04-02T08:33:08.729+0000] {processor.py:186} INFO - Started process (PID=276) to work on /home/airflow/.local/lib/python3.12/site-packages/airflow/example_dags/example_sla_dag.py
[2025-04-02T08:33:08.729+0000] {processor.py:914} INFO - Processing file /home/airflow/.local/lib/python3.12/site-packages/airflow/example_dags/example_sla_dag.py for tasks to queue
[2025-04-02T08:33:08.731+0000] {logging_mixin.py:190} INFO - [2025-04-02T08:33:08.731+0000] {dagbag.py:588} INFO - Filling up the DagBag from /home/airflow/.local/lib/python3.12/site-packages/airflow/example_dags/example_sla_dag.py
[2025-04-02T08:33:08.737+0000] {processor.py:925} INFO - DAG(s) 'example_sla_dag' retrieved from /home/airflow/.local/lib/python3.12/site-packages/airflow/example_dags/example_sla_dag.py
[2025-04-02T08:33:08.748+0000] {logging_mixin.py:190} INFO - [2025-04-02T08:33:08.748+0000] {dag.py:3239} INFO - Sync 1 DAGs
[2025-04-02T08:33:08.763+0000] {logging_mixin.py:190} INFO - [2025-04-02T08:33:08.763+0000] {dag.py:4180} INFO - Setting next_dagrun for example_sla_dag to 2025-04-02 08:30:00+00:00, run_after=2025-04-02 08:32:00+00:00
[2025-04-02T08:33:08.774+0000] {processor.py:208} INFO - Processing /home/airflow/.local/lib/python3.12/site-packages/airflow/example_dags/example_sla_dag.py took 0.048 seconds
