[2025-04-02T08:21:53.188+0000] {processor.py:186} INFO - Started process (PID=76) to work on /home/airflow/.local/lib/python3.12/site-packages/airflow/example_dags/example_dataset_alias_with_no_taskflow.py
[2025-04-02T08:21:53.189+0000] {processor.py:914} INFO - Processing file /home/airflow/.local/lib/python3.12/site-packages/airflow/example_dags/example_dataset_alias_with_no_taskflow.py for tasks to queue
[2025-04-02T08:21:53.190+0000] {logging_mixin.py:190} INFO - [2025-04-02T08:21:53.190+0000] {dagbag.py:588} INFO - Filling up the DagBag from /home/airflow/.local/lib/python3.12/site-packages/airflow/example_dags/example_dataset_alias_with_no_taskflow.py
[2025-04-02T08:21:53.594+0000] {processor.py:925} INFO - DAG(s) 'dataset_s3_bucket_consumer_with_no_taskflow', 'dataset_s3_bucket_producer_with_no_taskflow', 'dataset_alias_example_alias_consumer_with_no_taskflow', 'dataset_alias_example_alias_producer_with_no_taskflow' retrieved from /home/airflow/.local/lib/python3.12/site-packages/airflow/example_dags/example_dataset_alias_with_no_taskflow.py
[2025-04-02T08:21:53.653+0000] {logging_mixin.py:190} INFO - [2025-04-02T08:21:53.652+0000] {override.py:1912} INFO - Created Permission View: can delete on DAG:dataset_s3_bucket_consumer_with_no_taskflow
[2025-04-02T08:21:53.659+0000] {logging_mixin.py:190} INFO - [2025-04-02T08:21:53.659+0000] {override.py:1912} INFO - Created Permission View: can edit on DAG:dataset_s3_bucket_consumer_with_no_taskflow
[2025-04-02T08:21:53.663+0000] {logging_mixin.py:190} INFO - [2025-04-02T08:21:53.663+0000] {override.py:1912} INFO - Created Permission View: can read on DAG:dataset_s3_bucket_consumer_with_no_taskflow
[2025-04-02T08:21:53.668+0000] {logging_mixin.py:190} INFO - [2025-04-02T08:21:53.668+0000] {override.py:1912} INFO - Created Permission View: can delete on DAG Run:dataset_s3_bucket_consumer_with_no_taskflow
[2025-04-02T08:21:53.672+0000] {logging_mixin.py:190} INFO - [2025-04-02T08:21:53.672+0000] {override.py:1912} INFO - Created Permission View: can create on DAG Run:dataset_s3_bucket_consumer_with_no_taskflow
[2025-04-02T08:21:53.676+0000] {logging_mixin.py:190} INFO - [2025-04-02T08:21:53.676+0000] {override.py:1912} INFO - Created Permission View: can read on DAG Run:dataset_s3_bucket_consumer_with_no_taskflow
[2025-04-02T08:21:53.680+0000] {logging_mixin.py:190} INFO - [2025-04-02T08:21:53.680+0000] {override.py:1912} INFO - Created Permission View: menu access on DAG Run:dataset_s3_bucket_consumer_with_no_taskflow
[2025-04-02T08:21:53.688+0000] {logging_mixin.py:190} INFO - [2025-04-02T08:21:53.688+0000] {override.py:1912} INFO - Created Permission View: can delete on DAG:dataset_s3_bucket_producer_with_no_taskflow
[2025-04-02T08:21:53.692+0000] {logging_mixin.py:190} INFO - [2025-04-02T08:21:53.692+0000] {override.py:1912} INFO - Created Permission View: can edit on DAG:dataset_s3_bucket_producer_with_no_taskflow
[2025-04-02T08:21:53.696+0000] {logging_mixin.py:190} INFO - [2025-04-02T08:21:53.696+0000] {override.py:1912} INFO - Created Permission View: can read on DAG:dataset_s3_bucket_producer_with_no_taskflow
[2025-04-02T08:21:53.700+0000] {logging_mixin.py:190} INFO - [2025-04-02T08:21:53.700+0000] {override.py:1912} INFO - Created Permission View: can delete on DAG Run:dataset_s3_bucket_producer_with_no_taskflow
[2025-04-02T08:21:53.704+0000] {logging_mixin.py:190} INFO - [2025-04-02T08:21:53.704+0000] {override.py:1912} INFO - Created Permission View: can create on DAG Run:dataset_s3_bucket_producer_with_no_taskflow
[2025-04-02T08:21:53.708+0000] {logging_mixin.py:190} INFO - [2025-04-02T08:21:53.708+0000] {override.py:1912} INFO - Created Permission View: can read on DAG Run:dataset_s3_bucket_producer_with_no_taskflow
[2025-04-02T08:21:53.712+0000] {logging_mixin.py:190} INFO - [2025-04-02T08:21:53.712+0000] {override.py:1912} INFO - Created Permission View: menu access on DAG Run:dataset_s3_bucket_producer_with_no_taskflow
[2025-04-02T08:21:53.720+0000] {logging_mixin.py:190} INFO - [2025-04-02T08:21:53.720+0000] {override.py:1912} INFO - Created Permission View: can delete on DAG:dataset_alias_example_alias_consumer_with_no_taskflow
[2025-04-02T08:21:53.724+0000] {logging_mixin.py:190} INFO - [2025-04-02T08:21:53.724+0000] {override.py:1912} INFO - Created Permission View: can edit on DAG:dataset_alias_example_alias_consumer_with_no_taskflow
[2025-04-02T08:21:53.728+0000] {logging_mixin.py:190} INFO - [2025-04-02T08:21:53.728+0000] {override.py:1912} INFO - Created Permission View: can read on DAG:dataset_alias_example_alias_consumer_with_no_taskflow
[2025-04-02T08:21:53.732+0000] {logging_mixin.py:190} INFO - [2025-04-02T08:21:53.732+0000] {override.py:1912} INFO - Created Permission View: can delete on DAG Run:dataset_alias_example_alias_consumer_with_no_taskflow
[2025-04-02T08:21:53.736+0000] {logging_mixin.py:190} INFO - [2025-04-02T08:21:53.736+0000] {override.py:1912} INFO - Created Permission View: can create on DAG Run:dataset_alias_example_alias_consumer_with_no_taskflow
[2025-04-02T08:21:53.740+0000] {logging_mixin.py:190} INFO - [2025-04-02T08:21:53.740+0000] {override.py:1912} INFO - Created Permission View: can read on DAG Run:dataset_alias_example_alias_consumer_with_no_taskflow
[2025-04-02T08:21:53.744+0000] {logging_mixin.py:190} INFO - [2025-04-02T08:21:53.744+0000] {override.py:1912} INFO - Created Permission View: menu access on DAG Run:dataset_alias_example_alias_consumer_with_no_taskflow
[2025-04-02T08:21:53.754+0000] {logging_mixin.py:190} INFO - [2025-04-02T08:21:53.753+0000] {override.py:1912} INFO - Created Permission View: can delete on DAG:dataset_alias_example_alias_producer_with_no_taskflow
[2025-04-02T08:21:53.758+0000] {logging_mixin.py:190} INFO - [2025-04-02T08:21:53.757+0000] {override.py:1912} INFO - Created Permission View: can edit on DAG:dataset_alias_example_alias_producer_with_no_taskflow
[2025-04-02T08:21:53.762+0000] {logging_mixin.py:190} INFO - [2025-04-02T08:21:53.761+0000] {override.py:1912} INFO - Created Permission View: can read on DAG:dataset_alias_example_alias_producer_with_no_taskflow
[2025-04-02T08:21:53.766+0000] {logging_mixin.py:190} INFO - [2025-04-02T08:21:53.766+0000] {override.py:1912} INFO - Created Permission View: can delete on DAG Run:dataset_alias_example_alias_producer_with_no_taskflow
[2025-04-02T08:21:53.770+0000] {logging_mixin.py:190} INFO - [2025-04-02T08:21:53.770+0000] {override.py:1912} INFO - Created Permission View: can create on DAG Run:dataset_alias_example_alias_producer_with_no_taskflow
[2025-04-02T08:21:53.774+0000] {logging_mixin.py:190} INFO - [2025-04-02T08:21:53.774+0000] {override.py:1912} INFO - Created Permission View: can read on DAG Run:dataset_alias_example_alias_producer_with_no_taskflow
[2025-04-02T08:21:53.778+0000] {logging_mixin.py:190} INFO - [2025-04-02T08:21:53.778+0000] {override.py:1912} INFO - Created Permission View: menu access on DAG Run:dataset_alias_example_alias_producer_with_no_taskflow
[2025-04-02T08:21:53.779+0000] {logging_mixin.py:190} INFO - [2025-04-02T08:21:53.779+0000] {dag.py:3239} INFO - Sync 4 DAGs
[2025-04-02T08:21:53.788+0000] {logging_mixin.py:190} INFO - [2025-04-02T08:21:53.788+0000] {dag.py:3262} INFO - Creating ORM DAG for dataset_s3_bucket_producer_with_no_taskflow
[2025-04-02T08:21:53.789+0000] {logging_mixin.py:190} INFO - [2025-04-02T08:21:53.789+0000] {dag.py:3262} INFO - Creating ORM DAG for dataset_alias_example_alias_consumer_with_no_taskflow
[2025-04-02T08:21:53.789+0000] {logging_mixin.py:190} INFO - [2025-04-02T08:21:53.789+0000] {dag.py:3262} INFO - Creating ORM DAG for dataset_alias_example_alias_producer_with_no_taskflow
[2025-04-02T08:21:53.790+0000] {logging_mixin.py:190} INFO - [2025-04-02T08:21:53.789+0000] {dag.py:3262} INFO - Creating ORM DAG for dataset_s3_bucket_consumer_with_no_taskflow
[2025-04-02T08:21:53.795+0000] {logging_mixin.py:190} INFO - [2025-04-02T08:21:53.795+0000] {dag.py:4180} INFO - Setting next_dagrun for dataset_alias_example_alias_consumer_with_no_taskflow to None, run_after=None
[2025-04-02T08:21:53.796+0000] {logging_mixin.py:190} INFO - [2025-04-02T08:21:53.796+0000] {dag.py:4180} INFO - Setting next_dagrun for dataset_alias_example_alias_producer_with_no_taskflow to None, run_after=None
[2025-04-02T08:21:53.796+0000] {logging_mixin.py:190} INFO - [2025-04-02T08:21:53.796+0000] {dag.py:4180} INFO - Setting next_dagrun for dataset_s3_bucket_consumer_with_no_taskflow to None, run_after=None
[2025-04-02T08:21:53.797+0000] {logging_mixin.py:190} INFO - [2025-04-02T08:21:53.797+0000] {dag.py:4180} INFO - Setting next_dagrun for dataset_s3_bucket_producer_with_no_taskflow to None, run_after=None
[2025-04-02T08:21:53.814+0000] {processor.py:208} INFO - Processing /home/airflow/.local/lib/python3.12/site-packages/airflow/example_dags/example_dataset_alias_with_no_taskflow.py took 0.630 seconds
[2025-04-02T08:23:27.758+0000] {processor.py:186} INFO - Started process (PID=76) to work on /home/airflow/.local/lib/python3.12/site-packages/airflow/example_dags/example_dataset_alias_with_no_taskflow.py
[2025-04-02T08:23:27.759+0000] {processor.py:914} INFO - Processing file /home/airflow/.local/lib/python3.12/site-packages/airflow/example_dags/example_dataset_alias_with_no_taskflow.py for tasks to queue
[2025-04-02T08:23:27.760+0000] {logging_mixin.py:190} INFO - [2025-04-02T08:23:27.760+0000] {dagbag.py:588} INFO - Filling up the DagBag from /home/airflow/.local/lib/python3.12/site-packages/airflow/example_dags/example_dataset_alias_with_no_taskflow.py
[2025-04-02T08:23:28.148+0000] {processor.py:925} INFO - DAG(s) 'dataset_s3_bucket_consumer_with_no_taskflow', 'dataset_alias_example_alias_consumer_with_no_taskflow', 'dataset_s3_bucket_producer_with_no_taskflow', 'dataset_alias_example_alias_producer_with_no_taskflow' retrieved from /home/airflow/.local/lib/python3.12/site-packages/airflow/example_dags/example_dataset_alias_with_no_taskflow.py
[2025-04-02T08:23:28.162+0000] {logging_mixin.py:190} INFO - [2025-04-02T08:23:28.162+0000] {dag.py:3239} INFO - Sync 4 DAGs
[2025-04-02T08:23:28.176+0000] {logging_mixin.py:190} INFO - [2025-04-02T08:23:28.176+0000] {dag.py:4180} INFO - Setting next_dagrun for dataset_alias_example_alias_consumer_with_no_taskflow to None, run_after=None
[2025-04-02T08:23:28.178+0000] {logging_mixin.py:190} INFO - [2025-04-02T08:23:28.178+0000] {dag.py:4180} INFO - Setting next_dagrun for dataset_alias_example_alias_producer_with_no_taskflow to None, run_after=None
[2025-04-02T08:23:28.180+0000] {logging_mixin.py:190} INFO - [2025-04-02T08:23:28.180+0000] {dag.py:4180} INFO - Setting next_dagrun for dataset_s3_bucket_consumer_with_no_taskflow to None, run_after=None
[2025-04-02T08:23:28.181+0000] {logging_mixin.py:190} INFO - [2025-04-02T08:23:28.181+0000] {dag.py:4180} INFO - Setting next_dagrun for dataset_s3_bucket_producer_with_no_taskflow to None, run_after=None
[2025-04-02T08:23:28.193+0000] {processor.py:208} INFO - Processing /home/airflow/.local/lib/python3.12/site-packages/airflow/example_dags/example_dataset_alias_with_no_taskflow.py took 0.438 seconds
[2025-04-02T08:23:59.040+0000] {processor.py:186} INFO - Started process (PID=140) to work on /home/airflow/.local/lib/python3.12/site-packages/airflow/example_dags/example_dataset_alias_with_no_taskflow.py
[2025-04-02T08:23:59.041+0000] {processor.py:914} INFO - Processing file /home/airflow/.local/lib/python3.12/site-packages/airflow/example_dags/example_dataset_alias_with_no_taskflow.py for tasks to queue
[2025-04-02T08:23:59.042+0000] {logging_mixin.py:190} INFO - [2025-04-02T08:23:59.042+0000] {dagbag.py:588} INFO - Filling up the DagBag from /home/airflow/.local/lib/python3.12/site-packages/airflow/example_dags/example_dataset_alias_with_no_taskflow.py
[2025-04-02T08:23:59.433+0000] {processor.py:925} INFO - DAG(s) 'dataset_alias_example_alias_producer_with_no_taskflow', 'dataset_s3_bucket_consumer_with_no_taskflow', 'dataset_s3_bucket_producer_with_no_taskflow', 'dataset_alias_example_alias_consumer_with_no_taskflow' retrieved from /home/airflow/.local/lib/python3.12/site-packages/airflow/example_dags/example_dataset_alias_with_no_taskflow.py
[2025-04-02T08:23:59.447+0000] {logging_mixin.py:190} INFO - [2025-04-02T08:23:59.446+0000] {dag.py:3239} INFO - Sync 4 DAGs
[2025-04-02T08:23:59.462+0000] {logging_mixin.py:190} INFO - [2025-04-02T08:23:59.461+0000] {dag.py:4180} INFO - Setting next_dagrun for dataset_alias_example_alias_consumer_with_no_taskflow to None, run_after=None
[2025-04-02T08:23:59.463+0000] {logging_mixin.py:190} INFO - [2025-04-02T08:23:59.463+0000] {dag.py:4180} INFO - Setting next_dagrun for dataset_alias_example_alias_producer_with_no_taskflow to None, run_after=None
[2025-04-02T08:23:59.466+0000] {logging_mixin.py:190} INFO - [2025-04-02T08:23:59.465+0000] {dag.py:4180} INFO - Setting next_dagrun for dataset_s3_bucket_consumer_with_no_taskflow to None, run_after=None
[2025-04-02T08:23:59.467+0000] {logging_mixin.py:190} INFO - [2025-04-02T08:23:59.466+0000] {dag.py:4180} INFO - Setting next_dagrun for dataset_s3_bucket_producer_with_no_taskflow to None, run_after=None
[2025-04-02T08:23:59.479+0000] {processor.py:208} INFO - Processing /home/airflow/.local/lib/python3.12/site-packages/airflow/example_dags/example_dataset_alias_with_no_taskflow.py took 0.442 seconds
[2025-04-02T08:31:34.163+0000] {processor.py:186} INFO - Started process (PID=75) to work on /home/airflow/.local/lib/python3.12/site-packages/airflow/example_dags/example_dataset_alias_with_no_taskflow.py
[2025-04-02T08:31:34.164+0000] {processor.py:914} INFO - Processing file /home/airflow/.local/lib/python3.12/site-packages/airflow/example_dags/example_dataset_alias_with_no_taskflow.py for tasks to queue
[2025-04-02T08:31:34.166+0000] {logging_mixin.py:190} INFO - [2025-04-02T08:31:34.165+0000] {dagbag.py:588} INFO - Filling up the DagBag from /home/airflow/.local/lib/python3.12/site-packages/airflow/example_dags/example_dataset_alias_with_no_taskflow.py
[2025-04-02T08:31:34.649+0000] {processor.py:925} INFO - DAG(s) 'dataset_alias_example_alias_consumer_with_no_taskflow', 'dataset_alias_example_alias_producer_with_no_taskflow', 'dataset_s3_bucket_consumer_with_no_taskflow', 'dataset_s3_bucket_producer_with_no_taskflow' retrieved from /home/airflow/.local/lib/python3.12/site-packages/airflow/example_dags/example_dataset_alias_with_no_taskflow.py
[2025-04-02T08:31:34.664+0000] {logging_mixin.py:190} INFO - [2025-04-02T08:31:34.664+0000] {dag.py:3239} INFO - Sync 4 DAGs
[2025-04-02T08:31:34.679+0000] {logging_mixin.py:190} INFO - [2025-04-02T08:31:34.679+0000] {dag.py:4180} INFO - Setting next_dagrun for dataset_alias_example_alias_consumer_with_no_taskflow to None, run_after=None
[2025-04-02T08:31:34.681+0000] {logging_mixin.py:190} INFO - [2025-04-02T08:31:34.681+0000] {dag.py:4180} INFO - Setting next_dagrun for dataset_alias_example_alias_producer_with_no_taskflow to None, run_after=None
[2025-04-02T08:31:34.683+0000] {logging_mixin.py:190} INFO - [2025-04-02T08:31:34.683+0000] {dag.py:4180} INFO - Setting next_dagrun for dataset_s3_bucket_consumer_with_no_taskflow to None, run_after=None
[2025-04-02T08:31:34.684+0000] {logging_mixin.py:190} INFO - [2025-04-02T08:31:34.684+0000] {dag.py:4180} INFO - Setting next_dagrun for dataset_s3_bucket_producer_with_no_taskflow to None, run_after=None
[2025-04-02T08:31:34.697+0000] {processor.py:208} INFO - Processing /home/airflow/.local/lib/python3.12/site-packages/airflow/example_dags/example_dataset_alias_with_no_taskflow.py took 0.537 seconds
[2025-04-02T08:32:05.596+0000] {processor.py:186} INFO - Started process (PID=139) to work on /home/airflow/.local/lib/python3.12/site-packages/airflow/example_dags/example_dataset_alias_with_no_taskflow.py
[2025-04-02T08:32:05.596+0000] {processor.py:914} INFO - Processing file /home/airflow/.local/lib/python3.12/site-packages/airflow/example_dags/example_dataset_alias_with_no_taskflow.py for tasks to queue
[2025-04-02T08:32:05.598+0000] {logging_mixin.py:190} INFO - [2025-04-02T08:32:05.598+0000] {dagbag.py:588} INFO - Filling up the DagBag from /home/airflow/.local/lib/python3.12/site-packages/airflow/example_dags/example_dataset_alias_with_no_taskflow.py
[2025-04-02T08:32:06.003+0000] {processor.py:925} INFO - DAG(s) 'dataset_alias_example_alias_producer_with_no_taskflow', 'dataset_alias_example_alias_consumer_with_no_taskflow', 'dataset_s3_bucket_consumer_with_no_taskflow', 'dataset_s3_bucket_producer_with_no_taskflow' retrieved from /home/airflow/.local/lib/python3.12/site-packages/airflow/example_dags/example_dataset_alias_with_no_taskflow.py
[2025-04-02T08:32:06.016+0000] {logging_mixin.py:190} INFO - [2025-04-02T08:32:06.016+0000] {dag.py:3239} INFO - Sync 4 DAGs
[2025-04-02T08:32:06.029+0000] {logging_mixin.py:190} INFO - [2025-04-02T08:32:06.029+0000] {dag.py:4180} INFO - Setting next_dagrun for dataset_alias_example_alias_consumer_with_no_taskflow to None, run_after=None
[2025-04-02T08:32:06.030+0000] {logging_mixin.py:190} INFO - [2025-04-02T08:32:06.030+0000] {dag.py:4180} INFO - Setting next_dagrun for dataset_alias_example_alias_producer_with_no_taskflow to None, run_after=None
[2025-04-02T08:32:06.032+0000] {logging_mixin.py:190} INFO - [2025-04-02T08:32:06.032+0000] {dag.py:4180} INFO - Setting next_dagrun for dataset_s3_bucket_consumer_with_no_taskflow to None, run_after=None
[2025-04-02T08:32:06.033+0000] {logging_mixin.py:190} INFO - [2025-04-02T08:32:06.033+0000] {dag.py:4180} INFO - Setting next_dagrun for dataset_s3_bucket_producer_with_no_taskflow to None, run_after=None
[2025-04-02T08:32:06.047+0000] {processor.py:208} INFO - Processing /home/airflow/.local/lib/python3.12/site-packages/airflow/example_dags/example_dataset_alias_with_no_taskflow.py took 0.454 seconds
[2025-04-02T08:32:36.947+0000] {processor.py:186} INFO - Started process (PID=203) to work on /home/airflow/.local/lib/python3.12/site-packages/airflow/example_dags/example_dataset_alias_with_no_taskflow.py
[2025-04-02T08:32:36.947+0000] {processor.py:914} INFO - Processing file /home/airflow/.local/lib/python3.12/site-packages/airflow/example_dags/example_dataset_alias_with_no_taskflow.py for tasks to queue
[2025-04-02T08:32:36.949+0000] {logging_mixin.py:190} INFO - [2025-04-02T08:32:36.949+0000] {dagbag.py:588} INFO - Filling up the DagBag from /home/airflow/.local/lib/python3.12/site-packages/airflow/example_dags/example_dataset_alias_with_no_taskflow.py
[2025-04-02T08:32:37.361+0000] {processor.py:925} INFO - DAG(s) 'dataset_s3_bucket_producer_with_no_taskflow', 'dataset_alias_example_alias_producer_with_no_taskflow', 'dataset_s3_bucket_consumer_with_no_taskflow', 'dataset_alias_example_alias_consumer_with_no_taskflow' retrieved from /home/airflow/.local/lib/python3.12/site-packages/airflow/example_dags/example_dataset_alias_with_no_taskflow.py
[2025-04-02T08:32:37.374+0000] {logging_mixin.py:190} INFO - [2025-04-02T08:32:37.374+0000] {dag.py:3239} INFO - Sync 4 DAGs
[2025-04-02T08:32:37.388+0000] {logging_mixin.py:190} INFO - [2025-04-02T08:32:37.388+0000] {dag.py:4180} INFO - Setting next_dagrun for dataset_alias_example_alias_consumer_with_no_taskflow to None, run_after=None
[2025-04-02T08:32:37.390+0000] {logging_mixin.py:190} INFO - [2025-04-02T08:32:37.390+0000] {dag.py:4180} INFO - Setting next_dagrun for dataset_alias_example_alias_producer_with_no_taskflow to None, run_after=None
[2025-04-02T08:32:37.391+0000] {logging_mixin.py:190} INFO - [2025-04-02T08:32:37.391+0000] {dag.py:4180} INFO - Setting next_dagrun for dataset_s3_bucket_consumer_with_no_taskflow to None, run_after=None
[2025-04-02T08:32:37.392+0000] {logging_mixin.py:190} INFO - [2025-04-02T08:32:37.392+0000] {dag.py:4180} INFO - Setting next_dagrun for dataset_s3_bucket_producer_with_no_taskflow to None, run_after=None
[2025-04-02T08:32:37.405+0000] {processor.py:208} INFO - Processing /home/airflow/.local/lib/python3.12/site-packages/airflow/example_dags/example_dataset_alias_with_no_taskflow.py took 0.462 seconds
[2025-04-02T08:33:08.184+0000] {processor.py:186} INFO - Started process (PID=267) to work on /home/airflow/.local/lib/python3.12/site-packages/airflow/example_dags/example_dataset_alias_with_no_taskflow.py
[2025-04-02T08:33:08.185+0000] {processor.py:914} INFO - Processing file /home/airflow/.local/lib/python3.12/site-packages/airflow/example_dags/example_dataset_alias_with_no_taskflow.py for tasks to queue
[2025-04-02T08:33:08.187+0000] {logging_mixin.py:190} INFO - [2025-04-02T08:33:08.186+0000] {dagbag.py:588} INFO - Filling up the DagBag from /home/airflow/.local/lib/python3.12/site-packages/airflow/example_dags/example_dataset_alias_with_no_taskflow.py
[2025-04-02T08:33:08.637+0000] {processor.py:925} INFO - DAG(s) 'dataset_s3_bucket_consumer_with_no_taskflow', 'dataset_alias_example_alias_producer_with_no_taskflow', 'dataset_s3_bucket_producer_with_no_taskflow', 'dataset_alias_example_alias_consumer_with_no_taskflow' retrieved from /home/airflow/.local/lib/python3.12/site-packages/airflow/example_dags/example_dataset_alias_with_no_taskflow.py
[2025-04-02T08:33:08.652+0000] {logging_mixin.py:190} INFO - [2025-04-02T08:33:08.652+0000] {dag.py:3239} INFO - Sync 4 DAGs
[2025-04-02T08:33:08.666+0000] {logging_mixin.py:190} INFO - [2025-04-02T08:33:08.666+0000] {dag.py:4180} INFO - Setting next_dagrun for dataset_alias_example_alias_consumer_with_no_taskflow to None, run_after=None
[2025-04-02T08:33:08.668+0000] {logging_mixin.py:190} INFO - [2025-04-02T08:33:08.668+0000] {dag.py:4180} INFO - Setting next_dagrun for dataset_alias_example_alias_producer_with_no_taskflow to None, run_after=None
[2025-04-02T08:33:08.669+0000] {logging_mixin.py:190} INFO - [2025-04-02T08:33:08.669+0000] {dag.py:4180} INFO - Setting next_dagrun for dataset_s3_bucket_consumer_with_no_taskflow to None, run_after=None
[2025-04-02T08:33:08.670+0000] {logging_mixin.py:190} INFO - [2025-04-02T08:33:08.670+0000] {dag.py:4180} INFO - Setting next_dagrun for dataset_s3_bucket_producer_with_no_taskflow to None, run_after=None
[2025-04-02T08:33:08.684+0000] {processor.py:208} INFO - Processing /home/airflow/.local/lib/python3.12/site-packages/airflow/example_dags/example_dataset_alias_with_no_taskflow.py took 0.504 seconds
