[2025-04-02T08:21:54.738+0000] {processor.py:186} INFO - Started process (PID=91) to work on /home/airflow/.local/lib/python3.12/site-packages/airflow/example_dags/example_kubernetes_executor.py
[2025-04-02T08:21:54.739+0000] {processor.py:914} INFO - Processing file /home/airflow/.local/lib/python3.12/site-packages/airflow/example_dags/example_kubernetes_executor.py for tasks to queue
[2025-04-02T08:21:54.740+0000] {logging_mixin.py:190} INFO - [2025-04-02T08:21:54.740+0000] {dagbag.py:588} INFO - Filling up the DagBag from /home/airflow/.local/lib/python3.12/site-packages/airflow/example_dags/example_kubernetes_executor.py
[2025-04-02T08:21:54.750+0000] {processor.py:925} INFO - DAG(s) 'example_kubernetes_executor' retrieved from /home/airflow/.local/lib/python3.12/site-packages/airflow/example_dags/example_kubernetes_executor.py
[2025-04-02T08:21:54.831+0000] {logging_mixin.py:190} INFO - [2025-04-02T08:21:54.831+0000] {override.py:1912} INFO - Created Permission View: can delete on DAG:example_kubernetes_executor
[2025-04-02T08:21:54.837+0000] {logging_mixin.py:190} INFO - [2025-04-02T08:21:54.837+0000] {override.py:1912} INFO - Created Permission View: can edit on DAG:example_kubernetes_executor
[2025-04-02T08:21:54.841+0000] {logging_mixin.py:190} INFO - [2025-04-02T08:21:54.841+0000] {override.py:1912} INFO - Created Permission View: can read on DAG:example_kubernetes_executor
[2025-04-02T08:21:54.845+0000] {logging_mixin.py:190} INFO - [2025-04-02T08:21:54.845+0000] {override.py:1912} INFO - Created Permission View: can delete on DAG Run:example_kubernetes_executor
[2025-04-02T08:21:54.849+0000] {logging_mixin.py:190} INFO - [2025-04-02T08:21:54.849+0000] {override.py:1912} INFO - Created Permission View: can create on DAG Run:example_kubernetes_executor
[2025-04-02T08:21:54.853+0000] {logging_mixin.py:190} INFO - [2025-04-02T08:21:54.852+0000] {override.py:1912} INFO - Created Permission View: can read on DAG Run:example_kubernetes_executor
[2025-04-02T08:21:54.857+0000] {logging_mixin.py:190} INFO - [2025-04-02T08:21:54.856+0000] {override.py:1912} INFO - Created Permission View: menu access on DAG Run:example_kubernetes_executor
[2025-04-02T08:21:54.857+0000] {logging_mixin.py:190} INFO - [2025-04-02T08:21:54.857+0000] {dag.py:3239} INFO - Sync 1 DAGs
[2025-04-02T08:21:54.865+0000] {logging_mixin.py:190} INFO - [2025-04-02T08:21:54.865+0000] {dag.py:3262} INFO - Creating ORM DAG for example_kubernetes_executor
[2025-04-02T08:21:54.866+0000] {logging_mixin.py:190} INFO - [2025-04-02T08:21:54.866+0000] {dag.py:4180} INFO - Setting next_dagrun for example_kubernetes_executor to None, run_after=None
[2025-04-02T08:21:54.876+0000] {processor.py:208} INFO - Processing /home/airflow/.local/lib/python3.12/site-packages/airflow/example_dags/example_kubernetes_executor.py took 0.141 seconds
[2025-04-02T08:23:28.586+0000] {processor.py:186} INFO - Started process (PID=91) to work on /home/airflow/.local/lib/python3.12/site-packages/airflow/example_dags/example_kubernetes_executor.py
[2025-04-02T08:23:28.587+0000] {processor.py:914} INFO - Processing file /home/airflow/.local/lib/python3.12/site-packages/airflow/example_dags/example_kubernetes_executor.py for tasks to queue
[2025-04-02T08:23:28.588+0000] {logging_mixin.py:190} INFO - [2025-04-02T08:23:28.588+0000] {dagbag.py:588} INFO - Filling up the DagBag from /home/airflow/.local/lib/python3.12/site-packages/airflow/example_dags/example_kubernetes_executor.py
[2025-04-02T08:23:28.598+0000] {processor.py:925} INFO - DAG(s) 'example_kubernetes_executor' retrieved from /home/airflow/.local/lib/python3.12/site-packages/airflow/example_dags/example_kubernetes_executor.py
[2025-04-02T08:23:28.614+0000] {logging_mixin.py:190} INFO - [2025-04-02T08:23:28.614+0000] {dag.py:3239} INFO - Sync 1 DAGs
[2025-04-02T08:23:28.623+0000] {logging_mixin.py:190} INFO - [2025-04-02T08:23:28.623+0000] {dag.py:4180} INFO - Setting next_dagrun for example_kubernetes_executor to None, run_after=None
[2025-04-02T08:23:28.635+0000] {processor.py:208} INFO - Processing /home/airflow/.local/lib/python3.12/site-packages/airflow/example_dags/example_kubernetes_executor.py took 0.052 seconds
[2025-04-02T08:23:59.833+0000] {processor.py:186} INFO - Started process (PID=155) to work on /home/airflow/.local/lib/python3.12/site-packages/airflow/example_dags/example_kubernetes_executor.py
[2025-04-02T08:23:59.834+0000] {processor.py:914} INFO - Processing file /home/airflow/.local/lib/python3.12/site-packages/airflow/example_dags/example_kubernetes_executor.py for tasks to queue
[2025-04-02T08:23:59.835+0000] {logging_mixin.py:190} INFO - [2025-04-02T08:23:59.835+0000] {dagbag.py:588} INFO - Filling up the DagBag from /home/airflow/.local/lib/python3.12/site-packages/airflow/example_dags/example_kubernetes_executor.py
[2025-04-02T08:23:59.845+0000] {processor.py:925} INFO - DAG(s) 'example_kubernetes_executor' retrieved from /home/airflow/.local/lib/python3.12/site-packages/airflow/example_dags/example_kubernetes_executor.py
[2025-04-02T08:23:59.863+0000] {logging_mixin.py:190} INFO - [2025-04-02T08:23:59.862+0000] {dag.py:3239} INFO - Sync 1 DAGs
[2025-04-02T08:23:59.872+0000] {logging_mixin.py:190} INFO - [2025-04-02T08:23:59.872+0000] {dag.py:4180} INFO - Setting next_dagrun for example_kubernetes_executor to None, run_after=None
[2025-04-02T08:23:59.883+0000] {processor.py:208} INFO - Processing /home/airflow/.local/lib/python3.12/site-packages/airflow/example_dags/example_kubernetes_executor.py took 0.053 seconds
[2025-04-02T08:31:35.109+0000] {processor.py:186} INFO - Started process (PID=90) to work on /home/airflow/.local/lib/python3.12/site-packages/airflow/example_dags/example_kubernetes_executor.py
[2025-04-02T08:31:35.110+0000] {processor.py:914} INFO - Processing file /home/airflow/.local/lib/python3.12/site-packages/airflow/example_dags/example_kubernetes_executor.py for tasks to queue
[2025-04-02T08:31:35.111+0000] {logging_mixin.py:190} INFO - [2025-04-02T08:31:35.111+0000] {dagbag.py:588} INFO - Filling up the DagBag from /home/airflow/.local/lib/python3.12/site-packages/airflow/example_dags/example_kubernetes_executor.py
[2025-04-02T08:31:35.121+0000] {processor.py:925} INFO - DAG(s) 'example_kubernetes_executor' retrieved from /home/airflow/.local/lib/python3.12/site-packages/airflow/example_dags/example_kubernetes_executor.py
[2025-04-02T08:31:35.138+0000] {logging_mixin.py:190} INFO - [2025-04-02T08:31:35.138+0000] {dag.py:3239} INFO - Sync 1 DAGs
[2025-04-02T08:31:35.148+0000] {logging_mixin.py:190} INFO - [2025-04-02T08:31:35.148+0000] {dag.py:4180} INFO - Setting next_dagrun for example_kubernetes_executor to None, run_after=None
[2025-04-02T08:31:35.160+0000] {processor.py:208} INFO - Processing /home/airflow/.local/lib/python3.12/site-packages/airflow/example_dags/example_kubernetes_executor.py took 0.055 seconds
[2025-04-02T08:32:06.352+0000] {processor.py:186} INFO - Started process (PID=154) to work on /home/airflow/.local/lib/python3.12/site-packages/airflow/example_dags/example_kubernetes_executor.py
[2025-04-02T08:32:06.353+0000] {processor.py:914} INFO - Processing file /home/airflow/.local/lib/python3.12/site-packages/airflow/example_dags/example_kubernetes_executor.py for tasks to queue
[2025-04-02T08:32:06.354+0000] {logging_mixin.py:190} INFO - [2025-04-02T08:32:06.354+0000] {dagbag.py:588} INFO - Filling up the DagBag from /home/airflow/.local/lib/python3.12/site-packages/airflow/example_dags/example_kubernetes_executor.py
[2025-04-02T08:32:06.363+0000] {processor.py:925} INFO - DAG(s) 'example_kubernetes_executor' retrieved from /home/airflow/.local/lib/python3.12/site-packages/airflow/example_dags/example_kubernetes_executor.py
[2025-04-02T08:32:06.379+0000] {logging_mixin.py:190} INFO - [2025-04-02T08:32:06.379+0000] {dag.py:3239} INFO - Sync 1 DAGs
[2025-04-02T08:32:06.389+0000] {logging_mixin.py:190} INFO - [2025-04-02T08:32:06.389+0000] {dag.py:4180} INFO - Setting next_dagrun for example_kubernetes_executor to None, run_after=None
[2025-04-02T08:32:06.399+0000] {processor.py:208} INFO - Processing /home/airflow/.local/lib/python3.12/site-packages/airflow/example_dags/example_kubernetes_executor.py took 0.050 seconds
[2025-04-02T08:32:37.652+0000] {processor.py:186} INFO - Started process (PID=217) to work on /home/airflow/.local/lib/python3.12/site-packages/airflow/example_dags/example_kubernetes_executor.py
[2025-04-02T08:32:37.652+0000] {processor.py:914} INFO - Processing file /home/airflow/.local/lib/python3.12/site-packages/airflow/example_dags/example_kubernetes_executor.py for tasks to queue
[2025-04-02T08:32:37.654+0000] {logging_mixin.py:190} INFO - [2025-04-02T08:32:37.654+0000] {dagbag.py:588} INFO - Filling up the DagBag from /home/airflow/.local/lib/python3.12/site-packages/airflow/example_dags/example_kubernetes_executor.py
[2025-04-02T08:32:37.663+0000] {processor.py:925} INFO - DAG(s) 'example_kubernetes_executor' retrieved from /home/airflow/.local/lib/python3.12/site-packages/airflow/example_dags/example_kubernetes_executor.py
[2025-04-02T08:32:37.680+0000] {logging_mixin.py:190} INFO - [2025-04-02T08:32:37.680+0000] {dag.py:3239} INFO - Sync 1 DAGs
[2025-04-02T08:32:37.689+0000] {logging_mixin.py:190} INFO - [2025-04-02T08:32:37.689+0000] {dag.py:4180} INFO - Setting next_dagrun for example_kubernetes_executor to None, run_after=None
[2025-04-02T08:32:37.701+0000] {processor.py:208} INFO - Processing /home/airflow/.local/lib/python3.12/site-packages/airflow/example_dags/example_kubernetes_executor.py took 0.053 seconds
[2025-04-02T08:33:08.961+0000] {processor.py:186} INFO - Started process (PID=282) to work on /home/airflow/.local/lib/python3.12/site-packages/airflow/example_dags/example_kubernetes_executor.py
[2025-04-02T08:33:08.961+0000] {processor.py:914} INFO - Processing file /home/airflow/.local/lib/python3.12/site-packages/airflow/example_dags/example_kubernetes_executor.py for tasks to queue
[2025-04-02T08:33:08.963+0000] {logging_mixin.py:190} INFO - [2025-04-02T08:33:08.963+0000] {dagbag.py:588} INFO - Filling up the DagBag from /home/airflow/.local/lib/python3.12/site-packages/airflow/example_dags/example_kubernetes_executor.py
[2025-04-02T08:33:08.972+0000] {processor.py:925} INFO - DAG(s) 'example_kubernetes_executor' retrieved from /home/airflow/.local/lib/python3.12/site-packages/airflow/example_dags/example_kubernetes_executor.py
[2025-04-02T08:33:08.988+0000] {logging_mixin.py:190} INFO - [2025-04-02T08:33:08.988+0000] {dag.py:3239} INFO - Sync 1 DAGs
[2025-04-02T08:33:08.997+0000] {logging_mixin.py:190} INFO - [2025-04-02T08:33:08.996+0000] {dag.py:4180} INFO - Setting next_dagrun for example_kubernetes_executor to None, run_after=None
[2025-04-02T08:33:09.008+0000] {processor.py:208} INFO - Processing /home/airflow/.local/lib/python3.12/site-packages/airflow/example_dags/example_kubernetes_executor.py took 0.051 seconds
