[2025-04-02T08:21:50.963+0000] {processor.py:186} INFO - Started process (PID=55) to work on /home/airflow/.local/lib/python3.12/site-packages/airflow/example_dags/example_branch_operator.py
[2025-04-02T08:21:50.964+0000] {processor.py:914} INFO - Processing file /home/airflow/.local/lib/python3.12/site-packages/airflow/example_dags/example_branch_operator.py for tasks to queue
[2025-04-02T08:21:50.965+0000] {logging_mixin.py:190} INFO - [2025-04-02T08:21:50.965+0000] {dagbag.py:588} INFO - Filling up the DagBag from /home/airflow/.local/lib/python3.12/site-packages/airflow/example_dags/example_branch_operator.py
[2025-04-02T08:21:50.983+0000] {processor.py:925} INFO - DAG(s) 'example_branch_operator' retrieved from /home/airflow/.local/lib/python3.12/site-packages/airflow/example_dags/example_branch_operator.py
[2025-04-02T08:21:51.063+0000] {logging_mixin.py:190} INFO - [2025-04-02T08:21:51.062+0000] {override.py:1912} INFO - Created Permission View: can delete on DAG:example_branch_operator
[2025-04-02T08:21:51.069+0000] {logging_mixin.py:190} INFO - [2025-04-02T08:21:51.069+0000] {override.py:1912} INFO - Created Permission View: can edit on DAG:example_branch_operator
[2025-04-02T08:21:51.073+0000] {logging_mixin.py:190} INFO - [2025-04-02T08:21:51.073+0000] {override.py:1912} INFO - Created Permission View: can read on DAG:example_branch_operator
[2025-04-02T08:21:51.078+0000] {logging_mixin.py:190} INFO - [2025-04-02T08:21:51.078+0000] {override.py:1912} INFO - Created Permission View: can delete on DAG Run:example_branch_operator
[2025-04-02T08:21:51.082+0000] {logging_mixin.py:190} INFO - [2025-04-02T08:21:51.082+0000] {override.py:1912} INFO - Created Permission View: can create on DAG Run:example_branch_operator
[2025-04-02T08:21:51.086+0000] {logging_mixin.py:190} INFO - [2025-04-02T08:21:51.086+0000] {override.py:1912} INFO - Created Permission View: can read on DAG Run:example_branch_operator
[2025-04-02T08:21:51.092+0000] {logging_mixin.py:190} INFO - [2025-04-02T08:21:51.092+0000] {override.py:1912} INFO - Created Permission View: menu access on DAG Run:example_branch_operator
[2025-04-02T08:21:51.093+0000] {logging_mixin.py:190} INFO - [2025-04-02T08:21:51.093+0000] {dag.py:3239} INFO - Sync 1 DAGs
[2025-04-02T08:21:51.113+0000] {logging_mixin.py:190} INFO - [2025-04-02T08:21:51.113+0000] {dag.py:3262} INFO - Creating ORM DAG for example_branch_operator
[2025-04-02T08:21:51.146+0000] {logging_mixin.py:190} INFO - [2025-04-02T08:21:51.146+0000] {dag.py:4180} INFO - Setting next_dagrun for example_branch_operator to 2025-04-01 00:00:00+00:00, run_after=2025-04-02 00:00:00+00:00
[2025-04-02T08:21:51.174+0000] {processor.py:208} INFO - Processing /home/airflow/.local/lib/python3.12/site-packages/airflow/example_dags/example_branch_operator.py took 0.214 seconds
[2025-04-02T08:23:25.372+0000] {processor.py:186} INFO - Started process (PID=55) to work on /home/airflow/.local/lib/python3.12/site-packages/airflow/example_dags/example_branch_operator.py
[2025-04-02T08:23:25.372+0000] {processor.py:914} INFO - Processing file /home/airflow/.local/lib/python3.12/site-packages/airflow/example_dags/example_branch_operator.py for tasks to queue
[2025-04-02T08:23:25.374+0000] {logging_mixin.py:190} INFO - [2025-04-02T08:23:25.374+0000] {dagbag.py:588} INFO - Filling up the DagBag from /home/airflow/.local/lib/python3.12/site-packages/airflow/example_dags/example_branch_operator.py
[2025-04-02T08:23:25.391+0000] {processor.py:925} INFO - DAG(s) 'example_branch_operator' retrieved from /home/airflow/.local/lib/python3.12/site-packages/airflow/example_dags/example_branch_operator.py
[2025-04-02T08:23:25.554+0000] {logging_mixin.py:190} INFO - [2025-04-02T08:23:25.554+0000] {dag.py:3239} INFO - Sync 1 DAGs
[2025-04-02T08:23:25.570+0000] {logging_mixin.py:190} INFO - [2025-04-02T08:23:25.570+0000] {dag.py:4180} INFO - Setting next_dagrun for example_branch_operator to 2025-04-01 00:00:00+00:00, run_after=2025-04-02 00:00:00+00:00
[2025-04-02T08:23:25.584+0000] {processor.py:208} INFO - Processing /home/airflow/.local/lib/python3.12/site-packages/airflow/example_dags/example_branch_operator.py took 0.215 seconds
[2025-04-02T08:23:56.083+0000] {processor.py:186} INFO - Started process (PID=119) to work on /home/airflow/.local/lib/python3.12/site-packages/airflow/example_dags/example_branch_operator.py
[2025-04-02T08:23:56.083+0000] {processor.py:914} INFO - Processing file /home/airflow/.local/lib/python3.12/site-packages/airflow/example_dags/example_branch_operator.py for tasks to queue
[2025-04-02T08:23:56.084+0000] {logging_mixin.py:190} INFO - [2025-04-02T08:23:56.084+0000] {dagbag.py:588} INFO - Filling up the DagBag from /home/airflow/.local/lib/python3.12/site-packages/airflow/example_dags/example_branch_operator.py
[2025-04-02T08:23:56.096+0000] {processor.py:925} INFO - DAG(s) 'example_branch_operator' retrieved from /home/airflow/.local/lib/python3.12/site-packages/airflow/example_dags/example_branch_operator.py
[2025-04-02T08:23:56.113+0000] {logging_mixin.py:190} INFO - [2025-04-02T08:23:56.113+0000] {dag.py:3239} INFO - Sync 1 DAGs
[2025-04-02T08:23:56.130+0000] {logging_mixin.py:190} INFO - [2025-04-02T08:23:56.129+0000] {dag.py:4180} INFO - Setting next_dagrun for example_branch_operator to 2025-04-01 00:00:00+00:00, run_after=2025-04-02 00:00:00+00:00
[2025-04-02T08:23:56.141+0000] {processor.py:208} INFO - Processing /home/airflow/.local/lib/python3.12/site-packages/airflow/example_dags/example_branch_operator.py took 0.062 seconds
[2025-04-02T08:31:32.375+0000] {processor.py:186} INFO - Started process (PID=54) to work on /home/airflow/.local/lib/python3.12/site-packages/airflow/example_dags/example_branch_operator.py
[2025-04-02T08:31:32.376+0000] {processor.py:914} INFO - Processing file /home/airflow/.local/lib/python3.12/site-packages/airflow/example_dags/example_branch_operator.py for tasks to queue
[2025-04-02T08:31:32.377+0000] {logging_mixin.py:190} INFO - [2025-04-02T08:31:32.377+0000] {dagbag.py:588} INFO - Filling up the DagBag from /home/airflow/.local/lib/python3.12/site-packages/airflow/example_dags/example_branch_operator.py
[2025-04-02T08:31:32.396+0000] {processor.py:925} INFO - DAG(s) 'example_branch_operator' retrieved from /home/airflow/.local/lib/python3.12/site-packages/airflow/example_dags/example_branch_operator.py
[2025-04-02T08:31:32.566+0000] {logging_mixin.py:190} INFO - [2025-04-02T08:31:32.566+0000] {dag.py:3239} INFO - Sync 1 DAGs
[2025-04-02T08:31:32.594+0000] {logging_mixin.py:190} INFO - [2025-04-02T08:31:32.594+0000] {dag.py:4180} INFO - Setting next_dagrun for example_branch_operator to 2025-04-01 00:00:00+00:00, run_after=2025-04-02 00:00:00+00:00
[2025-04-02T08:31:32.633+0000] {processor.py:208} INFO - Processing /home/airflow/.local/lib/python3.12/site-packages/airflow/example_dags/example_branch_operator.py took 0.261 seconds
[2025-04-02T08:32:03.568+0000] {processor.py:186} INFO - Started process (PID=124) to work on /home/airflow/.local/lib/python3.12/site-packages/airflow/example_dags/example_branch_operator.py
[2025-04-02T08:32:03.568+0000] {processor.py:914} INFO - Processing file /home/airflow/.local/lib/python3.12/site-packages/airflow/example_dags/example_branch_operator.py for tasks to queue
[2025-04-02T08:32:03.571+0000] {logging_mixin.py:190} INFO - [2025-04-02T08:32:03.571+0000] {dagbag.py:588} INFO - Filling up the DagBag from /home/airflow/.local/lib/python3.12/site-packages/airflow/example_dags/example_branch_operator.py
[2025-04-02T08:32:03.586+0000] {processor.py:925} INFO - DAG(s) 'example_branch_operator' retrieved from /home/airflow/.local/lib/python3.12/site-packages/airflow/example_dags/example_branch_operator.py
[2025-04-02T08:32:03.606+0000] {logging_mixin.py:190} INFO - [2025-04-02T08:32:03.606+0000] {dag.py:3239} INFO - Sync 1 DAGs
[2025-04-02T08:32:03.623+0000] {logging_mixin.py:190} INFO - [2025-04-02T08:32:03.623+0000] {dag.py:4180} INFO - Setting next_dagrun for example_branch_operator to 2025-04-01 00:00:00+00:00, run_after=2025-04-02 00:00:00+00:00
[2025-04-02T08:32:03.635+0000] {processor.py:208} INFO - Processing /home/airflow/.local/lib/python3.12/site-packages/airflow/example_dags/example_branch_operator.py took 0.072 seconds
[2025-04-02T08:32:33.857+0000] {processor.py:186} INFO - Started process (PID=188) to work on /home/airflow/.local/lib/python3.12/site-packages/airflow/example_dags/example_branch_operator.py
[2025-04-02T08:32:33.858+0000] {processor.py:914} INFO - Processing file /home/airflow/.local/lib/python3.12/site-packages/airflow/example_dags/example_branch_operator.py for tasks to queue
[2025-04-02T08:32:33.859+0000] {logging_mixin.py:190} INFO - [2025-04-02T08:32:33.859+0000] {dagbag.py:588} INFO - Filling up the DagBag from /home/airflow/.local/lib/python3.12/site-packages/airflow/example_dags/example_branch_operator.py
[2025-04-02T08:32:33.870+0000] {processor.py:925} INFO - DAG(s) 'example_branch_operator' retrieved from /home/airflow/.local/lib/python3.12/site-packages/airflow/example_dags/example_branch_operator.py
[2025-04-02T08:32:33.888+0000] {logging_mixin.py:190} INFO - [2025-04-02T08:32:33.888+0000] {dag.py:3239} INFO - Sync 1 DAGs
[2025-04-02T08:32:33.903+0000] {logging_mixin.py:190} INFO - [2025-04-02T08:32:33.902+0000] {dag.py:4180} INFO - Setting next_dagrun for example_branch_operator to 2025-04-01 00:00:00+00:00, run_after=2025-04-02 00:00:00+00:00
[2025-04-02T08:32:33.914+0000] {processor.py:208} INFO - Processing /home/airflow/.local/lib/python3.12/site-packages/airflow/example_dags/example_branch_operator.py took 0.060 seconds
[2025-04-02T08:33:04.161+0000] {processor.py:186} INFO - Started process (PID=252) to work on /home/airflow/.local/lib/python3.12/site-packages/airflow/example_dags/example_branch_operator.py
[2025-04-02T08:33:04.161+0000] {processor.py:914} INFO - Processing file /home/airflow/.local/lib/python3.12/site-packages/airflow/example_dags/example_branch_operator.py for tasks to queue
[2025-04-02T08:33:04.163+0000] {logging_mixin.py:190} INFO - [2025-04-02T08:33:04.163+0000] {dagbag.py:588} INFO - Filling up the DagBag from /home/airflow/.local/lib/python3.12/site-packages/airflow/example_dags/example_branch_operator.py
[2025-04-02T08:33:04.181+0000] {processor.py:925} INFO - DAG(s) 'example_branch_operator' retrieved from /home/airflow/.local/lib/python3.12/site-packages/airflow/example_dags/example_branch_operator.py
[2025-04-02T08:33:04.200+0000] {logging_mixin.py:190} INFO - [2025-04-02T08:33:04.200+0000] {dag.py:3239} INFO - Sync 1 DAGs
[2025-04-02T08:33:04.215+0000] {logging_mixin.py:190} INFO - [2025-04-02T08:33:04.215+0000] {dag.py:4180} INFO - Setting next_dagrun for example_branch_operator to 2025-04-01 00:00:00+00:00, run_after=2025-04-02 00:00:00+00:00
[2025-04-02T08:33:04.226+0000] {processor.py:208} INFO - Processing /home/airflow/.local/lib/python3.12/site-packages/airflow/example_dags/example_branch_operator.py took 0.069 seconds
