[2025-04-02T08:21:51.193+0000] {processor.py:186} INFO - Started process (PID=63) to work on /home/airflow/.local/lib/python3.12/site-packages/airflow/example_dags/example_xcom.py
[2025-04-02T08:21:51.194+0000] {processor.py:914} INFO - Processing file /home/airflow/.local/lib/python3.12/site-packages/airflow/example_dags/example_xcom.py for tasks to queue
[2025-04-02T08:21:51.196+0000] {logging_mixin.py:190} INFO - [2025-04-02T08:21:51.195+0000] {dagbag.py:588} INFO - Filling up the DagBag from /home/airflow/.local/lib/python3.12/site-packages/airflow/example_dags/example_xcom.py
[2025-04-02T08:21:51.204+0000] {processor.py:925} INFO - DAG(s) 'example_xcom' retrieved from /home/airflow/.local/lib/python3.12/site-packages/airflow/example_dags/example_xcom.py
[2025-04-02T08:21:51.290+0000] {logging_mixin.py:190} INFO - [2025-04-02T08:21:51.290+0000] {override.py:1912} INFO - Created Permission View: can delete on DAG:example_xcom
[2025-04-02T08:21:51.298+0000] {logging_mixin.py:190} INFO - [2025-04-02T08:21:51.298+0000] {override.py:1912} INFO - Created Permission View: can edit on DAG:example_xcom
[2025-04-02T08:21:51.302+0000] {logging_mixin.py:190} INFO - [2025-04-02T08:21:51.302+0000] {override.py:1912} INFO - Created Permission View: can read on DAG:example_xcom
[2025-04-02T08:21:51.306+0000] {logging_mixin.py:190} INFO - [2025-04-02T08:21:51.306+0000] {override.py:1912} INFO - Created Permission View: can delete on DAG Run:example_xcom
[2025-04-02T08:21:51.310+0000] {logging_mixin.py:190} INFO - [2025-04-02T08:21:51.310+0000] {override.py:1912} INFO - Created Permission View: can create on DAG Run:example_xcom
[2025-04-02T08:21:51.314+0000] {logging_mixin.py:190} INFO - [2025-04-02T08:21:51.314+0000] {override.py:1912} INFO - Created Permission View: can read on DAG Run:example_xcom
[2025-04-02T08:21:51.318+0000] {logging_mixin.py:190} INFO - [2025-04-02T08:21:51.318+0000] {override.py:1912} INFO - Created Permission View: menu access on DAG Run:example_xcom
[2025-04-02T08:21:51.319+0000] {logging_mixin.py:190} INFO - [2025-04-02T08:21:51.318+0000] {dag.py:3239} INFO - Sync 1 DAGs
[2025-04-02T08:21:51.327+0000] {logging_mixin.py:190} INFO - [2025-04-02T08:21:51.327+0000] {dag.py:3262} INFO - Creating ORM DAG for example_xcom
[2025-04-02T08:21:51.334+0000] {logging_mixin.py:190} INFO - [2025-04-02T08:21:51.333+0000] {dag.py:4180} INFO - Setting next_dagrun for example_xcom to 2021-01-01 00:00:00+00:00, run_after=2021-01-01 00:00:00+00:00
[2025-04-02T08:21:51.346+0000] {processor.py:208} INFO - Processing /home/airflow/.local/lib/python3.12/site-packages/airflow/example_dags/example_xcom.py took 0.157 seconds
[2025-04-02T08:23:25.600+0000] {processor.py:186} INFO - Started process (PID=57) to work on /home/airflow/.local/lib/python3.12/site-packages/airflow/example_dags/example_xcom.py
[2025-04-02T08:23:25.601+0000] {processor.py:914} INFO - Processing file /home/airflow/.local/lib/python3.12/site-packages/airflow/example_dags/example_xcom.py for tasks to queue
[2025-04-02T08:23:25.603+0000] {logging_mixin.py:190} INFO - [2025-04-02T08:23:25.602+0000] {dagbag.py:588} INFO - Filling up the DagBag from /home/airflow/.local/lib/python3.12/site-packages/airflow/example_dags/example_xcom.py
[2025-04-02T08:23:25.611+0000] {processor.py:925} INFO - DAG(s) 'example_xcom' retrieved from /home/airflow/.local/lib/python3.12/site-packages/airflow/example_dags/example_xcom.py
[2025-04-02T08:23:25.628+0000] {logging_mixin.py:190} INFO - [2025-04-02T08:23:25.628+0000] {dag.py:3239} INFO - Sync 1 DAGs
[2025-04-02T08:23:25.642+0000] {logging_mixin.py:190} INFO - [2025-04-02T08:23:25.641+0000] {dag.py:4180} INFO - Setting next_dagrun for example_xcom to 2021-01-01 00:00:00+00:00, run_after=2021-01-01 00:00:00+00:00
[2025-04-02T08:23:25.652+0000] {processor.py:208} INFO - Processing /home/airflow/.local/lib/python3.12/site-packages/airflow/example_dags/example_xcom.py took 0.055 seconds
[2025-04-02T08:23:56.149+0000] {processor.py:186} INFO - Started process (PID=121) to work on /home/airflow/.local/lib/python3.12/site-packages/airflow/example_dags/example_xcom.py
[2025-04-02T08:23:56.150+0000] {processor.py:914} INFO - Processing file /home/airflow/.local/lib/python3.12/site-packages/airflow/example_dags/example_xcom.py for tasks to queue
[2025-04-02T08:23:56.151+0000] {logging_mixin.py:190} INFO - [2025-04-02T08:23:56.151+0000] {dagbag.py:588} INFO - Filling up the DagBag from /home/airflow/.local/lib/python3.12/site-packages/airflow/example_dags/example_xcom.py
[2025-04-02T08:23:56.157+0000] {processor.py:925} INFO - DAG(s) 'example_xcom' retrieved from /home/airflow/.local/lib/python3.12/site-packages/airflow/example_dags/example_xcom.py
[2025-04-02T08:23:56.169+0000] {logging_mixin.py:190} INFO - [2025-04-02T08:23:56.169+0000] {dag.py:3239} INFO - Sync 1 DAGs
[2025-04-02T08:23:56.183+0000] {logging_mixin.py:190} INFO - [2025-04-02T08:23:56.183+0000] {dag.py:4180} INFO - Setting next_dagrun for example_xcom to 2021-01-01 00:00:00+00:00, run_after=2021-01-01 00:00:00+00:00
[2025-04-02T08:23:56.194+0000] {processor.py:208} INFO - Processing /home/airflow/.local/lib/python3.12/site-packages/airflow/example_dags/example_xcom.py took 0.048 seconds
[2025-04-02T08:31:32.657+0000] {processor.py:186} INFO - Started process (PID=56) to work on /home/airflow/.local/lib/python3.12/site-packages/airflow/example_dags/example_xcom.py
[2025-04-02T08:31:32.658+0000] {processor.py:914} INFO - Processing file /home/airflow/.local/lib/python3.12/site-packages/airflow/example_dags/example_xcom.py for tasks to queue
[2025-04-02T08:31:32.660+0000] {logging_mixin.py:190} INFO - [2025-04-02T08:31:32.659+0000] {dagbag.py:588} INFO - Filling up the DagBag from /home/airflow/.local/lib/python3.12/site-packages/airflow/example_dags/example_xcom.py
[2025-04-02T08:31:32.668+0000] {processor.py:925} INFO - DAG(s) 'example_xcom' retrieved from /home/airflow/.local/lib/python3.12/site-packages/airflow/example_dags/example_xcom.py
[2025-04-02T08:31:32.696+0000] {logging_mixin.py:190} INFO - [2025-04-02T08:31:32.696+0000] {dag.py:3239} INFO - Sync 1 DAGs
[2025-04-02T08:31:32.724+0000] {logging_mixin.py:190} INFO - [2025-04-02T08:31:32.723+0000] {dag.py:4180} INFO - Setting next_dagrun for example_xcom to 2021-01-01 00:00:00+00:00, run_after=2021-01-01 00:00:00+00:00
[2025-04-02T08:31:32.737+0000] {processor.py:208} INFO - Processing /home/airflow/.local/lib/python3.12/site-packages/airflow/example_dags/example_xcom.py took 0.087 seconds
[2025-04-02T08:32:03.646+0000] {processor.py:186} INFO - Started process (PID=126) to work on /home/airflow/.local/lib/python3.12/site-packages/airflow/example_dags/example_xcom.py
[2025-04-02T08:32:03.647+0000] {processor.py:914} INFO - Processing file /home/airflow/.local/lib/python3.12/site-packages/airflow/example_dags/example_xcom.py for tasks to queue
[2025-04-02T08:32:03.648+0000] {logging_mixin.py:190} INFO - [2025-04-02T08:32:03.648+0000] {dagbag.py:588} INFO - Filling up the DagBag from /home/airflow/.local/lib/python3.12/site-packages/airflow/example_dags/example_xcom.py
[2025-04-02T08:32:03.655+0000] {processor.py:925} INFO - DAG(s) 'example_xcom' retrieved from /home/airflow/.local/lib/python3.12/site-packages/airflow/example_dags/example_xcom.py
[2025-04-02T08:32:03.668+0000] {logging_mixin.py:190} INFO - [2025-04-02T08:32:03.668+0000] {dag.py:3239} INFO - Sync 1 DAGs
[2025-04-02T08:32:03.683+0000] {logging_mixin.py:190} INFO - [2025-04-02T08:32:03.683+0000] {dag.py:4180} INFO - Setting next_dagrun for example_xcom to 2021-01-01 00:00:00+00:00, run_after=2021-01-01 00:00:00+00:00
[2025-04-02T08:32:03.694+0000] {processor.py:208} INFO - Processing /home/airflow/.local/lib/python3.12/site-packages/airflow/example_dags/example_xcom.py took 0.053 seconds
[2025-04-02T08:32:33.928+0000] {processor.py:186} INFO - Started process (PID=190) to work on /home/airflow/.local/lib/python3.12/site-packages/airflow/example_dags/example_xcom.py
[2025-04-02T08:32:33.928+0000] {processor.py:914} INFO - Processing file /home/airflow/.local/lib/python3.12/site-packages/airflow/example_dags/example_xcom.py for tasks to queue
[2025-04-02T08:32:33.930+0000] {logging_mixin.py:190} INFO - [2025-04-02T08:32:33.930+0000] {dagbag.py:588} INFO - Filling up the DagBag from /home/airflow/.local/lib/python3.12/site-packages/airflow/example_dags/example_xcom.py
[2025-04-02T08:32:33.936+0000] {processor.py:925} INFO - DAG(s) 'example_xcom' retrieved from /home/airflow/.local/lib/python3.12/site-packages/airflow/example_dags/example_xcom.py
[2025-04-02T08:32:33.951+0000] {logging_mixin.py:190} INFO - [2025-04-02T08:32:33.951+0000] {dag.py:3239} INFO - Sync 1 DAGs
[2025-04-02T08:32:33.970+0000] {logging_mixin.py:190} INFO - [2025-04-02T08:32:33.970+0000] {dag.py:4180} INFO - Setting next_dagrun for example_xcom to 2021-01-01 00:00:00+00:00, run_after=2021-01-01 00:00:00+00:00
[2025-04-02T08:32:33.993+0000] {processor.py:208} INFO - Processing /home/airflow/.local/lib/python3.12/site-packages/airflow/example_dags/example_xcom.py took 0.068 seconds
[2025-04-02T08:33:04.236+0000] {processor.py:186} INFO - Started process (PID=254) to work on /home/airflow/.local/lib/python3.12/site-packages/airflow/example_dags/example_xcom.py
[2025-04-02T08:33:04.237+0000] {processor.py:914} INFO - Processing file /home/airflow/.local/lib/python3.12/site-packages/airflow/example_dags/example_xcom.py for tasks to queue
[2025-04-02T08:33:04.238+0000] {logging_mixin.py:190} INFO - [2025-04-02T08:33:04.238+0000] {dagbag.py:588} INFO - Filling up the DagBag from /home/airflow/.local/lib/python3.12/site-packages/airflow/example_dags/example_xcom.py
[2025-04-02T08:33:04.244+0000] {processor.py:925} INFO - DAG(s) 'example_xcom' retrieved from /home/airflow/.local/lib/python3.12/site-packages/airflow/example_dags/example_xcom.py
[2025-04-02T08:33:04.257+0000] {logging_mixin.py:190} INFO - [2025-04-02T08:33:04.257+0000] {dag.py:3239} INFO - Sync 1 DAGs
[2025-04-02T08:33:04.270+0000] {logging_mixin.py:190} INFO - [2025-04-02T08:33:04.270+0000] {dag.py:4180} INFO - Setting next_dagrun for example_xcom to 2021-01-01 00:00:00+00:00, run_after=2021-01-01 00:00:00+00:00
[2025-04-02T08:33:04.281+0000] {processor.py:208} INFO - Processing /home/airflow/.local/lib/python3.12/site-packages/airflow/example_dags/example_xcom.py took 0.048 seconds
