[2025-04-02T08:21:52.825+0000] {processor.py:186} INFO - Started process (PID=75) to work on /home/airflow/.local/lib/python3.12/site-packages/airflow/example_dags/example_outlet_event_extra.py
[2025-04-02T08:21:52.826+0000] {processor.py:914} INFO - Processing file /home/airflow/.local/lib/python3.12/site-packages/airflow/example_dags/example_outlet_event_extra.py for tasks to queue
[2025-04-02T08:21:52.827+0000] {logging_mixin.py:190} INFO - [2025-04-02T08:21:52.827+0000] {dagbag.py:588} INFO - Filling up the DagBag from /home/airflow/.local/lib/python3.12/site-packages/airflow/example_dags/example_outlet_event_extra.py
[2025-04-02T08:21:53.245+0000] {processor.py:925} INFO - DAG(s) 'dataset_with_extra_by_context', 'dataset_with_extra_from_classic_operator', 'dataset_with_extra_by_yield' retrieved from /home/airflow/.local/lib/python3.12/site-packages/airflow/example_dags/example_outlet_event_extra.py
[2025-04-02T08:21:53.308+0000] {logging_mixin.py:190} INFO - [2025-04-02T08:21:53.308+0000] {override.py:1912} INFO - Created Permission View: can delete on DAG:dataset_with_extra_by_context
[2025-04-02T08:21:53.315+0000] {logging_mixin.py:190} INFO - [2025-04-02T08:21:53.314+0000] {override.py:1912} INFO - Created Permission View: can edit on DAG:dataset_with_extra_by_context
[2025-04-02T08:21:53.319+0000] {logging_mixin.py:190} INFO - [2025-04-02T08:21:53.319+0000] {override.py:1912} INFO - Created Permission View: can read on DAG:dataset_with_extra_by_context
[2025-04-02T08:21:53.323+0000] {logging_mixin.py:190} INFO - [2025-04-02T08:21:53.323+0000] {override.py:1912} INFO - Created Permission View: can delete on DAG Run:dataset_with_extra_by_context
[2025-04-02T08:21:53.327+0000] {logging_mixin.py:190} INFO - [2025-04-02T08:21:53.327+0000] {override.py:1912} INFO - Created Permission View: can create on DAG Run:dataset_with_extra_by_context
[2025-04-02T08:21:53.331+0000] {logging_mixin.py:190} INFO - [2025-04-02T08:21:53.331+0000] {override.py:1912} INFO - Created Permission View: can read on DAG Run:dataset_with_extra_by_context
[2025-04-02T08:21:53.335+0000] {logging_mixin.py:190} INFO - [2025-04-02T08:21:53.334+0000] {override.py:1912} INFO - Created Permission View: menu access on DAG Run:dataset_with_extra_by_context
[2025-04-02T08:21:53.343+0000] {logging_mixin.py:190} INFO - [2025-04-02T08:21:53.343+0000] {override.py:1912} INFO - Created Permission View: can delete on DAG:dataset_with_extra_from_classic_operator
[2025-04-02T08:21:53.347+0000] {logging_mixin.py:190} INFO - [2025-04-02T08:21:53.347+0000] {override.py:1912} INFO - Created Permission View: can edit on DAG:dataset_with_extra_from_classic_operator
[2025-04-02T08:21:53.351+0000] {logging_mixin.py:190} INFO - [2025-04-02T08:21:53.351+0000] {override.py:1912} INFO - Created Permission View: can read on DAG:dataset_with_extra_from_classic_operator
[2025-04-02T08:21:53.355+0000] {logging_mixin.py:190} INFO - [2025-04-02T08:21:53.355+0000] {override.py:1912} INFO - Created Permission View: can delete on DAG Run:dataset_with_extra_from_classic_operator
[2025-04-02T08:21:53.360+0000] {logging_mixin.py:190} INFO - [2025-04-02T08:21:53.360+0000] {override.py:1912} INFO - Created Permission View: can create on DAG Run:dataset_with_extra_from_classic_operator
[2025-04-02T08:21:53.363+0000] {logging_mixin.py:190} INFO - [2025-04-02T08:21:53.363+0000] {override.py:1912} INFO - Created Permission View: can read on DAG Run:dataset_with_extra_from_classic_operator
[2025-04-02T08:21:53.367+0000] {logging_mixin.py:190} INFO - [2025-04-02T08:21:53.367+0000] {override.py:1912} INFO - Created Permission View: menu access on DAG Run:dataset_with_extra_from_classic_operator
[2025-04-02T08:21:53.376+0000] {logging_mixin.py:190} INFO - [2025-04-02T08:21:53.375+0000] {override.py:1912} INFO - Created Permission View: can delete on DAG:dataset_with_extra_by_yield
[2025-04-02T08:21:53.380+0000] {logging_mixin.py:190} INFO - [2025-04-02T08:21:53.380+0000] {override.py:1912} INFO - Created Permission View: can edit on DAG:dataset_with_extra_by_yield
[2025-04-02T08:21:53.384+0000] {logging_mixin.py:190} INFO - [2025-04-02T08:21:53.384+0000] {override.py:1912} INFO - Created Permission View: can read on DAG:dataset_with_extra_by_yield
[2025-04-02T08:21:53.388+0000] {logging_mixin.py:190} INFO - [2025-04-02T08:21:53.388+0000] {override.py:1912} INFO - Created Permission View: can delete on DAG Run:dataset_with_extra_by_yield
[2025-04-02T08:21:53.392+0000] {logging_mixin.py:190} INFO - [2025-04-02T08:21:53.392+0000] {override.py:1912} INFO - Created Permission View: can create on DAG Run:dataset_with_extra_by_yield
[2025-04-02T08:21:53.397+0000] {logging_mixin.py:190} INFO - [2025-04-02T08:21:53.396+0000] {override.py:1912} INFO - Created Permission View: can read on DAG Run:dataset_with_extra_by_yield
[2025-04-02T08:21:53.401+0000] {logging_mixin.py:190} INFO - [2025-04-02T08:21:53.401+0000] {override.py:1912} INFO - Created Permission View: menu access on DAG Run:dataset_with_extra_by_yield
[2025-04-02T08:21:53.401+0000] {logging_mixin.py:190} INFO - [2025-04-02T08:21:53.401+0000] {dag.py:3239} INFO - Sync 3 DAGs
[2025-04-02T08:21:53.409+0000] {logging_mixin.py:190} INFO - [2025-04-02T08:21:53.409+0000] {dag.py:3262} INFO - Creating ORM DAG for dataset_with_extra_from_classic_operator
[2025-04-02T08:21:53.410+0000] {logging_mixin.py:190} INFO - [2025-04-02T08:21:53.409+0000] {dag.py:3262} INFO - Creating ORM DAG for dataset_with_extra_by_context
[2025-04-02T08:21:53.410+0000] {logging_mixin.py:190} INFO - [2025-04-02T08:21:53.410+0000] {dag.py:3262} INFO - Creating ORM DAG for dataset_with_extra_by_yield
[2025-04-02T08:21:53.418+0000] {logging_mixin.py:190} INFO - [2025-04-02T08:21:53.417+0000] {dag.py:4180} INFO - Setting next_dagrun for dataset_with_extra_by_context to 2025-04-01 00:00:00+00:00, run_after=2025-04-02 00:00:00+00:00
[2025-04-02T08:21:53.419+0000] {logging_mixin.py:190} INFO - [2025-04-02T08:21:53.419+0000] {dag.py:4180} INFO - Setting next_dagrun for dataset_with_extra_by_yield to 2025-04-01 00:00:00+00:00, run_after=2025-04-02 00:00:00+00:00
[2025-04-02T08:21:53.420+0000] {logging_mixin.py:190} INFO - [2025-04-02T08:21:53.420+0000] {dag.py:4180} INFO - Setting next_dagrun for dataset_with_extra_from_classic_operator to 2025-04-01 00:00:00+00:00, run_after=2025-04-02 00:00:00+00:00
[2025-04-02T08:21:53.435+0000] {processor.py:208} INFO - Processing /home/airflow/.local/lib/python3.12/site-packages/airflow/example_dags/example_outlet_event_extra.py took 0.613 seconds
[2025-04-02T08:23:27.376+0000] {processor.py:186} INFO - Started process (PID=75) to work on /home/airflow/.local/lib/python3.12/site-packages/airflow/example_dags/example_outlet_event_extra.py
[2025-04-02T08:23:27.376+0000] {processor.py:914} INFO - Processing file /home/airflow/.local/lib/python3.12/site-packages/airflow/example_dags/example_outlet_event_extra.py for tasks to queue
[2025-04-02T08:23:27.378+0000] {logging_mixin.py:190} INFO - [2025-04-02T08:23:27.377+0000] {dagbag.py:588} INFO - Filling up the DagBag from /home/airflow/.local/lib/python3.12/site-packages/airflow/example_dags/example_outlet_event_extra.py
[2025-04-02T08:23:27.792+0000] {processor.py:925} INFO - DAG(s) 'dataset_with_extra_by_yield', 'dataset_with_extra_from_classic_operator', 'dataset_with_extra_by_context' retrieved from /home/airflow/.local/lib/python3.12/site-packages/airflow/example_dags/example_outlet_event_extra.py
[2025-04-02T08:23:27.808+0000] {logging_mixin.py:190} INFO - [2025-04-02T08:23:27.808+0000] {dag.py:3239} INFO - Sync 3 DAGs
[2025-04-02T08:23:27.822+0000] {logging_mixin.py:190} INFO - [2025-04-02T08:23:27.822+0000] {dag.py:4180} INFO - Setting next_dagrun for dataset_with_extra_by_context to 2025-04-01 00:00:00+00:00, run_after=2025-04-02 00:00:00+00:00
[2025-04-02T08:23:27.825+0000] {logging_mixin.py:190} INFO - [2025-04-02T08:23:27.825+0000] {dag.py:4180} INFO - Setting next_dagrun for dataset_with_extra_by_yield to 2025-04-01 00:00:00+00:00, run_after=2025-04-02 00:00:00+00:00
[2025-04-02T08:23:27.826+0000] {logging_mixin.py:190} INFO - [2025-04-02T08:23:27.826+0000] {dag.py:4180} INFO - Setting next_dagrun for dataset_with_extra_from_classic_operator to 2025-04-01 00:00:00+00:00, run_after=2025-04-02 00:00:00+00:00
[2025-04-02T08:23:27.839+0000] {processor.py:208} INFO - Processing /home/airflow/.local/lib/python3.12/site-packages/airflow/example_dags/example_outlet_event_extra.py took 0.466 seconds
[2025-04-02T08:23:58.584+0000] {processor.py:186} INFO - Started process (PID=139) to work on /home/airflow/.local/lib/python3.12/site-packages/airflow/example_dags/example_outlet_event_extra.py
[2025-04-02T08:23:58.584+0000] {processor.py:914} INFO - Processing file /home/airflow/.local/lib/python3.12/site-packages/airflow/example_dags/example_outlet_event_extra.py for tasks to queue
[2025-04-02T08:23:58.586+0000] {logging_mixin.py:190} INFO - [2025-04-02T08:23:58.586+0000] {dagbag.py:588} INFO - Filling up the DagBag from /home/airflow/.local/lib/python3.12/site-packages/airflow/example_dags/example_outlet_event_extra.py
[2025-04-02T08:23:58.964+0000] {processor.py:925} INFO - DAG(s) 'dataset_with_extra_by_context', 'dataset_with_extra_by_yield', 'dataset_with_extra_from_classic_operator' retrieved from /home/airflow/.local/lib/python3.12/site-packages/airflow/example_dags/example_outlet_event_extra.py
[2025-04-02T08:23:58.980+0000] {logging_mixin.py:190} INFO - [2025-04-02T08:23:58.980+0000] {dag.py:3239} INFO - Sync 3 DAGs
[2025-04-02T08:23:58.997+0000] {logging_mixin.py:190} INFO - [2025-04-02T08:23:58.996+0000] {dag.py:4180} INFO - Setting next_dagrun for dataset_with_extra_by_context to 2025-04-01 00:00:00+00:00, run_after=2025-04-02 00:00:00+00:00
[2025-04-02T08:23:59.000+0000] {logging_mixin.py:190} INFO - [2025-04-02T08:23:59.000+0000] {dag.py:4180} INFO - Setting next_dagrun for dataset_with_extra_by_yield to 2025-04-01 00:00:00+00:00, run_after=2025-04-02 00:00:00+00:00
[2025-04-02T08:23:59.002+0000] {logging_mixin.py:190} INFO - [2025-04-02T08:23:59.001+0000] {dag.py:4180} INFO - Setting next_dagrun for dataset_with_extra_from_classic_operator to 2025-04-01 00:00:00+00:00, run_after=2025-04-02 00:00:00+00:00
[2025-04-02T08:23:59.014+0000] {processor.py:208} INFO - Processing /home/airflow/.local/lib/python3.12/site-packages/airflow/example_dags/example_outlet_event_extra.py took 0.433 seconds
[2025-04-02T08:31:33.747+0000] {processor.py:186} INFO - Started process (PID=74) to work on /home/airflow/.local/lib/python3.12/site-packages/airflow/example_dags/example_outlet_event_extra.py
[2025-04-02T08:31:33.748+0000] {processor.py:914} INFO - Processing file /home/airflow/.local/lib/python3.12/site-packages/airflow/example_dags/example_outlet_event_extra.py for tasks to queue
[2025-04-02T08:31:33.749+0000] {logging_mixin.py:190} INFO - [2025-04-02T08:31:33.749+0000] {dagbag.py:588} INFO - Filling up the DagBag from /home/airflow/.local/lib/python3.12/site-packages/airflow/example_dags/example_outlet_event_extra.py
[2025-04-02T08:31:34.191+0000] {processor.py:925} INFO - DAG(s) 'dataset_with_extra_by_context', 'dataset_with_extra_by_yield', 'dataset_with_extra_from_classic_operator' retrieved from /home/airflow/.local/lib/python3.12/site-packages/airflow/example_dags/example_outlet_event_extra.py
[2025-04-02T08:31:34.209+0000] {logging_mixin.py:190} INFO - [2025-04-02T08:31:34.208+0000] {dag.py:3239} INFO - Sync 3 DAGs
[2025-04-02T08:31:34.225+0000] {logging_mixin.py:190} INFO - [2025-04-02T08:31:34.224+0000] {dag.py:4180} INFO - Setting next_dagrun for dataset_with_extra_by_context to 2025-04-01 00:00:00+00:00, run_after=2025-04-02 00:00:00+00:00
[2025-04-02T08:31:34.228+0000] {logging_mixin.py:190} INFO - [2025-04-02T08:31:34.228+0000] {dag.py:4180} INFO - Setting next_dagrun for dataset_with_extra_by_yield to 2025-04-01 00:00:00+00:00, run_after=2025-04-02 00:00:00+00:00
[2025-04-02T08:31:34.231+0000] {logging_mixin.py:190} INFO - [2025-04-02T08:31:34.230+0000] {dag.py:4180} INFO - Setting next_dagrun for dataset_with_extra_from_classic_operator to 2025-04-01 00:00:00+00:00, run_after=2025-04-02 00:00:00+00:00
[2025-04-02T08:31:34.255+0000] {processor.py:208} INFO - Processing /home/airflow/.local/lib/python3.12/site-packages/airflow/example_dags/example_outlet_event_extra.py took 0.512 seconds
[2025-04-02T08:32:05.144+0000] {processor.py:186} INFO - Started process (PID=138) to work on /home/airflow/.local/lib/python3.12/site-packages/airflow/example_dags/example_outlet_event_extra.py
[2025-04-02T08:32:05.145+0000] {processor.py:914} INFO - Processing file /home/airflow/.local/lib/python3.12/site-packages/airflow/example_dags/example_outlet_event_extra.py for tasks to queue
[2025-04-02T08:32:05.146+0000] {logging_mixin.py:190} INFO - [2025-04-02T08:32:05.146+0000] {dagbag.py:588} INFO - Filling up the DagBag from /home/airflow/.local/lib/python3.12/site-packages/airflow/example_dags/example_outlet_event_extra.py
[2025-04-02T08:32:05.515+0000] {processor.py:925} INFO - DAG(s) 'dataset_with_extra_by_yield', 'dataset_with_extra_from_classic_operator', 'dataset_with_extra_by_context' retrieved from /home/airflow/.local/lib/python3.12/site-packages/airflow/example_dags/example_outlet_event_extra.py
[2025-04-02T08:32:05.532+0000] {logging_mixin.py:190} INFO - [2025-04-02T08:32:05.532+0000] {dag.py:3239} INFO - Sync 3 DAGs
[2025-04-02T08:32:05.549+0000] {logging_mixin.py:190} INFO - [2025-04-02T08:32:05.549+0000] {dag.py:4180} INFO - Setting next_dagrun for dataset_with_extra_by_context to 2025-04-01 00:00:00+00:00, run_after=2025-04-02 00:00:00+00:00
[2025-04-02T08:32:05.552+0000] {logging_mixin.py:190} INFO - [2025-04-02T08:32:05.552+0000] {dag.py:4180} INFO - Setting next_dagrun for dataset_with_extra_by_yield to 2025-04-01 00:00:00+00:00, run_after=2025-04-02 00:00:00+00:00
[2025-04-02T08:32:05.554+0000] {logging_mixin.py:190} INFO - [2025-04-02T08:32:05.554+0000] {dag.py:4180} INFO - Setting next_dagrun for dataset_with_extra_from_classic_operator to 2025-04-01 00:00:00+00:00, run_after=2025-04-02 00:00:00+00:00
[2025-04-02T08:32:05.567+0000] {processor.py:208} INFO - Processing /home/airflow/.local/lib/python3.12/site-packages/airflow/example_dags/example_outlet_event_extra.py took 0.426 seconds
[2025-04-02T08:32:36.437+0000] {processor.py:186} INFO - Started process (PID=202) to work on /home/airflow/.local/lib/python3.12/site-packages/airflow/example_dags/example_outlet_event_extra.py
[2025-04-02T08:32:36.437+0000] {processor.py:914} INFO - Processing file /home/airflow/.local/lib/python3.12/site-packages/airflow/example_dags/example_outlet_event_extra.py for tasks to queue
[2025-04-02T08:32:36.439+0000] {logging_mixin.py:190} INFO - [2025-04-02T08:32:36.439+0000] {dagbag.py:588} INFO - Filling up the DagBag from /home/airflow/.local/lib/python3.12/site-packages/airflow/example_dags/example_outlet_event_extra.py
[2025-04-02T08:32:36.869+0000] {processor.py:925} INFO - DAG(s) 'dataset_with_extra_by_yield', 'dataset_with_extra_from_classic_operator', 'dataset_with_extra_by_context' retrieved from /home/airflow/.local/lib/python3.12/site-packages/airflow/example_dags/example_outlet_event_extra.py
[2025-04-02T08:32:36.885+0000] {logging_mixin.py:190} INFO - [2025-04-02T08:32:36.885+0000] {dag.py:3239} INFO - Sync 3 DAGs
[2025-04-02T08:32:36.902+0000] {logging_mixin.py:190} INFO - [2025-04-02T08:32:36.902+0000] {dag.py:4180} INFO - Setting next_dagrun for dataset_with_extra_by_context to 2025-04-01 00:00:00+00:00, run_after=2025-04-02 00:00:00+00:00
[2025-04-02T08:32:36.905+0000] {logging_mixin.py:190} INFO - [2025-04-02T08:32:36.905+0000] {dag.py:4180} INFO - Setting next_dagrun for dataset_with_extra_by_yield to 2025-04-01 00:00:00+00:00, run_after=2025-04-02 00:00:00+00:00
[2025-04-02T08:32:36.906+0000] {logging_mixin.py:190} INFO - [2025-04-02T08:32:36.906+0000] {dag.py:4180} INFO - Setting next_dagrun for dataset_with_extra_from_classic_operator to 2025-04-01 00:00:00+00:00, run_after=2025-04-02 00:00:00+00:00
[2025-04-02T08:32:36.919+0000] {processor.py:208} INFO - Processing /home/airflow/.local/lib/python3.12/site-packages/airflow/example_dags/example_outlet_event_extra.py took 0.488 seconds
[2025-04-02T08:33:07.682+0000] {processor.py:186} INFO - Started process (PID=266) to work on /home/airflow/.local/lib/python3.12/site-packages/airflow/example_dags/example_outlet_event_extra.py
[2025-04-02T08:33:07.683+0000] {processor.py:914} INFO - Processing file /home/airflow/.local/lib/python3.12/site-packages/airflow/example_dags/example_outlet_event_extra.py for tasks to queue
[2025-04-02T08:33:07.684+0000] {logging_mixin.py:190} INFO - [2025-04-02T08:33:07.684+0000] {dagbag.py:588} INFO - Filling up the DagBag from /home/airflow/.local/lib/python3.12/site-packages/airflow/example_dags/example_outlet_event_extra.py
[2025-04-02T08:33:08.097+0000] {processor.py:925} INFO - DAG(s) 'dataset_with_extra_by_yield', 'dataset_with_extra_by_context', 'dataset_with_extra_from_classic_operator' retrieved from /home/airflow/.local/lib/python3.12/site-packages/airflow/example_dags/example_outlet_event_extra.py
[2025-04-02T08:33:08.116+0000] {logging_mixin.py:190} INFO - [2025-04-02T08:33:08.116+0000] {dag.py:3239} INFO - Sync 3 DAGs
[2025-04-02T08:33:08.133+0000] {logging_mixin.py:190} INFO - [2025-04-02T08:33:08.133+0000] {dag.py:4180} INFO - Setting next_dagrun for dataset_with_extra_by_context to 2025-04-01 00:00:00+00:00, run_after=2025-04-02 00:00:00+00:00
[2025-04-02T08:33:08.136+0000] {logging_mixin.py:190} INFO - [2025-04-02T08:33:08.136+0000] {dag.py:4180} INFO - Setting next_dagrun for dataset_with_extra_by_yield to 2025-04-01 00:00:00+00:00, run_after=2025-04-02 00:00:00+00:00
[2025-04-02T08:33:08.138+0000] {logging_mixin.py:190} INFO - [2025-04-02T08:33:08.138+0000] {dag.py:4180} INFO - Setting next_dagrun for dataset_with_extra_from_classic_operator to 2025-04-01 00:00:00+00:00, run_after=2025-04-02 00:00:00+00:00
[2025-04-02T08:33:08.153+0000] {processor.py:208} INFO - Processing /home/airflow/.local/lib/python3.12/site-packages/airflow/example_dags/example_outlet_event_extra.py took 0.474 seconds
