[2025-04-02T08:21:53.757+0000] {processor.py:186} INFO - Started process (PID=79) to work on /home/airflow/.local/lib/python3.12/site-packages/airflow/example_dags/example_branch_python_dop_operator_3.py
[2025-04-02T08:21:53.758+0000] {processor.py:914} INFO - Processing file /home/airflow/.local/lib/python3.12/site-packages/airflow/example_dags/example_branch_python_dop_operator_3.py for tasks to queue
[2025-04-02T08:21:53.760+0000] {logging_mixin.py:190} INFO - [2025-04-02T08:21:53.759+0000] {dagbag.py:588} INFO - Filling up the DagBag from /home/airflow/.local/lib/python3.12/site-packages/airflow/example_dags/example_branch_python_dop_operator_3.py
[2025-04-02T08:21:53.766+0000] {processor.py:925} INFO - DAG(s) 'example_branch_dop_operator_v3' retrieved from /home/airflow/.local/lib/python3.12/site-packages/airflow/example_dags/example_branch_python_dop_operator_3.py
[2025-04-02T08:21:53.833+0000] {logging_mixin.py:190} INFO - [2025-04-02T08:21:53.832+0000] {override.py:1912} INFO - Created Permission View: can delete on DAG:example_branch_dop_operator_v3
[2025-04-02T08:21:53.839+0000] {logging_mixin.py:190} INFO - [2025-04-02T08:21:53.839+0000] {override.py:1912} INFO - Created Permission View: can edit on DAG:example_branch_dop_operator_v3
[2025-04-02T08:21:53.843+0000] {logging_mixin.py:190} INFO - [2025-04-02T08:21:53.843+0000] {override.py:1912} INFO - Created Permission View: can read on DAG:example_branch_dop_operator_v3
[2025-04-02T08:21:53.847+0000] {logging_mixin.py:190} INFO - [2025-04-02T08:21:53.847+0000] {override.py:1912} INFO - Created Permission View: can delete on DAG Run:example_branch_dop_operator_v3
[2025-04-02T08:21:53.851+0000] {logging_mixin.py:190} INFO - [2025-04-02T08:21:53.851+0000] {override.py:1912} INFO - Created Permission View: can create on DAG Run:example_branch_dop_operator_v3
[2025-04-02T08:21:53.854+0000] {logging_mixin.py:190} INFO - [2025-04-02T08:21:53.854+0000] {override.py:1912} INFO - Created Permission View: can read on DAG Run:example_branch_dop_operator_v3
[2025-04-02T08:21:53.858+0000] {logging_mixin.py:190} INFO - [2025-04-02T08:21:53.858+0000] {override.py:1912} INFO - Created Permission View: menu access on DAG Run:example_branch_dop_operator_v3
[2025-04-02T08:21:53.859+0000] {logging_mixin.py:190} INFO - [2025-04-02T08:21:53.859+0000] {dag.py:3239} INFO - Sync 1 DAGs
[2025-04-02T08:21:53.868+0000] {logging_mixin.py:190} INFO - [2025-04-02T08:21:53.868+0000] {dag.py:3262} INFO - Creating ORM DAG for example_branch_dop_operator_v3
[2025-04-02T08:21:53.875+0000] {logging_mixin.py:190} INFO - [2025-04-02T08:21:53.875+0000] {dag.py:4180} INFO - Setting next_dagrun for example_branch_dop_operator_v3 to 2025-04-02 08:20:00+00:00, run_after=2025-04-02 08:21:00+00:00
[2025-04-02T08:21:53.885+0000] {processor.py:208} INFO - Processing /home/airflow/.local/lib/python3.12/site-packages/airflow/example_dags/example_branch_python_dop_operator_3.py took 0.131 seconds
[2025-04-02T08:23:27.992+0000] {processor.py:186} INFO - Started process (PID=79) to work on /home/airflow/.local/lib/python3.12/site-packages/airflow/example_dags/example_branch_python_dop_operator_3.py
[2025-04-02T08:23:27.993+0000] {processor.py:914} INFO - Processing file /home/airflow/.local/lib/python3.12/site-packages/airflow/example_dags/example_branch_python_dop_operator_3.py for tasks to queue
[2025-04-02T08:23:27.994+0000] {logging_mixin.py:190} INFO - [2025-04-02T08:23:27.994+0000] {dagbag.py:588} INFO - Filling up the DagBag from /home/airflow/.local/lib/python3.12/site-packages/airflow/example_dags/example_branch_python_dop_operator_3.py
[2025-04-02T08:23:28.000+0000] {processor.py:925} INFO - DAG(s) 'example_branch_dop_operator_v3' retrieved from /home/airflow/.local/lib/python3.12/site-packages/airflow/example_dags/example_branch_python_dop_operator_3.py
[2025-04-02T08:23:28.015+0000] {logging_mixin.py:190} INFO - [2025-04-02T08:23:28.015+0000] {dag.py:3239} INFO - Sync 1 DAGs
[2025-04-02T08:23:28.031+0000] {logging_mixin.py:190} INFO - [2025-04-02T08:23:28.031+0000] {dag.py:4180} INFO - Setting next_dagrun for example_branch_dop_operator_v3 to 2025-04-02 08:22:00+00:00, run_after=2025-04-02 08:23:00+00:00
[2025-04-02T08:23:28.042+0000] {processor.py:208} INFO - Processing /home/airflow/.local/lib/python3.12/site-packages/airflow/example_dags/example_branch_python_dop_operator_3.py took 0.053 seconds
[2025-04-02T08:23:59.200+0000] {processor.py:186} INFO - Started process (PID=143) to work on /home/airflow/.local/lib/python3.12/site-packages/airflow/example_dags/example_branch_python_dop_operator_3.py
[2025-04-02T08:23:59.201+0000] {processor.py:914} INFO - Processing file /home/airflow/.local/lib/python3.12/site-packages/airflow/example_dags/example_branch_python_dop_operator_3.py for tasks to queue
[2025-04-02T08:23:59.202+0000] {logging_mixin.py:190} INFO - [2025-04-02T08:23:59.202+0000] {dagbag.py:588} INFO - Filling up the DagBag from /home/airflow/.local/lib/python3.12/site-packages/airflow/example_dags/example_branch_python_dop_operator_3.py
[2025-04-02T08:23:59.209+0000] {processor.py:925} INFO - DAG(s) 'example_branch_dop_operator_v3' retrieved from /home/airflow/.local/lib/python3.12/site-packages/airflow/example_dags/example_branch_python_dop_operator_3.py
[2025-04-02T08:23:59.221+0000] {logging_mixin.py:190} INFO - [2025-04-02T08:23:59.221+0000] {dag.py:3239} INFO - Sync 1 DAGs
[2025-04-02T08:23:59.236+0000] {logging_mixin.py:190} INFO - [2025-04-02T08:23:59.236+0000] {dag.py:4180} INFO - Setting next_dagrun for example_branch_dop_operator_v3 to 2025-04-02 08:22:00+00:00, run_after=2025-04-02 08:23:00+00:00
[2025-04-02T08:23:59.246+0000] {processor.py:208} INFO - Processing /home/airflow/.local/lib/python3.12/site-packages/airflow/example_dags/example_branch_python_dop_operator_3.py took 0.049 seconds
[2025-04-02T08:31:34.454+0000] {processor.py:186} INFO - Started process (PID=78) to work on /home/airflow/.local/lib/python3.12/site-packages/airflow/example_dags/example_branch_python_dop_operator_3.py
[2025-04-02T08:31:34.455+0000] {processor.py:914} INFO - Processing file /home/airflow/.local/lib/python3.12/site-packages/airflow/example_dags/example_branch_python_dop_operator_3.py for tasks to queue
[2025-04-02T08:31:34.457+0000] {logging_mixin.py:190} INFO - [2025-04-02T08:31:34.456+0000] {dagbag.py:588} INFO - Filling up the DagBag from /home/airflow/.local/lib/python3.12/site-packages/airflow/example_dags/example_branch_python_dop_operator_3.py
[2025-04-02T08:31:34.463+0000] {processor.py:925} INFO - DAG(s) 'example_branch_dop_operator_v3' retrieved from /home/airflow/.local/lib/python3.12/site-packages/airflow/example_dags/example_branch_python_dop_operator_3.py
[2025-04-02T08:31:34.477+0000] {logging_mixin.py:190} INFO - [2025-04-02T08:31:34.477+0000] {dag.py:3239} INFO - Sync 1 DAGs
[2025-04-02T08:31:34.494+0000] {logging_mixin.py:190} INFO - [2025-04-02T08:31:34.494+0000] {dag.py:4180} INFO - Setting next_dagrun for example_branch_dop_operator_v3 to 2025-04-02 08:30:00+00:00, run_after=2025-04-02 08:31:00+00:00
[2025-04-02T08:31:34.506+0000] {processor.py:208} INFO - Processing /home/airflow/.local/lib/python3.12/site-packages/airflow/example_dags/example_branch_python_dop_operator_3.py took 0.056 seconds
[2025-04-02T08:32:05.770+0000] {processor.py:186} INFO - Started process (PID=142) to work on /home/airflow/.local/lib/python3.12/site-packages/airflow/example_dags/example_branch_python_dop_operator_3.py
[2025-04-02T08:32:05.770+0000] {processor.py:914} INFO - Processing file /home/airflow/.local/lib/python3.12/site-packages/airflow/example_dags/example_branch_python_dop_operator_3.py for tasks to queue
[2025-04-02T08:32:05.772+0000] {logging_mixin.py:190} INFO - [2025-04-02T08:32:05.772+0000] {dagbag.py:588} INFO - Filling up the DagBag from /home/airflow/.local/lib/python3.12/site-packages/airflow/example_dags/example_branch_python_dop_operator_3.py
[2025-04-02T08:32:05.779+0000] {processor.py:925} INFO - DAG(s) 'example_branch_dop_operator_v3' retrieved from /home/airflow/.local/lib/python3.12/site-packages/airflow/example_dags/example_branch_python_dop_operator_3.py
[2025-04-02T08:32:05.792+0000] {logging_mixin.py:190} INFO - [2025-04-02T08:32:05.792+0000] {dag.py:3239} INFO - Sync 1 DAGs
[2025-04-02T08:32:05.807+0000] {logging_mixin.py:190} INFO - [2025-04-02T08:32:05.807+0000] {dag.py:4180} INFO - Setting next_dagrun for example_branch_dop_operator_v3 to 2025-04-02 08:31:00+00:00, run_after=2025-04-02 08:32:00+00:00
[2025-04-02T08:32:05.819+0000] {processor.py:208} INFO - Processing /home/airflow/.local/lib/python3.12/site-packages/airflow/example_dags/example_branch_python_dop_operator_3.py took 0.053 seconds
[2025-04-02T08:32:37.092+0000] {processor.py:186} INFO - Started process (PID=206) to work on /home/airflow/.local/lib/python3.12/site-packages/airflow/example_dags/example_branch_python_dop_operator_3.py
[2025-04-02T08:32:37.092+0000] {processor.py:914} INFO - Processing file /home/airflow/.local/lib/python3.12/site-packages/airflow/example_dags/example_branch_python_dop_operator_3.py for tasks to queue
[2025-04-02T08:32:37.094+0000] {logging_mixin.py:190} INFO - [2025-04-02T08:32:37.094+0000] {dagbag.py:588} INFO - Filling up the DagBag from /home/airflow/.local/lib/python3.12/site-packages/airflow/example_dags/example_branch_python_dop_operator_3.py
[2025-04-02T08:32:37.100+0000] {processor.py:925} INFO - DAG(s) 'example_branch_dop_operator_v3' retrieved from /home/airflow/.local/lib/python3.12/site-packages/airflow/example_dags/example_branch_python_dop_operator_3.py
[2025-04-02T08:32:37.113+0000] {logging_mixin.py:190} INFO - [2025-04-02T08:32:37.113+0000] {dag.py:3239} INFO - Sync 1 DAGs
[2025-04-02T08:32:37.129+0000] {logging_mixin.py:190} INFO - [2025-04-02T08:32:37.129+0000] {dag.py:4180} INFO - Setting next_dagrun for example_branch_dop_operator_v3 to 2025-04-02 08:31:00+00:00, run_after=2025-04-02 08:32:00+00:00
[2025-04-02T08:32:37.140+0000] {processor.py:208} INFO - Processing /home/airflow/.local/lib/python3.12/site-packages/airflow/example_dags/example_branch_python_dop_operator_3.py took 0.051 seconds
[2025-04-02T08:33:08.353+0000] {processor.py:186} INFO - Started process (PID=270) to work on /home/airflow/.local/lib/python3.12/site-packages/airflow/example_dags/example_branch_python_dop_operator_3.py
[2025-04-02T08:33:08.354+0000] {processor.py:914} INFO - Processing file /home/airflow/.local/lib/python3.12/site-packages/airflow/example_dags/example_branch_python_dop_operator_3.py for tasks to queue
[2025-04-02T08:33:08.356+0000] {logging_mixin.py:190} INFO - [2025-04-02T08:33:08.355+0000] {dagbag.py:588} INFO - Filling up the DagBag from /home/airflow/.local/lib/python3.12/site-packages/airflow/example_dags/example_branch_python_dop_operator_3.py
[2025-04-02T08:33:08.363+0000] {processor.py:925} INFO - DAG(s) 'example_branch_dop_operator_v3' retrieved from /home/airflow/.local/lib/python3.12/site-packages/airflow/example_dags/example_branch_python_dop_operator_3.py
[2025-04-02T08:33:08.378+0000] {logging_mixin.py:190} INFO - [2025-04-02T08:33:08.377+0000] {dag.py:3239} INFO - Sync 1 DAGs
[2025-04-02T08:33:08.395+0000] {logging_mixin.py:190} INFO - [2025-04-02T08:33:08.395+0000] {dag.py:4180} INFO - Setting next_dagrun for example_branch_dop_operator_v3 to 2025-04-02 08:32:00+00:00, run_after=2025-04-02 08:33:00+00:00
[2025-04-02T08:33:08.408+0000] {processor.py:208} INFO - Processing /home/airflow/.local/lib/python3.12/site-packages/airflow/example_dags/example_branch_python_dop_operator_3.py took 0.058 seconds
