[2025-04-02T08:21:51.727+0000] {processor.py:186} INFO - Started process (PID=69) to work on /home/airflow/.local/lib/python3.12/site-packages/airflow/example_dags/example_datasets.py
[2025-04-02T08:21:51.728+0000] {processor.py:914} INFO - Processing file /home/airflow/.local/lib/python3.12/site-packages/airflow/example_dags/example_datasets.py for tasks to queue
[2025-04-02T08:21:51.730+0000] {logging_mixin.py:190} INFO - [2025-04-02T08:21:51.730+0000] {dagbag.py:588} INFO - Filling up the DagBag from /home/airflow/.local/lib/python3.12/site-packages/airflow/example_dags/example_datasets.py
[2025-04-02T08:21:52.718+0000] {processor.py:925} INFO - DAG(s) 'dataset_produces_2', 'dataset_consumes_unknown_never_scheduled', 'dataset_consumes_1_and_2', 'consume_1_or_both_2_and_3_with_dataset_expressions', 'dataset_consumes_1', 'consume_1_and_2_with_dataset_expressions', 'dataset_consumes_1_never_scheduled', 'dataset_produces_1', 'conditional_dataset_and_time_based_timetable', 'consume_1_or_2_with_dataset_expressions' retrieved from /home/airflow/.local/lib/python3.12/site-packages/airflow/example_dags/example_datasets.py
[2025-04-02T08:21:52.780+0000] {logging_mixin.py:190} INFO - [2025-04-02T08:21:52.779+0000] {override.py:1912} INFO - Created Permission View: can delete on DAG:dataset_produces_2
[2025-04-02T08:21:52.788+0000] {logging_mixin.py:190} INFO - [2025-04-02T08:21:52.787+0000] {override.py:1912} INFO - Created Permission View: can edit on DAG:dataset_produces_2
[2025-04-02T08:21:52.791+0000] {logging_mixin.py:190} INFO - [2025-04-02T08:21:52.791+0000] {override.py:1912} INFO - Created Permission View: can read on DAG:dataset_produces_2
[2025-04-02T08:21:52.796+0000] {logging_mixin.py:190} INFO - [2025-04-02T08:21:52.796+0000] {override.py:1912} INFO - Created Permission View: can delete on DAG Run:dataset_produces_2
[2025-04-02T08:21:52.800+0000] {logging_mixin.py:190} INFO - [2025-04-02T08:21:52.800+0000] {override.py:1912} INFO - Created Permission View: can create on DAG Run:dataset_produces_2
[2025-04-02T08:21:52.804+0000] {logging_mixin.py:190} INFO - [2025-04-02T08:21:52.804+0000] {override.py:1912} INFO - Created Permission View: can read on DAG Run:dataset_produces_2
[2025-04-02T08:21:52.808+0000] {logging_mixin.py:190} INFO - [2025-04-02T08:21:52.808+0000] {override.py:1912} INFO - Created Permission View: menu access on DAG Run:dataset_produces_2
[2025-04-02T08:21:52.816+0000] {logging_mixin.py:190} INFO - [2025-04-02T08:21:52.816+0000] {override.py:1912} INFO - Created Permission View: can delete on DAG:dataset_consumes_unknown_never_scheduled
[2025-04-02T08:21:52.820+0000] {logging_mixin.py:190} INFO - [2025-04-02T08:21:52.820+0000] {override.py:1912} INFO - Created Permission View: can edit on DAG:dataset_consumes_unknown_never_scheduled
[2025-04-02T08:21:52.824+0000] {logging_mixin.py:190} INFO - [2025-04-02T08:21:52.824+0000] {override.py:1912} INFO - Created Permission View: can read on DAG:dataset_consumes_unknown_never_scheduled
[2025-04-02T08:21:52.829+0000] {logging_mixin.py:190} INFO - [2025-04-02T08:21:52.828+0000] {override.py:1912} INFO - Created Permission View: can delete on DAG Run:dataset_consumes_unknown_never_scheduled
[2025-04-02T08:21:52.832+0000] {logging_mixin.py:190} INFO - [2025-04-02T08:21:52.832+0000] {override.py:1912} INFO - Created Permission View: can create on DAG Run:dataset_consumes_unknown_never_scheduled
[2025-04-02T08:21:52.837+0000] {logging_mixin.py:190} INFO - [2025-04-02T08:21:52.837+0000] {override.py:1912} INFO - Created Permission View: can read on DAG Run:dataset_consumes_unknown_never_scheduled
[2025-04-02T08:21:52.842+0000] {logging_mixin.py:190} INFO - [2025-04-02T08:21:52.841+0000] {override.py:1912} INFO - Created Permission View: menu access on DAG Run:dataset_consumes_unknown_never_scheduled
[2025-04-02T08:21:52.850+0000] {logging_mixin.py:190} INFO - [2025-04-02T08:21:52.849+0000] {override.py:1912} INFO - Created Permission View: can delete on DAG:dataset_consumes_1_and_2
[2025-04-02T08:21:52.854+0000] {logging_mixin.py:190} INFO - [2025-04-02T08:21:52.854+0000] {override.py:1912} INFO - Created Permission View: can edit on DAG:dataset_consumes_1_and_2
[2025-04-02T08:21:52.859+0000] {logging_mixin.py:190} INFO - [2025-04-02T08:21:52.858+0000] {override.py:1912} INFO - Created Permission View: can read on DAG:dataset_consumes_1_and_2
[2025-04-02T08:21:52.863+0000] {logging_mixin.py:190} INFO - [2025-04-02T08:21:52.863+0000] {override.py:1912} INFO - Created Permission View: can delete on DAG Run:dataset_consumes_1_and_2
[2025-04-02T08:21:52.868+0000] {logging_mixin.py:190} INFO - [2025-04-02T08:21:52.867+0000] {override.py:1912} INFO - Created Permission View: can create on DAG Run:dataset_consumes_1_and_2
[2025-04-02T08:21:52.872+0000] {logging_mixin.py:190} INFO - [2025-04-02T08:21:52.872+0000] {override.py:1912} INFO - Created Permission View: can read on DAG Run:dataset_consumes_1_and_2
[2025-04-02T08:21:52.877+0000] {logging_mixin.py:190} INFO - [2025-04-02T08:21:52.877+0000] {override.py:1912} INFO - Created Permission View: menu access on DAG Run:dataset_consumes_1_and_2
[2025-04-02T08:21:52.886+0000] {logging_mixin.py:190} INFO - [2025-04-02T08:21:52.885+0000] {override.py:1912} INFO - Created Permission View: can delete on DAG:consume_1_or_both_2_and_3_with_dataset_expressions
[2025-04-02T08:21:52.890+0000] {logging_mixin.py:190} INFO - [2025-04-02T08:21:52.890+0000] {override.py:1912} INFO - Created Permission View: can edit on DAG:consume_1_or_both_2_and_3_with_dataset_expressions
[2025-04-02T08:21:52.894+0000] {logging_mixin.py:190} INFO - [2025-04-02T08:21:52.894+0000] {override.py:1912} INFO - Created Permission View: can read on DAG:consume_1_or_both_2_and_3_with_dataset_expressions
[2025-04-02T08:21:52.899+0000] {logging_mixin.py:190} INFO - [2025-04-02T08:21:52.899+0000] {override.py:1912} INFO - Created Permission View: can delete on DAG Run:consume_1_or_both_2_and_3_with_dataset_expressions
[2025-04-02T08:21:52.903+0000] {logging_mixin.py:190} INFO - [2025-04-02T08:21:52.903+0000] {override.py:1912} INFO - Created Permission View: can create on DAG Run:consume_1_or_both_2_and_3_with_dataset_expressions
[2025-04-02T08:21:52.907+0000] {logging_mixin.py:190} INFO - [2025-04-02T08:21:52.907+0000] {override.py:1912} INFO - Created Permission View: can read on DAG Run:consume_1_or_both_2_and_3_with_dataset_expressions
[2025-04-02T08:21:52.911+0000] {logging_mixin.py:190} INFO - [2025-04-02T08:21:52.911+0000] {override.py:1912} INFO - Created Permission View: menu access on DAG Run:consume_1_or_both_2_and_3_with_dataset_expressions
[2025-04-02T08:21:52.919+0000] {logging_mixin.py:190} INFO - [2025-04-02T08:21:52.919+0000] {override.py:1912} INFO - Created Permission View: can delete on DAG:dataset_consumes_1
[2025-04-02T08:21:52.923+0000] {logging_mixin.py:190} INFO - [2025-04-02T08:21:52.923+0000] {override.py:1912} INFO - Created Permission View: can edit on DAG:dataset_consumes_1
[2025-04-02T08:21:52.927+0000] {logging_mixin.py:190} INFO - [2025-04-02T08:21:52.927+0000] {override.py:1912} INFO - Created Permission View: can read on DAG:dataset_consumes_1
[2025-04-02T08:21:52.931+0000] {logging_mixin.py:190} INFO - [2025-04-02T08:21:52.931+0000] {override.py:1912} INFO - Created Permission View: can delete on DAG Run:dataset_consumes_1
[2025-04-02T08:21:52.935+0000] {logging_mixin.py:190} INFO - [2025-04-02T08:21:52.934+0000] {override.py:1912} INFO - Created Permission View: can create on DAG Run:dataset_consumes_1
[2025-04-02T08:21:52.938+0000] {logging_mixin.py:190} INFO - [2025-04-02T08:21:52.938+0000] {override.py:1912} INFO - Created Permission View: can read on DAG Run:dataset_consumes_1
[2025-04-02T08:21:52.942+0000] {logging_mixin.py:190} INFO - [2025-04-02T08:21:52.942+0000] {override.py:1912} INFO - Created Permission View: menu access on DAG Run:dataset_consumes_1
[2025-04-02T08:21:52.949+0000] {logging_mixin.py:190} INFO - [2025-04-02T08:21:52.949+0000] {override.py:1912} INFO - Created Permission View: can delete on DAG:consume_1_and_2_with_dataset_expressions
[2025-04-02T08:21:52.953+0000] {logging_mixin.py:190} INFO - [2025-04-02T08:21:52.953+0000] {override.py:1912} INFO - Created Permission View: can edit on DAG:consume_1_and_2_with_dataset_expressions
[2025-04-02T08:21:52.957+0000] {logging_mixin.py:190} INFO - [2025-04-02T08:21:52.957+0000] {override.py:1912} INFO - Created Permission View: can read on DAG:consume_1_and_2_with_dataset_expressions
[2025-04-02T08:21:52.961+0000] {logging_mixin.py:190} INFO - [2025-04-02T08:21:52.961+0000] {override.py:1912} INFO - Created Permission View: can delete on DAG Run:consume_1_and_2_with_dataset_expressions
[2025-04-02T08:21:52.965+0000] {logging_mixin.py:190} INFO - [2025-04-02T08:21:52.965+0000] {override.py:1912} INFO - Created Permission View: can create on DAG Run:consume_1_and_2_with_dataset_expressions
[2025-04-02T08:21:52.969+0000] {logging_mixin.py:190} INFO - [2025-04-02T08:21:52.968+0000] {override.py:1912} INFO - Created Permission View: can read on DAG Run:consume_1_and_2_with_dataset_expressions
[2025-04-02T08:21:52.972+0000] {logging_mixin.py:190} INFO - [2025-04-02T08:21:52.972+0000] {override.py:1912} INFO - Created Permission View: menu access on DAG Run:consume_1_and_2_with_dataset_expressions
[2025-04-02T08:21:52.980+0000] {logging_mixin.py:190} INFO - [2025-04-02T08:21:52.980+0000] {override.py:1912} INFO - Created Permission View: can delete on DAG:dataset_consumes_1_never_scheduled
[2025-04-02T08:21:52.984+0000] {logging_mixin.py:190} INFO - [2025-04-02T08:21:52.984+0000] {override.py:1912} INFO - Created Permission View: can edit on DAG:dataset_consumes_1_never_scheduled
[2025-04-02T08:21:52.988+0000] {logging_mixin.py:190} INFO - [2025-04-02T08:21:52.987+0000] {override.py:1912} INFO - Created Permission View: can read on DAG:dataset_consumes_1_never_scheduled
[2025-04-02T08:21:52.992+0000] {logging_mixin.py:190} INFO - [2025-04-02T08:21:52.992+0000] {override.py:1912} INFO - Created Permission View: can delete on DAG Run:dataset_consumes_1_never_scheduled
[2025-04-02T08:21:52.995+0000] {logging_mixin.py:190} INFO - [2025-04-02T08:21:52.995+0000] {override.py:1912} INFO - Created Permission View: can create on DAG Run:dataset_consumes_1_never_scheduled
[2025-04-02T08:21:52.999+0000] {logging_mixin.py:190} INFO - [2025-04-02T08:21:52.999+0000] {override.py:1912} INFO - Created Permission View: can read on DAG Run:dataset_consumes_1_never_scheduled
[2025-04-02T08:21:53.003+0000] {logging_mixin.py:190} INFO - [2025-04-02T08:21:53.003+0000] {override.py:1912} INFO - Created Permission View: menu access on DAG Run:dataset_consumes_1_never_scheduled
[2025-04-02T08:21:53.011+0000] {logging_mixin.py:190} INFO - [2025-04-02T08:21:53.011+0000] {override.py:1912} INFO - Created Permission View: can delete on DAG:dataset_produces_1
[2025-04-02T08:21:53.015+0000] {logging_mixin.py:190} INFO - [2025-04-02T08:21:53.015+0000] {override.py:1912} INFO - Created Permission View: can edit on DAG:dataset_produces_1
[2025-04-02T08:21:53.019+0000] {logging_mixin.py:190} INFO - [2025-04-02T08:21:53.019+0000] {override.py:1912} INFO - Created Permission View: can read on DAG:dataset_produces_1
[2025-04-02T08:21:53.023+0000] {logging_mixin.py:190} INFO - [2025-04-02T08:21:53.023+0000] {override.py:1912} INFO - Created Permission View: can delete on DAG Run:dataset_produces_1
[2025-04-02T08:21:53.027+0000] {logging_mixin.py:190} INFO - [2025-04-02T08:21:53.027+0000] {override.py:1912} INFO - Created Permission View: can create on DAG Run:dataset_produces_1
[2025-04-02T08:21:53.031+0000] {logging_mixin.py:190} INFO - [2025-04-02T08:21:53.030+0000] {override.py:1912} INFO - Created Permission View: can read on DAG Run:dataset_produces_1
[2025-04-02T08:21:53.035+0000] {logging_mixin.py:190} INFO - [2025-04-02T08:21:53.034+0000] {override.py:1912} INFO - Created Permission View: menu access on DAG Run:dataset_produces_1
[2025-04-02T08:21:53.042+0000] {logging_mixin.py:190} INFO - [2025-04-02T08:21:53.042+0000] {override.py:1912} INFO - Created Permission View: can delete on DAG:conditional_dataset_and_time_based_timetable
[2025-04-02T08:21:53.045+0000] {logging_mixin.py:190} INFO - [2025-04-02T08:21:53.045+0000] {override.py:1912} INFO - Created Permission View: can edit on DAG:conditional_dataset_and_time_based_timetable
[2025-04-02T08:21:53.049+0000] {logging_mixin.py:190} INFO - [2025-04-02T08:21:53.049+0000] {override.py:1912} INFO - Created Permission View: can read on DAG:conditional_dataset_and_time_based_timetable
[2025-04-02T08:21:53.053+0000] {logging_mixin.py:190} INFO - [2025-04-02T08:21:53.053+0000] {override.py:1912} INFO - Created Permission View: can delete on DAG Run:conditional_dataset_and_time_based_timetable
[2025-04-02T08:21:53.057+0000] {logging_mixin.py:190} INFO - [2025-04-02T08:21:53.056+0000] {override.py:1912} INFO - Created Permission View: can create on DAG Run:conditional_dataset_and_time_based_timetable
[2025-04-02T08:21:53.060+0000] {logging_mixin.py:190} INFO - [2025-04-02T08:21:53.060+0000] {override.py:1912} INFO - Created Permission View: can read on DAG Run:conditional_dataset_and_time_based_timetable
[2025-04-02T08:21:53.064+0000] {logging_mixin.py:190} INFO - [2025-04-02T08:21:53.064+0000] {override.py:1912} INFO - Created Permission View: menu access on DAG Run:conditional_dataset_and_time_based_timetable
[2025-04-02T08:21:53.071+0000] {logging_mixin.py:190} INFO - [2025-04-02T08:21:53.071+0000] {override.py:1912} INFO - Created Permission View: can delete on DAG:consume_1_or_2_with_dataset_expressions
[2025-04-02T08:21:53.075+0000] {logging_mixin.py:190} INFO - [2025-04-02T08:21:53.075+0000] {override.py:1912} INFO - Created Permission View: can edit on DAG:consume_1_or_2_with_dataset_expressions
[2025-04-02T08:21:53.079+0000] {logging_mixin.py:190} INFO - [2025-04-02T08:21:53.079+0000] {override.py:1912} INFO - Created Permission View: can read on DAG:consume_1_or_2_with_dataset_expressions
[2025-04-02T08:21:53.083+0000] {logging_mixin.py:190} INFO - [2025-04-02T08:21:53.083+0000] {override.py:1912} INFO - Created Permission View: can delete on DAG Run:consume_1_or_2_with_dataset_expressions
[2025-04-02T08:21:53.087+0000] {logging_mixin.py:190} INFO - [2025-04-02T08:21:53.087+0000] {override.py:1912} INFO - Created Permission View: can create on DAG Run:consume_1_or_2_with_dataset_expressions
[2025-04-02T08:21:53.091+0000] {logging_mixin.py:190} INFO - [2025-04-02T08:21:53.091+0000] {override.py:1912} INFO - Created Permission View: can read on DAG Run:consume_1_or_2_with_dataset_expressions
[2025-04-02T08:21:53.095+0000] {logging_mixin.py:190} INFO - [2025-04-02T08:21:53.095+0000] {override.py:1912} INFO - Created Permission View: menu access on DAG Run:consume_1_or_2_with_dataset_expressions
[2025-04-02T08:21:53.095+0000] {logging_mixin.py:190} INFO - [2025-04-02T08:21:53.095+0000] {dag.py:3239} INFO - Sync 10 DAGs
[2025-04-02T08:21:53.104+0000] {logging_mixin.py:190} INFO - [2025-04-02T08:21:53.103+0000] {dag.py:3262} INFO - Creating ORM DAG for dataset_consumes_unknown_never_scheduled
[2025-04-02T08:21:53.104+0000] {logging_mixin.py:190} INFO - [2025-04-02T08:21:53.104+0000] {dag.py:3262} INFO - Creating ORM DAG for consume_1_or_both_2_and_3_with_dataset_expressions
[2025-04-02T08:21:53.105+0000] {logging_mixin.py:190} INFO - [2025-04-02T08:21:53.105+0000] {dag.py:3262} INFO - Creating ORM DAG for conditional_dataset_and_time_based_timetable
[2025-04-02T08:21:53.105+0000] {logging_mixin.py:190} INFO - [2025-04-02T08:21:53.105+0000] {dag.py:3262} INFO - Creating ORM DAG for dataset_consumes_1_never_scheduled
[2025-04-02T08:21:53.106+0000] {logging_mixin.py:190} INFO - [2025-04-02T08:21:53.106+0000] {dag.py:3262} INFO - Creating ORM DAG for dataset_produces_1
[2025-04-02T08:21:53.106+0000] {logging_mixin.py:190} INFO - [2025-04-02T08:21:53.106+0000] {dag.py:3262} INFO - Creating ORM DAG for dataset_consumes_1
[2025-04-02T08:21:53.107+0000] {logging_mixin.py:190} INFO - [2025-04-02T08:21:53.107+0000] {dag.py:3262} INFO - Creating ORM DAG for consume_1_and_2_with_dataset_expressions
[2025-04-02T08:21:53.107+0000] {logging_mixin.py:190} INFO - [2025-04-02T08:21:53.107+0000] {dag.py:3262} INFO - Creating ORM DAG for dataset_produces_2
[2025-04-02T08:21:53.108+0000] {logging_mixin.py:190} INFO - [2025-04-02T08:21:53.108+0000] {dag.py:3262} INFO - Creating ORM DAG for dataset_consumes_1_and_2
[2025-04-02T08:21:53.108+0000] {logging_mixin.py:190} INFO - [2025-04-02T08:21:53.108+0000] {dag.py:3262} INFO - Creating ORM DAG for consume_1_or_2_with_dataset_expressions
[2025-04-02T08:21:53.115+0000] {logging_mixin.py:190} INFO - [2025-04-02T08:21:53.115+0000] {dag.py:4180} INFO - Setting next_dagrun for conditional_dataset_and_time_based_timetable to 2025-04-02 01:00:00+00:00, run_after=2025-04-02 01:00:00+00:00
[2025-04-02T08:21:53.116+0000] {logging_mixin.py:190} INFO - [2025-04-02T08:21:53.115+0000] {dag.py:4180} INFO - Setting next_dagrun for consume_1_and_2_with_dataset_expressions to None, run_after=None
[2025-04-02T08:21:53.116+0000] {logging_mixin.py:190} INFO - [2025-04-02T08:21:53.116+0000] {dag.py:4180} INFO - Setting next_dagrun for consume_1_or_2_with_dataset_expressions to None, run_after=None
[2025-04-02T08:21:53.116+0000] {logging_mixin.py:190} INFO - [2025-04-02T08:21:53.116+0000] {dag.py:4180} INFO - Setting next_dagrun for consume_1_or_both_2_and_3_with_dataset_expressions to None, run_after=None
[2025-04-02T08:21:53.117+0000] {logging_mixin.py:190} INFO - [2025-04-02T08:21:53.117+0000] {dag.py:4180} INFO - Setting next_dagrun for dataset_consumes_1 to None, run_after=None
[2025-04-02T08:21:53.117+0000] {logging_mixin.py:190} INFO - [2025-04-02T08:21:53.117+0000] {dag.py:4180} INFO - Setting next_dagrun for dataset_consumes_1_and_2 to None, run_after=None
[2025-04-02T08:21:53.118+0000] {logging_mixin.py:190} INFO - [2025-04-02T08:21:53.118+0000] {dag.py:4180} INFO - Setting next_dagrun for dataset_consumes_1_never_scheduled to None, run_after=None
[2025-04-02T08:21:53.118+0000] {logging_mixin.py:190} INFO - [2025-04-02T08:21:53.118+0000] {dag.py:4180} INFO - Setting next_dagrun for dataset_consumes_unknown_never_scheduled to None, run_after=None
[2025-04-02T08:21:53.120+0000] {logging_mixin.py:190} INFO - [2025-04-02T08:21:53.120+0000] {dag.py:4180} INFO - Setting next_dagrun for dataset_produces_1 to 2025-04-01 00:00:00+00:00, run_after=2025-04-02 00:00:00+00:00
[2025-04-02T08:21:53.120+0000] {logging_mixin.py:190} INFO - [2025-04-02T08:21:53.120+0000] {dag.py:4180} INFO - Setting next_dagrun for dataset_produces_2 to None, run_after=None
[2025-04-02T08:21:53.154+0000] {processor.py:208} INFO - Processing /home/airflow/.local/lib/python3.12/site-packages/airflow/example_dags/example_datasets.py took 1.432 seconds
[2025-04-02T08:23:25.871+0000] {processor.py:186} INFO - Started process (PID=63) to work on /home/airflow/.local/lib/python3.12/site-packages/airflow/example_dags/example_datasets.py
[2025-04-02T08:23:25.872+0000] {processor.py:914} INFO - Processing file /home/airflow/.local/lib/python3.12/site-packages/airflow/example_dags/example_datasets.py for tasks to queue
[2025-04-02T08:23:25.874+0000] {logging_mixin.py:190} INFO - [2025-04-02T08:23:25.873+0000] {dagbag.py:588} INFO - Filling up the DagBag from /home/airflow/.local/lib/python3.12/site-packages/airflow/example_dags/example_datasets.py
[2025-04-02T08:23:27.653+0000] {processor.py:925} INFO - DAG(s) 'conditional_dataset_and_time_based_timetable', 'dataset_produces_1', 'consume_1_or_2_with_dataset_expressions', 'dataset_produces_2', 'dataset_consumes_1_and_2', 'consume_1_or_both_2_and_3_with_dataset_expressions', 'dataset_consumes_unknown_never_scheduled', 'dataset_consumes_1', 'consume_1_and_2_with_dataset_expressions', 'dataset_consumes_1_never_scheduled' retrieved from /home/airflow/.local/lib/python3.12/site-packages/airflow/example_dags/example_datasets.py
[2025-04-02T08:23:27.681+0000] {logging_mixin.py:190} INFO - [2025-04-02T08:23:27.681+0000] {dag.py:3239} INFO - Sync 10 DAGs
[2025-04-02T08:23:27.699+0000] {logging_mixin.py:190} INFO - [2025-04-02T08:23:27.699+0000] {dag.py:4180} INFO - Setting next_dagrun for conditional_dataset_and_time_based_timetable to 2025-04-02 01:00:00+00:00, run_after=2025-04-02 01:00:00+00:00
[2025-04-02T08:23:27.702+0000] {logging_mixin.py:190} INFO - [2025-04-02T08:23:27.701+0000] {dag.py:4180} INFO - Setting next_dagrun for consume_1_and_2_with_dataset_expressions to None, run_after=None
[2025-04-02T08:23:27.703+0000] {logging_mixin.py:190} INFO - [2025-04-02T08:23:27.702+0000] {dag.py:4180} INFO - Setting next_dagrun for consume_1_or_2_with_dataset_expressions to None, run_after=None
[2025-04-02T08:23:27.704+0000] {logging_mixin.py:190} INFO - [2025-04-02T08:23:27.703+0000] {dag.py:4180} INFO - Setting next_dagrun for consume_1_or_both_2_and_3_with_dataset_expressions to None, run_after=None
[2025-04-02T08:23:27.704+0000] {logging_mixin.py:190} INFO - [2025-04-02T08:23:27.704+0000] {dag.py:4180} INFO - Setting next_dagrun for dataset_consumes_1 to None, run_after=None
[2025-04-02T08:23:27.705+0000] {logging_mixin.py:190} INFO - [2025-04-02T08:23:27.705+0000] {dag.py:4180} INFO - Setting next_dagrun for dataset_consumes_1_and_2 to None, run_after=None
[2025-04-02T08:23:27.706+0000] {logging_mixin.py:190} INFO - [2025-04-02T08:23:27.706+0000] {dag.py:4180} INFO - Setting next_dagrun for dataset_consumes_1_never_scheduled to None, run_after=None
[2025-04-02T08:23:27.707+0000] {logging_mixin.py:190} INFO - [2025-04-02T08:23:27.707+0000] {dag.py:4180} INFO - Setting next_dagrun for dataset_consumes_unknown_never_scheduled to None, run_after=None
[2025-04-02T08:23:27.708+0000] {logging_mixin.py:190} INFO - [2025-04-02T08:23:27.708+0000] {dag.py:4180} INFO - Setting next_dagrun for dataset_produces_1 to 2025-04-01 00:00:00+00:00, run_after=2025-04-02 00:00:00+00:00
[2025-04-02T08:23:27.709+0000] {logging_mixin.py:190} INFO - [2025-04-02T08:23:27.709+0000] {dag.py:4180} INFO - Setting next_dagrun for dataset_produces_2 to None, run_after=None
[2025-04-02T08:23:27.730+0000] {processor.py:208} INFO - Processing /home/airflow/.local/lib/python3.12/site-packages/airflow/example_dags/example_datasets.py took 1.862 seconds
[2025-04-02T08:23:58.584+0000] {processor.py:186} INFO - Started process (PID=138) to work on /home/airflow/.local/lib/python3.12/site-packages/airflow/example_dags/example_datasets.py
[2025-04-02T08:23:58.584+0000] {processor.py:914} INFO - Processing file /home/airflow/.local/lib/python3.12/site-packages/airflow/example_dags/example_datasets.py for tasks to queue
[2025-04-02T08:23:58.586+0000] {logging_mixin.py:190} INFO - [2025-04-02T08:23:58.586+0000] {dagbag.py:588} INFO - Filling up the DagBag from /home/airflow/.local/lib/python3.12/site-packages/airflow/example_dags/example_datasets.py
[2025-04-02T08:23:58.976+0000] {processor.py:925} INFO - DAG(s) 'consume_1_or_2_with_dataset_expressions', 'consume_1_and_2_with_dataset_expressions', 'dataset_produces_1', 'dataset_consumes_1_and_2', 'consume_1_or_both_2_and_3_with_dataset_expressions', 'conditional_dataset_and_time_based_timetable', 'dataset_produces_2', 'dataset_consumes_1', 'dataset_consumes_1_never_scheduled', 'dataset_consumes_unknown_never_scheduled' retrieved from /home/airflow/.local/lib/python3.12/site-packages/airflow/example_dags/example_datasets.py
[2025-04-02T08:23:59.003+0000] {logging_mixin.py:190} INFO - [2025-04-02T08:23:59.003+0000] {dag.py:3239} INFO - Sync 10 DAGs
[2025-04-02T08:23:59.019+0000] {logging_mixin.py:190} INFO - [2025-04-02T08:23:59.019+0000] {dag.py:4180} INFO - Setting next_dagrun for conditional_dataset_and_time_based_timetable to 2025-04-02 01:00:00+00:00, run_after=2025-04-02 01:00:00+00:00
[2025-04-02T08:23:59.021+0000] {logging_mixin.py:190} INFO - [2025-04-02T08:23:59.021+0000] {dag.py:4180} INFO - Setting next_dagrun for consume_1_and_2_with_dataset_expressions to None, run_after=None
[2025-04-02T08:23:59.023+0000] {logging_mixin.py:190} INFO - [2025-04-02T08:23:59.023+0000] {dag.py:4180} INFO - Setting next_dagrun for consume_1_or_2_with_dataset_expressions to None, run_after=None
[2025-04-02T08:23:59.024+0000] {logging_mixin.py:190} INFO - [2025-04-02T08:23:59.024+0000] {dag.py:4180} INFO - Setting next_dagrun for consume_1_or_both_2_and_3_with_dataset_expressions to None, run_after=None
[2025-04-02T08:23:59.025+0000] {logging_mixin.py:190} INFO - [2025-04-02T08:23:59.025+0000] {dag.py:4180} INFO - Setting next_dagrun for dataset_consumes_1 to None, run_after=None
[2025-04-02T08:23:59.026+0000] {logging_mixin.py:190} INFO - [2025-04-02T08:23:59.026+0000] {dag.py:4180} INFO - Setting next_dagrun for dataset_consumes_1_and_2 to None, run_after=None
[2025-04-02T08:23:59.027+0000] {logging_mixin.py:190} INFO - [2025-04-02T08:23:59.027+0000] {dag.py:4180} INFO - Setting next_dagrun for dataset_consumes_1_never_scheduled to None, run_after=None
[2025-04-02T08:23:59.028+0000] {logging_mixin.py:190} INFO - [2025-04-02T08:23:59.028+0000] {dag.py:4180} INFO - Setting next_dagrun for dataset_consumes_unknown_never_scheduled to None, run_after=None
[2025-04-02T08:23:59.030+0000] {logging_mixin.py:190} INFO - [2025-04-02T08:23:59.029+0000] {dag.py:4180} INFO - Setting next_dagrun for dataset_produces_1 to 2025-04-01 00:00:00+00:00, run_after=2025-04-02 00:00:00+00:00
[2025-04-02T08:23:59.030+0000] {logging_mixin.py:190} INFO - [2025-04-02T08:23:59.030+0000] {dag.py:4180} INFO - Setting next_dagrun for dataset_produces_2 to None, run_after=None
[2025-04-02T08:23:59.050+0000] {processor.py:208} INFO - Processing /home/airflow/.local/lib/python3.12/site-packages/airflow/example_dags/example_datasets.py took 0.469 seconds
[2025-04-02T08:31:32.957+0000] {processor.py:186} INFO - Started process (PID=68) to work on /home/airflow/.local/lib/python3.12/site-packages/airflow/example_dags/example_datasets.py
[2025-04-02T08:31:32.958+0000] {processor.py:914} INFO - Processing file /home/airflow/.local/lib/python3.12/site-packages/airflow/example_dags/example_datasets.py for tasks to queue
[2025-04-02T08:31:32.959+0000] {logging_mixin.py:190} INFO - [2025-04-02T08:31:32.959+0000] {dagbag.py:588} INFO - Filling up the DagBag from /home/airflow/.local/lib/python3.12/site-packages/airflow/example_dags/example_datasets.py
[2025-04-02T08:31:34.028+0000] {processor.py:925} INFO - DAG(s) 'dataset_consumes_unknown_never_scheduled', 'dataset_produces_1', 'dataset_consumes_1_and_2', 'consume_1_and_2_with_dataset_expressions', 'dataset_produces_2', 'conditional_dataset_and_time_based_timetable', 'consume_1_or_2_with_dataset_expressions', 'dataset_consumes_1', 'dataset_consumes_1_never_scheduled', 'consume_1_or_both_2_and_3_with_dataset_expressions' retrieved from /home/airflow/.local/lib/python3.12/site-packages/airflow/example_dags/example_datasets.py
[2025-04-02T08:31:34.059+0000] {logging_mixin.py:190} INFO - [2025-04-02T08:31:34.059+0000] {dag.py:3239} INFO - Sync 10 DAGs
[2025-04-02T08:31:34.078+0000] {logging_mixin.py:190} INFO - [2025-04-02T08:31:34.078+0000] {dag.py:4180} INFO - Setting next_dagrun for conditional_dataset_and_time_based_timetable to 2025-04-02 01:00:00+00:00, run_after=2025-04-02 01:00:00+00:00
[2025-04-02T08:31:34.081+0000] {logging_mixin.py:190} INFO - [2025-04-02T08:31:34.081+0000] {dag.py:4180} INFO - Setting next_dagrun for consume_1_and_2_with_dataset_expressions to None, run_after=None
[2025-04-02T08:31:34.082+0000] {logging_mixin.py:190} INFO - [2025-04-02T08:31:34.082+0000] {dag.py:4180} INFO - Setting next_dagrun for consume_1_or_2_with_dataset_expressions to None, run_after=None
[2025-04-02T08:31:34.083+0000] {logging_mixin.py:190} INFO - [2025-04-02T08:31:34.083+0000] {dag.py:4180} INFO - Setting next_dagrun for consume_1_or_both_2_and_3_with_dataset_expressions to None, run_after=None
[2025-04-02T08:31:34.085+0000] {logging_mixin.py:190} INFO - [2025-04-02T08:31:34.084+0000] {dag.py:4180} INFO - Setting next_dagrun for dataset_consumes_1 to None, run_after=None
[2025-04-02T08:31:34.086+0000] {logging_mixin.py:190} INFO - [2025-04-02T08:31:34.086+0000] {dag.py:4180} INFO - Setting next_dagrun for dataset_consumes_1_and_2 to None, run_after=None
[2025-04-02T08:31:34.087+0000] {logging_mixin.py:190} INFO - [2025-04-02T08:31:34.086+0000] {dag.py:4180} INFO - Setting next_dagrun for dataset_consumes_1_never_scheduled to None, run_after=None
[2025-04-02T08:31:34.087+0000] {logging_mixin.py:190} INFO - [2025-04-02T08:31:34.087+0000] {dag.py:4180} INFO - Setting next_dagrun for dataset_consumes_unknown_never_scheduled to None, run_after=None
[2025-04-02T08:31:34.089+0000] {logging_mixin.py:190} INFO - [2025-04-02T08:31:34.089+0000] {dag.py:4180} INFO - Setting next_dagrun for dataset_produces_1 to 2025-04-01 00:00:00+00:00, run_after=2025-04-02 00:00:00+00:00
[2025-04-02T08:31:34.090+0000] {logging_mixin.py:190} INFO - [2025-04-02T08:31:34.090+0000] {dag.py:4180} INFO - Setting next_dagrun for dataset_produces_2 to None, run_after=None
[2025-04-02T08:31:34.127+0000] {processor.py:208} INFO - Processing /home/airflow/.local/lib/python3.12/site-packages/airflow/example_dags/example_datasets.py took 1.174 seconds
[2025-04-02T08:32:05.144+0000] {processor.py:186} INFO - Started process (PID=137) to work on /home/airflow/.local/lib/python3.12/site-packages/airflow/example_dags/example_datasets.py
[2025-04-02T08:32:05.145+0000] {processor.py:914} INFO - Processing file /home/airflow/.local/lib/python3.12/site-packages/airflow/example_dags/example_datasets.py for tasks to queue
[2025-04-02T08:32:05.146+0000] {logging_mixin.py:190} INFO - [2025-04-02T08:32:05.146+0000] {dagbag.py:588} INFO - Filling up the DagBag from /home/airflow/.local/lib/python3.12/site-packages/airflow/example_dags/example_datasets.py
[2025-04-02T08:32:05.530+0000] {processor.py:925} INFO - DAG(s) 'consume_1_or_2_with_dataset_expressions', 'consume_1_and_2_with_dataset_expressions', 'dataset_produces_2', 'dataset_consumes_1_never_scheduled', 'dataset_consumes_unknown_never_scheduled', 'conditional_dataset_and_time_based_timetable', 'consume_1_or_both_2_and_3_with_dataset_expressions', 'dataset_consumes_1_and_2', 'dataset_produces_1', 'dataset_consumes_1' retrieved from /home/airflow/.local/lib/python3.12/site-packages/airflow/example_dags/example_datasets.py
[2025-04-02T08:32:05.558+0000] {logging_mixin.py:190} INFO - [2025-04-02T08:32:05.558+0000] {dag.py:3239} INFO - Sync 10 DAGs
[2025-04-02T08:32:05.575+0000] {logging_mixin.py:190} INFO - [2025-04-02T08:32:05.575+0000] {dag.py:4180} INFO - Setting next_dagrun for conditional_dataset_and_time_based_timetable to 2025-04-02 01:00:00+00:00, run_after=2025-04-02 01:00:00+00:00
[2025-04-02T08:32:05.578+0000] {logging_mixin.py:190} INFO - [2025-04-02T08:32:05.577+0000] {dag.py:4180} INFO - Setting next_dagrun for consume_1_and_2_with_dataset_expressions to None, run_after=None
[2025-04-02T08:32:05.580+0000] {logging_mixin.py:190} INFO - [2025-04-02T08:32:05.579+0000] {dag.py:4180} INFO - Setting next_dagrun for consume_1_or_2_with_dataset_expressions to None, run_after=None
[2025-04-02T08:32:05.581+0000] {logging_mixin.py:190} INFO - [2025-04-02T08:32:05.580+0000] {dag.py:4180} INFO - Setting next_dagrun for consume_1_or_both_2_and_3_with_dataset_expressions to None, run_after=None
[2025-04-02T08:32:05.581+0000] {logging_mixin.py:190} INFO - [2025-04-02T08:32:05.581+0000] {dag.py:4180} INFO - Setting next_dagrun for dataset_consumes_1 to None, run_after=None
[2025-04-02T08:32:05.582+0000] {logging_mixin.py:190} INFO - [2025-04-02T08:32:05.582+0000] {dag.py:4180} INFO - Setting next_dagrun for dataset_consumes_1_and_2 to None, run_after=None
[2025-04-02T08:32:05.583+0000] {logging_mixin.py:190} INFO - [2025-04-02T08:32:05.583+0000] {dag.py:4180} INFO - Setting next_dagrun for dataset_consumes_1_never_scheduled to None, run_after=None
[2025-04-02T08:32:05.584+0000] {logging_mixin.py:190} INFO - [2025-04-02T08:32:05.584+0000] {dag.py:4180} INFO - Setting next_dagrun for dataset_consumes_unknown_never_scheduled to None, run_after=None
[2025-04-02T08:32:05.586+0000] {logging_mixin.py:190} INFO - [2025-04-02T08:32:05.586+0000] {dag.py:4180} INFO - Setting next_dagrun for dataset_produces_1 to 2025-04-01 00:00:00+00:00, run_after=2025-04-02 00:00:00+00:00
[2025-04-02T08:32:05.587+0000] {logging_mixin.py:190} INFO - [2025-04-02T08:32:05.586+0000] {dag.py:4180} INFO - Setting next_dagrun for dataset_produces_2 to None, run_after=None
[2025-04-02T08:32:05.607+0000] {processor.py:208} INFO - Processing /home/airflow/.local/lib/python3.12/site-packages/airflow/example_dags/example_datasets.py took 0.467 seconds
[2025-04-02T08:32:36.435+0000] {processor.py:186} INFO - Started process (PID=201) to work on /home/airflow/.local/lib/python3.12/site-packages/airflow/example_dags/example_datasets.py
[2025-04-02T08:32:36.436+0000] {processor.py:914} INFO - Processing file /home/airflow/.local/lib/python3.12/site-packages/airflow/example_dags/example_datasets.py for tasks to queue
[2025-04-02T08:32:36.438+0000] {logging_mixin.py:190} INFO - [2025-04-02T08:32:36.438+0000] {dagbag.py:588} INFO - Filling up the DagBag from /home/airflow/.local/lib/python3.12/site-packages/airflow/example_dags/example_datasets.py
[2025-04-02T08:32:36.850+0000] {processor.py:925} INFO - DAG(s) 'dataset_consumes_1_never_scheduled', 'dataset_consumes_1_and_2', 'consume_1_or_2_with_dataset_expressions', 'consume_1_or_both_2_and_3_with_dataset_expressions', 'conditional_dataset_and_time_based_timetable', 'dataset_produces_2', 'dataset_consumes_unknown_never_scheduled', 'dataset_produces_1', 'consume_1_and_2_with_dataset_expressions', 'dataset_consumes_1' retrieved from /home/airflow/.local/lib/python3.12/site-packages/airflow/example_dags/example_datasets.py
[2025-04-02T08:32:36.880+0000] {logging_mixin.py:190} INFO - [2025-04-02T08:32:36.879+0000] {dag.py:3239} INFO - Sync 10 DAGs
[2025-04-02T08:32:36.897+0000] {logging_mixin.py:190} INFO - [2025-04-02T08:32:36.897+0000] {dag.py:4180} INFO - Setting next_dagrun for conditional_dataset_and_time_based_timetable to 2025-04-02 01:00:00+00:00, run_after=2025-04-02 01:00:00+00:00
[2025-04-02T08:32:36.900+0000] {logging_mixin.py:190} INFO - [2025-04-02T08:32:36.900+0000] {dag.py:4180} INFO - Setting next_dagrun for consume_1_and_2_with_dataset_expressions to None, run_after=None
[2025-04-02T08:32:36.901+0000] {logging_mixin.py:190} INFO - [2025-04-02T08:32:36.901+0000] {dag.py:4180} INFO - Setting next_dagrun for consume_1_or_2_with_dataset_expressions to None, run_after=None
[2025-04-02T08:32:36.902+0000] {logging_mixin.py:190} INFO - [2025-04-02T08:32:36.902+0000] {dag.py:4180} INFO - Setting next_dagrun for consume_1_or_both_2_and_3_with_dataset_expressions to None, run_after=None
[2025-04-02T08:32:36.903+0000] {logging_mixin.py:190} INFO - [2025-04-02T08:32:36.902+0000] {dag.py:4180} INFO - Setting next_dagrun for dataset_consumes_1 to None, run_after=None
[2025-04-02T08:32:36.903+0000] {logging_mixin.py:190} INFO - [2025-04-02T08:32:36.903+0000] {dag.py:4180} INFO - Setting next_dagrun for dataset_consumes_1_and_2 to None, run_after=None
[2025-04-02T08:32:36.904+0000] {logging_mixin.py:190} INFO - [2025-04-02T08:32:36.904+0000] {dag.py:4180} INFO - Setting next_dagrun for dataset_consumes_1_never_scheduled to None, run_after=None
[2025-04-02T08:32:36.905+0000] {logging_mixin.py:190} INFO - [2025-04-02T08:32:36.905+0000] {dag.py:4180} INFO - Setting next_dagrun for dataset_consumes_unknown_never_scheduled to None, run_after=None
[2025-04-02T08:32:36.907+0000] {logging_mixin.py:190} INFO - [2025-04-02T08:32:36.907+0000] {dag.py:4180} INFO - Setting next_dagrun for dataset_produces_1 to 2025-04-01 00:00:00+00:00, run_after=2025-04-02 00:00:00+00:00
[2025-04-02T08:32:36.908+0000] {logging_mixin.py:190} INFO - [2025-04-02T08:32:36.908+0000] {dag.py:4180} INFO - Setting next_dagrun for dataset_produces_2 to None, run_after=None
[2025-04-02T08:32:36.930+0000] {processor.py:208} INFO - Processing /home/airflow/.local/lib/python3.12/site-packages/airflow/example_dags/example_datasets.py took 0.500 seconds
[2025-04-02T08:33:07.682+0000] {processor.py:186} INFO - Started process (PID=265) to work on /home/airflow/.local/lib/python3.12/site-packages/airflow/example_dags/example_datasets.py
[2025-04-02T08:33:07.683+0000] {processor.py:914} INFO - Processing file /home/airflow/.local/lib/python3.12/site-packages/airflow/example_dags/example_datasets.py for tasks to queue
[2025-04-02T08:33:07.685+0000] {logging_mixin.py:190} INFO - [2025-04-02T08:33:07.685+0000] {dagbag.py:588} INFO - Filling up the DagBag from /home/airflow/.local/lib/python3.12/site-packages/airflow/example_dags/example_datasets.py
[2025-04-02T08:33:08.099+0000] {processor.py:925} INFO - DAG(s) 'consume_1_and_2_with_dataset_expressions', 'conditional_dataset_and_time_based_timetable', 'consume_1_or_2_with_dataset_expressions', 'dataset_consumes_1_never_scheduled', 'dataset_consumes_unknown_never_scheduled', 'dataset_consumes_1', 'consume_1_or_both_2_and_3_with_dataset_expressions', 'dataset_produces_2', 'dataset_consumes_1_and_2', 'dataset_produces_1' retrieved from /home/airflow/.local/lib/python3.12/site-packages/airflow/example_dags/example_datasets.py
[2025-04-02T08:33:08.128+0000] {logging_mixin.py:190} INFO - [2025-04-02T08:33:08.127+0000] {dag.py:3239} INFO - Sync 10 DAGs
[2025-04-02T08:33:08.145+0000] {logging_mixin.py:190} INFO - [2025-04-02T08:33:08.145+0000] {dag.py:4180} INFO - Setting next_dagrun for conditional_dataset_and_time_based_timetable to 2025-04-02 01:00:00+00:00, run_after=2025-04-02 01:00:00+00:00
[2025-04-02T08:33:08.148+0000] {logging_mixin.py:190} INFO - [2025-04-02T08:33:08.148+0000] {dag.py:4180} INFO - Setting next_dagrun for consume_1_and_2_with_dataset_expressions to None, run_after=None
[2025-04-02T08:33:08.150+0000] {logging_mixin.py:190} INFO - [2025-04-02T08:33:08.150+0000] {dag.py:4180} INFO - Setting next_dagrun for consume_1_or_2_with_dataset_expressions to None, run_after=None
[2025-04-02T08:33:08.151+0000] {logging_mixin.py:190} INFO - [2025-04-02T08:33:08.151+0000] {dag.py:4180} INFO - Setting next_dagrun for consume_1_or_both_2_and_3_with_dataset_expressions to None, run_after=None
[2025-04-02T08:33:08.152+0000] {logging_mixin.py:190} INFO - [2025-04-02T08:33:08.152+0000] {dag.py:4180} INFO - Setting next_dagrun for dataset_consumes_1 to None, run_after=None
[2025-04-02T08:33:08.153+0000] {logging_mixin.py:190} INFO - [2025-04-02T08:33:08.153+0000] {dag.py:4180} INFO - Setting next_dagrun for dataset_consumes_1_and_2 to None, run_after=None
[2025-04-02T08:33:08.154+0000] {logging_mixin.py:190} INFO - [2025-04-02T08:33:08.154+0000] {dag.py:4180} INFO - Setting next_dagrun for dataset_consumes_1_never_scheduled to None, run_after=None
[2025-04-02T08:33:08.155+0000] {logging_mixin.py:190} INFO - [2025-04-02T08:33:08.155+0000] {dag.py:4180} INFO - Setting next_dagrun for dataset_consumes_unknown_never_scheduled to None, run_after=None
[2025-04-02T08:33:08.157+0000] {logging_mixin.py:190} INFO - [2025-04-02T08:33:08.157+0000] {dag.py:4180} INFO - Setting next_dagrun for dataset_produces_1 to 2025-04-01 00:00:00+00:00, run_after=2025-04-02 00:00:00+00:00
[2025-04-02T08:33:08.158+0000] {logging_mixin.py:190} INFO - [2025-04-02T08:33:08.158+0000] {dag.py:4180} INFO - Setting next_dagrun for dataset_produces_2 to None, run_after=None
[2025-04-02T08:33:08.182+0000] {processor.py:208} INFO - Processing /home/airflow/.local/lib/python3.12/site-packages/airflow/example_dags/example_datasets.py took 0.503 seconds
