[2025-04-02T08:21:51.207+0000] {processor.py:186} INFO - Started process (PID=64) to work on /home/airflow/.local/lib/python3.12/site-packages/airflow/example_dags/example_branch_datetime_operator.py
[2025-04-02T08:21:51.208+0000] {processor.py:914} INFO - Processing file /home/airflow/.local/lib/python3.12/site-packages/airflow/example_dags/example_branch_datetime_operator.py for tasks to queue
[2025-04-02T08:21:51.210+0000] {logging_mixin.py:190} INFO - [2025-04-02T08:21:51.209+0000] {dagbag.py:588} INFO - Filling up the DagBag from /home/airflow/.local/lib/python3.12/site-packages/airflow/example_dags/example_branch_datetime_operator.py
[2025-04-02T08:21:51.219+0000] {processor.py:925} INFO - DAG(s) 'example_branch_datetime_operator_2', 'example_branch_datetime_operator_3', 'example_branch_datetime_operator' retrieved from /home/airflow/.local/lib/python3.12/site-packages/airflow/example_dags/example_branch_datetime_operator.py
[2025-04-02T08:21:51.303+0000] {logging_mixin.py:190} INFO - [2025-04-02T08:21:51.302+0000] {override.py:1912} INFO - Created Permission View: can delete on DAG:example_branch_datetime_operator_2
[2025-04-02T08:21:51.309+0000] {logging_mixin.py:190} INFO - [2025-04-02T08:21:51.309+0000] {override.py:1912} INFO - Created Permission View: can edit on DAG:example_branch_datetime_operator_2
[2025-04-02T08:21:51.313+0000] {logging_mixin.py:190} INFO - [2025-04-02T08:21:51.313+0000] {override.py:1912} INFO - Created Permission View: can read on DAG:example_branch_datetime_operator_2
[2025-04-02T08:21:51.318+0000] {logging_mixin.py:190} INFO - [2025-04-02T08:21:51.318+0000] {override.py:1912} INFO - Created Permission View: can delete on DAG Run:example_branch_datetime_operator_2
[2025-04-02T08:21:51.322+0000] {logging_mixin.py:190} INFO - [2025-04-02T08:21:51.321+0000] {override.py:1912} INFO - Created Permission View: can create on DAG Run:example_branch_datetime_operator_2
[2025-04-02T08:21:51.325+0000] {logging_mixin.py:190} INFO - [2025-04-02T08:21:51.325+0000] {override.py:1912} INFO - Created Permission View: can read on DAG Run:example_branch_datetime_operator_2
[2025-04-02T08:21:51.330+0000] {logging_mixin.py:190} INFO - [2025-04-02T08:21:51.329+0000] {override.py:1912} INFO - Created Permission View: menu access on DAG Run:example_branch_datetime_operator_2
[2025-04-02T08:21:51.338+0000] {logging_mixin.py:190} INFO - [2025-04-02T08:21:51.337+0000] {override.py:1912} INFO - Created Permission View: can delete on DAG:example_branch_datetime_operator_3
[2025-04-02T08:21:51.342+0000] {logging_mixin.py:190} INFO - [2025-04-02T08:21:51.342+0000] {override.py:1912} INFO - Created Permission View: can edit on DAG:example_branch_datetime_operator_3
[2025-04-02T08:21:51.347+0000] {logging_mixin.py:190} INFO - [2025-04-02T08:21:51.346+0000] {override.py:1912} INFO - Created Permission View: can read on DAG:example_branch_datetime_operator_3
[2025-04-02T08:21:51.355+0000] {logging_mixin.py:190} INFO - [2025-04-02T08:21:51.355+0000] {override.py:1912} INFO - Created Permission View: can delete on DAG Run:example_branch_datetime_operator_3
[2025-04-02T08:21:51.361+0000] {logging_mixin.py:190} INFO - [2025-04-02T08:21:51.361+0000] {override.py:1912} INFO - Created Permission View: can create on DAG Run:example_branch_datetime_operator_3
[2025-04-02T08:21:51.365+0000] {logging_mixin.py:190} INFO - [2025-04-02T08:21:51.365+0000] {override.py:1912} INFO - Created Permission View: can read on DAG Run:example_branch_datetime_operator_3
[2025-04-02T08:21:51.370+0000] {logging_mixin.py:190} INFO - [2025-04-02T08:21:51.370+0000] {override.py:1912} INFO - Created Permission View: menu access on DAG Run:example_branch_datetime_operator_3
[2025-04-02T08:21:51.378+0000] {logging_mixin.py:190} INFO - [2025-04-02T08:21:51.378+0000] {override.py:1912} INFO - Created Permission View: can delete on DAG:example_branch_datetime_operator
[2025-04-02T08:21:51.382+0000] {logging_mixin.py:190} INFO - [2025-04-02T08:21:51.381+0000] {override.py:1912} INFO - Created Permission View: can edit on DAG:example_branch_datetime_operator
[2025-04-02T08:21:51.385+0000] {logging_mixin.py:190} INFO - [2025-04-02T08:21:51.385+0000] {override.py:1912} INFO - Created Permission View: can read on DAG:example_branch_datetime_operator
[2025-04-02T08:21:51.390+0000] {logging_mixin.py:190} INFO - [2025-04-02T08:21:51.389+0000] {override.py:1912} INFO - Created Permission View: can delete on DAG Run:example_branch_datetime_operator
[2025-04-02T08:21:51.393+0000] {logging_mixin.py:190} INFO - [2025-04-02T08:21:51.393+0000] {override.py:1912} INFO - Created Permission View: can create on DAG Run:example_branch_datetime_operator
[2025-04-02T08:21:51.397+0000] {logging_mixin.py:190} INFO - [2025-04-02T08:21:51.397+0000] {override.py:1912} INFO - Created Permission View: can read on DAG Run:example_branch_datetime_operator
[2025-04-02T08:21:51.401+0000] {logging_mixin.py:190} INFO - [2025-04-02T08:21:51.401+0000] {override.py:1912} INFO - Created Permission View: menu access on DAG Run:example_branch_datetime_operator
[2025-04-02T08:21:51.401+0000] {logging_mixin.py:190} INFO - [2025-04-02T08:21:51.401+0000] {dag.py:3239} INFO - Sync 3 DAGs
[2025-04-02T08:21:51.409+0000] {logging_mixin.py:190} INFO - [2025-04-02T08:21:51.409+0000] {dag.py:3262} INFO - Creating ORM DAG for example_branch_datetime_operator
[2025-04-02T08:21:51.409+0000] {logging_mixin.py:190} INFO - [2025-04-02T08:21:51.409+0000] {dag.py:3262} INFO - Creating ORM DAG for example_branch_datetime_operator_3
[2025-04-02T08:21:51.410+0000] {logging_mixin.py:190} INFO - [2025-04-02T08:21:51.410+0000] {dag.py:3262} INFO - Creating ORM DAG for example_branch_datetime_operator_2
[2025-04-02T08:21:51.417+0000] {logging_mixin.py:190} INFO - [2025-04-02T08:21:51.417+0000] {dag.py:4180} INFO - Setting next_dagrun for example_branch_datetime_operator to 2025-04-01 00:00:00+00:00, run_after=2025-04-02 00:00:00+00:00
[2025-04-02T08:21:51.419+0000] {logging_mixin.py:190} INFO - [2025-04-02T08:21:51.419+0000] {dag.py:4180} INFO - Setting next_dagrun for example_branch_datetime_operator_2 to 2025-04-01 00:00:00+00:00, run_after=2025-04-02 00:00:00+00:00
[2025-04-02T08:21:51.420+0000] {logging_mixin.py:190} INFO - [2025-04-02T08:21:51.420+0000] {dag.py:4180} INFO - Setting next_dagrun for example_branch_datetime_operator_3 to 2025-04-01 00:00:00+00:00, run_after=2025-04-02 00:00:00+00:00
[2025-04-02T08:21:51.434+0000] {processor.py:208} INFO - Processing /home/airflow/.local/lib/python3.12/site-packages/airflow/example_dags/example_branch_datetime_operator.py took 0.231 seconds
[2025-04-02T08:23:25.611+0000] {processor.py:186} INFO - Started process (PID=58) to work on /home/airflow/.local/lib/python3.12/site-packages/airflow/example_dags/example_branch_datetime_operator.py
[2025-04-02T08:23:25.612+0000] {processor.py:914} INFO - Processing file /home/airflow/.local/lib/python3.12/site-packages/airflow/example_dags/example_branch_datetime_operator.py for tasks to queue
[2025-04-02T08:23:25.614+0000] {logging_mixin.py:190} INFO - [2025-04-02T08:23:25.614+0000] {dagbag.py:588} INFO - Filling up the DagBag from /home/airflow/.local/lib/python3.12/site-packages/airflow/example_dags/example_branch_datetime_operator.py
[2025-04-02T08:23:25.623+0000] {processor.py:925} INFO - DAG(s) 'example_branch_datetime_operator_3', 'example_branch_datetime_operator_2', 'example_branch_datetime_operator' retrieved from /home/airflow/.local/lib/python3.12/site-packages/airflow/example_dags/example_branch_datetime_operator.py
[2025-04-02T08:23:25.644+0000] {logging_mixin.py:190} INFO - [2025-04-02T08:23:25.644+0000] {dag.py:3239} INFO - Sync 3 DAGs
[2025-04-02T08:23:25.662+0000] {logging_mixin.py:190} INFO - [2025-04-02T08:23:25.661+0000] {dag.py:4180} INFO - Setting next_dagrun for example_branch_datetime_operator to 2025-04-01 00:00:00+00:00, run_after=2025-04-02 00:00:00+00:00
[2025-04-02T08:23:25.664+0000] {logging_mixin.py:190} INFO - [2025-04-02T08:23:25.664+0000] {dag.py:4180} INFO - Setting next_dagrun for example_branch_datetime_operator_2 to 2025-04-01 00:00:00+00:00, run_after=2025-04-02 00:00:00+00:00
[2025-04-02T08:23:25.667+0000] {logging_mixin.py:190} INFO - [2025-04-02T08:23:25.666+0000] {dag.py:4180} INFO - Setting next_dagrun for example_branch_datetime_operator_3 to 2025-04-01 00:00:00+00:00, run_after=2025-04-02 00:00:00+00:00
[2025-04-02T08:23:25.678+0000] {processor.py:208} INFO - Processing /home/airflow/.local/lib/python3.12/site-packages/airflow/example_dags/example_branch_datetime_operator.py took 0.071 seconds
[2025-04-02T08:23:56.163+0000] {processor.py:186} INFO - Started process (PID=122) to work on /home/airflow/.local/lib/python3.12/site-packages/airflow/example_dags/example_branch_datetime_operator.py
[2025-04-02T08:23:56.163+0000] {processor.py:914} INFO - Processing file /home/airflow/.local/lib/python3.12/site-packages/airflow/example_dags/example_branch_datetime_operator.py for tasks to queue
[2025-04-02T08:23:56.165+0000] {logging_mixin.py:190} INFO - [2025-04-02T08:23:56.165+0000] {dagbag.py:588} INFO - Filling up the DagBag from /home/airflow/.local/lib/python3.12/site-packages/airflow/example_dags/example_branch_datetime_operator.py
[2025-04-02T08:23:56.173+0000] {processor.py:925} INFO - DAG(s) 'example_branch_datetime_operator_2', 'example_branch_datetime_operator_3', 'example_branch_datetime_operator' retrieved from /home/airflow/.local/lib/python3.12/site-packages/airflow/example_dags/example_branch_datetime_operator.py
[2025-04-02T08:23:56.190+0000] {logging_mixin.py:190} INFO - [2025-04-02T08:23:56.189+0000] {dag.py:3239} INFO - Sync 3 DAGs
[2025-04-02T08:23:56.206+0000] {logging_mixin.py:190} INFO - [2025-04-02T08:23:56.205+0000] {dag.py:4180} INFO - Setting next_dagrun for example_branch_datetime_operator to 2025-04-01 00:00:00+00:00, run_after=2025-04-02 00:00:00+00:00
[2025-04-02T08:23:56.208+0000] {logging_mixin.py:190} INFO - [2025-04-02T08:23:56.208+0000] {dag.py:4180} INFO - Setting next_dagrun for example_branch_datetime_operator_2 to 2025-04-01 00:00:00+00:00, run_after=2025-04-02 00:00:00+00:00
[2025-04-02T08:23:56.210+0000] {logging_mixin.py:190} INFO - [2025-04-02T08:23:56.210+0000] {dag.py:4180} INFO - Setting next_dagrun for example_branch_datetime_operator_3 to 2025-04-01 00:00:00+00:00, run_after=2025-04-02 00:00:00+00:00
[2025-04-02T08:23:56.220+0000] {processor.py:208} INFO - Processing /home/airflow/.local/lib/python3.12/site-packages/airflow/example_dags/example_branch_datetime_operator.py took 0.060 seconds
[2025-04-02T08:31:32.678+0000] {processor.py:186} INFO - Started process (PID=63) to work on /home/airflow/.local/lib/python3.12/site-packages/airflow/example_dags/example_branch_datetime_operator.py
[2025-04-02T08:31:32.679+0000] {processor.py:914} INFO - Processing file /home/airflow/.local/lib/python3.12/site-packages/airflow/example_dags/example_branch_datetime_operator.py for tasks to queue
[2025-04-02T08:31:32.682+0000] {logging_mixin.py:190} INFO - [2025-04-02T08:31:32.682+0000] {dagbag.py:588} INFO - Filling up the DagBag from /home/airflow/.local/lib/python3.12/site-packages/airflow/example_dags/example_branch_datetime_operator.py
[2025-04-02T08:31:32.701+0000] {processor.py:925} INFO - DAG(s) 'example_branch_datetime_operator', 'example_branch_datetime_operator_2', 'example_branch_datetime_operator_3' retrieved from /home/airflow/.local/lib/python3.12/site-packages/airflow/example_dags/example_branch_datetime_operator.py
[2025-04-02T08:31:32.731+0000] {logging_mixin.py:190} INFO - [2025-04-02T08:31:32.731+0000] {dag.py:3239} INFO - Sync 3 DAGs
[2025-04-02T08:31:32.753+0000] {logging_mixin.py:190} INFO - [2025-04-02T08:31:32.752+0000] {dag.py:4180} INFO - Setting next_dagrun for example_branch_datetime_operator to 2025-04-01 00:00:00+00:00, run_after=2025-04-02 00:00:00+00:00
[2025-04-02T08:31:32.757+0000] {logging_mixin.py:190} INFO - [2025-04-02T08:31:32.757+0000] {dag.py:4180} INFO - Setting next_dagrun for example_branch_datetime_operator_2 to 2025-04-01 00:00:00+00:00, run_after=2025-04-02 00:00:00+00:00
[2025-04-02T08:31:32.759+0000] {logging_mixin.py:190} INFO - [2025-04-02T08:31:32.759+0000] {dag.py:4180} INFO - Setting next_dagrun for example_branch_datetime_operator_3 to 2025-04-01 00:00:00+00:00, run_after=2025-04-02 00:00:00+00:00
[2025-04-02T08:31:32.771+0000] {processor.py:208} INFO - Processing /home/airflow/.local/lib/python3.12/site-packages/airflow/example_dags/example_branch_datetime_operator.py took 0.099 seconds
[2025-04-02T08:32:03.659+0000] {processor.py:186} INFO - Started process (PID=127) to work on /home/airflow/.local/lib/python3.12/site-packages/airflow/example_dags/example_branch_datetime_operator.py
[2025-04-02T08:32:03.660+0000] {processor.py:914} INFO - Processing file /home/airflow/.local/lib/python3.12/site-packages/airflow/example_dags/example_branch_datetime_operator.py for tasks to queue
[2025-04-02T08:32:03.661+0000] {logging_mixin.py:190} INFO - [2025-04-02T08:32:03.661+0000] {dagbag.py:588} INFO - Filling up the DagBag from /home/airflow/.local/lib/python3.12/site-packages/airflow/example_dags/example_branch_datetime_operator.py
[2025-04-02T08:32:03.670+0000] {processor.py:925} INFO - DAG(s) 'example_branch_datetime_operator', 'example_branch_datetime_operator_2', 'example_branch_datetime_operator_3' retrieved from /home/airflow/.local/lib/python3.12/site-packages/airflow/example_dags/example_branch_datetime_operator.py
[2025-04-02T08:32:03.687+0000] {logging_mixin.py:190} INFO - [2025-04-02T08:32:03.687+0000] {dag.py:3239} INFO - Sync 3 DAGs
[2025-04-02T08:32:03.704+0000] {logging_mixin.py:190} INFO - [2025-04-02T08:32:03.704+0000] {dag.py:4180} INFO - Setting next_dagrun for example_branch_datetime_operator to 2025-04-01 00:00:00+00:00, run_after=2025-04-02 00:00:00+00:00
[2025-04-02T08:32:03.708+0000] {logging_mixin.py:190} INFO - [2025-04-02T08:32:03.707+0000] {dag.py:4180} INFO - Setting next_dagrun for example_branch_datetime_operator_2 to 2025-04-01 00:00:00+00:00, run_after=2025-04-02 00:00:00+00:00
[2025-04-02T08:32:03.710+0000] {logging_mixin.py:190} INFO - [2025-04-02T08:32:03.710+0000] {dag.py:4180} INFO - Setting next_dagrun for example_branch_datetime_operator_3 to 2025-04-01 00:00:00+00:00, run_after=2025-04-02 00:00:00+00:00
[2025-04-02T08:32:03.720+0000] {processor.py:208} INFO - Processing /home/airflow/.local/lib/python3.12/site-packages/airflow/example_dags/example_branch_datetime_operator.py took 0.065 seconds
[2025-04-02T08:32:33.938+0000] {processor.py:186} INFO - Started process (PID=191) to work on /home/airflow/.local/lib/python3.12/site-packages/airflow/example_dags/example_branch_datetime_operator.py
[2025-04-02T08:32:33.939+0000] {processor.py:914} INFO - Processing file /home/airflow/.local/lib/python3.12/site-packages/airflow/example_dags/example_branch_datetime_operator.py for tasks to queue
[2025-04-02T08:32:33.940+0000] {logging_mixin.py:190} INFO - [2025-04-02T08:32:33.940+0000] {dagbag.py:588} INFO - Filling up the DagBag from /home/airflow/.local/lib/python3.12/site-packages/airflow/example_dags/example_branch_datetime_operator.py
[2025-04-02T08:32:33.949+0000] {processor.py:925} INFO - DAG(s) 'example_branch_datetime_operator', 'example_branch_datetime_operator_2', 'example_branch_datetime_operator_3' retrieved from /home/airflow/.local/lib/python3.12/site-packages/airflow/example_dags/example_branch_datetime_operator.py
[2025-04-02T08:32:33.975+0000] {logging_mixin.py:190} INFO - [2025-04-02T08:32:33.975+0000] {dag.py:3239} INFO - Sync 3 DAGs
[2025-04-02T08:32:33.998+0000] {logging_mixin.py:190} INFO - [2025-04-02T08:32:33.998+0000] {dag.py:4180} INFO - Setting next_dagrun for example_branch_datetime_operator to 2025-04-01 00:00:00+00:00, run_after=2025-04-02 00:00:00+00:00
[2025-04-02T08:32:34.002+0000] {logging_mixin.py:190} INFO - [2025-04-02T08:32:34.002+0000] {dag.py:4180} INFO - Setting next_dagrun for example_branch_datetime_operator_2 to 2025-04-01 00:00:00+00:00, run_after=2025-04-02 00:00:00+00:00
[2025-04-02T08:32:34.004+0000] {logging_mixin.py:190} INFO - [2025-04-02T08:32:34.004+0000] {dag.py:4180} INFO - Setting next_dagrun for example_branch_datetime_operator_3 to 2025-04-01 00:00:00+00:00, run_after=2025-04-02 00:00:00+00:00
[2025-04-02T08:32:34.015+0000] {processor.py:208} INFO - Processing /home/airflow/.local/lib/python3.12/site-packages/airflow/example_dags/example_branch_datetime_operator.py took 0.081 seconds
[2025-04-02T08:33:04.249+0000] {processor.py:186} INFO - Started process (PID=255) to work on /home/airflow/.local/lib/python3.12/site-packages/airflow/example_dags/example_branch_datetime_operator.py
[2025-04-02T08:33:04.249+0000] {processor.py:914} INFO - Processing file /home/airflow/.local/lib/python3.12/site-packages/airflow/example_dags/example_branch_datetime_operator.py for tasks to queue
[2025-04-02T08:33:04.250+0000] {logging_mixin.py:190} INFO - [2025-04-02T08:33:04.250+0000] {dagbag.py:588} INFO - Filling up the DagBag from /home/airflow/.local/lib/python3.12/site-packages/airflow/example_dags/example_branch_datetime_operator.py
[2025-04-02T08:33:04.258+0000] {processor.py:925} INFO - DAG(s) 'example_branch_datetime_operator_3', 'example_branch_datetime_operator_2', 'example_branch_datetime_operator' retrieved from /home/airflow/.local/lib/python3.12/site-packages/airflow/example_dags/example_branch_datetime_operator.py
[2025-04-02T08:33:04.274+0000] {logging_mixin.py:190} INFO - [2025-04-02T08:33:04.274+0000] {dag.py:3239} INFO - Sync 3 DAGs
[2025-04-02T08:33:04.289+0000] {logging_mixin.py:190} INFO - [2025-04-02T08:33:04.289+0000] {dag.py:4180} INFO - Setting next_dagrun for example_branch_datetime_operator to 2025-04-01 00:00:00+00:00, run_after=2025-04-02 00:00:00+00:00
[2025-04-02T08:33:04.293+0000] {logging_mixin.py:190} INFO - [2025-04-02T08:33:04.293+0000] {dag.py:4180} INFO - Setting next_dagrun for example_branch_datetime_operator_2 to 2025-04-01 00:00:00+00:00, run_after=2025-04-02 00:00:00+00:00
[2025-04-02T08:33:04.295+0000] {logging_mixin.py:190} INFO - [2025-04-02T08:33:04.294+0000] {dag.py:4180} INFO - Setting next_dagrun for example_branch_datetime_operator_3 to 2025-04-01 00:00:00+00:00, run_after=2025-04-02 00:00:00+00:00
[2025-04-02T08:33:04.305+0000] {processor.py:208} INFO - Processing /home/airflow/.local/lib/python3.12/site-packages/airflow/example_dags/example_branch_datetime_operator.py took 0.060 seconds
