[2025-04-02T08:21:55.235+0000] {processor.py:186} INFO - Started process (PID=95) to work on /home/airflow/.local/lib/python3.12/site-packages/airflow/example_dags/example_trigger_target_dag.py
[2025-04-02T08:21:55.236+0000] {processor.py:914} INFO - Processing file /home/airflow/.local/lib/python3.12/site-packages/airflow/example_dags/example_trigger_target_dag.py for tasks to queue
[2025-04-02T08:21:55.237+0000] {logging_mixin.py:190} INFO - [2025-04-02T08:21:55.237+0000] {dagbag.py:588} INFO - Filling up the DagBag from /home/airflow/.local/lib/python3.12/site-packages/airflow/example_dags/example_trigger_target_dag.py
[2025-04-02T08:21:55.242+0000] {processor.py:925} INFO - DAG(s) 'example_trigger_target_dag' retrieved from /home/airflow/.local/lib/python3.12/site-packages/airflow/example_dags/example_trigger_target_dag.py
[2025-04-02T08:21:55.304+0000] {logging_mixin.py:190} INFO - [2025-04-02T08:21:55.304+0000] {override.py:1912} INFO - Created Permission View: can delete on DAG:example_trigger_target_dag
[2025-04-02T08:21:55.311+0000] {logging_mixin.py:190} INFO - [2025-04-02T08:21:55.311+0000] {override.py:1912} INFO - Created Permission View: can edit on DAG:example_trigger_target_dag
[2025-04-02T08:21:55.315+0000] {logging_mixin.py:190} INFO - [2025-04-02T08:21:55.315+0000] {override.py:1912} INFO - Created Permission View: can read on DAG:example_trigger_target_dag
[2025-04-02T08:21:55.319+0000] {logging_mixin.py:190} INFO - [2025-04-02T08:21:55.319+0000] {override.py:1912} INFO - Created Permission View: can delete on DAG Run:example_trigger_target_dag
[2025-04-02T08:21:55.324+0000] {logging_mixin.py:190} INFO - [2025-04-02T08:21:55.323+0000] {override.py:1912} INFO - Created Permission View: can create on DAG Run:example_trigger_target_dag
[2025-04-02T08:21:55.328+0000] {logging_mixin.py:190} INFO - [2025-04-02T08:21:55.327+0000] {override.py:1912} INFO - Created Permission View: can read on DAG Run:example_trigger_target_dag
[2025-04-02T08:21:55.332+0000] {logging_mixin.py:190} INFO - [2025-04-02T08:21:55.331+0000] {override.py:1912} INFO - Created Permission View: menu access on DAG Run:example_trigger_target_dag
[2025-04-02T08:21:55.332+0000] {logging_mixin.py:190} INFO - [2025-04-02T08:21:55.332+0000] {dag.py:3239} INFO - Sync 1 DAGs
[2025-04-02T08:21:55.340+0000] {logging_mixin.py:190} INFO - [2025-04-02T08:21:55.340+0000] {dag.py:3262} INFO - Creating ORM DAG for example_trigger_target_dag
[2025-04-02T08:21:55.340+0000] {logging_mixin.py:190} INFO - [2025-04-02T08:21:55.340+0000] {dag.py:4180} INFO - Setting next_dagrun for example_trigger_target_dag to None, run_after=None
[2025-04-02T08:21:55.349+0000] {processor.py:208} INFO - Processing /home/airflow/.local/lib/python3.12/site-packages/airflow/example_dags/example_trigger_target_dag.py took 0.118 seconds
[2025-04-02T08:23:28.864+0000] {processor.py:186} INFO - Started process (PID=95) to work on /home/airflow/.local/lib/python3.12/site-packages/airflow/example_dags/example_trigger_target_dag.py
[2025-04-02T08:23:28.865+0000] {processor.py:914} INFO - Processing file /home/airflow/.local/lib/python3.12/site-packages/airflow/example_dags/example_trigger_target_dag.py for tasks to queue
[2025-04-02T08:23:28.866+0000] {logging_mixin.py:190} INFO - [2025-04-02T08:23:28.866+0000] {dagbag.py:588} INFO - Filling up the DagBag from /home/airflow/.local/lib/python3.12/site-packages/airflow/example_dags/example_trigger_target_dag.py
[2025-04-02T08:23:28.871+0000] {processor.py:925} INFO - DAG(s) 'example_trigger_target_dag' retrieved from /home/airflow/.local/lib/python3.12/site-packages/airflow/example_dags/example_trigger_target_dag.py
[2025-04-02T08:23:28.884+0000] {logging_mixin.py:190} INFO - [2025-04-02T08:23:28.884+0000] {dag.py:3239} INFO - Sync 1 DAGs
[2025-04-02T08:23:28.893+0000] {logging_mixin.py:190} INFO - [2025-04-02T08:23:28.893+0000] {dag.py:4180} INFO - Setting next_dagrun for example_trigger_target_dag to None, run_after=None
[2025-04-02T08:23:28.904+0000] {processor.py:208} INFO - Processing /home/airflow/.local/lib/python3.12/site-packages/airflow/example_dags/example_trigger_target_dag.py took 0.043 seconds
[2025-04-02T08:24:00.150+0000] {processor.py:186} INFO - Started process (PID=159) to work on /home/airflow/.local/lib/python3.12/site-packages/airflow/example_dags/example_trigger_target_dag.py
[2025-04-02T08:24:00.151+0000] {processor.py:914} INFO - Processing file /home/airflow/.local/lib/python3.12/site-packages/airflow/example_dags/example_trigger_target_dag.py for tasks to queue
[2025-04-02T08:24:00.152+0000] {logging_mixin.py:190} INFO - [2025-04-02T08:24:00.152+0000] {dagbag.py:588} INFO - Filling up the DagBag from /home/airflow/.local/lib/python3.12/site-packages/airflow/example_dags/example_trigger_target_dag.py
[2025-04-02T08:24:00.158+0000] {processor.py:925} INFO - DAG(s) 'example_trigger_target_dag' retrieved from /home/airflow/.local/lib/python3.12/site-packages/airflow/example_dags/example_trigger_target_dag.py
[2025-04-02T08:24:00.171+0000] {logging_mixin.py:190} INFO - [2025-04-02T08:24:00.171+0000] {dag.py:3239} INFO - Sync 1 DAGs
[2025-04-02T08:24:00.181+0000] {logging_mixin.py:190} INFO - [2025-04-02T08:24:00.181+0000] {dag.py:4180} INFO - Setting next_dagrun for example_trigger_target_dag to None, run_after=None
[2025-04-02T08:24:00.193+0000] {processor.py:208} INFO - Processing /home/airflow/.local/lib/python3.12/site-packages/airflow/example_dags/example_trigger_target_dag.py took 0.047 seconds
[2025-04-02T08:31:35.386+0000] {processor.py:186} INFO - Started process (PID=94) to work on /home/airflow/.local/lib/python3.12/site-packages/airflow/example_dags/example_trigger_target_dag.py
[2025-04-02T08:31:35.387+0000] {processor.py:914} INFO - Processing file /home/airflow/.local/lib/python3.12/site-packages/airflow/example_dags/example_trigger_target_dag.py for tasks to queue
[2025-04-02T08:31:35.389+0000] {logging_mixin.py:190} INFO - [2025-04-02T08:31:35.388+0000] {dagbag.py:588} INFO - Filling up the DagBag from /home/airflow/.local/lib/python3.12/site-packages/airflow/example_dags/example_trigger_target_dag.py
[2025-04-02T08:31:35.394+0000] {processor.py:925} INFO - DAG(s) 'example_trigger_target_dag' retrieved from /home/airflow/.local/lib/python3.12/site-packages/airflow/example_dags/example_trigger_target_dag.py
[2025-04-02T08:31:35.406+0000] {logging_mixin.py:190} INFO - [2025-04-02T08:31:35.406+0000] {dag.py:3239} INFO - Sync 1 DAGs
[2025-04-02T08:31:35.416+0000] {logging_mixin.py:190} INFO - [2025-04-02T08:31:35.416+0000] {dag.py:4180} INFO - Setting next_dagrun for example_trigger_target_dag to None, run_after=None
[2025-04-02T08:31:35.427+0000] {processor.py:208} INFO - Processing /home/airflow/.local/lib/python3.12/site-packages/airflow/example_dags/example_trigger_target_dag.py took 0.045 seconds
[2025-04-02T08:32:06.642+0000] {processor.py:186} INFO - Started process (PID=158) to work on /home/airflow/.local/lib/python3.12/site-packages/airflow/example_dags/example_trigger_target_dag.py
[2025-04-02T08:32:06.643+0000] {processor.py:914} INFO - Processing file /home/airflow/.local/lib/python3.12/site-packages/airflow/example_dags/example_trigger_target_dag.py for tasks to queue
[2025-04-02T08:32:06.644+0000] {logging_mixin.py:190} INFO - [2025-04-02T08:32:06.644+0000] {dagbag.py:588} INFO - Filling up the DagBag from /home/airflow/.local/lib/python3.12/site-packages/airflow/example_dags/example_trigger_target_dag.py
[2025-04-02T08:32:06.649+0000] {processor.py:925} INFO - DAG(s) 'example_trigger_target_dag' retrieved from /home/airflow/.local/lib/python3.12/site-packages/airflow/example_dags/example_trigger_target_dag.py
[2025-04-02T08:32:06.663+0000] {logging_mixin.py:190} INFO - [2025-04-02T08:32:06.662+0000] {dag.py:3239} INFO - Sync 1 DAGs
[2025-04-02T08:32:06.673+0000] {logging_mixin.py:190} INFO - [2025-04-02T08:32:06.672+0000] {dag.py:4180} INFO - Setting next_dagrun for example_trigger_target_dag to None, run_after=None
[2025-04-02T08:32:06.683+0000] {processor.py:208} INFO - Processing /home/airflow/.local/lib/python3.12/site-packages/airflow/example_dags/example_trigger_target_dag.py took 0.045 seconds
[2025-04-02T08:32:37.935+0000] {processor.py:186} INFO - Started process (PID=222) to work on /home/airflow/.local/lib/python3.12/site-packages/airflow/example_dags/example_trigger_target_dag.py
[2025-04-02T08:32:37.936+0000] {processor.py:914} INFO - Processing file /home/airflow/.local/lib/python3.12/site-packages/airflow/example_dags/example_trigger_target_dag.py for tasks to queue
[2025-04-02T08:32:37.937+0000] {logging_mixin.py:190} INFO - [2025-04-02T08:32:37.937+0000] {dagbag.py:588} INFO - Filling up the DagBag from /home/airflow/.local/lib/python3.12/site-packages/airflow/example_dags/example_trigger_target_dag.py
[2025-04-02T08:32:37.943+0000] {processor.py:925} INFO - DAG(s) 'example_trigger_target_dag' retrieved from /home/airflow/.local/lib/python3.12/site-packages/airflow/example_dags/example_trigger_target_dag.py
[2025-04-02T08:32:37.955+0000] {logging_mixin.py:190} INFO - [2025-04-02T08:32:37.955+0000] {dag.py:3239} INFO - Sync 1 DAGs
[2025-04-02T08:32:37.965+0000] {logging_mixin.py:190} INFO - [2025-04-02T08:32:37.965+0000] {dag.py:4180} INFO - Setting next_dagrun for example_trigger_target_dag to None, run_after=None
[2025-04-02T08:32:37.978+0000] {processor.py:208} INFO - Processing /home/airflow/.local/lib/python3.12/site-packages/airflow/example_dags/example_trigger_target_dag.py took 0.046 seconds
[2025-04-02T08:33:09.254+0000] {processor.py:186} INFO - Started process (PID=286) to work on /home/airflow/.local/lib/python3.12/site-packages/airflow/example_dags/example_trigger_target_dag.py
[2025-04-02T08:33:09.254+0000] {processor.py:914} INFO - Processing file /home/airflow/.local/lib/python3.12/site-packages/airflow/example_dags/example_trigger_target_dag.py for tasks to queue
[2025-04-02T08:33:09.256+0000] {logging_mixin.py:190} INFO - [2025-04-02T08:33:09.256+0000] {dagbag.py:588} INFO - Filling up the DagBag from /home/airflow/.local/lib/python3.12/site-packages/airflow/example_dags/example_trigger_target_dag.py
[2025-04-02T08:33:09.261+0000] {processor.py:925} INFO - DAG(s) 'example_trigger_target_dag' retrieved from /home/airflow/.local/lib/python3.12/site-packages/airflow/example_dags/example_trigger_target_dag.py
[2025-04-02T08:33:09.274+0000] {logging_mixin.py:190} INFO - [2025-04-02T08:33:09.274+0000] {dag.py:3239} INFO - Sync 1 DAGs
[2025-04-02T08:33:09.282+0000] {logging_mixin.py:190} INFO - [2025-04-02T08:33:09.282+0000] {dag.py:4180} INFO - Setting next_dagrun for example_trigger_target_dag to None, run_after=None
[2025-04-02T08:33:09.293+0000] {processor.py:208} INFO - Processing /home/airflow/.local/lib/python3.12/site-packages/airflow/example_dags/example_trigger_target_dag.py took 0.043 seconds
