[2025-04-02T08:21:54.528+0000] {processor.py:186} INFO - Started process (PID=89) to work on /home/airflow/.local/lib/python3.12/site-packages/airflow/example_dags/example_dataset_alias.py
[2025-04-02T08:21:54.529+0000] {processor.py:914} INFO - Processing file /home/airflow/.local/lib/python3.12/site-packages/airflow/example_dags/example_dataset_alias.py for tasks to queue
[2025-04-02T08:21:54.531+0000] {logging_mixin.py:190} INFO - [2025-04-02T08:21:54.530+0000] {dagbag.py:588} INFO - Filling up the DagBag from /home/airflow/.local/lib/python3.12/site-packages/airflow/example_dags/example_dataset_alias.py
[2025-04-02T08:21:54.984+0000] {processor.py:925} INFO - DAG(s) 'dataset_alias_example_alias_consumer', 'dataset_s3_bucket_producer', 'dataset_s3_bucket_consumer', 'dataset_alias_example_alias_producer' retrieved from /home/airflow/.local/lib/python3.12/site-packages/airflow/example_dags/example_dataset_alias.py
[2025-04-02T08:21:55.044+0000] {logging_mixin.py:190} INFO - [2025-04-02T08:21:55.043+0000] {override.py:1912} INFO - Created Permission View: can delete on DAG:dataset_alias_example_alias_consumer
[2025-04-02T08:21:55.050+0000] {logging_mixin.py:190} INFO - [2025-04-02T08:21:55.050+0000] {override.py:1912} INFO - Created Permission View: can edit on DAG:dataset_alias_example_alias_consumer
[2025-04-02T08:21:55.055+0000] {logging_mixin.py:190} INFO - [2025-04-02T08:21:55.055+0000] {override.py:1912} INFO - Created Permission View: can read on DAG:dataset_alias_example_alias_consumer
[2025-04-02T08:21:55.060+0000] {logging_mixin.py:190} INFO - [2025-04-02T08:21:55.059+0000] {override.py:1912} INFO - Created Permission View: can delete on DAG Run:dataset_alias_example_alias_consumer
[2025-04-02T08:21:55.064+0000] {logging_mixin.py:190} INFO - [2025-04-02T08:21:55.064+0000] {override.py:1912} INFO - Created Permission View: can create on DAG Run:dataset_alias_example_alias_consumer
[2025-04-02T08:21:55.068+0000] {logging_mixin.py:190} INFO - [2025-04-02T08:21:55.067+0000] {override.py:1912} INFO - Created Permission View: can read on DAG Run:dataset_alias_example_alias_consumer
[2025-04-02T08:21:55.072+0000] {logging_mixin.py:190} INFO - [2025-04-02T08:21:55.071+0000] {override.py:1912} INFO - Created Permission View: menu access on DAG Run:dataset_alias_example_alias_consumer
[2025-04-02T08:21:55.080+0000] {logging_mixin.py:190} INFO - [2025-04-02T08:21:55.079+0000] {override.py:1912} INFO - Created Permission View: can delete on DAG:dataset_s3_bucket_producer
[2025-04-02T08:21:55.084+0000] {logging_mixin.py:190} INFO - [2025-04-02T08:21:55.083+0000] {override.py:1912} INFO - Created Permission View: can edit on DAG:dataset_s3_bucket_producer
[2025-04-02T08:21:55.088+0000] {logging_mixin.py:190} INFO - [2025-04-02T08:21:55.087+0000] {override.py:1912} INFO - Created Permission View: can read on DAG:dataset_s3_bucket_producer
[2025-04-02T08:21:55.092+0000] {logging_mixin.py:190} INFO - [2025-04-02T08:21:55.092+0000] {override.py:1912} INFO - Created Permission View: can delete on DAG Run:dataset_s3_bucket_producer
[2025-04-02T08:21:55.096+0000] {logging_mixin.py:190} INFO - [2025-04-02T08:21:55.096+0000] {override.py:1912} INFO - Created Permission View: can create on DAG Run:dataset_s3_bucket_producer
[2025-04-02T08:21:55.100+0000] {logging_mixin.py:190} INFO - [2025-04-02T08:21:55.099+0000] {override.py:1912} INFO - Created Permission View: can read on DAG Run:dataset_s3_bucket_producer
[2025-04-02T08:21:55.103+0000] {logging_mixin.py:190} INFO - [2025-04-02T08:21:55.103+0000] {override.py:1912} INFO - Created Permission View: menu access on DAG Run:dataset_s3_bucket_producer
[2025-04-02T08:21:55.111+0000] {logging_mixin.py:190} INFO - [2025-04-02T08:21:55.111+0000] {override.py:1912} INFO - Created Permission View: can delete on DAG:dataset_s3_bucket_consumer
[2025-04-02T08:21:55.115+0000] {logging_mixin.py:190} INFO - [2025-04-02T08:21:55.115+0000] {override.py:1912} INFO - Created Permission View: can edit on DAG:dataset_s3_bucket_consumer
[2025-04-02T08:21:55.123+0000] {logging_mixin.py:190} INFO - [2025-04-02T08:21:55.123+0000] {override.py:1912} INFO - Created Permission View: can read on DAG:dataset_s3_bucket_consumer
[2025-04-02T08:21:55.131+0000] {logging_mixin.py:190} INFO - [2025-04-02T08:21:55.130+0000] {override.py:1912} INFO - Created Permission View: can delete on DAG Run:dataset_s3_bucket_consumer
[2025-04-02T08:21:55.135+0000] {logging_mixin.py:190} INFO - [2025-04-02T08:21:55.135+0000] {override.py:1912} INFO - Created Permission View: can create on DAG Run:dataset_s3_bucket_consumer
[2025-04-02T08:21:55.139+0000] {logging_mixin.py:190} INFO - [2025-04-02T08:21:55.139+0000] {override.py:1912} INFO - Created Permission View: can read on DAG Run:dataset_s3_bucket_consumer
[2025-04-02T08:21:55.142+0000] {logging_mixin.py:190} INFO - [2025-04-02T08:21:55.142+0000] {override.py:1912} INFO - Created Permission View: menu access on DAG Run:dataset_s3_bucket_consumer
[2025-04-02T08:21:55.151+0000] {logging_mixin.py:190} INFO - [2025-04-02T08:21:55.150+0000] {override.py:1912} INFO - Created Permission View: can delete on DAG:dataset_alias_example_alias_producer
[2025-04-02T08:21:55.154+0000] {logging_mixin.py:190} INFO - [2025-04-02T08:21:55.154+0000] {override.py:1912} INFO - Created Permission View: can edit on DAG:dataset_alias_example_alias_producer
[2025-04-02T08:21:55.159+0000] {logging_mixin.py:190} INFO - [2025-04-02T08:21:55.158+0000] {override.py:1912} INFO - Created Permission View: can read on DAG:dataset_alias_example_alias_producer
[2025-04-02T08:21:55.163+0000] {logging_mixin.py:190} INFO - [2025-04-02T08:21:55.163+0000] {override.py:1912} INFO - Created Permission View: can delete on DAG Run:dataset_alias_example_alias_producer
[2025-04-02T08:21:55.166+0000] {logging_mixin.py:190} INFO - [2025-04-02T08:21:55.166+0000] {override.py:1912} INFO - Created Permission View: can create on DAG Run:dataset_alias_example_alias_producer
[2025-04-02T08:21:55.170+0000] {logging_mixin.py:190} INFO - [2025-04-02T08:21:55.170+0000] {override.py:1912} INFO - Created Permission View: can read on DAG Run:dataset_alias_example_alias_producer
[2025-04-02T08:21:55.174+0000] {logging_mixin.py:190} INFO - [2025-04-02T08:21:55.173+0000] {override.py:1912} INFO - Created Permission View: menu access on DAG Run:dataset_alias_example_alias_producer
[2025-04-02T08:21:55.174+0000] {logging_mixin.py:190} INFO - [2025-04-02T08:21:55.174+0000] {dag.py:3239} INFO - Sync 4 DAGs
[2025-04-02T08:21:55.183+0000] {logging_mixin.py:190} INFO - [2025-04-02T08:21:55.183+0000] {dag.py:3262} INFO - Creating ORM DAG for dataset_alias_example_alias_producer
[2025-04-02T08:21:55.184+0000] {logging_mixin.py:190} INFO - [2025-04-02T08:21:55.184+0000] {dag.py:3262} INFO - Creating ORM DAG for dataset_s3_bucket_producer
[2025-04-02T08:21:55.184+0000] {logging_mixin.py:190} INFO - [2025-04-02T08:21:55.184+0000] {dag.py:3262} INFO - Creating ORM DAG for dataset_s3_bucket_consumer
[2025-04-02T08:21:55.185+0000] {logging_mixin.py:190} INFO - [2025-04-02T08:21:55.185+0000] {dag.py:3262} INFO - Creating ORM DAG for dataset_alias_example_alias_consumer
[2025-04-02T08:21:55.190+0000] {logging_mixin.py:190} INFO - [2025-04-02T08:21:55.190+0000] {dag.py:4180} INFO - Setting next_dagrun for dataset_alias_example_alias_consumer to None, run_after=None
[2025-04-02T08:21:55.191+0000] {logging_mixin.py:190} INFO - [2025-04-02T08:21:55.191+0000] {dag.py:4180} INFO - Setting next_dagrun for dataset_alias_example_alias_producer to None, run_after=None
[2025-04-02T08:21:55.191+0000] {logging_mixin.py:190} INFO - [2025-04-02T08:21:55.191+0000] {dag.py:4180} INFO - Setting next_dagrun for dataset_s3_bucket_consumer to None, run_after=None
[2025-04-02T08:21:55.192+0000] {logging_mixin.py:190} INFO - [2025-04-02T08:21:55.192+0000] {dag.py:4180} INFO - Setting next_dagrun for dataset_s3_bucket_producer to None, run_after=None
[2025-04-02T08:21:55.207+0000] {processor.py:208} INFO - Processing /home/airflow/.local/lib/python3.12/site-packages/airflow/example_dags/example_dataset_alias.py took 0.683 seconds
[2025-04-02T08:23:28.449+0000] {processor.py:186} INFO - Started process (PID=89) to work on /home/airflow/.local/lib/python3.12/site-packages/airflow/example_dags/example_dataset_alias.py
[2025-04-02T08:23:28.450+0000] {processor.py:914} INFO - Processing file /home/airflow/.local/lib/python3.12/site-packages/airflow/example_dags/example_dataset_alias.py for tasks to queue
[2025-04-02T08:23:28.451+0000] {logging_mixin.py:190} INFO - [2025-04-02T08:23:28.451+0000] {dagbag.py:588} INFO - Filling up the DagBag from /home/airflow/.local/lib/python3.12/site-packages/airflow/example_dags/example_dataset_alias.py
[2025-04-02T08:23:28.883+0000] {processor.py:925} INFO - DAG(s) 'dataset_alias_example_alias_consumer', 'dataset_s3_bucket_consumer', 'dataset_s3_bucket_producer', 'dataset_alias_example_alias_producer' retrieved from /home/airflow/.local/lib/python3.12/site-packages/airflow/example_dags/example_dataset_alias.py
[2025-04-02T08:23:28.895+0000] {logging_mixin.py:190} INFO - [2025-04-02T08:23:28.895+0000] {dag.py:3239} INFO - Sync 4 DAGs
[2025-04-02T08:23:28.911+0000] {logging_mixin.py:190} INFO - [2025-04-02T08:23:28.911+0000] {dag.py:4180} INFO - Setting next_dagrun for dataset_alias_example_alias_consumer to None, run_after=None
[2025-04-02T08:23:28.913+0000] {logging_mixin.py:190} INFO - [2025-04-02T08:23:28.913+0000] {dag.py:4180} INFO - Setting next_dagrun for dataset_alias_example_alias_producer to None, run_after=None
[2025-04-02T08:23:28.914+0000] {logging_mixin.py:190} INFO - [2025-04-02T08:23:28.914+0000] {dag.py:4180} INFO - Setting next_dagrun for dataset_s3_bucket_consumer to None, run_after=None
[2025-04-02T08:23:28.915+0000] {logging_mixin.py:190} INFO - [2025-04-02T08:23:28.915+0000] {dag.py:4180} INFO - Setting next_dagrun for dataset_s3_bucket_producer to None, run_after=None
[2025-04-02T08:23:28.928+0000] {processor.py:208} INFO - Processing /home/airflow/.local/lib/python3.12/site-packages/airflow/example_dags/example_dataset_alias.py took 0.482 seconds
[2025-04-02T08:23:59.678+0000] {processor.py:186} INFO - Started process (PID=153) to work on /home/airflow/.local/lib/python3.12/site-packages/airflow/example_dags/example_dataset_alias.py
[2025-04-02T08:23:59.679+0000] {processor.py:914} INFO - Processing file /home/airflow/.local/lib/python3.12/site-packages/airflow/example_dags/example_dataset_alias.py for tasks to queue
[2025-04-02T08:23:59.680+0000] {logging_mixin.py:190} INFO - [2025-04-02T08:23:59.680+0000] {dagbag.py:588} INFO - Filling up the DagBag from /home/airflow/.local/lib/python3.12/site-packages/airflow/example_dags/example_dataset_alias.py
[2025-04-02T08:24:00.143+0000] {processor.py:925} INFO - DAG(s) 'dataset_alias_example_alias_producer', 'dataset_alias_example_alias_consumer', 'dataset_s3_bucket_producer', 'dataset_s3_bucket_consumer' retrieved from /home/airflow/.local/lib/python3.12/site-packages/airflow/example_dags/example_dataset_alias.py
[2025-04-02T08:24:00.157+0000] {logging_mixin.py:190} INFO - [2025-04-02T08:24:00.156+0000] {dag.py:3239} INFO - Sync 4 DAGs
[2025-04-02T08:24:00.174+0000] {logging_mixin.py:190} INFO - [2025-04-02T08:24:00.174+0000] {dag.py:4180} INFO - Setting next_dagrun for dataset_alias_example_alias_consumer to None, run_after=None
[2025-04-02T08:24:00.176+0000] {logging_mixin.py:190} INFO - [2025-04-02T08:24:00.176+0000] {dag.py:4180} INFO - Setting next_dagrun for dataset_alias_example_alias_producer to None, run_after=None
[2025-04-02T08:24:00.177+0000] {logging_mixin.py:190} INFO - [2025-04-02T08:24:00.177+0000] {dag.py:4180} INFO - Setting next_dagrun for dataset_s3_bucket_consumer to None, run_after=None
[2025-04-02T08:24:00.178+0000] {logging_mixin.py:190} INFO - [2025-04-02T08:24:00.178+0000] {dag.py:4180} INFO - Setting next_dagrun for dataset_s3_bucket_producer to None, run_after=None
[2025-04-02T08:24:00.191+0000] {processor.py:208} INFO - Processing /home/airflow/.local/lib/python3.12/site-packages/airflow/example_dags/example_dataset_alias.py took 0.517 seconds
[2025-04-02T08:31:34.950+0000] {processor.py:186} INFO - Started process (PID=88) to work on /home/airflow/.local/lib/python3.12/site-packages/airflow/example_dags/example_dataset_alias.py
[2025-04-02T08:31:34.951+0000] {processor.py:914} INFO - Processing file /home/airflow/.local/lib/python3.12/site-packages/airflow/example_dags/example_dataset_alias.py for tasks to queue
[2025-04-02T08:31:34.952+0000] {logging_mixin.py:190} INFO - [2025-04-02T08:31:34.952+0000] {dagbag.py:588} INFO - Filling up the DagBag from /home/airflow/.local/lib/python3.12/site-packages/airflow/example_dags/example_dataset_alias.py
[2025-04-02T08:31:35.346+0000] {processor.py:925} INFO - DAG(s) 'dataset_s3_bucket_consumer', 'dataset_s3_bucket_producer', 'dataset_alias_example_alias_consumer', 'dataset_alias_example_alias_producer' retrieved from /home/airflow/.local/lib/python3.12/site-packages/airflow/example_dags/example_dataset_alias.py
[2025-04-02T08:31:35.359+0000] {logging_mixin.py:190} INFO - [2025-04-02T08:31:35.359+0000] {dag.py:3239} INFO - Sync 4 DAGs
[2025-04-02T08:31:35.375+0000] {logging_mixin.py:190} INFO - [2025-04-02T08:31:35.375+0000] {dag.py:4180} INFO - Setting next_dagrun for dataset_alias_example_alias_consumer to None, run_after=None
[2025-04-02T08:31:35.377+0000] {logging_mixin.py:190} INFO - [2025-04-02T08:31:35.377+0000] {dag.py:4180} INFO - Setting next_dagrun for dataset_alias_example_alias_producer to None, run_after=None
[2025-04-02T08:31:35.378+0000] {logging_mixin.py:190} INFO - [2025-04-02T08:31:35.378+0000] {dag.py:4180} INFO - Setting next_dagrun for dataset_s3_bucket_consumer to None, run_after=None
[2025-04-02T08:31:35.379+0000] {logging_mixin.py:190} INFO - [2025-04-02T08:31:35.378+0000] {dag.py:4180} INFO - Setting next_dagrun for dataset_s3_bucket_producer to None, run_after=None
[2025-04-02T08:31:35.392+0000] {processor.py:208} INFO - Processing /home/airflow/.local/lib/python3.12/site-packages/airflow/example_dags/example_dataset_alias.py took 0.445 seconds
[2025-04-02T08:32:06.301+0000] {processor.py:186} INFO - Started process (PID=153) to work on /home/airflow/.local/lib/python3.12/site-packages/airflow/example_dags/example_dataset_alias.py
[2025-04-02T08:32:06.302+0000] {processor.py:914} INFO - Processing file /home/airflow/.local/lib/python3.12/site-packages/airflow/example_dags/example_dataset_alias.py for tasks to queue
[2025-04-02T08:32:06.303+0000] {logging_mixin.py:190} INFO - [2025-04-02T08:32:06.303+0000] {dagbag.py:588} INFO - Filling up the DagBag from /home/airflow/.local/lib/python3.12/site-packages/airflow/example_dags/example_dataset_alias.py
[2025-04-02T08:32:06.710+0000] {processor.py:925} INFO - DAG(s) 'dataset_alias_example_alias_consumer', 'dataset_s3_bucket_consumer', 'dataset_alias_example_alias_producer', 'dataset_s3_bucket_producer' retrieved from /home/airflow/.local/lib/python3.12/site-packages/airflow/example_dags/example_dataset_alias.py
[2025-04-02T08:32:06.723+0000] {logging_mixin.py:190} INFO - [2025-04-02T08:32:06.723+0000] {dag.py:3239} INFO - Sync 4 DAGs
[2025-04-02T08:32:06.737+0000] {logging_mixin.py:190} INFO - [2025-04-02T08:32:06.737+0000] {dag.py:4180} INFO - Setting next_dagrun for dataset_alias_example_alias_consumer to None, run_after=None
[2025-04-02T08:32:06.739+0000] {logging_mixin.py:190} INFO - [2025-04-02T08:32:06.739+0000] {dag.py:4180} INFO - Setting next_dagrun for dataset_alias_example_alias_producer to None, run_after=None
[2025-04-02T08:32:06.740+0000] {logging_mixin.py:190} INFO - [2025-04-02T08:32:06.740+0000] {dag.py:4180} INFO - Setting next_dagrun for dataset_s3_bucket_consumer to None, run_after=None
[2025-04-02T08:32:06.741+0000] {logging_mixin.py:190} INFO - [2025-04-02T08:32:06.741+0000] {dag.py:4180} INFO - Setting next_dagrun for dataset_s3_bucket_producer to None, run_after=None
[2025-04-02T08:32:06.754+0000] {processor.py:208} INFO - Processing /home/airflow/.local/lib/python3.12/site-packages/airflow/example_dags/example_dataset_alias.py took 0.456 seconds
[2025-04-02T08:32:37.678+0000] {processor.py:186} INFO - Started process (PID=218) to work on /home/airflow/.local/lib/python3.12/site-packages/airflow/example_dags/example_dataset_alias.py
[2025-04-02T08:32:37.678+0000] {processor.py:914} INFO - Processing file /home/airflow/.local/lib/python3.12/site-packages/airflow/example_dags/example_dataset_alias.py for tasks to queue
[2025-04-02T08:32:37.680+0000] {logging_mixin.py:190} INFO - [2025-04-02T08:32:37.680+0000] {dagbag.py:588} INFO - Filling up the DagBag from /home/airflow/.local/lib/python3.12/site-packages/airflow/example_dags/example_dataset_alias.py
[2025-04-02T08:32:38.105+0000] {processor.py:925} INFO - DAG(s) 'dataset_s3_bucket_consumer', 'dataset_s3_bucket_producer', 'dataset_alias_example_alias_consumer', 'dataset_alias_example_alias_producer' retrieved from /home/airflow/.local/lib/python3.12/site-packages/airflow/example_dags/example_dataset_alias.py
[2025-04-02T08:32:38.119+0000] {logging_mixin.py:190} INFO - [2025-04-02T08:32:38.119+0000] {dag.py:3239} INFO - Sync 4 DAGs
[2025-04-02T08:32:38.134+0000] {logging_mixin.py:190} INFO - [2025-04-02T08:32:38.134+0000] {dag.py:4180} INFO - Setting next_dagrun for dataset_alias_example_alias_consumer to None, run_after=None
[2025-04-02T08:32:38.136+0000] {logging_mixin.py:190} INFO - [2025-04-02T08:32:38.136+0000] {dag.py:4180} INFO - Setting next_dagrun for dataset_alias_example_alias_producer to None, run_after=None
[2025-04-02T08:32:38.138+0000] {logging_mixin.py:190} INFO - [2025-04-02T08:32:38.138+0000] {dag.py:4180} INFO - Setting next_dagrun for dataset_s3_bucket_consumer to None, run_after=None
[2025-04-02T08:32:38.139+0000] {logging_mixin.py:190} INFO - [2025-04-02T08:32:38.139+0000] {dag.py:4180} INFO - Setting next_dagrun for dataset_s3_bucket_producer to None, run_after=None
[2025-04-02T08:32:38.154+0000] {processor.py:208} INFO - Processing /home/airflow/.local/lib/python3.12/site-packages/airflow/example_dags/example_dataset_alias.py took 0.480 seconds
[2025-04-02T08:33:08.935+0000] {processor.py:186} INFO - Started process (PID=281) to work on /home/airflow/.local/lib/python3.12/site-packages/airflow/example_dags/example_dataset_alias.py
[2025-04-02T08:33:08.936+0000] {processor.py:914} INFO - Processing file /home/airflow/.local/lib/python3.12/site-packages/airflow/example_dags/example_dataset_alias.py for tasks to queue
[2025-04-02T08:33:08.937+0000] {logging_mixin.py:190} INFO - [2025-04-02T08:33:08.937+0000] {dagbag.py:588} INFO - Filling up the DagBag from /home/airflow/.local/lib/python3.12/site-packages/airflow/example_dags/example_dataset_alias.py
[2025-04-02T08:33:09.356+0000] {processor.py:925} INFO - DAG(s) 'dataset_alias_example_alias_consumer', 'dataset_alias_example_alias_producer', 'dataset_s3_bucket_consumer', 'dataset_s3_bucket_producer' retrieved from /home/airflow/.local/lib/python3.12/site-packages/airflow/example_dags/example_dataset_alias.py
[2025-04-02T08:33:09.370+0000] {logging_mixin.py:190} INFO - [2025-04-02T08:33:09.369+0000] {dag.py:3239} INFO - Sync 4 DAGs
[2025-04-02T08:33:09.385+0000] {logging_mixin.py:190} INFO - [2025-04-02T08:33:09.385+0000] {dag.py:4180} INFO - Setting next_dagrun for dataset_alias_example_alias_consumer to None, run_after=None
[2025-04-02T08:33:09.387+0000] {logging_mixin.py:190} INFO - [2025-04-02T08:33:09.387+0000] {dag.py:4180} INFO - Setting next_dagrun for dataset_alias_example_alias_producer to None, run_after=None
[2025-04-02T08:33:09.388+0000] {logging_mixin.py:190} INFO - [2025-04-02T08:33:09.388+0000] {dag.py:4180} INFO - Setting next_dagrun for dataset_s3_bucket_consumer to None, run_after=None
[2025-04-02T08:33:09.389+0000] {logging_mixin.py:190} INFO - [2025-04-02T08:33:09.389+0000] {dag.py:4180} INFO - Setting next_dagrun for dataset_s3_bucket_producer to None, run_after=None
[2025-04-02T08:33:09.401+0000] {processor.py:208} INFO - Processing /home/airflow/.local/lib/python3.12/site-packages/airflow/example_dags/example_dataset_alias.py took 0.470 seconds
