[2025-04-02T08:21:52.684+0000] {processor.py:186} INFO - Started process (PID=74) to work on /home/airflow/.local/lib/python3.12/site-packages/airflow/example_dags/example_display_name.py
[2025-04-02T08:21:52.685+0000] {processor.py:914} INFO - Processing file /home/airflow/.local/lib/python3.12/site-packages/airflow/example_dags/example_display_name.py for tasks to queue
[2025-04-02T08:21:52.686+0000] {logging_mixin.py:190} INFO - [2025-04-02T08:21:52.686+0000] {dagbag.py:588} INFO - Filling up the DagBag from /home/airflow/.local/lib/python3.12/site-packages/airflow/example_dags/example_display_name.py
[2025-04-02T08:21:52.692+0000] {processor.py:925} INFO - DAG(s) 'example_display_name' retrieved from /home/airflow/.local/lib/python3.12/site-packages/airflow/example_dags/example_display_name.py
[2025-04-02T08:21:52.757+0000] {logging_mixin.py:190} INFO - [2025-04-02T08:21:52.757+0000] {override.py:1912} INFO - Created Permission View: can delete on DAG:example_display_name
[2025-04-02T08:21:52.763+0000] {logging_mixin.py:190} INFO - [2025-04-02T08:21:52.763+0000] {override.py:1912} INFO - Created Permission View: can edit on DAG:example_display_name
[2025-04-02T08:21:52.767+0000] {logging_mixin.py:190} INFO - [2025-04-02T08:21:52.767+0000] {override.py:1912} INFO - Created Permission View: can read on DAG:example_display_name
[2025-04-02T08:21:52.771+0000] {logging_mixin.py:190} INFO - [2025-04-02T08:21:52.771+0000] {override.py:1912} INFO - Created Permission View: can delete on DAG Run:example_display_name
[2025-04-02T08:21:52.775+0000] {logging_mixin.py:190} INFO - [2025-04-02T08:21:52.775+0000] {override.py:1912} INFO - Created Permission View: can create on DAG Run:example_display_name
[2025-04-02T08:21:52.779+0000] {logging_mixin.py:190} INFO - [2025-04-02T08:21:52.778+0000] {override.py:1912} INFO - Created Permission View: can read on DAG Run:example_display_name
[2025-04-02T08:21:52.782+0000] {logging_mixin.py:190} INFO - [2025-04-02T08:21:52.782+0000] {override.py:1912} INFO - Created Permission View: menu access on DAG Run:example_display_name
[2025-04-02T08:21:52.783+0000] {logging_mixin.py:190} INFO - [2025-04-02T08:21:52.783+0000] {dag.py:3239} INFO - Sync 1 DAGs
[2025-04-02T08:21:52.792+0000] {logging_mixin.py:190} INFO - [2025-04-02T08:21:52.792+0000] {dag.py:3262} INFO - Creating ORM DAG for example_display_name
[2025-04-02T08:21:52.792+0000] {logging_mixin.py:190} INFO - [2025-04-02T08:21:52.792+0000] {dag.py:4180} INFO - Setting next_dagrun for example_display_name to None, run_after=None
[2025-04-02T08:21:52.802+0000] {processor.py:208} INFO - Processing /home/airflow/.local/lib/python3.12/site-packages/airflow/example_dags/example_display_name.py took 0.121 seconds
[2025-04-02T08:23:27.305+0000] {processor.py:186} INFO - Started process (PID=74) to work on /home/airflow/.local/lib/python3.12/site-packages/airflow/example_dags/example_display_name.py
[2025-04-02T08:23:27.306+0000] {processor.py:914} INFO - Processing file /home/airflow/.local/lib/python3.12/site-packages/airflow/example_dags/example_display_name.py for tasks to queue
[2025-04-02T08:23:27.307+0000] {logging_mixin.py:190} INFO - [2025-04-02T08:23:27.307+0000] {dagbag.py:588} INFO - Filling up the DagBag from /home/airflow/.local/lib/python3.12/site-packages/airflow/example_dags/example_display_name.py
[2025-04-02T08:23:27.313+0000] {processor.py:925} INFO - DAG(s) 'example_display_name' retrieved from /home/airflow/.local/lib/python3.12/site-packages/airflow/example_dags/example_display_name.py
[2025-04-02T08:23:27.330+0000] {logging_mixin.py:190} INFO - [2025-04-02T08:23:27.330+0000] {dag.py:3239} INFO - Sync 1 DAGs
[2025-04-02T08:23:27.341+0000] {logging_mixin.py:190} INFO - [2025-04-02T08:23:27.341+0000] {dag.py:4180} INFO - Setting next_dagrun for example_display_name to None, run_after=None
[2025-04-02T08:23:27.353+0000] {processor.py:208} INFO - Processing /home/airflow/.local/lib/python3.12/site-packages/airflow/example_dags/example_display_name.py took 0.051 seconds
[2025-04-02T08:23:57.513+0000] {processor.py:186} INFO - Started process (PID=137) to work on /home/airflow/.local/lib/python3.12/site-packages/airflow/example_dags/example_display_name.py
[2025-04-02T08:23:57.514+0000] {processor.py:914} INFO - Processing file /home/airflow/.local/lib/python3.12/site-packages/airflow/example_dags/example_display_name.py for tasks to queue
[2025-04-02T08:23:57.515+0000] {logging_mixin.py:190} INFO - [2025-04-02T08:23:57.515+0000] {dagbag.py:588} INFO - Filling up the DagBag from /home/airflow/.local/lib/python3.12/site-packages/airflow/example_dags/example_display_name.py
[2025-04-02T08:23:57.519+0000] {processor.py:925} INFO - DAG(s) 'example_display_name' retrieved from /home/airflow/.local/lib/python3.12/site-packages/airflow/example_dags/example_display_name.py
[2025-04-02T08:23:57.530+0000] {logging_mixin.py:190} INFO - [2025-04-02T08:23:57.530+0000] {dag.py:3239} INFO - Sync 1 DAGs
[2025-04-02T08:23:57.540+0000] {logging_mixin.py:190} INFO - [2025-04-02T08:23:57.540+0000] {dag.py:4180} INFO - Setting next_dagrun for example_display_name to None, run_after=None
[2025-04-02T08:23:57.552+0000] {processor.py:208} INFO - Processing /home/airflow/.local/lib/python3.12/site-packages/airflow/example_dags/example_display_name.py took 0.042 seconds
[2025-04-02T08:31:33.675+0000] {processor.py:186} INFO - Started process (PID=73) to work on /home/airflow/.local/lib/python3.12/site-packages/airflow/example_dags/example_display_name.py
[2025-04-02T08:31:33.676+0000] {processor.py:914} INFO - Processing file /home/airflow/.local/lib/python3.12/site-packages/airflow/example_dags/example_display_name.py for tasks to queue
[2025-04-02T08:31:33.677+0000] {logging_mixin.py:190} INFO - [2025-04-02T08:31:33.677+0000] {dagbag.py:588} INFO - Filling up the DagBag from /home/airflow/.local/lib/python3.12/site-packages/airflow/example_dags/example_display_name.py
[2025-04-02T08:31:33.683+0000] {processor.py:925} INFO - DAG(s) 'example_display_name' retrieved from /home/airflow/.local/lib/python3.12/site-packages/airflow/example_dags/example_display_name.py
[2025-04-02T08:31:33.696+0000] {logging_mixin.py:190} INFO - [2025-04-02T08:31:33.696+0000] {dag.py:3239} INFO - Sync 1 DAGs
[2025-04-02T08:31:33.708+0000] {logging_mixin.py:190} INFO - [2025-04-02T08:31:33.707+0000] {dag.py:4180} INFO - Setting next_dagrun for example_display_name to None, run_after=None
[2025-04-02T08:31:33.723+0000] {processor.py:208} INFO - Processing /home/airflow/.local/lib/python3.12/site-packages/airflow/example_dags/example_display_name.py took 0.053 seconds
[2025-04-02T08:32:04.077+0000] {processor.py:186} INFO - Started process (PID=136) to work on /home/airflow/.local/lib/python3.12/site-packages/airflow/example_dags/example_display_name.py
[2025-04-02T08:32:04.078+0000] {processor.py:914} INFO - Processing file /home/airflow/.local/lib/python3.12/site-packages/airflow/example_dags/example_display_name.py for tasks to queue
[2025-04-02T08:32:04.079+0000] {logging_mixin.py:190} INFO - [2025-04-02T08:32:04.079+0000] {dagbag.py:588} INFO - Filling up the DagBag from /home/airflow/.local/lib/python3.12/site-packages/airflow/example_dags/example_display_name.py
[2025-04-02T08:32:04.084+0000] {processor.py:925} INFO - DAG(s) 'example_display_name' retrieved from /home/airflow/.local/lib/python3.12/site-packages/airflow/example_dags/example_display_name.py
[2025-04-02T08:32:04.095+0000] {logging_mixin.py:190} INFO - [2025-04-02T08:32:04.095+0000] {dag.py:3239} INFO - Sync 1 DAGs
[2025-04-02T08:32:04.105+0000] {logging_mixin.py:190} INFO - [2025-04-02T08:32:04.105+0000] {dag.py:4180} INFO - Setting next_dagrun for example_display_name to None, run_after=None
[2025-04-02T08:32:04.117+0000] {processor.py:208} INFO - Processing /home/airflow/.local/lib/python3.12/site-packages/airflow/example_dags/example_display_name.py took 0.043 seconds
[2025-04-02T08:32:34.353+0000] {processor.py:186} INFO - Started process (PID=200) to work on /home/airflow/.local/lib/python3.12/site-packages/airflow/example_dags/example_display_name.py
[2025-04-02T08:32:34.354+0000] {processor.py:914} INFO - Processing file /home/airflow/.local/lib/python3.12/site-packages/airflow/example_dags/example_display_name.py for tasks to queue
[2025-04-02T08:32:34.355+0000] {logging_mixin.py:190} INFO - [2025-04-02T08:32:34.355+0000] {dagbag.py:588} INFO - Filling up the DagBag from /home/airflow/.local/lib/python3.12/site-packages/airflow/example_dags/example_display_name.py
[2025-04-02T08:32:34.360+0000] {processor.py:925} INFO - DAG(s) 'example_display_name' retrieved from /home/airflow/.local/lib/python3.12/site-packages/airflow/example_dags/example_display_name.py
[2025-04-02T08:32:34.374+0000] {logging_mixin.py:190} INFO - [2025-04-02T08:32:34.374+0000] {dag.py:3239} INFO - Sync 1 DAGs
[2025-04-02T08:32:34.383+0000] {logging_mixin.py:190} INFO - [2025-04-02T08:32:34.383+0000] {dag.py:4180} INFO - Setting next_dagrun for example_display_name to None, run_after=None
[2025-04-02T08:32:34.394+0000] {processor.py:208} INFO - Processing /home/airflow/.local/lib/python3.12/site-packages/airflow/example_dags/example_display_name.py took 0.045 seconds
[2025-04-02T08:33:04.597+0000] {processor.py:186} INFO - Started process (PID=264) to work on /home/airflow/.local/lib/python3.12/site-packages/airflow/example_dags/example_display_name.py
[2025-04-02T08:33:04.598+0000] {processor.py:914} INFO - Processing file /home/airflow/.local/lib/python3.12/site-packages/airflow/example_dags/example_display_name.py for tasks to queue
[2025-04-02T08:33:04.599+0000] {logging_mixin.py:190} INFO - [2025-04-02T08:33:04.599+0000] {dagbag.py:588} INFO - Filling up the DagBag from /home/airflow/.local/lib/python3.12/site-packages/airflow/example_dags/example_display_name.py
[2025-04-02T08:33:04.604+0000] {processor.py:925} INFO - DAG(s) 'example_display_name' retrieved from /home/airflow/.local/lib/python3.12/site-packages/airflow/example_dags/example_display_name.py
[2025-04-02T08:33:04.617+0000] {logging_mixin.py:190} INFO - [2025-04-02T08:33:04.617+0000] {dag.py:3239} INFO - Sync 1 DAGs
[2025-04-02T08:33:04.627+0000] {logging_mixin.py:190} INFO - [2025-04-02T08:33:04.627+0000] {dag.py:4180} INFO - Setting next_dagrun for example_display_name to None, run_after=None
[2025-04-02T08:33:04.637+0000] {processor.py:208} INFO - Processing /home/airflow/.local/lib/python3.12/site-packages/airflow/example_dags/example_display_name.py took 0.044 seconds
