[2025-04-02T08:21:54.388+0000] {processor.py:186} INFO - Started process (PID=87) to work on /home/airflow/.local/lib/python3.12/site-packages/airflow/example_dags/example_latest_only.py
[2025-04-02T08:21:54.388+0000] {processor.py:914} INFO - Processing file /home/airflow/.local/lib/python3.12/site-packages/airflow/example_dags/example_latest_only.py for tasks to queue
[2025-04-02T08:21:54.390+0000] {logging_mixin.py:190} INFO - [2025-04-02T08:21:54.389+0000] {dagbag.py:588} INFO - Filling up the DagBag from /home/airflow/.local/lib/python3.12/site-packages/airflow/example_dags/example_latest_only.py
[2025-04-02T08:21:54.394+0000] {processor.py:925} INFO - DAG(s) 'latest_only' retrieved from /home/airflow/.local/lib/python3.12/site-packages/airflow/example_dags/example_latest_only.py
[2025-04-02T08:21:54.456+0000] {logging_mixin.py:190} INFO - [2025-04-02T08:21:54.456+0000] {override.py:1912} INFO - Created Permission View: can delete on DAG:latest_only
[2025-04-02T08:21:54.462+0000] {logging_mixin.py:190} INFO - [2025-04-02T08:21:54.462+0000] {override.py:1912} INFO - Created Permission View: can edit on DAG:latest_only
[2025-04-02T08:21:54.465+0000] {logging_mixin.py:190} INFO - [2025-04-02T08:21:54.465+0000] {override.py:1912} INFO - Created Permission View: can read on DAG:latest_only
[2025-04-02T08:21:54.470+0000] {logging_mixin.py:190} INFO - [2025-04-02T08:21:54.469+0000] {override.py:1912} INFO - Created Permission View: can delete on DAG Run:latest_only
[2025-04-02T08:21:54.473+0000] {logging_mixin.py:190} INFO - [2025-04-02T08:21:54.473+0000] {override.py:1912} INFO - Created Permission View: can create on DAG Run:latest_only
[2025-04-02T08:21:54.477+0000] {logging_mixin.py:190} INFO - [2025-04-02T08:21:54.477+0000] {override.py:1912} INFO - Created Permission View: can read on DAG Run:latest_only
[2025-04-02T08:21:54.480+0000] {logging_mixin.py:190} INFO - [2025-04-02T08:21:54.480+0000] {override.py:1912} INFO - Created Permission View: menu access on DAG Run:latest_only
[2025-04-02T08:21:54.481+0000] {logging_mixin.py:190} INFO - [2025-04-02T08:21:54.481+0000] {dag.py:3239} INFO - Sync 1 DAGs
[2025-04-02T08:21:54.489+0000] {logging_mixin.py:190} INFO - [2025-04-02T08:21:54.489+0000] {dag.py:3262} INFO - Creating ORM DAG for latest_only
[2025-04-02T08:21:54.495+0000] {logging_mixin.py:190} INFO - [2025-04-02T08:21:54.495+0000] {dag.py:4180} INFO - Setting next_dagrun for latest_only to 2025-04-02 04:00:00+00:00, run_after=2025-04-02 08:00:00+00:00
[2025-04-02T08:21:54.505+0000] {processor.py:208} INFO - Processing /home/airflow/.local/lib/python3.12/site-packages/airflow/example_dags/example_latest_only.py took 0.121 seconds
[2025-04-02T08:23:28.382+0000] {processor.py:186} INFO - Started process (PID=87) to work on /home/airflow/.local/lib/python3.12/site-packages/airflow/example_dags/example_latest_only.py
[2025-04-02T08:23:28.382+0000] {processor.py:914} INFO - Processing file /home/airflow/.local/lib/python3.12/site-packages/airflow/example_dags/example_latest_only.py for tasks to queue
[2025-04-02T08:23:28.383+0000] {logging_mixin.py:190} INFO - [2025-04-02T08:23:28.383+0000] {dagbag.py:588} INFO - Filling up the DagBag from /home/airflow/.local/lib/python3.12/site-packages/airflow/example_dags/example_latest_only.py
[2025-04-02T08:23:28.388+0000] {processor.py:925} INFO - DAG(s) 'latest_only' retrieved from /home/airflow/.local/lib/python3.12/site-packages/airflow/example_dags/example_latest_only.py
[2025-04-02T08:23:28.400+0000] {logging_mixin.py:190} INFO - [2025-04-02T08:23:28.400+0000] {dag.py:3239} INFO - Sync 1 DAGs
[2025-04-02T08:23:28.417+0000] {logging_mixin.py:190} INFO - [2025-04-02T08:23:28.417+0000] {dag.py:4180} INFO - Setting next_dagrun for latest_only to 2025-04-02 04:00:00+00:00, run_after=2025-04-02 08:00:00+00:00
[2025-04-02T08:23:28.428+0000] {processor.py:208} INFO - Processing /home/airflow/.local/lib/python3.12/site-packages/airflow/example_dags/example_latest_only.py took 0.049 seconds
[2025-04-02T08:23:59.606+0000] {processor.py:186} INFO - Started process (PID=151) to work on /home/airflow/.local/lib/python3.12/site-packages/airflow/example_dags/example_latest_only.py
[2025-04-02T08:23:59.607+0000] {processor.py:914} INFO - Processing file /home/airflow/.local/lib/python3.12/site-packages/airflow/example_dags/example_latest_only.py for tasks to queue
[2025-04-02T08:23:59.608+0000] {logging_mixin.py:190} INFO - [2025-04-02T08:23:59.608+0000] {dagbag.py:588} INFO - Filling up the DagBag from /home/airflow/.local/lib/python3.12/site-packages/airflow/example_dags/example_latest_only.py
[2025-04-02T08:23:59.612+0000] {processor.py:925} INFO - DAG(s) 'latest_only' retrieved from /home/airflow/.local/lib/python3.12/site-packages/airflow/example_dags/example_latest_only.py
[2025-04-02T08:23:59.625+0000] {logging_mixin.py:190} INFO - [2025-04-02T08:23:59.625+0000] {dag.py:3239} INFO - Sync 1 DAGs
[2025-04-02T08:23:59.639+0000] {logging_mixin.py:190} INFO - [2025-04-02T08:23:59.639+0000] {dag.py:4180} INFO - Setting next_dagrun for latest_only to 2025-04-02 04:00:00+00:00, run_after=2025-04-02 08:00:00+00:00
[2025-04-02T08:23:59.651+0000] {processor.py:208} INFO - Processing /home/airflow/.local/lib/python3.12/site-packages/airflow/example_dags/example_latest_only.py took 0.048 seconds
[2025-04-02T08:31:34.885+0000] {processor.py:186} INFO - Started process (PID=86) to work on /home/airflow/.local/lib/python3.12/site-packages/airflow/example_dags/example_latest_only.py
[2025-04-02T08:31:34.886+0000] {processor.py:914} INFO - Processing file /home/airflow/.local/lib/python3.12/site-packages/airflow/example_dags/example_latest_only.py for tasks to queue
[2025-04-02T08:31:34.887+0000] {logging_mixin.py:190} INFO - [2025-04-02T08:31:34.887+0000] {dagbag.py:588} INFO - Filling up the DagBag from /home/airflow/.local/lib/python3.12/site-packages/airflow/example_dags/example_latest_only.py
[2025-04-02T08:31:34.892+0000] {processor.py:925} INFO - DAG(s) 'latest_only' retrieved from /home/airflow/.local/lib/python3.12/site-packages/airflow/example_dags/example_latest_only.py
[2025-04-02T08:31:34.903+0000] {logging_mixin.py:190} INFO - [2025-04-02T08:31:34.903+0000] {dag.py:3239} INFO - Sync 1 DAGs
[2025-04-02T08:31:34.917+0000] {logging_mixin.py:190} INFO - [2025-04-02T08:31:34.917+0000] {dag.py:4180} INFO - Setting next_dagrun for latest_only to 2025-04-02 04:00:00+00:00, run_after=2025-04-02 08:00:00+00:00
[2025-04-02T08:31:34.928+0000] {processor.py:208} INFO - Processing /home/airflow/.local/lib/python3.12/site-packages/airflow/example_dags/example_latest_only.py took 0.047 seconds
[2025-04-02T08:32:06.194+0000] {processor.py:186} INFO - Started process (PID=150) to work on /home/airflow/.local/lib/python3.12/site-packages/airflow/example_dags/example_latest_only.py
[2025-04-02T08:32:06.194+0000] {processor.py:914} INFO - Processing file /home/airflow/.local/lib/python3.12/site-packages/airflow/example_dags/example_latest_only.py for tasks to queue
[2025-04-02T08:32:06.196+0000] {logging_mixin.py:190} INFO - [2025-04-02T08:32:06.196+0000] {dagbag.py:588} INFO - Filling up the DagBag from /home/airflow/.local/lib/python3.12/site-packages/airflow/example_dags/example_latest_only.py
[2025-04-02T08:32:06.201+0000] {processor.py:925} INFO - DAG(s) 'latest_only' retrieved from /home/airflow/.local/lib/python3.12/site-packages/airflow/example_dags/example_latest_only.py
[2025-04-02T08:32:06.214+0000] {logging_mixin.py:190} INFO - [2025-04-02T08:32:06.214+0000] {dag.py:3239} INFO - Sync 1 DAGs
[2025-04-02T08:32:06.230+0000] {logging_mixin.py:190} INFO - [2025-04-02T08:32:06.230+0000] {dag.py:4180} INFO - Setting next_dagrun for latest_only to 2025-04-02 04:00:00+00:00, run_after=2025-04-02 08:00:00+00:00
[2025-04-02T08:32:06.242+0000] {processor.py:208} INFO - Processing /home/airflow/.local/lib/python3.12/site-packages/airflow/example_dags/example_latest_only.py took 0.053 seconds
[2025-04-02T08:32:37.520+0000] {processor.py:186} INFO - Started process (PID=214) to work on /home/airflow/.local/lib/python3.12/site-packages/airflow/example_dags/example_latest_only.py
[2025-04-02T08:32:37.520+0000] {processor.py:914} INFO - Processing file /home/airflow/.local/lib/python3.12/site-packages/airflow/example_dags/example_latest_only.py for tasks to queue
[2025-04-02T08:32:37.522+0000] {logging_mixin.py:190} INFO - [2025-04-02T08:32:37.522+0000] {dagbag.py:588} INFO - Filling up the DagBag from /home/airflow/.local/lib/python3.12/site-packages/airflow/example_dags/example_latest_only.py
[2025-04-02T08:32:37.526+0000] {processor.py:925} INFO - DAG(s) 'latest_only' retrieved from /home/airflow/.local/lib/python3.12/site-packages/airflow/example_dags/example_latest_only.py
[2025-04-02T08:32:37.538+0000] {logging_mixin.py:190} INFO - [2025-04-02T08:32:37.538+0000] {dag.py:3239} INFO - Sync 1 DAGs
[2025-04-02T08:32:37.551+0000] {logging_mixin.py:190} INFO - [2025-04-02T08:32:37.551+0000] {dag.py:4180} INFO - Setting next_dagrun for latest_only to 2025-04-02 04:00:00+00:00, run_after=2025-04-02 08:00:00+00:00
[2025-04-02T08:32:37.563+0000] {processor.py:208} INFO - Processing /home/airflow/.local/lib/python3.12/site-packages/airflow/example_dags/example_latest_only.py took 0.047 seconds
[2025-04-02T08:33:08.798+0000] {processor.py:186} INFO - Started process (PID=278) to work on /home/airflow/.local/lib/python3.12/site-packages/airflow/example_dags/example_latest_only.py
[2025-04-02T08:33:08.798+0000] {processor.py:914} INFO - Processing file /home/airflow/.local/lib/python3.12/site-packages/airflow/example_dags/example_latest_only.py for tasks to queue
[2025-04-02T08:33:08.800+0000] {logging_mixin.py:190} INFO - [2025-04-02T08:33:08.800+0000] {dagbag.py:588} INFO - Filling up the DagBag from /home/airflow/.local/lib/python3.12/site-packages/airflow/example_dags/example_latest_only.py
[2025-04-02T08:33:08.804+0000] {processor.py:925} INFO - DAG(s) 'latest_only' retrieved from /home/airflow/.local/lib/python3.12/site-packages/airflow/example_dags/example_latest_only.py
[2025-04-02T08:33:08.817+0000] {logging_mixin.py:190} INFO - [2025-04-02T08:33:08.816+0000] {dag.py:3239} INFO - Sync 1 DAGs
[2025-04-02T08:33:08.830+0000] {logging_mixin.py:190} INFO - [2025-04-02T08:33:08.830+0000] {dag.py:4180} INFO - Setting next_dagrun for latest_only to 2025-04-02 04:00:00+00:00, run_after=2025-04-02 08:00:00+00:00
[2025-04-02T08:33:08.842+0000] {processor.py:208} INFO - Processing /home/airflow/.local/lib/python3.12/site-packages/airflow/example_dags/example_latest_only.py took 0.048 seconds
