[2025-04-02T08:21:56.354+0000] {processor.py:186} INFO - Started process (PID=107) to work on /home/airflow/.local/lib/python3.12/site-packages/airflow/example_dags/tutorial.py
[2025-04-02T08:21:56.354+0000] {processor.py:914} INFO - Processing file /home/airflow/.local/lib/python3.12/site-packages/airflow/example_dags/tutorial.py for tasks to queue
[2025-04-02T08:21:56.356+0000] {logging_mixin.py:190} INFO - [2025-04-02T08:21:56.356+0000] {dagbag.py:588} INFO - Filling up the DagBag from /home/airflow/.local/lib/python3.12/site-packages/airflow/example_dags/tutorial.py
[2025-04-02T08:21:56.362+0000] {processor.py:925} INFO - DAG(s) 'tutorial' retrieved from /home/airflow/.local/lib/python3.12/site-packages/airflow/example_dags/tutorial.py
[2025-04-02T08:21:56.426+0000] {logging_mixin.py:190} INFO - [2025-04-02T08:21:56.426+0000] {override.py:1912} INFO - Created Permission View: can delete on DAG:tutorial
[2025-04-02T08:21:56.432+0000] {logging_mixin.py:190} INFO - [2025-04-02T08:21:56.432+0000] {override.py:1912} INFO - Created Permission View: can edit on DAG:tutorial
[2025-04-02T08:21:56.436+0000] {logging_mixin.py:190} INFO - [2025-04-02T08:21:56.436+0000] {override.py:1912} INFO - Created Permission View: can read on DAG:tutorial
[2025-04-02T08:21:56.440+0000] {logging_mixin.py:190} INFO - [2025-04-02T08:21:56.440+0000] {override.py:1912} INFO - Created Permission View: can delete on DAG Run:tutorial
[2025-04-02T08:21:56.444+0000] {logging_mixin.py:190} INFO - [2025-04-02T08:21:56.444+0000] {override.py:1912} INFO - Created Permission View: can create on DAG Run:tutorial
[2025-04-02T08:21:56.449+0000] {logging_mixin.py:190} INFO - [2025-04-02T08:21:56.449+0000] {override.py:1912} INFO - Created Permission View: can read on DAG Run:tutorial
[2025-04-02T08:21:56.452+0000] {logging_mixin.py:190} INFO - [2025-04-02T08:21:56.452+0000] {override.py:1912} INFO - Created Permission View: menu access on DAG Run:tutorial
[2025-04-02T08:21:56.453+0000] {logging_mixin.py:190} INFO - [2025-04-02T08:21:56.453+0000] {dag.py:3239} INFO - Sync 1 DAGs
[2025-04-02T08:21:56.461+0000] {logging_mixin.py:190} INFO - [2025-04-02T08:21:56.460+0000] {dag.py:3262} INFO - Creating ORM DAG for tutorial
[2025-04-02T08:21:56.466+0000] {logging_mixin.py:190} INFO - [2025-04-02T08:21:56.466+0000] {dag.py:4180} INFO - Setting next_dagrun for tutorial to 2025-04-01 00:00:00+00:00, run_after=2025-04-02 00:00:00+00:00
[2025-04-02T08:21:56.476+0000] {processor.py:208} INFO - Processing /home/airflow/.local/lib/python3.12/site-packages/airflow/example_dags/tutorial.py took 0.126 seconds
[2025-04-02T08:23:29.496+0000] {processor.py:186} INFO - Started process (PID=107) to work on /home/airflow/.local/lib/python3.12/site-packages/airflow/example_dags/tutorial.py
[2025-04-02T08:23:29.496+0000] {processor.py:914} INFO - Processing file /home/airflow/.local/lib/python3.12/site-packages/airflow/example_dags/tutorial.py for tasks to queue
[2025-04-02T08:23:29.498+0000] {logging_mixin.py:190} INFO - [2025-04-02T08:23:29.497+0000] {dagbag.py:588} INFO - Filling up the DagBag from /home/airflow/.local/lib/python3.12/site-packages/airflow/example_dags/tutorial.py
[2025-04-02T08:23:29.503+0000] {processor.py:925} INFO - DAG(s) 'tutorial' retrieved from /home/airflow/.local/lib/python3.12/site-packages/airflow/example_dags/tutorial.py
[2025-04-02T08:23:29.516+0000] {logging_mixin.py:190} INFO - [2025-04-02T08:23:29.516+0000] {dag.py:3239} INFO - Sync 1 DAGs
[2025-04-02T08:23:29.530+0000] {logging_mixin.py:190} INFO - [2025-04-02T08:23:29.530+0000] {dag.py:4180} INFO - Setting next_dagrun for tutorial to 2025-04-01 00:00:00+00:00, run_after=2025-04-02 00:00:00+00:00
[2025-04-02T08:23:29.540+0000] {processor.py:208} INFO - Processing /home/airflow/.local/lib/python3.12/site-packages/airflow/example_dags/tutorial.py took 0.049 seconds
[2025-04-02T08:24:00.864+0000] {processor.py:186} INFO - Started process (PID=171) to work on /home/airflow/.local/lib/python3.12/site-packages/airflow/example_dags/tutorial.py
[2025-04-02T08:24:00.865+0000] {processor.py:914} INFO - Processing file /home/airflow/.local/lib/python3.12/site-packages/airflow/example_dags/tutorial.py for tasks to queue
[2025-04-02T08:24:00.866+0000] {logging_mixin.py:190} INFO - [2025-04-02T08:24:00.866+0000] {dagbag.py:588} INFO - Filling up the DagBag from /home/airflow/.local/lib/python3.12/site-packages/airflow/example_dags/tutorial.py
[2025-04-02T08:24:00.872+0000] {processor.py:925} INFO - DAG(s) 'tutorial' retrieved from /home/airflow/.local/lib/python3.12/site-packages/airflow/example_dags/tutorial.py
[2025-04-02T08:24:00.886+0000] {logging_mixin.py:190} INFO - [2025-04-02T08:24:00.886+0000] {dag.py:3239} INFO - Sync 1 DAGs
[2025-04-02T08:24:00.902+0000] {logging_mixin.py:190} INFO - [2025-04-02T08:24:00.902+0000] {dag.py:4180} INFO - Setting next_dagrun for tutorial to 2025-04-01 00:00:00+00:00, run_after=2025-04-02 00:00:00+00:00
[2025-04-02T08:24:00.914+0000] {processor.py:208} INFO - Processing /home/airflow/.local/lib/python3.12/site-packages/airflow/example_dags/tutorial.py took 0.054 seconds
[2025-04-02T08:31:36.021+0000] {processor.py:186} INFO - Started process (PID=106) to work on /home/airflow/.local/lib/python3.12/site-packages/airflow/example_dags/tutorial.py
[2025-04-02T08:31:36.022+0000] {processor.py:914} INFO - Processing file /home/airflow/.local/lib/python3.12/site-packages/airflow/example_dags/tutorial.py for tasks to queue
[2025-04-02T08:31:36.023+0000] {logging_mixin.py:190} INFO - [2025-04-02T08:31:36.023+0000] {dagbag.py:588} INFO - Filling up the DagBag from /home/airflow/.local/lib/python3.12/site-packages/airflow/example_dags/tutorial.py
[2025-04-02T08:31:36.029+0000] {processor.py:925} INFO - DAG(s) 'tutorial' retrieved from /home/airflow/.local/lib/python3.12/site-packages/airflow/example_dags/tutorial.py
[2025-04-02T08:31:36.041+0000] {logging_mixin.py:190} INFO - [2025-04-02T08:31:36.041+0000] {dag.py:3239} INFO - Sync 1 DAGs
[2025-04-02T08:31:36.057+0000] {logging_mixin.py:190} INFO - [2025-04-02T08:31:36.057+0000] {dag.py:4180} INFO - Setting next_dagrun for tutorial to 2025-04-01 00:00:00+00:00, run_after=2025-04-02 00:00:00+00:00
[2025-04-02T08:31:36.069+0000] {processor.py:208} INFO - Processing /home/airflow/.local/lib/python3.12/site-packages/airflow/example_dags/tutorial.py took 0.051 seconds
[2025-04-02T08:32:07.343+0000] {processor.py:186} INFO - Started process (PID=170) to work on /home/airflow/.local/lib/python3.12/site-packages/airflow/example_dags/tutorial.py
[2025-04-02T08:32:07.343+0000] {processor.py:914} INFO - Processing file /home/airflow/.local/lib/python3.12/site-packages/airflow/example_dags/tutorial.py for tasks to queue
[2025-04-02T08:32:07.345+0000] {logging_mixin.py:190} INFO - [2025-04-02T08:32:07.344+0000] {dagbag.py:588} INFO - Filling up the DagBag from /home/airflow/.local/lib/python3.12/site-packages/airflow/example_dags/tutorial.py
[2025-04-02T08:32:07.349+0000] {processor.py:925} INFO - DAG(s) 'tutorial' retrieved from /home/airflow/.local/lib/python3.12/site-packages/airflow/example_dags/tutorial.py
[2025-04-02T08:32:07.361+0000] {logging_mixin.py:190} INFO - [2025-04-02T08:32:07.361+0000] {dag.py:3239} INFO - Sync 1 DAGs
[2025-04-02T08:32:07.376+0000] {logging_mixin.py:190} INFO - [2025-04-02T08:32:07.375+0000] {dag.py:4180} INFO - Setting next_dagrun for tutorial to 2025-04-01 00:00:00+00:00, run_after=2025-04-02 00:00:00+00:00
[2025-04-02T08:32:07.386+0000] {processor.py:208} INFO - Processing /home/airflow/.local/lib/python3.12/site-packages/airflow/example_dags/tutorial.py took 0.047 seconds
[2025-04-02T08:32:38.673+0000] {processor.py:186} INFO - Started process (PID=234) to work on /home/airflow/.local/lib/python3.12/site-packages/airflow/example_dags/tutorial.py
[2025-04-02T08:32:38.673+0000] {processor.py:914} INFO - Processing file /home/airflow/.local/lib/python3.12/site-packages/airflow/example_dags/tutorial.py for tasks to queue
[2025-04-02T08:32:38.675+0000] {logging_mixin.py:190} INFO - [2025-04-02T08:32:38.675+0000] {dagbag.py:588} INFO - Filling up the DagBag from /home/airflow/.local/lib/python3.12/site-packages/airflow/example_dags/tutorial.py
[2025-04-02T08:32:38.680+0000] {processor.py:925} INFO - DAG(s) 'tutorial' retrieved from /home/airflow/.local/lib/python3.12/site-packages/airflow/example_dags/tutorial.py
[2025-04-02T08:32:38.694+0000] {logging_mixin.py:190} INFO - [2025-04-02T08:32:38.694+0000] {dag.py:3239} INFO - Sync 1 DAGs
[2025-04-02T08:32:38.708+0000] {logging_mixin.py:190} INFO - [2025-04-02T08:32:38.707+0000] {dag.py:4180} INFO - Setting next_dagrun for tutorial to 2025-04-01 00:00:00+00:00, run_after=2025-04-02 00:00:00+00:00
[2025-04-02T08:32:38.718+0000] {processor.py:208} INFO - Processing /home/airflow/.local/lib/python3.12/site-packages/airflow/example_dags/tutorial.py took 0.049 seconds
[2025-04-02T08:33:09.873+0000] {processor.py:186} INFO - Started process (PID=298) to work on /home/airflow/.local/lib/python3.12/site-packages/airflow/example_dags/tutorial.py
[2025-04-02T08:33:09.874+0000] {processor.py:914} INFO - Processing file /home/airflow/.local/lib/python3.12/site-packages/airflow/example_dags/tutorial.py for tasks to queue
[2025-04-02T08:33:09.875+0000] {logging_mixin.py:190} INFO - [2025-04-02T08:33:09.875+0000] {dagbag.py:588} INFO - Filling up the DagBag from /home/airflow/.local/lib/python3.12/site-packages/airflow/example_dags/tutorial.py
[2025-04-02T08:33:09.880+0000] {processor.py:925} INFO - DAG(s) 'tutorial' retrieved from /home/airflow/.local/lib/python3.12/site-packages/airflow/example_dags/tutorial.py
[2025-04-02T08:33:09.893+0000] {logging_mixin.py:190} INFO - [2025-04-02T08:33:09.893+0000] {dag.py:3239} INFO - Sync 1 DAGs
[2025-04-02T08:33:09.906+0000] {logging_mixin.py:190} INFO - [2025-04-02T08:33:09.906+0000] {dag.py:4180} INFO - Setting next_dagrun for tutorial to 2025-04-01 00:00:00+00:00, run_after=2025-04-02 00:00:00+00:00
[2025-04-02T08:33:09.917+0000] {processor.py:208} INFO - Processing /home/airflow/.local/lib/python3.12/site-packages/airflow/example_dags/tutorial.py took 0.047 seconds
